09:08:40.834 [main                     ] DEBUG Logger               - Configured Logger
09:08:40.836 [main                     ] DEBUG GameApplication      - Logging settings
Title: SpaceShooterGame
Version: 1.0
Width: 800
Height: 800
Fullscreen: false
Intro: false
Profiling: false
Single step:false
App Mode: DEVELOPER
Menu Key: ESCAPE
Stage Style: DECORATED
Scene Factory: class com.almasb.fxgl.app.scene.SceneFactory

09:08:41.011 [JavaFX Application Thread] DEBUG FXGLApplication      - Initializing FXGL
09:08:41.012 [JavaFX Application Thread] INFO  Engine               - FXGL-17.3 (30.03.2023 11.49) on MAC (J:25.0.2 FX:21.0.6)
09:08:41.012 [JavaFX Application Thread] DEBUG Engine               - JRE Vendor Name: Oracle Corporation
09:08:41.012 [JavaFX Application Thread] DEBUG Engine               - Running on OS: Mac OS X version 15.7.3
09:08:41.012 [JavaFX Application Thread] DEBUG Engine               - Architecture: aarch64
09:08:41.012 [JavaFX Application Thread] INFO  Engine               - Source code and latest versions at: https://github.com/AlmasB/FXGL
09:08:41.012 [JavaFX Application Thread] INFO  Engine               -       Ask questions and discuss at: https://github.com/AlmasB/FXGL/discussions
09:08:41.012 [JavaFX Application Thread] INFO  Engine               -              Join the FXGL chat at: https://gitter.im/AlmasB/FXGL
09:08:41.051 [JavaFX Application Thread] DEBUG PrimaryStageWindow   - Creating a JavaFX scene
09:08:41.072 [JavaFX Application Thread] DEBUG PrimaryStageWindow   - Target settings size: 800.0 x 800.0
09:08:41.072 [JavaFX Application Thread] DEBUG PrimaryStageWindow   - Scaled scene size:    800.0 x 800.0
09:08:41.072 [JavaFX Application Thread] DEBUG PrimaryStageWindow   - Scaled ratio: (1.0, 1.0)
09:08:41.073 [JavaFX Application Thread] DEBUG PrimaryStageWindow   - Set initial scene to FXGLStartupScene
09:08:41.074 [JavaFX Application Thread] DEBUG PrimaryStageWindow   - Opening main window
09:08:41.132 [JavaFX Application Thread] DEBUG PrimaryStageWindow   - Window border size: (0.0, 28.0)
09:08:41.132 [JavaFX Application Thread] DEBUG PrimaryStageWindow   - Scaled size: 800.0 x 800.0
09:08:41.132 [JavaFX Application Thread] DEBUG PrimaryStageWindow   - Scaled ratio: (1.0, 1.0)
09:08:41.132 [JavaFX Application Thread] DEBUG PrimaryStageWindow   - Scene size: 800.0 x 800.0
09:08:41.132 [JavaFX Application Thread] DEBUG PrimaryStageWindow   - Stage size: 800.0 x 828.0
09:08:41.135 [FXGL Background Thread 1 ] DEBUG Engine               - Initializing environment variables
09:08:41.157 [FXGL Background Thread 1 ] DEBUG FXGLAssetLoaderServi - User app class for loading assets: class kh.edu.paragoniu.spaceshooter.SpaceShooter
09:08:41.157 [FXGL Background Thread 1 ] DEBUG GameApplicationServi - Applying CSS: fxgl_dark.css
09:08:41.157 [FXGL Background Thread 1 ] DEBUG FXGLAssetLoaderServi - Loading from file system: jar:file:///Users/chengsenghab/.m2/repository/com/github/almasb/fxgl/17.3/fxgl-17.3.jar!/fxglassets/ui/css/fxgl_dark.css
09:08:41.181 [FXGL Background Thread 1 ] DEBUG GameApplicationServi - Initializing application scenes
09:08:41.281 [FXGL Background Thread 1 ] DEBUG GameWorld            - Game world initialized
09:08:41.301 [FXGL Background Thread 1 ] DEBUG PhysicsWorld         - Physics world initialized: appHeight=800, physics.ppm=50.0
09:08:41.301 [FXGL Background Thread 1 ] DEBUG PhysicsWorld         - Using strategy: BRUTE_FORCE
09:08:41.303 [FXGL Background Thread 1 ] DEBUG GameScene            - Game scene initialized: 800x800
09:08:41.307 [FXGL Background Thread 1 ] DEBUG FXGL.DefaultMenu     - createMenuBodyMainMenu()
09:08:41.313 [FXGL Background Thread 1 ] DEBUG FXGL.DefaultMenu     - createOptionsMenu()
09:08:41.317 [FXGL Background Thread 1 ] DEBUG FXGLAssetLoaderServi - Loading from file system: jar:file:///Users/chengsenghab/.m2/repository/com/github/almasb/fxgl/17.3/fxgl-17.3.jar!/fxglassets/textures/particles/smoke.png
09:08:41.351 [FXGL Background Thread 1 ] DEBUG FXGLAssetLoaderServi - Loading from file system: jar:file:///Users/chengsenghab/.m2/repository/com/github/almasb/fxgl/17.3/fxgl-17.3.jar!/fxglassets/textures/particles/trace_horizontal.png
09:08:41.361 [FXGL Background Thread 1 ] DEBUG FXGL.DefaultMenu     - createMenuBodyGameMenu()
09:08:41.361 [FXGL Background Thread 1 ] DEBUG FXGL.DefaultMenu     - createOptionsMenu()
09:08:41.368 [FXGL Background Thread 1 ] DEBUG GameApplicationServi - Application scenes initialized
09:08:41.372 [FXGL Background Thread 1 ] DEBUG SystemBundleService  - Loading FXGL system data
09:08:41.374 [FXGL Background Thread 1 ] DEBUG FileSystemAccess     - Reading from: /Users/chengsenghab/Desktop/SpaceShooter/system/fxgl.bundle
09:08:41.376 [FXGL Background Thread 1 ] DEBUG SystemBundleService  - Bundle FXGL: {}
09:08:41.377 [FXGL Background Thread 1 ] DEBUG UpdaterService       - Checking for updates
09:08:41.378 [FXGL Background Thread 4 ] DEBUG FXGLApplication      - Loading fonts
09:08:41.378 [FXGL Background Thread 4 ] DEBUG FXGLAssetLoaderServi - Loading from file system: jar:file:///Users/chengsenghab/.m2/repository/com/github/almasb/fxgl/17.3/fxgl-17.3.jar!/fxglassets/ui/fonts/VarelaRound-Regular.ttf
09:08:41.378 [FXGL Background Thread 1 ] DEBUG FXGLApplication      - Loading default localization
09:08:41.378 [FXGL Background Thread 1 ] DEBUG FXGLAssetLoaderServi - Loading from file system: jar:file:///Users/chengsenghab/.m2/repository/com/github/almasb/fxgl/17.3/fxgl-17.3.jar!/fxglassets/languages/english.lang
09:08:41.384 [FXGL Background Thread 4 ] DEBUG FXGLAssetLoaderServi - Loading from file system: jar:file:///Users/chengsenghab/.m2/repository/com/github/almasb/fxgl/17.3/fxgl-17.3.jar!/fxglassets/ui/fonts/Abel-Regular.ttf
09:08:41.385 [FXGL Background Thread 4 ] DEBUG FXGLAssetLoaderServi - Loading from file system: jar:file:///Users/chengsenghab/.m2/repository/com/github/almasb/fxgl/17.3/fxgl-17.3.jar!/fxglassets/ui/fonts/TerminalLandMono-Regular.otf
09:08:41.385 [FXGL Background Thread 1 ] INFO  FXGLApplication      - FXGL initialization took: 0.249 sec
09:08:41.386 [FXGL Background Thread 4 ] DEBUG FXGLAssetLoaderServi - Loading from file system: jar:file:///Users/chengsenghab/.m2/repository/com/github/almasb/fxgl/17.3/fxgl-17.3.jar!/fxglassets/ui/fonts/Courier-Prime.ttf
09:08:41.388 [JavaFX Application Thread] DEBUG Input                - Registered new binding: LEFT - Left
09:08:41.388 [JavaFX Application Thread] DEBUG Input                - Registered new binding: RIGHT - Right
09:08:41.388 [JavaFX Application Thread] DEBUG Input                - Registered new binding: Single Shot - 1
09:08:41.388 [JavaFX Application Thread] DEBUG Input                - Registered new binding: Double Shot - 2
09:08:41.388 [JavaFX Application Thread] DEBUG Input                - Registered new binding: Triple Shot - 3
09:08:41.388 [JavaFX Application Thread] DEBUG Input                - Registered new binding: Pause - Esc
09:08:41.388 [JavaFX Application Thread] DEBUG Input                - Registered new binding: Show Leaderboard - L
09:08:41.388 [JavaFX Application Thread] DEBUG FXGLAssetLoaderServi - Loading from file system: jar:file:///Users/chengsenghab/.m2/repository/com/github/almasb/fxgl/17.3/fxgl-17.3.jar!/fxglassets/textures/fxgl_icon.png
09:08:41.400 [JavaFX Application Thread] DEBUG FXGLAssetLoaderServi - Loading from file system: jar:file:///Users/chengsenghab/.m2/repository/com/github/almasb/fxgl/17.3/fxgl-17.3.jar!/fxglassets/textures/fxgl_default_cursor.png
09:08:41.401 [JavaFX Application Thread] DEBUG Input                - Registered new binding: Screenshot - CTRL+8
09:08:41.401 [JavaFX Application Thread] DEBUG Input                - Registered new binding: System info dump - CTRL+9
09:08:41.401 [JavaFX Application Thread] DEBUG Input                - Registered new binding: Restart - CTRL+R
09:08:41.401 [JavaFX Application Thread] DEBUG Input                - Registered new binding: Toggle Debug Camera - CTRL+7
09:08:41.402 [JavaFX Application Thread] DEBUG LoopRunner           - Starting loop
09:08:41.402 [JavaFX Application Thread] DEBUG LoopRunner           - Initializing JavaFX AnimationTimerLoop
09:08:41.403 [JavaFX Application Thread] DEBUG Input                - Clearing active input actions
09:08:41.405 [JavaFX Application Thread] DEBUG GameApplicationServi - Removing overlay from FXGLStartupScene and adding to FXGLMainMenuDummyScene
09:08:41.405 [JavaFX Application Thread] DEBUG PrimaryStageWindow   - FXGLStartupScene -> FXGLMainMenuDummyScene
09:08:41.405 [JavaFX Application Thread] DEBUG PrimaryStageWindow   - Push state: FXGLDefaultMenu
09:08:41.407 [JavaFX Application Thread] DEBUG Input                - Clearing active input actions
09:08:41.410 [JavaFX Application Thread] DEBUG GameApplicationServi - Removing overlay from FXGLMainMenuDummyScene and adding to FXGLDefaultMenu
09:08:41.410 [JavaFX Application Thread] DEBUG PrimaryStageWindow   - FXGLMainMenuDummyScene -> FXGLDefaultMenu
09:08:41.412 [JavaFX Application Thread] DEBUG FXGLApplication      - Registering font factories with UI factory
09:08:42.042 [FXGL Background Thread 2 ] INFO  UpdaterService       - Your current version:  17.3
09:08:42.042 [FXGL Background Thread 2 ] INFO  UpdaterService       - Latest stable version: 21.1
09:08:43.275 [JavaFX Application Thread] DEBUG Menu                 - fireNewGame()
09:08:43.276 [JavaFX Application Thread] DEBUG GameApplicationServi - Starting new game
09:08:43.276 [JavaFX Application Thread] DEBUG PrimaryStageWindow   - Pop state: FXGLDefaultMenu
09:08:43.277 [JavaFX Application Thread] DEBUG Input                - Clearing active input actions
09:08:43.277 [JavaFX Application Thread] DEBUG GameApplicationServi - Removing overlay from FXGLDefaultMenu and adding to FXGLMainMenuDummyScene
09:08:43.278 [JavaFX Application Thread] DEBUG PrimaryStageWindow   - FXGLMainMenuDummyScene <- FXGLDefaultMenu
09:08:43.278 [JavaFX Application Thread] DEBUG Input                - Clearing active input actions
09:08:43.282 [JavaFX Application Thread] DEBUG GameApplicationServi - Removing overlay from FXGLMainMenuDummyScene and adding to FXGLLoadingScene
09:08:43.282 [JavaFX Application Thread] DEBUG PrimaryStageWindow   - FXGLMainMenuDummyScene -> FXGLLoadingScene
09:08:43.282 [JavaFX Application Thread] DEBUG GameApplicationServi - Clearing previous game
09:08:43.282 [JavaFX Application Thread] DEBUG GameScene            - Clearing game scene
09:08:43.282 [JavaFX Application Thread] DEBUG GameWorld            - Clearing game world
09:08:43.282 [JavaFX Application Thread] DEBUG PhysicsWorld         - Clearing physics world
09:08:43.283 [FXGL Background Thread 2 ] DEBUG FXGLApplication      - Initializing game
09:08:43.305 [FXGL Background Thread 2 ] INFO  FXGLApplication      - Game initialization took: 0.022 sec
09:08:43.305 [JavaFX Application Thread] DEBUG Input                - Clearing active input actions
09:08:43.307 [JavaFX Application Thread] DEBUG GameApplicationServi - Removing overlay from FXGLLoadingScene and adding to GameScene
09:08:43.307 [JavaFX Application Thread] DEBUG PrimaryStageWindow   - FXGLLoadingScene -> GameScene
09:08:44.377 [FXGL Background Thread 3 ] DEBUG Engine               - Logging environment variables
09:08:44.378 [FXGL Background Thread 3 ] DEBUG Engine               - achievements: []
09:08:44.378 [FXGL Background Thread 3 ] DEBUG Engine               - actualHeight: 800.0
09:08:44.378 [FXGL Background Thread 3 ] DEBUG Engine               - actualHeightProperty: ReadOnlyDoubleProperty [value: 800.0]
09:08:44.378 [FXGL Background Thread 3 ] DEBUG Engine               - actualWidth: 800.0
09:08:44.378 [FXGL Background Thread 3 ] DEBUG Engine               - actualWidthProperty: ReadOnlyDoubleProperty [value: 800.0]
09:08:44.378 [FXGL Background Thread 3 ] DEBUG Engine               - appIcon: fxgl_icon.png
09:08:44.378 [FXGL Background Thread 3 ] DEBUG Engine               - applicationMode: DEVELOPER
09:08:44.378 [FXGL Background Thread 3 ] DEBUG Engine               - cSSList: [fxgl_dark.css]
09:08:44.378 [FXGL Background Thread 3 ] DEBUG Engine               - collisionDetectionStrategy: BRUTE_FORCE
09:08:44.378 [FXGL Background Thread 3 ] DEBUG Engine               - configClass: Optional.empty
09:08:44.378 [FXGL Background Thread 3 ] DEBUG Engine               - credits: []
09:08:44.378 [FXGL Background Thread 3 ] DEBUG Engine               - defaultCursor: CursorInfo(imageName=fxgl_default_cursor.png, hotspotX=7.0, hotspotY=6.0)
09:08:44.378 [FXGL Background Thread 3 ] DEBUG Engine               - devBBoxColorProperty: ObjectProperty [value: 0xff0000ff]
09:08:44.378 [FXGL Background Thread 3 ] DEBUG Engine               - devEnableDebugCameraProperty: BooleanProperty [value: false]
09:08:44.378 [FXGL Background Thread 3 ] DEBUG Engine               - devSensorColorProperty: ObjectProperty [value: 0xffff00ff]
09:08:44.378 [FXGL Background Thread 3 ] DEBUG Engine               - devShowBBoxProperty: BooleanProperty [value: false]
09:08:44.378 [FXGL Background Thread 3 ] DEBUG Engine               - devShowPositionProperty: BooleanProperty [value: false]
09:08:44.378 [FXGL Background Thread 3 ] DEBUG Engine               - enabledMenuItems: []
09:08:44.379 [FXGL Background Thread 3 ] DEBUG Engine               - engineServices: [class com.almasb.fxgl.app.services.FXGLAssetLoaderService, class com.almasb.fxgl.app.FXGLApplication$GameApplicationService, class com.almasb.fxgl.app.services.FXGLDialogService, class com.almasb.fxgl.app.services.IOTaskExecutorService, class com.almasb.fxgl.io.FileSystemService, class com.almasb.fxgl.localization.LocalizationService, class com.almasb.fxgl.app.services.SystemBundleService, class com.almasb.fxgl.profile.SaveLoadService, class com.almasb.fxgl.ui.FXGLUIFactoryServiceProvider, class com.almasb.fxgl.ui.FXGLDialogFactoryServiceProvider, class com.almasb.fxgl.audio.AudioPlayer, class com.almasb.fxgl.notification.impl.NotificationServiceProvider, class com.almasb.fxgl.achievement.AchievementService, class com.almasb.fxgl.cutscene.CutsceneService, class com.almasb.fxgl.minigames.MiniGameService, class com.almasb.fxgl.net.NetService, class com.almasb.fxgl.app.services.UpdaterService, class com.almasb.fxgl.dev.DevService]
09:08:44.379 [FXGL Background Thread 3 ] DEBUG Engine               - fontGame: Abel-Regular.ttf
09:08:44.379 [FXGL Background Thread 3 ] DEBUG Engine               - fontMono: TerminalLandMono-Regular.otf
09:08:44.379 [FXGL Background Thread 3 ] DEBUG Engine               - fontSizeScaleUI: 1.0
09:08:44.379 [FXGL Background Thread 3 ] DEBUG Engine               - fontText: Courier-Prime.ttf
09:08:44.379 [FXGL Background Thread 3 ] DEBUG Engine               - fontUI: VarelaRound-Regular.ttf
09:08:44.379 [FXGL Background Thread 3 ] DEBUG Engine               - fullScreen: BooleanProperty [value: false]
09:08:44.379 [FXGL Background Thread 3 ] DEBUG Engine               - gameDifficulty: MEDIUM
09:08:44.379 [FXGL Background Thread 3 ] DEBUG Engine               - gameDifficultyProperty: ObjectProperty [value: MEDIUM]
09:08:44.379 [FXGL Background Thread 3 ] DEBUG Engine               - globalMusicVolume: 0.5
09:08:44.379 [FXGL Background Thread 3 ] DEBUG Engine               - globalMusicVolumeProperty: DoubleProperty [value: 0.5]
09:08:44.379 [FXGL Background Thread 3 ] DEBUG Engine               - globalSoundVolume: 0.5
09:08:44.379 [FXGL Background Thread 3 ] DEBUG Engine               - globalSoundVolumeProperty: DoubleProperty [value: 0.5]
09:08:44.379 [FXGL Background Thread 3 ] DEBUG Engine               - height: 800
09:08:44.379 [FXGL Background Thread 3 ] DEBUG Engine               - is3D: false
09:08:44.379 [FXGL Background Thread 3 ] DEBUG Engine               - isAndroid: false
09:08:44.379 [FXGL Background Thread 3 ] DEBUG Engine               - isBrowser: false
09:08:44.379 [FXGL Background Thread 3 ] DEBUG Engine               - isClickFeedbackEnabled: false
09:08:44.379 [FXGL Background Thread 3 ] DEBUG Engine               - isCloseConfirmation: false
09:08:44.379 [FXGL Background Thread 3 ] DEBUG Engine               - isDesktop: true
09:08:44.379 [FXGL Background Thread 3 ] DEBUG Engine               - isDeveloperMenuEnabled: false
09:08:44.379 [FXGL Background Thread 3 ] DEBUG Engine               - isEmbedded: false
09:08:44.379 [FXGL Background Thread 3 ] DEBUG Engine               - isEntityPreloadEnabled: true
09:08:44.379 [FXGL Background Thread 3 ] DEBUG Engine               - isExperimentalTiledLargeMap: false
09:08:44.379 [FXGL Background Thread 3 ] DEBUG Engine               - isFileSystemWriteAllowed: true
09:08:44.379 [FXGL Background Thread 3 ] DEBUG Engine               - isFullScreenAllowed: false
09:08:44.379 [FXGL Background Thread 3 ] DEBUG Engine               - isFullScreenFromStart: false
09:08:44.379 [FXGL Background Thread 3 ] DEBUG Engine               - isGameMenuEnabled: true
09:08:44.379 [FXGL Background Thread 3 ] DEBUG Engine               - isIOS: false
09:08:44.379 [FXGL Background Thread 3 ] DEBUG Engine               - isIntroEnabled: false
09:08:44.379 [FXGL Background Thread 3 ] DEBUG Engine               - isLinux: false
09:08:44.379 [FXGL Background Thread 3 ] DEBUG Engine               - isMac: true
09:08:44.379 [FXGL Background Thread 3 ] DEBUG Engine               - isMainMenuEnabled: true
09:08:44.379 [FXGL Background Thread 3 ] DEBUG Engine               - isManualResizeEnabled: false
09:08:44.379 [FXGL Background Thread 3 ] DEBUG Engine               - isMobile: false
09:08:44.379 [FXGL Background Thread 3 ] DEBUG Engine               - isNative: false
09:08:44.379 [FXGL Background Thread 3 ] DEBUG Engine               - isPauseMusicWhenMinimized: true
09:08:44.379 [FXGL Background Thread 3 ] DEBUG Engine               - isPreserveResizeRatio: false
09:08:44.379 [FXGL Background Thread 3 ] DEBUG Engine               - isProfilingEnabled: false
09:08:44.379 [FXGL Background Thread 3 ] DEBUG Engine               - isScaleAffectedOnResize: true
09:08:44.380 [FXGL Background Thread 3 ] DEBUG Engine               - isSingleStep: false
09:08:44.380 [FXGL Background Thread 3 ] DEBUG Engine               - isUserProfileEnabled: false
09:08:44.380 [FXGL Background Thread 3 ] DEBUG Engine               - isWindows: false
09:08:44.380 [FXGL Background Thread 3 ] DEBUG Engine               - language: ObjectProperty [value: ENGLISH]
09:08:44.380 [FXGL Background Thread 3 ] DEBUG Engine               - menuKey: ESCAPE
09:08:44.380 [FXGL Background Thread 3 ] DEBUG Engine               - mouseSensitivity: 0.2
09:08:44.380 [FXGL Background Thread 3 ] DEBUG Engine               - notificationViewClass: class com.almasb.fxgl.notification.view.XboxNotificationView
09:08:44.380 [FXGL Background Thread 3 ] DEBUG Engine               - pixelsPerMeter: 50.0
09:08:44.380 [FXGL Background Thread 3 ] DEBUG Engine               - platform: MAC
09:08:44.380 [FXGL Background Thread 3 ] DEBUG Engine               - prefHeightProperty: ReadOnlyDoubleProperty [value: 800.0]
09:08:44.380 [FXGL Background Thread 3 ] DEBUG Engine               - prefWidthProperty: ReadOnlyDoubleProperty [value: 800.0]
09:08:44.380 [FXGL Background Thread 3 ] DEBUG Engine               - profileDir: profiles/
09:08:44.380 [FXGL Background Thread 3 ] DEBUG Engine               - profileName: StringProperty [value: DEFAULT]
09:08:44.380 [FXGL Background Thread 3 ] DEBUG Engine               - randomSeed: -1
09:08:44.380 [FXGL Background Thread 3 ] DEBUG Engine               - runtimeInfo: RuntimeInfo(platform=MAC, version=17.3, build=30.03.2023 11.49)
09:08:44.380 [FXGL Background Thread 3 ] DEBUG Engine               - saveFileExt: sav
09:08:44.380 [FXGL Background Thread 3 ] DEBUG Engine               - scaledHeightProp$fxgl: DoubleProperty [bound, value: 800.0]
09:08:44.380 [FXGL Background Thread 3 ] DEBUG Engine               - scaledWidthProp$fxgl: DoubleProperty [bound, value: 800.0]
09:08:44.380 [FXGL Background Thread 3 ] DEBUG Engine               - sceneFactory: com.almasb.fxgl.app.scene.SceneFactory@38532bf0
09:08:44.380 [FXGL Background Thread 3 ] DEBUG Engine               - secondsIn24h: 60
09:08:44.380 [FXGL Background Thread 3 ] DEBUG Engine               - soundMenuBack: menu/back.wav
09:08:44.380 [FXGL Background Thread 3 ] DEBUG Engine               - soundMenuPress: menu/press.wav
09:08:44.380 [FXGL Background Thread 3 ] DEBUG Engine               - soundMenuSelect: menu/select.wav
09:08:44.380 [FXGL Background Thread 3 ] DEBUG Engine               - soundNotification: core/notification.wav
09:08:44.380 [FXGL Background Thread 3 ] DEBUG Engine               - stageStyle: DECORATED
09:08:44.380 [FXGL Background Thread 3 ] DEBUG Engine               - supportedLanguages: [ENGLISH, FRENCH, GERMAN, HUNGARIAN, RUSSIAN]
09:08:44.380 [FXGL Background Thread 3 ] DEBUG Engine               - ticksPerSecond: -1
09:08:44.380 [FXGL Background Thread 3 ] DEBUG Engine               - title: SpaceShooterGame
09:08:44.380 [FXGL Background Thread 3 ] DEBUG Engine               - urlGithub: https://github.com/AlmasB/FXGL
09:08:44.380 [FXGL Background Thread 3 ] DEBUG Engine               - urlLeaderboard: http://fxgl-top.herokuapp.com/
09:08:44.380 [FXGL Background Thread 3 ] DEBUG Engine               - urlPOM: https://raw.githubusercontent.com/AlmasB/FXGL/release/README.md
09:08:44.380 [FXGL Background Thread 3 ] DEBUG Engine               - userAppClass: class kh.edu.paragoniu.spaceshooter.SpaceShooter
09:08:44.380 [FXGL Background Thread 3 ] DEBUG Engine               - version: 1.0
09:08:44.380 [FXGL Background Thread 3 ] DEBUG Engine               - versionCheckDays: 7
09:08:44.380 [FXGL Background Thread 3 ] DEBUG Engine               - width: 800
09:08:44.380 [FXGL Background Thread 3 ] DEBUG Engine               - Logging services
09:08:44.380 [FXGL Background Thread 3 ] DEBUG Engine               - class com.almasb.fxgl.app.services.FXGLAssetLoaderService
09:08:44.380 [FXGL Background Thread 3 ] DEBUG Engine               - class com.almasb.fxgl.app.FXGLApplication$GameApplicationService
09:08:44.380 [FXGL Background Thread 3 ] DEBUG Engine               - class com.almasb.fxgl.app.services.FXGLDialogService
09:08:44.380 [FXGL Background Thread 3 ] DEBUG Engine               - class com.almasb.fxgl.app.services.IOTaskExecutorService
09:08:44.380 [FXGL Background Thread 3 ] DEBUG Engine               - class com.almasb.fxgl.io.FileSystemService
09:08:44.380 [FXGL Background Thread 3 ] DEBUG Engine               - class com.almasb.fxgl.localization.LocalizationService
09:08:44.380 [FXGL Background Thread 3 ] DEBUG Engine               - class com.almasb.fxgl.app.services.SystemBundleService
09:08:44.380 [FXGL Background Thread 3 ] DEBUG Engine               - class com.almasb.fxgl.profile.SaveLoadService
09:08:44.380 [FXGL Background Thread 3 ] DEBUG Engine               - class com.almasb.fxgl.ui.FXGLUIFactoryServiceProvider
09:08:44.380 [FXGL Background Thread 3 ] DEBUG Engine               - class com.almasb.fxgl.ui.FXGLDialogFactoryServiceProvider
09:08:44.380 [FXGL Background Thread 3 ] DEBUG Engine               - class com.almasb.fxgl.audio.AudioPlayer
09:08:44.380 [FXGL Background Thread 3 ] DEBUG Engine               - class com.almasb.fxgl.notification.impl.NotificationServiceProvider
09:08:44.380 [FXGL Background Thread 3 ] DEBUG Engine               - class com.almasb.fxgl.achievement.AchievementService
09:08:44.380 [FXGL Background Thread 3 ] DEBUG Engine               - class com.almasb.fxgl.cutscene.CutsceneService
09:08:44.380 [FXGL Background Thread 3 ] DEBUG Engine               - class com.almasb.fxgl.minigames.MiniGameService
09:08:44.380 [FXGL Background Thread 3 ] DEBUG Engine               - class com.almasb.fxgl.net.NetService
09:08:44.380 [FXGL Background Thread 3 ] DEBUG Engine               - class com.almasb.fxgl.app.services.UpdaterService
09:08:44.380 [FXGL Background Thread 3 ] DEBUG Engine               - class com.almasb.fxgl.dev.DevService
09:08:50.969 [JavaFX Application Thread] DEBUG PrimaryStageWindow   - Push state: DialogSubScene
09:08:50.969 [JavaFX Application Thread] DEBUG Input                - Clearing active input actions
09:08:50.970 [JavaFX Application Thread] DEBUG GameApplicationServi - Removing overlay from GameScene and adding to DialogSubScene
09:08:50.970 [JavaFX Application Thread] DEBUG PrimaryStageWindow   - GameScene -> DialogSubScene
09:08:54.790 [JavaFX Application Thread] DEBUG PrimaryStageWindow   - Pop state: DialogSubScene
09:08:54.790 [JavaFX Application Thread] DEBUG Input                - Clearing active input actions
09:08:54.790 [JavaFX Application Thread] DEBUG GameApplicationServi - Removing overlay from DialogSubScene and adding to GameScene
09:08:54.791 [JavaFX Application Thread] DEBUG PrimaryStageWindow   - GameScene <- DialogSubScene
09:08:54.794 [JavaFX Application Thread] DEBUG PrimaryStageWindow   - Push state: DialogSubScene
09:08:54.795 [JavaFX Application Thread] DEBUG Input                - Clearing active input actions
09:08:54.795 [JavaFX Application Thread] DEBUG GameApplicationServi - Removing overlay from GameScene and adding to DialogSubScene
09:08:54.795 [JavaFX Application Thread] DEBUG PrimaryStageWindow   - GameScene -> DialogSubScene
09:08:54.795 [JavaFX Application Thread] DEBUG PrimaryStageWindow   - Pop state: DialogSubScene
09:08:54.795 [JavaFX Application Thread] DEBUG Input                - Clearing active input actions
09:08:54.795 [JavaFX Application Thread] DEBUG GameApplicationServi - Removing overlay from DialogSubScene and adding to GameScene
09:08:54.795 [JavaFX Application Thread] DEBUG PrimaryStageWindow   - GameScene <- DialogSubScene
09:08:54.795 [JavaFX Application Thread] DEBUG Input                - Clearing active input actions
09:08:54.798 [JavaFX Application Thread] DEBUG GameApplicationServi - Removing overlay from GameScene and adding to FXGLMainMenuDummyScene
09:08:54.798 [JavaFX Application Thread] DEBUG PrimaryStageWindow   - GameScene -> FXGLMainMenuDummyScene
09:08:54.798 [JavaFX Application Thread] DEBUG PrimaryStageWindow   - Push state: FXGLDefaultMenu
09:08:54.798 [JavaFX Application Thread] DEBUG Input                - Clearing active input actions
09:08:54.799 [JavaFX Application Thread] DEBUG GameApplicationServi - Removing overlay from FXGLMainMenuDummyScene and adding to FXGLDefaultMenu
09:08:54.799 [JavaFX Application Thread] DEBUG PrimaryStageWindow   - FXGLMainMenuDummyScene -> FXGLDefaultMenu
09:08:55.998 [JavaFX Application Thread] DEBUG Menu                 - fireNewGame()
09:08:55.998 [JavaFX Application Thread] DEBUG GameApplicationServi - Starting new game
09:08:55.998 [JavaFX Application Thread] DEBUG PrimaryStageWindow   - Pop state: FXGLDefaultMenu
09:08:55.998 [JavaFX Application Thread] DEBUG Input                - Clearing active input actions
09:08:55.998 [JavaFX Application Thread] DEBUG GameApplicationServi - Removing overlay from FXGLDefaultMenu and adding to FXGLMainMenuDummyScene
09:08:55.998 [JavaFX Application Thread] DEBUG PrimaryStageWindow   - FXGLMainMenuDummyScene <- FXGLDefaultMenu
09:08:55.998 [JavaFX Application Thread] DEBUG Input                - Clearing active input actions
09:08:56.001 [JavaFX Application Thread] DEBUG GameApplicationServi - Removing overlay from FXGLMainMenuDummyScene and adding to FXGLLoadingScene
09:08:56.001 [JavaFX Application Thread] DEBUG PrimaryStageWindow   - FXGLMainMenuDummyScene -> FXGLLoadingScene
09:08:56.001 [JavaFX Application Thread] DEBUG GameApplicationServi - Clearing previous game
09:08:56.001 [JavaFX Application Thread] DEBUG GameScene            - Clearing game scene
09:08:56.001 [JavaFX Application Thread] DEBUG GameWorld            - Clearing game world
09:08:56.002 [JavaFX Application Thread] DEBUG PhysicsWorld         - Clearing physics world
09:08:56.002 [FXGL Background Thread 2 ] DEBUG FXGLApplication      - Initializing game
09:08:56.004 [FXGL Background Thread 2 ] INFO  FXGLApplication      - Game initialization took: 0.002 sec
09:08:56.011 [JavaFX Application Thread] DEBUG Input                - Clearing active input actions
09:08:56.012 [JavaFX Application Thread] DEBUG GameApplicationServi - Removing overlay from FXGLLoadingScene and adding to GameScene
09:08:56.012 [JavaFX Application Thread] DEBUG PrimaryStageWindow   - FXGLLoadingScene -> GameScene
09:08:59.545 [JavaFX Application Thread] DEBUG LoopRunner           - Pausing loop
09:08:59.545 [JavaFX Application Thread] DEBUG PrimaryStageWindow   - Push state: FXGLDefaultMenu
09:08:59.546 [JavaFX Application Thread] DEBUG Input                - Clearing active input actions
09:08:59.547 [JavaFX Application Thread] DEBUG GameApplicationServi - Removing overlay from GameScene and adding to FXGLDefaultMenu
09:08:59.547 [JavaFX Application Thread] DEBUG PrimaryStageWindow   - GameScene -> FXGLDefaultMenu
09:09:00.605 [JavaFX Application Thread] DEBUG PrimaryStageWindow   - Pop state: FXGLDefaultMenu
09:09:00.605 [JavaFX Application Thread] DEBUG Input                - Clearing active input actions
09:09:00.605 [JavaFX Application Thread] DEBUG GameApplicationServi - Removing overlay from FXGLDefaultMenu and adding to GameScene
09:09:00.605 [JavaFX Application Thread] DEBUG PrimaryStageWindow   - GameScene <- FXGLDefaultMenu
09:09:01.481 [JavaFX Application Thread] DEBUG PrimaryStageWindow   - Push state: DialogSubScene
09:09:01.482 [JavaFX Application Thread] DEBUG Input                - Clearing active input actions
09:09:01.483 [JavaFX Application Thread] DEBUG GameApplicationServi - Removing overlay from GameScene and adding to DialogSubScene
09:09:01.483 [JavaFX Application Thread] DEBUG PrimaryStageWindow   - GameScene -> DialogSubScene
09:09:02.901 [JavaFX Application Thread] DEBUG PrimaryStageWindow   - Pop state: DialogSubScene
09:09:02.901 [JavaFX Application Thread] DEBUG Input                - Clearing active input actions
09:09:02.901 [JavaFX Application Thread] DEBUG GameApplicationServi - Removing overlay from DialogSubScene and adding to GameScene
09:09:02.902 [JavaFX Application Thread] DEBUG PrimaryStageWindow   - GameScene <- DialogSubScene
09:09:03.387 [JavaFX Application Thread] DEBUG LoopRunner           - Pausing loop
09:09:03.387 [JavaFX Application Thread] DEBUG PrimaryStageWindow   - Push state: FXGLDefaultMenu
09:09:03.387 [JavaFX Application Thread] DEBUG Input                - Clearing active input actions
09:09:03.388 [JavaFX Application Thread] DEBUG GameApplicationServi - Removing overlay from GameScene and adding to FXGLDefaultMenu
09:09:03.388 [JavaFX Application Thread] DEBUG PrimaryStageWindow   - GameScene -> FXGLDefaultMenu
09:09:05.122 [JavaFX Application Thread] DEBUG PrimaryStageWindow   - Pop state: FXGLDefaultMenu
09:09:05.122 [JavaFX Application Thread] DEBUG Input                - Clearing active input actions
09:09:05.123 [JavaFX Application Thread] DEBUG GameApplicationServi - Removing overlay from FXGLDefaultMenu and adding to GameScene
09:09:05.123 [JavaFX Application Thread] DEBUG PrimaryStageWindow   - GameScene <- FXGLDefaultMenu
09:09:08.160 [JavaFX Application Thread] DEBUG LoopRunner           - Pausing loop
09:09:08.161 [JavaFX Application Thread] DEBUG PrimaryStageWindow   - Push state: FXGLDefaultMenu
09:09:08.161 [JavaFX Application Thread] DEBUG Input                - Clearing active input actions
09:09:08.162 [JavaFX Application Thread] DEBUG GameApplicationServi - Removing overlay from GameScene and adding to FXGLDefaultMenu
09:09:08.162 [JavaFX Application Thread] DEBUG PrimaryStageWindow   - GameScene -> FXGLDefaultMenu
09:09:13.133 [JavaFX Application Thread] DEBUG PrimaryStageWindow   - Pop state: FXGLDefaultMenu
09:09:13.133 [JavaFX Application Thread] DEBUG Input                - Clearing active input actions
09:09:13.133 [JavaFX Application Thread] DEBUG GameApplicationServi - Removing overlay from FXGLDefaultMenu and adding to GameScene
09:09:13.134 [JavaFX Application Thread] DEBUG PrimaryStageWindow   - GameScene <- FXGLDefaultMenu
09:09:16.299 [JavaFX Application Thread] DEBUG FXGLApplication      - Exiting FXGL
09:09:16.299 [JavaFX Application Thread] DEBUG LoopRunner           - Stopping loop
09:09:16.299 [JavaFX Application Thread] DEBUG SystemBundleService  - Saving FXGL system data
09:09:16.303 [JavaFX Application Thread] DEBUG FileSystemAccess     - Writing to: /Users/chengsenghab/Desktop/SpaceShooter/system/fxgl.bundle
09:09:16.308 [JavaFX Application Thread] DEBUG Async                - Shutting down background threads
09:09:16.308 [JavaFX Application Thread] DEBUG PrimaryStageWindow   - Closing main window
09:09:16.318 [JavaFX Application Thread] DEBUG Logger               - Closing Logger
