14:37:15.257 [main                     ] DEBUG Logger               - Configured Logger
14:37:15.263 [main                     ] DEBUG GameApplication      - Logging settings
Title: SpaceShooterGame
Version: 0.0
Width: 800
Height: 800
Fullscreen: false
Intro: false
Profiling: false
Single step:false
App Mode: DEVELOPER
Menu Key: ESCAPE
Stage Style: DECORATED
Scene Factory: class com.almasb.fxgl.app.scene.SceneFactory

14:37:15.543 [JavaFX Application Thread] DEBUG FXGLApplication      - Initializing FXGL
14:37:15.546 [JavaFX Application Thread] INFO  Engine               - FXGL-17.3 (30.03.2023 11.49) on WINDOWS (J:25.0.1 FX:21.0.6)
14:37:15.546 [JavaFX Application Thread] DEBUG Engine               - JRE Vendor Name: Oracle Corporation
14:37:15.546 [JavaFX Application Thread] DEBUG Engine               - Running on OS: Windows 11 version 10.0
14:37:15.546 [JavaFX Application Thread] DEBUG Engine               - Architecture: amd64
14:37:15.546 [JavaFX Application Thread] INFO  Engine               - Source code and latest versions at: https://github.com/AlmasB/FXGL
14:37:15.546 [JavaFX Application Thread] INFO  Engine               -       Ask questions and discuss at: https://github.com/AlmasB/FXGL/discussions
14:37:15.546 [JavaFX Application Thread] INFO  Engine               -              Join the FXGL chat at: https://gitter.im/AlmasB/FXGL
14:37:15.625 [JavaFX Application Thread] DEBUG PrimaryStageWindow   - Creating a JavaFX scene
14:37:15.663 [JavaFX Application Thread] DEBUG PrimaryStageWindow   - Target settings size: 800.0 x 800.0
14:37:15.663 [JavaFX Application Thread] DEBUG PrimaryStageWindow   - Scaled scene size:    800.0 x 800.0
14:37:15.664 [JavaFX Application Thread] DEBUG PrimaryStageWindow   - Scaled ratio: (1.0, 1.0)
14:37:15.664 [JavaFX Application Thread] DEBUG PrimaryStageWindow   - Set initial scene to FXGLStartupScene
14:37:15.667 [JavaFX Application Thread] DEBUG PrimaryStageWindow   - Opening main window
14:37:15.755 [JavaFX Application Thread] DEBUG PrimaryStageWindow   - Window border size: (14.66668701171875, 40.0)
14:37:15.755 [JavaFX Application Thread] DEBUG PrimaryStageWindow   - Scaled size: 800.0 x 800.0
14:37:15.755 [JavaFX Application Thread] DEBUG PrimaryStageWindow   - Scaled ratio: (1.0, 1.0)
14:37:15.756 [JavaFX Application Thread] DEBUG PrimaryStageWindow   - Scene size: 800.0 x 800.0
14:37:15.756 [JavaFX Application Thread] DEBUG PrimaryStageWindow   - Stage size: 814.6666870117188 x 840.0
14:37:15.764 [FXGL Background Thread 1 ] DEBUG Engine               - Initializing environment variables
14:37:15.829 [FXGL Background Thread 1 ] DEBUG FXGLAssetLoaderServi - User app class for loading assets: class kh.edu.paragoniu.spaceshooter.SpaceShooterGame
14:37:15.829 [FXGL Background Thread 1 ] DEBUG GameApplicationServi - Applying CSS: fxgl_dark.css
14:37:15.830 [FXGL Background Thread 1 ] DEBUG FXGLAssetLoaderServi - Loading from file system: jar:file:///C:/Users/USER/.m2/repository/com/github/almasb/fxgl/17.3/fxgl-17.3.jar!/fxglassets/ui/css/fxgl_dark.css
14:37:15.878 [FXGL Background Thread 1 ] DEBUG GameApplicationServi - Initializing application scenes
14:37:15.913 [FXGL Background Thread 1 ] DEBUG GameWorld            - Game world initialized
14:37:15.955 [FXGL Background Thread 1 ] DEBUG PhysicsWorld         - Physics world initialized: appHeight=800, physics.ppm=50.0
14:37:15.956 [FXGL Background Thread 1 ] DEBUG PhysicsWorld         - Using strategy: BRUTE_FORCE
14:37:15.959 [FXGL Background Thread 1 ] DEBUG GameScene            - Game scene initialized: 800x800
14:37:15.972 [FXGL Background Thread 1 ] DEBUG FXGL.DefaultMenu     - createMenuBodyGameMenu()
14:37:15.982 [FXGL Background Thread 1 ] DEBUG FXGL.DefaultMenu     - createOptionsMenu()
14:37:15.991 [FXGL Background Thread 1 ] DEBUG FXGLAssetLoaderServi - Loading from file system: jar:file:///C:/Users/USER/.m2/repository/com/github/almasb/fxgl/17.3/fxgl-17.3.jar!/fxglassets/textures/particles/smoke.png
14:37:16.066 [FXGL Background Thread 1 ] DEBUG FXGLAssetLoaderServi - Loading from file system: jar:file:///C:/Users/USER/.m2/repository/com/github/almasb/fxgl/17.3/fxgl-17.3.jar!/fxglassets/textures/particles/trace_horizontal.png
14:37:16.092 [FXGL Background Thread 1 ] DEBUG GameApplicationServi - Application scenes initialized
14:37:16.102 [FXGL Background Thread 1 ] DEBUG SystemBundleService  - Loading FXGL system data
14:37:16.106 [FXGL Background Thread 1 ] DEBUG FileSystemAccess     - Reading from: C:\Users\USER\IdeaProjects\SpaceShooter\system\fxgl.bundle
14:37:16.112 [FXGL Background Thread 1 ] DEBUG SystemBundleService  - Bundle FXGL: {}
14:37:16.112 [FXGL Background Thread 1 ] DEBUG UpdaterService       - Checking for updates
14:37:16.117 [FXGL Background Thread 4 ] DEBUG FXGLApplication      - Loading fonts
14:37:16.117 [FXGL Background Thread 1 ] DEBUG FXGLApplication      - Loading default localization
14:37:16.117 [FXGL Background Thread 4 ] DEBUG FXGLAssetLoaderServi - Loading from file system: jar:file:///C:/Users/USER/.m2/repository/com/github/almasb/fxgl/17.3/fxgl-17.3.jar!/fxglassets/ui/fonts/VarelaRound-Regular.ttf
14:37:16.118 [FXGL Background Thread 1 ] DEBUG FXGLAssetLoaderServi - Loading from file system: jar:file:///C:/Users/USER/.m2/repository/com/github/almasb/fxgl/17.3/fxgl-17.3.jar!/fxglassets/languages/english.lang
14:37:16.137 [FXGL Background Thread 1 ] INFO  FXGLApplication      - FXGL initialization took: 0.372 sec
14:37:16.146 [JavaFX Application Thread] DEBUG Input                - Registered new binding: LEFT - Left
14:37:16.146 [JavaFX Application Thread] DEBUG Input                - Registered new binding: RIGHT - Right
14:37:16.147 [JavaFX Application Thread] DEBUG Input                - Registered new binding: Shoot - Space
14:37:16.148 [JavaFX Application Thread] DEBUG FXGLAssetLoaderServi - Loading from file system: jar:file:///C:/Users/USER/.m2/repository/com/github/almasb/fxgl/17.3/fxgl-17.3.jar!/fxglassets/textures/fxgl_icon.png
14:37:16.163 [FXGL Background Thread 4 ] DEBUG FXGLAssetLoaderServi - Loading from file system: jar:file:///C:/Users/USER/.m2/repository/com/github/almasb/fxgl/17.3/fxgl-17.3.jar!/fxglassets/ui/fonts/Abel-Regular.ttf
14:37:16.168 [FXGL Background Thread 4 ] DEBUG FXGLAssetLoaderServi - Loading from file system: jar:file:///C:/Users/USER/.m2/repository/com/github/almasb/fxgl/17.3/fxgl-17.3.jar!/fxglassets/ui/fonts/TerminalLandMono-Regular.otf
14:37:16.172 [JavaFX Application Thread] DEBUG FXGLAssetLoaderServi - Loading from file system: jar:file:///C:/Users/USER/.m2/repository/com/github/almasb/fxgl/17.3/fxgl-17.3.jar!/fxglassets/textures/fxgl_default_cursor.png
14:37:16.173 [FXGL Background Thread 4 ] DEBUG FXGLAssetLoaderServi - Loading from file system: jar:file:///C:/Users/USER/.m2/repository/com/github/almasb/fxgl/17.3/fxgl-17.3.jar!/fxglassets/ui/fonts/Courier-Prime.ttf
14:37:16.174 [JavaFX Application Thread] DEBUG Input                - Registered new binding: Screenshot - CTRL+8
14:37:16.174 [JavaFX Application Thread] DEBUG Input                - Registered new binding: System info dump - CTRL+9
14:37:16.174 [JavaFX Application Thread] DEBUG Input                - Registered new binding: Restart - CTRL+R
14:37:16.175 [JavaFX Application Thread] DEBUG Input                - Registered new binding: Toggle Debug Camera - CTRL+7
14:37:16.176 [JavaFX Application Thread] DEBUG LoopRunner           - Starting loop
14:37:16.177 [JavaFX Application Thread] DEBUG LoopRunner           - Initializing JavaFX AnimationTimerLoop
14:37:16.177 [JavaFX Application Thread] DEBUG GameApplicationServi - Starting new game
14:37:16.178 [JavaFX Application Thread] DEBUG Input                - Clearing active input actions
14:37:16.191 [JavaFX Application Thread] DEBUG GameApplicationServi - Removing overlay from FXGLStartupScene and adding to FXGLLoadingScene
14:37:16.191 [JavaFX Application Thread] DEBUG PrimaryStageWindow   - FXGLStartupScene -> FXGLLoadingScene
14:37:16.191 [JavaFX Application Thread] DEBUG GameApplicationServi - Clearing previous game
14:37:16.191 [JavaFX Application Thread] DEBUG GameScene            - Clearing game scene
14:37:16.191 [JavaFX Application Thread] DEBUG GameWorld            - Clearing game world
14:37:16.191 [JavaFX Application Thread] DEBUG PhysicsWorld         - Clearing physics world
14:37:16.193 [FXGL Background Thread 4 ] DEBUG FXGLApplication      - Initializing game
14:37:16.195 [JavaFX Application Thread] DEBUG FXGLApplication      - Registering font factories with UI factory
14:37:16.211 [FXGL Background Thread 4 ] INFO  FXGLApplication      - Game initialization took: 0.018 sec
14:37:16.235 [JavaFX Application Thread] DEBUG Input                - Clearing active input actions
14:37:16.252 [JavaFX Application Thread] DEBUG GameApplicationServi - Removing overlay from FXGLLoadingScene and adding to GameScene
14:37:16.252 [JavaFX Application Thread] DEBUG PrimaryStageWindow   - FXGLLoadingScene -> GameScene
14:37:16.562 [FXGL Background Thread 2 ] INFO  UpdaterService       - Your current version:  17.3
14:37:16.562 [FXGL Background Thread 2 ] INFO  UpdaterService       - Latest stable version: 21.1
14:37:19.116 [FXGL Background Thread 3 ] DEBUG Engine               - Logging environment variables
14:37:19.116 [FXGL Background Thread 3 ] DEBUG Engine               - achievements: []
14:37:19.116 [FXGL Background Thread 3 ] DEBUG Engine               - actualHeight: 800.0
14:37:19.117 [FXGL Background Thread 3 ] DEBUG Engine               - actualHeightProperty: ReadOnlyDoubleProperty [value: 800.0]
14:37:19.117 [FXGL Background Thread 3 ] DEBUG Engine               - actualWidth: 800.0
14:37:19.117 [FXGL Background Thread 3 ] DEBUG Engine               - actualWidthProperty: ReadOnlyDoubleProperty [value: 800.0]
14:37:19.117 [FXGL Background Thread 3 ] DEBUG Engine               - appIcon: fxgl_icon.png
14:37:19.117 [FXGL Background Thread 3 ] DEBUG Engine               - applicationMode: DEVELOPER
14:37:19.117 [FXGL Background Thread 3 ] DEBUG Engine               - cSSList: [fxgl_dark.css]
14:37:19.117 [FXGL Background Thread 3 ] DEBUG Engine               - collisionDetectionStrategy: BRUTE_FORCE
14:37:19.117 [FXGL Background Thread 3 ] DEBUG Engine               - configClass: Optional.empty
14:37:19.118 [FXGL Background Thread 3 ] DEBUG Engine               - credits: []
14:37:19.120 [FXGL Background Thread 3 ] DEBUG Engine               - defaultCursor: CursorInfo(imageName=fxgl_default_cursor.png, hotspotX=7.0, hotspotY=6.0)
14:37:19.120 [FXGL Background Thread 3 ] DEBUG Engine               - devBBoxColorProperty: ObjectProperty [value: 0xff0000ff]
14:37:19.120 [FXGL Background Thread 3 ] DEBUG Engine               - devEnableDebugCameraProperty: BooleanProperty [value: false]
14:37:19.121 [FXGL Background Thread 3 ] DEBUG Engine               - devSensorColorProperty: ObjectProperty [value: 0xffff00ff]
14:37:19.121 [FXGL Background Thread 3 ] DEBUG Engine               - devShowBBoxProperty: BooleanProperty [value: false]
14:37:19.121 [FXGL Background Thread 3 ] DEBUG Engine               - devShowPositionProperty: BooleanProperty [value: false]
14:37:19.121 [FXGL Background Thread 3 ] DEBUG Engine               - enabledMenuItems: []
14:37:19.121 [FXGL Background Thread 3 ] DEBUG Engine               - engineServices: [class com.almasb.fxgl.app.services.FXGLAssetLoaderService, class com.almasb.fxgl.app.FXGLApplication$GameApplicationService, class com.almasb.fxgl.app.services.FXGLDialogService, class com.almasb.fxgl.app.services.IOTaskExecutorService, class com.almasb.fxgl.io.FileSystemService, class com.almasb.fxgl.localization.LocalizationService, class com.almasb.fxgl.app.services.SystemBundleService, class com.almasb.fxgl.profile.SaveLoadService, class com.almasb.fxgl.ui.FXGLUIFactoryServiceProvider, class com.almasb.fxgl.ui.FXGLDialogFactoryServiceProvider, class com.almasb.fxgl.audio.AudioPlayer, class com.almasb.fxgl.notification.impl.NotificationServiceProvider, class com.almasb.fxgl.achievement.AchievementService, class com.almasb.fxgl.cutscene.CutsceneService, class com.almasb.fxgl.minigames.MiniGameService, class com.almasb.fxgl.net.NetService, class com.almasb.fxgl.app.services.UpdaterService, class com.almasb.fxgl.dev.DevService]
14:37:19.121 [FXGL Background Thread 3 ] DEBUG Engine               - fontGame: Abel-Regular.ttf
14:37:19.121 [FXGL Background Thread 3 ] DEBUG Engine               - fontMono: TerminalLandMono-Regular.otf
14:37:19.121 [FXGL Background Thread 3 ] DEBUG Engine               - fontSizeScaleUI: 1.0
14:37:19.121 [FXGL Background Thread 3 ] DEBUG Engine               - fontText: Courier-Prime.ttf
14:37:19.121 [FXGL Background Thread 3 ] DEBUG Engine               - fontUI: VarelaRound-Regular.ttf
14:37:19.121 [FXGL Background Thread 3 ] DEBUG Engine               - fullScreen: BooleanProperty [value: false]
14:37:19.121 [FXGL Background Thread 3 ] DEBUG Engine               - gameDifficulty: MEDIUM
14:37:19.121 [FXGL Background Thread 3 ] DEBUG Engine               - gameDifficultyProperty: ObjectProperty [value: MEDIUM]
14:37:19.121 [FXGL Background Thread 3 ] DEBUG Engine               - globalMusicVolume: 0.5
14:37:19.121 [FXGL Background Thread 3 ] DEBUG Engine               - globalMusicVolumeProperty: DoubleProperty [value: 0.5]
14:37:19.121 [FXGL Background Thread 3 ] DEBUG Engine               - globalSoundVolume: 0.5
14:37:19.121 [FXGL Background Thread 3 ] DEBUG Engine               - globalSoundVolumeProperty: DoubleProperty [value: 0.5]
14:37:19.121 [FXGL Background Thread 3 ] DEBUG Engine               - height: 800
14:37:19.121 [FXGL Background Thread 3 ] DEBUG Engine               - is3D: false
14:37:19.121 [FXGL Background Thread 3 ] DEBUG Engine               - isAndroid: false
14:37:19.122 [FXGL Background Thread 3 ] DEBUG Engine               - isBrowser: false
14:37:19.122 [FXGL Background Thread 3 ] DEBUG Engine               - isClickFeedbackEnabled: false
14:37:19.122 [FXGL Background Thread 3 ] DEBUG Engine               - isCloseConfirmation: false
14:37:19.122 [FXGL Background Thread 3 ] DEBUG Engine               - isDesktop: true
14:37:19.122 [FXGL Background Thread 3 ] DEBUG Engine               - isDeveloperMenuEnabled: false
14:37:19.122 [FXGL Background Thread 3 ] DEBUG Engine               - isEmbedded: false
14:37:19.122 [FXGL Background Thread 3 ] DEBUG Engine               - isEntityPreloadEnabled: true
14:37:19.122 [FXGL Background Thread 3 ] DEBUG Engine               - isExperimentalTiledLargeMap: false
14:37:19.122 [FXGL Background Thread 3 ] DEBUG Engine               - isFileSystemWriteAllowed: true
14:37:19.123 [FXGL Background Thread 3 ] DEBUG Engine               - isFullScreenAllowed: false
14:37:19.123 [FXGL Background Thread 3 ] DEBUG Engine               - isFullScreenFromStart: false
14:37:19.123 [FXGL Background Thread 3 ] DEBUG Engine               - isGameMenuEnabled: true
14:37:19.123 [FXGL Background Thread 3 ] DEBUG Engine               - isIOS: false
14:37:19.123 [FXGL Background Thread 3 ] DEBUG Engine               - isIntroEnabled: false
14:37:19.123 [FXGL Background Thread 3 ] DEBUG Engine               - isLinux: false
14:37:19.123 [FXGL Background Thread 3 ] DEBUG Engine               - isMac: false
14:37:19.123 [FXGL Background Thread 3 ] DEBUG Engine               - isMainMenuEnabled: false
14:37:19.123 [FXGL Background Thread 3 ] DEBUG Engine               - isManualResizeEnabled: false
14:37:19.124 [FXGL Background Thread 3 ] DEBUG Engine               - isMobile: false
14:37:19.124 [FXGL Background Thread 3 ] DEBUG Engine               - isNative: false
14:37:19.124 [FXGL Background Thread 3 ] DEBUG Engine               - isPauseMusicWhenMinimized: true
14:37:19.124 [FXGL Background Thread 3 ] DEBUG Engine               - isPreserveResizeRatio: false
14:37:19.124 [FXGL Background Thread 3 ] DEBUG Engine               - isProfilingEnabled: false
14:37:19.124 [FXGL Background Thread 3 ] DEBUG Engine               - isScaleAffectedOnResize: true
14:37:19.124 [FXGL Background Thread 3 ] DEBUG Engine               - isSingleStep: false
14:37:19.124 [FXGL Background Thread 3 ] DEBUG Engine               - isUserProfileEnabled: false
14:37:19.124 [FXGL Background Thread 3 ] DEBUG Engine               - isWindows: true
14:37:19.124 [FXGL Background Thread 3 ] DEBUG Engine               - language: ObjectProperty [value: ENGLISH]
14:37:19.124 [FXGL Background Thread 3 ] DEBUG Engine               - menuKey: ESCAPE
14:37:19.124 [FXGL Background Thread 3 ] DEBUG Engine               - mouseSensitivity: 0.2
14:37:19.124 [FXGL Background Thread 3 ] DEBUG Engine               - notificationViewClass: class com.almasb.fxgl.notification.view.XboxNotificationView
14:37:19.125 [FXGL Background Thread 3 ] DEBUG Engine               - pixelsPerMeter: 50.0
14:37:19.125 [FXGL Background Thread 3 ] DEBUG Engine               - platform: WINDOWS
14:37:19.125 [FXGL Background Thread 3 ] DEBUG Engine               - prefHeightProperty: ReadOnlyDoubleProperty [value: 800.0]
14:37:19.125 [FXGL Background Thread 3 ] DEBUG Engine               - prefWidthProperty: ReadOnlyDoubleProperty [value: 800.0]
14:37:19.125 [FXGL Background Thread 3 ] DEBUG Engine               - profileDir: profiles/
14:37:19.125 [FXGL Background Thread 3 ] DEBUG Engine               - profileName: StringProperty [value: DEFAULT]
14:37:19.125 [FXGL Background Thread 3 ] DEBUG Engine               - randomSeed: -1
14:37:19.125 [FXGL Background Thread 3 ] DEBUG Engine               - runtimeInfo: RuntimeInfo(platform=WINDOWS, version=17.3, build=30.03.2023 11.49)
14:37:19.125 [FXGL Background Thread 3 ] DEBUG Engine               - saveFileExt: sav
14:37:19.125 [FXGL Background Thread 3 ] DEBUG Engine               - scaledHeightProp$fxgl: DoubleProperty [bound, value: 800.0]
14:37:19.125 [FXGL Background Thread 3 ] DEBUG Engine               - scaledWidthProp$fxgl: DoubleProperty [bound, value: 800.0]
14:37:19.125 [FXGL Background Thread 3 ] DEBUG Engine               - sceneFactory: com.almasb.fxgl.app.scene.SceneFactory@31cb236f
14:37:19.125 [FXGL Background Thread 3 ] DEBUG Engine               - secondsIn24h: 60
14:37:19.125 [FXGL Background Thread 3 ] DEBUG Engine               - soundMenuBack: menu/back.wav
14:37:19.125 [FXGL Background Thread 3 ] DEBUG Engine               - soundMenuPress: menu/press.wav
14:37:19.125 [FXGL Background Thread 3 ] DEBUG Engine               - soundMenuSelect: menu/select.wav
14:37:19.125 [FXGL Background Thread 3 ] DEBUG Engine               - soundNotification: core/notification.wav
14:37:19.125 [FXGL Background Thread 3 ] DEBUG Engine               - stageStyle: DECORATED
14:37:19.125 [FXGL Background Thread 3 ] DEBUG Engine               - supportedLanguages: [ENGLISH, FRENCH, GERMAN, HUNGARIAN, RUSSIAN]
14:37:19.125 [FXGL Background Thread 3 ] DEBUG Engine               - ticksPerSecond: -1
14:37:19.125 [FXGL Background Thread 3 ] DEBUG Engine               - title: SpaceShooterGame
14:37:19.125 [FXGL Background Thread 3 ] DEBUG Engine               - urlGithub: https://github.com/AlmasB/FXGL
14:37:19.125 [FXGL Background Thread 3 ] DEBUG Engine               - urlLeaderboard: http://fxgl-top.herokuapp.com/
14:37:19.125 [FXGL Background Thread 3 ] DEBUG Engine               - urlPOM: https://raw.githubusercontent.com/AlmasB/FXGL/release/README.md
14:37:19.126 [FXGL Background Thread 3 ] DEBUG Engine               - userAppClass: class kh.edu.paragoniu.spaceshooter.SpaceShooterGame
14:37:19.126 [FXGL Background Thread 3 ] DEBUG Engine               - version: 0.0
14:37:19.126 [FXGL Background Thread 3 ] DEBUG Engine               - versionCheckDays: 7
14:37:19.126 [FXGL Background Thread 3 ] DEBUG Engine               - width: 800
14:37:19.126 [FXGL Background Thread 3 ] DEBUG Engine               - Logging services
14:37:19.126 [FXGL Background Thread 3 ] DEBUG Engine               - class com.almasb.fxgl.app.services.FXGLAssetLoaderService
14:37:19.126 [FXGL Background Thread 3 ] DEBUG Engine               - class com.almasb.fxgl.app.FXGLApplication$GameApplicationService
14:37:19.126 [FXGL Background Thread 3 ] DEBUG Engine               - class com.almasb.fxgl.app.services.FXGLDialogService
14:37:19.126 [FXGL Background Thread 3 ] DEBUG Engine               - class com.almasb.fxgl.app.services.IOTaskExecutorService
14:37:19.126 [FXGL Background Thread 3 ] DEBUG Engine               - class com.almasb.fxgl.io.FileSystemService
14:37:19.126 [FXGL Background Thread 3 ] DEBUG Engine               - class com.almasb.fxgl.localization.LocalizationService
14:37:19.126 [FXGL Background Thread 3 ] DEBUG Engine               - class com.almasb.fxgl.app.services.SystemBundleService
14:37:19.126 [FXGL Background Thread 3 ] DEBUG Engine               - class com.almasb.fxgl.profile.SaveLoadService
14:37:19.126 [FXGL Background Thread 3 ] DEBUG Engine               - class com.almasb.fxgl.ui.FXGLUIFactoryServiceProvider
14:37:19.126 [FXGL Background Thread 3 ] DEBUG Engine               - class com.almasb.fxgl.ui.FXGLDialogFactoryServiceProvider
14:37:19.126 [FXGL Background Thread 3 ] DEBUG Engine               - class com.almasb.fxgl.audio.AudioPlayer
14:37:19.126 [FXGL Background Thread 3 ] DEBUG Engine               - class com.almasb.fxgl.notification.impl.NotificationServiceProvider
14:37:19.126 [FXGL Background Thread 3 ] DEBUG Engine               - class com.almasb.fxgl.achievement.AchievementService
14:37:19.126 [FXGL Background Thread 3 ] DEBUG Engine               - class com.almasb.fxgl.cutscene.CutsceneService
14:37:19.126 [FXGL Background Thread 3 ] DEBUG Engine               - class com.almasb.fxgl.minigames.MiniGameService
14:37:19.126 [FXGL Background Thread 3 ] DEBUG Engine               - class com.almasb.fxgl.net.NetService
14:37:19.126 [FXGL Background Thread 3 ] DEBUG Engine               - class com.almasb.fxgl.app.services.UpdaterService
14:37:19.126 [FXGL Background Thread 3 ] DEBUG Engine               - class com.almasb.fxgl.dev.DevService
14:37:32.540 [JavaFX Application Thread] DEBUG FXGLApplication      - Exiting FXGL
14:37:32.540 [JavaFX Application Thread] DEBUG LoopRunner           - Stopping loop
14:37:32.540 [JavaFX Application Thread] DEBUG SystemBundleService  - Saving FXGL system data
14:37:32.542 [JavaFX Application Thread] DEBUG FileSystemAccess     - Writing to: C:\Users\USER\IdeaProjects\SpaceShooter\system\fxgl.bundle
14:37:32.545 [JavaFX Application Thread] DEBUG Async                - Shutting down background threads
14:37:32.545 [JavaFX Application Thread] DEBUG PrimaryStageWindow   - Closing main window
14:37:32.555 [JavaFX Application Thread] DEBUG Logger               - Closing Logger
