16:36:24.596 [main                     ] DEBUG Logger               - Configured Logger
16:36:24.598 [main                     ] DEBUG GameApplication      - Logging settings
Title: SpaceShooterGame
Version: 1.0
Width: 800
Height: 800
Fullscreen: false
Intro: false
Profiling: false
Single step:false
App Mode: DEVELOPER
Menu Key: ESCAPE
Stage Style: DECORATED
Scene Factory: class com.almasb.fxgl.app.scene.SceneFactory

16:36:24.737 [JavaFX Application Thread] DEBUG FXGLApplication      - Initializing FXGL
16:36:24.738 [JavaFX Application Thread] INFO  Engine               - FXGL-17.3 (30.03.2023 11.49) on MAC (J:25.0.2 FX:21.0.6)
16:36:24.738 [JavaFX Application Thread] DEBUG Engine               - JRE Vendor Name: Oracle Corporation
16:36:24.738 [JavaFX Application Thread] DEBUG Engine               - Running on OS: Mac OS X version 15.7.3
16:36:24.738 [JavaFX Application Thread] DEBUG Engine               - Architecture: aarch64
16:36:24.738 [JavaFX Application Thread] INFO  Engine               - Source code and latest versions at: https://github.com/AlmasB/FXGL
16:36:24.738 [JavaFX Application Thread] INFO  Engine               -       Ask questions and discuss at: https://github.com/AlmasB/FXGL/discussions
16:36:24.738 [JavaFX Application Thread] INFO  Engine               -              Join the FXGL chat at: https://gitter.im/AlmasB/FXGL
16:36:24.765 [JavaFX Application Thread] DEBUG PrimaryStageWindow   - Creating a JavaFX scene
16:36:24.782 [JavaFX Application Thread] DEBUG PrimaryStageWindow   - Target settings size: 800.0 x 800.0
16:36:24.782 [JavaFX Application Thread] DEBUG PrimaryStageWindow   - Scaled scene size:    800.0 x 800.0
16:36:24.782 [JavaFX Application Thread] DEBUG PrimaryStageWindow   - Scaled ratio: (1.0, 1.0)
16:36:24.783 [JavaFX Application Thread] DEBUG PrimaryStageWindow   - Set initial scene to FXGLStartupScene
16:36:24.784 [JavaFX Application Thread] DEBUG PrimaryStageWindow   - Opening main window
16:36:24.836 [JavaFX Application Thread] DEBUG PrimaryStageWindow   - Window border size: (0.0, 28.0)
16:36:24.836 [JavaFX Application Thread] DEBUG PrimaryStageWindow   - Scaled size: 800.0 x 800.0
16:36:24.836 [JavaFX Application Thread] DEBUG PrimaryStageWindow   - Scaled ratio: (1.0, 1.0)
16:36:24.836 [JavaFX Application Thread] DEBUG PrimaryStageWindow   - Scene size: 800.0 x 800.0
16:36:24.836 [JavaFX Application Thread] DEBUG PrimaryStageWindow   - Stage size: 800.0 x 828.0
16:36:24.839 [FXGL Background Thread 1 ] DEBUG Engine               - Initializing environment variables
16:36:24.858 [FXGL Background Thread 1 ] DEBUG FXGLAssetLoaderServi - User app class for loading assets: class kh.edu.paragoniu.spaceshooter.SpaceShooter
16:36:24.859 [FXGL Background Thread 1 ] DEBUG GameApplicationServi - Applying CSS: fxgl_dark.css
16:36:24.859 [FXGL Background Thread 1 ] DEBUG FXGLAssetLoaderServi - Loading from file system: jar:file:///Users/chengsenghab/.m2/repository/com/github/almasb/fxgl/17.3/fxgl-17.3.jar!/fxglassets/ui/css/fxgl_dark.css
16:36:24.875 [FXGL Background Thread 1 ] DEBUG GameApplicationServi - Initializing application scenes
16:36:24.973 [FXGL Background Thread 1 ] DEBUG GameWorld            - Game world initialized
16:36:24.991 [FXGL Background Thread 1 ] DEBUG PhysicsWorld         - Physics world initialized: appHeight=800, physics.ppm=50.0
16:36:24.991 [FXGL Background Thread 1 ] DEBUG PhysicsWorld         - Using strategy: BRUTE_FORCE
16:36:24.992 [FXGL Background Thread 1 ] DEBUG GameScene            - Game scene initialized: 800x800
16:36:24.996 [FXGL Background Thread 1 ] DEBUG FXGL.DefaultMenu     - createMenuBodyMainMenu()
16:36:25.000 [FXGL Background Thread 1 ] DEBUG FXGL.DefaultMenu     - createOptionsMenu()
16:36:25.003 [FXGL Background Thread 1 ] DEBUG FXGLAssetLoaderServi - Loading from file system: jar:file:///Users/chengsenghab/.m2/repository/com/github/almasb/fxgl/17.3/fxgl-17.3.jar!/fxglassets/textures/particles/smoke.png
16:36:25.031 [FXGL Background Thread 1 ] DEBUG FXGLAssetLoaderServi - Loading from file system: jar:file:///Users/chengsenghab/.m2/repository/com/github/almasb/fxgl/17.3/fxgl-17.3.jar!/fxglassets/textures/particles/trace_horizontal.png
16:36:25.042 [FXGL Background Thread 1 ] DEBUG FXGL.DefaultMenu     - createMenuBodyGameMenu()
16:36:25.042 [FXGL Background Thread 1 ] DEBUG FXGL.DefaultMenu     - createOptionsMenu()
16:36:25.047 [FXGL Background Thread 1 ] DEBUG GameApplicationServi - Application scenes initialized
16:36:25.051 [FXGL Background Thread 1 ] DEBUG SystemBundleService  - Loading FXGL system data
16:36:25.052 [FXGL Background Thread 1 ] DEBUG FileSystemAccess     - Reading from: /Users/chengsenghab/Desktop/SpaceShooter/system/fxgl.bundle
16:36:25.054 [FXGL Background Thread 1 ] DEBUG SystemBundleService  - Bundle FXGL: {}
16:36:25.054 [FXGL Background Thread 1 ] DEBUG UpdaterService       - Checking for updates
16:36:25.055 [FXGL Background Thread 4 ] DEBUG FXGLApplication      - Loading fonts
16:36:25.056 [FXGL Background Thread 4 ] DEBUG FXGLAssetLoaderServi - Loading from file system: jar:file:///Users/chengsenghab/.m2/repository/com/github/almasb/fxgl/17.3/fxgl-17.3.jar!/fxglassets/ui/fonts/VarelaRound-Regular.ttf
16:36:25.056 [FXGL Background Thread 1 ] DEBUG FXGLApplication      - Loading default localization
16:36:25.056 [FXGL Background Thread 1 ] DEBUG FXGLAssetLoaderServi - Loading from file system: jar:file:///Users/chengsenghab/.m2/repository/com/github/almasb/fxgl/17.3/fxgl-17.3.jar!/fxglassets/languages/english.lang
16:36:25.060 [FXGL Background Thread 4 ] DEBUG FXGLAssetLoaderServi - Loading from file system: jar:file:///Users/chengsenghab/.m2/repository/com/github/almasb/fxgl/17.3/fxgl-17.3.jar!/fxglassets/ui/fonts/Abel-Regular.ttf
16:36:25.061 [FXGL Background Thread 1 ] INFO  FXGLApplication      - FXGL initialization took: 0.222 sec
16:36:25.062 [FXGL Background Thread 4 ] DEBUG FXGLAssetLoaderServi - Loading from file system: jar:file:///Users/chengsenghab/.m2/repository/com/github/almasb/fxgl/17.3/fxgl-17.3.jar!/fxglassets/ui/fonts/TerminalLandMono-Regular.otf
16:36:25.063 [FXGL Background Thread 4 ] DEBUG FXGLAssetLoaderServi - Loading from file system: jar:file:///Users/chengsenghab/.m2/repository/com/github/almasb/fxgl/17.3/fxgl-17.3.jar!/fxglassets/ui/fonts/Courier-Prime.ttf
16:36:25.064 [JavaFX Application Thread] DEBUG Input                - Registered new binding: LEFT - A
16:36:25.064 [JavaFX Application Thread] DEBUG Input                - Registered new binding: RIGHT - D
16:36:25.064 [JavaFX Application Thread] DEBUG Input                - Registered new binding: Down - S
16:36:25.064 [JavaFX Application Thread] DEBUG Input                - Registered new binding: Up - W
16:36:25.064 [JavaFX Application Thread] DEBUG Input                - Registered new binding: Pause/Resume - Esc
16:36:25.064 [JavaFX Application Thread] DEBUG Input                - Registered new binding: Show Leaderboard - L
16:36:25.065 [JavaFX Application Thread] DEBUG FXGLAssetLoaderServi - Loading from file system: jar:file:///Users/chengsenghab/.m2/repository/com/github/almasb/fxgl/17.3/fxgl-17.3.jar!/fxglassets/textures/fxgl_icon.png
16:36:25.075 [JavaFX Application Thread] DEBUG FXGLAssetLoaderServi - Loading from file system: jar:file:///Users/chengsenghab/.m2/repository/com/github/almasb/fxgl/17.3/fxgl-17.3.jar!/fxglassets/textures/fxgl_default_cursor.png
16:36:25.076 [JavaFX Application Thread] DEBUG Input                - Registered new binding: Screenshot - CTRL+8
16:36:25.076 [JavaFX Application Thread] DEBUG Input                - Registered new binding: System info dump - CTRL+9
16:36:25.076 [JavaFX Application Thread] DEBUG Input                - Registered new binding: Restart - CTRL+R
16:36:25.076 [JavaFX Application Thread] DEBUG Input                - Registered new binding: Toggle Debug Camera - CTRL+7
16:36:25.077 [JavaFX Application Thread] DEBUG LoopRunner           - Starting loop
16:36:25.077 [JavaFX Application Thread] DEBUG LoopRunner           - Initializing JavaFX AnimationTimerLoop
16:36:25.078 [JavaFX Application Thread] DEBUG Input                - Clearing active input actions
16:36:25.081 [JavaFX Application Thread] DEBUG GameApplicationServi - Removing overlay from FXGLStartupScene and adding to FXGLMainMenuDummyScene
16:36:25.081 [JavaFX Application Thread] DEBUG PrimaryStageWindow   - FXGLStartupScene -> FXGLMainMenuDummyScene
16:36:25.081 [JavaFX Application Thread] DEBUG PrimaryStageWindow   - Push state: FXGLDefaultMenu
16:36:25.082 [JavaFX Application Thread] DEBUG Input                - Clearing active input actions
16:36:25.084 [JavaFX Application Thread] DEBUG GameApplicationServi - Removing overlay from FXGLMainMenuDummyScene and adding to FXGLDefaultMenu
16:36:25.084 [JavaFX Application Thread] DEBUG PrimaryStageWindow   - FXGLMainMenuDummyScene -> FXGLDefaultMenu
16:36:25.086 [JavaFX Application Thread] DEBUG FXGLApplication      - Registering font factories with UI factory
16:36:25.314 [FXGL Background Thread 2 ] INFO  UpdaterService       - Your current version:  17.3
16:36:25.314 [FXGL Background Thread 2 ] INFO  UpdaterService       - Latest stable version: 21.1
16:36:25.891 [JavaFX Application Thread] DEBUG Menu                 - fireNewGame()
16:36:25.891 [JavaFX Application Thread] DEBUG GameApplicationServi - Starting new game
16:36:25.891 [JavaFX Application Thread] DEBUG PrimaryStageWindow   - Pop state: FXGLDefaultMenu
16:36:25.891 [JavaFX Application Thread] DEBUG Input                - Clearing active input actions
16:36:25.892 [JavaFX Application Thread] DEBUG GameApplicationServi - Removing overlay from FXGLDefaultMenu and adding to FXGLMainMenuDummyScene
16:36:25.892 [JavaFX Application Thread] DEBUG PrimaryStageWindow   - FXGLMainMenuDummyScene <- FXGLDefaultMenu
16:36:25.892 [JavaFX Application Thread] DEBUG Input                - Clearing active input actions
16:36:25.894 [JavaFX Application Thread] DEBUG GameApplicationServi - Removing overlay from FXGLMainMenuDummyScene and adding to FXGLLoadingScene
16:36:25.894 [JavaFX Application Thread] DEBUG PrimaryStageWindow   - FXGLMainMenuDummyScene -> FXGLLoadingScene
16:36:25.895 [JavaFX Application Thread] DEBUG GameApplicationServi - Clearing previous game
16:36:25.895 [JavaFX Application Thread] DEBUG GameScene            - Clearing game scene
16:36:25.895 [JavaFX Application Thread] DEBUG GameWorld            - Clearing game world
16:36:25.895 [JavaFX Application Thread] DEBUG PhysicsWorld         - Clearing physics world
16:36:25.895 [FXGL Background Thread 2 ] DEBUG FXGLApplication      - Initializing game
16:36:25.901 [JavaFX Application Thread] DEBUG LoopRunner           - Stopping loop
16:36:25.901 [JavaFX Application Thread] FATAL FXGLApplication      - Uncaught Exception:
java.lang.RuntimeException: Initialization failed
	at com.almasb.fxgl.all@17.3/com.almasb.fxgl.app.FXGLApplication$InitAppTask.failed(FXGLApplication.kt:343)
	at javafx.graphics@21.0.6/javafx.concurrent.Task.setState(Task.java:710)
	at javafx.graphics@21.0.6/javafx.concurrent.Task$TaskCallable.lambda$call$2(Task.java:1429)
	at javafx.graphics@21.0.6/com.sun.javafx.application.PlatformImpl.lambda$runLater$10(PlatformImpl.java:456)
	at java.base/java.security.AccessController.doPrivileged(AccessController.java:138)
	at javafx.graphics@21.0.6/com.sun.javafx.application.PlatformImpl.lambda$runLater$11(PlatformImpl.java:455)
	at javafx.graphics@21.0.6/com.sun.glass.ui.InvokeLaterDispatcher$Future.run(InvokeLaterDispatcher.java:95)
Caused by: java.lang.IllegalArgumentException: Duplicated @Spawns(boss) in kh.edu.paragoniu.spaceshooter.SpaceFactory@143f2cbd. Already exists in kh.edu.paragoniu.spaceshooter.SpaceFactory@6a9c52a5=[boss, boss_bullet, enemy_ship, obstacle, enemy_bullet, bullet]
	at com.almasb.fxgl.entity@17.3/com.almasb.fxgl.entity.GameWorld.checkDuplicateSpawners(GameWorld.kt:341)
	at com.almasb.fxgl.entity@17.3/com.almasb.fxgl.entity.GameWorld.access$checkDuplicateSpawners(GameWorld.kt:35)
	at com.almasb.fxgl.entity@17.3/com.almasb.fxgl.entity.GameWorld$addEntityFactory$1.invoke(GameWorld.kt:314)
	at com.almasb.fxgl.entity@17.3/com.almasb.fxgl.entity.GameWorld$addEntityFactory$1.invoke(GameWorld.kt:310)
	at com.almasb.fxgl.entity@17.3/com.almasb.fxgl.entity.GameWorld.addEntityFactory$lambda$8(GameWorld.kt:310)
	at java.base/java.util.HashMap.forEach(HashMap.java:1430)
	at com.almasb.fxgl.entity@17.3/com.almasb.fxgl.entity.GameWorld.addEntityFactory(GameWorld.kt:310)
	at kh.edu.paragoniu.spaceshooter/kh.edu.paragoniu.spaceshooter.SpaceShooter.initGame(SpaceShooter.java:229)
	at com.almasb.fxgl.all@17.3/com.almasb.fxgl.app.FXGLApplication$InitAppTask.initGame(FXGLApplication.kt:339)
	at com.almasb.fxgl.all@17.3/com.almasb.fxgl.app.FXGLApplication$InitAppTask.call(FXGLApplication.kt:319)
	at com.almasb.fxgl.all@17.3/com.almasb.fxgl.app.FXGLApplication$InitAppTask.call(FXGLApplication.kt:311)
	at javafx.graphics@21.0.6/javafx.concurrent.Task$TaskCallable.call(Task.java:1399)
	at java.base/java.util.concurrent.FutureTask.run(FutureTask.java:328)
	at java.base/java.util.concurrent.Executors$RunnableAdapter.call(Executors.java:545)
	at java.base/java.util.concurrent.FutureTask.run(FutureTask.java:328)
	at java.base/java.util.concurrent.ThreadPoolExecutor.runWorker(ThreadPoolExecutor.java:1090)
	at java.base/java.util.concurrent.ThreadPoolExecutor$Worker.run(ThreadPoolExecutor.java:614)
	at java.base/java.lang.Thread.run(Thread.java:1474)

16:36:25.901 [JavaFX Application Thread] FATAL FXGLApplication      - Application will now exit
16:36:25.907 [JavaFX Application Thread] DEBUG PrimaryStageWindow   - Push state: ErrorSubScene
16:36:25.907 [JavaFX Application Thread] DEBUG Input                - Clearing active input actions
16:36:25.908 [JavaFX Application Thread] DEBUG GameApplicationServi - Removing overlay from FXGLLoadingScene and adding to ErrorSubScene
16:36:25.908 [JavaFX Application Thread] DEBUG PrimaryStageWindow   - FXGLLoadingScene -> ErrorSubScene
16:36:28.060 [FXGL Background Thread 3 ] DEBUG Engine               - Logging environment variables
16:36:28.061 [FXGL Background Thread 3 ] DEBUG Engine               - achievements: []
16:36:28.061 [FXGL Background Thread 3 ] DEBUG Engine               - actualHeight: 800.0
16:36:28.061 [FXGL Background Thread 3 ] DEBUG Engine               - actualHeightProperty: ReadOnlyDoubleProperty [value: 800.0]
16:36:28.061 [FXGL Background Thread 3 ] DEBUG Engine               - actualWidth: 800.0
16:36:28.061 [FXGL Background Thread 3 ] DEBUG Engine               - actualWidthProperty: ReadOnlyDoubleProperty [value: 800.0]
16:36:28.061 [FXGL Background Thread 3 ] DEBUG Engine               - appIcon: fxgl_icon.png
16:36:28.061 [FXGL Background Thread 3 ] DEBUG Engine               - applicationMode: DEVELOPER
16:36:28.061 [FXGL Background Thread 3 ] DEBUG Engine               - cSSList: [fxgl_dark.css]
16:36:28.061 [FXGL Background Thread 3 ] DEBUG Engine               - collisionDetectionStrategy: BRUTE_FORCE
16:36:28.062 [FXGL Background Thread 3 ] DEBUG Engine               - configClass: Optional.empty
16:36:28.062 [FXGL Background Thread 3 ] DEBUG Engine               - credits: []
16:36:28.062 [FXGL Background Thread 3 ] DEBUG Engine               - defaultCursor: CursorInfo(imageName=fxgl_default_cursor.png, hotspotX=7.0, hotspotY=6.0)
16:36:28.063 [FXGL Background Thread 3 ] DEBUG Engine               - devBBoxColorProperty: ObjectProperty [value: 0xff0000ff]
16:36:28.063 [FXGL Background Thread 3 ] DEBUG Engine               - devEnableDebugCameraProperty: BooleanProperty [value: false]
16:36:28.063 [FXGL Background Thread 3 ] DEBUG Engine               - devSensorColorProperty: ObjectProperty [value: 0xffff00ff]
16:36:28.063 [FXGL Background Thread 3 ] DEBUG Engine               - devShowBBoxProperty: BooleanProperty [value: false]
16:36:28.063 [FXGL Background Thread 3 ] DEBUG Engine               - devShowPositionProperty: BooleanProperty [value: false]
16:36:28.063 [FXGL Background Thread 3 ] DEBUG Engine               - enabledMenuItems: []
16:36:28.063 [FXGL Background Thread 3 ] DEBUG Engine               - engineServices: [class com.almasb.fxgl.app.services.FXGLAssetLoaderService, class com.almasb.fxgl.app.FXGLApplication$GameApplicationService, class com.almasb.fxgl.app.services.FXGLDialogService, class com.almasb.fxgl.app.services.IOTaskExecutorService, class com.almasb.fxgl.io.FileSystemService, class com.almasb.fxgl.localization.LocalizationService, class com.almasb.fxgl.app.services.SystemBundleService, class com.almasb.fxgl.profile.SaveLoadService, class com.almasb.fxgl.ui.FXGLUIFactoryServiceProvider, class com.almasb.fxgl.ui.FXGLDialogFactoryServiceProvider, class com.almasb.fxgl.audio.AudioPlayer, class com.almasb.fxgl.notification.impl.NotificationServiceProvider, class com.almasb.fxgl.achievement.AchievementService, class com.almasb.fxgl.cutscene.CutsceneService, class com.almasb.fxgl.minigames.MiniGameService, class com.almasb.fxgl.net.NetService, class com.almasb.fxgl.app.services.UpdaterService, class com.almasb.fxgl.dev.DevService]
16:36:28.063 [FXGL Background Thread 3 ] DEBUG Engine               - fontGame: Abel-Regular.ttf
16:36:28.063 [FXGL Background Thread 3 ] DEBUG Engine               - fontMono: TerminalLandMono-Regular.otf
16:36:28.063 [FXGL Background Thread 3 ] DEBUG Engine               - fontSizeScaleUI: 1.0
16:36:28.063 [FXGL Background Thread 3 ] DEBUG Engine               - fontText: Courier-Prime.ttf
16:36:28.064 [FXGL Background Thread 3 ] DEBUG Engine               - fontUI: VarelaRound-Regular.ttf
16:36:28.064 [FXGL Background Thread 3 ] DEBUG Engine               - fullScreen: BooleanProperty [value: false]
16:36:28.064 [FXGL Background Thread 3 ] DEBUG Engine               - gameDifficulty: MEDIUM
16:36:28.064 [FXGL Background Thread 3 ] DEBUG Engine               - gameDifficultyProperty: ObjectProperty [value: MEDIUM]
16:36:28.064 [FXGL Background Thread 3 ] DEBUG Engine               - globalMusicVolume: 0.5
16:36:28.064 [FXGL Background Thread 3 ] DEBUG Engine               - globalMusicVolumeProperty: DoubleProperty [value: 0.5]
16:36:28.064 [FXGL Background Thread 3 ] DEBUG Engine               - globalSoundVolume: 0.5
16:36:28.064 [FXGL Background Thread 3 ] DEBUG Engine               - globalSoundVolumeProperty: DoubleProperty [value: 0.5]
16:36:28.064 [FXGL Background Thread 3 ] DEBUG Engine               - height: 800
16:36:28.064 [FXGL Background Thread 3 ] DEBUG Engine               - is3D: false
16:36:28.064 [FXGL Background Thread 3 ] DEBUG Engine               - isAndroid: false
16:36:28.064 [FXGL Background Thread 3 ] DEBUG Engine               - isBrowser: false
16:36:28.064 [FXGL Background Thread 3 ] DEBUG Engine               - isClickFeedbackEnabled: false
16:36:28.064 [FXGL Background Thread 3 ] DEBUG Engine               - isCloseConfirmation: false
16:36:28.064 [FXGL Background Thread 3 ] DEBUG Engine               - isDesktop: true
16:36:28.064 [FXGL Background Thread 3 ] DEBUG Engine               - isDeveloperMenuEnabled: false
16:36:28.064 [FXGL Background Thread 3 ] DEBUG Engine               - isEmbedded: false
16:36:28.064 [FXGL Background Thread 3 ] DEBUG Engine               - isEntityPreloadEnabled: true
16:36:28.065 [FXGL Background Thread 3 ] DEBUG Engine               - isExperimentalTiledLargeMap: false
16:36:28.065 [FXGL Background Thread 3 ] DEBUG Engine               - isFileSystemWriteAllowed: true
16:36:28.065 [FXGL Background Thread 3 ] DEBUG Engine               - isFullScreenAllowed: false
16:36:28.065 [FXGL Background Thread 3 ] DEBUG Engine               - isFullScreenFromStart: false
16:36:28.065 [FXGL Background Thread 3 ] DEBUG Engine               - isGameMenuEnabled: true
16:36:28.065 [FXGL Background Thread 3 ] DEBUG Engine               - isIOS: false
16:36:28.065 [FXGL Background Thread 3 ] DEBUG Engine               - isIntroEnabled: false
16:36:28.065 [FXGL Background Thread 3 ] DEBUG Engine               - isLinux: false
16:36:28.065 [FXGL Background Thread 3 ] DEBUG Engine               - isMac: true
16:36:28.065 [FXGL Background Thread 3 ] DEBUG Engine               - isMainMenuEnabled: true
16:36:28.065 [FXGL Background Thread 3 ] DEBUG Engine               - isManualResizeEnabled: false
16:36:28.065 [FXGL Background Thread 3 ] DEBUG Engine               - isMobile: false
16:36:28.065 [FXGL Background Thread 3 ] DEBUG Engine               - isNative: false
16:36:28.065 [FXGL Background Thread 3 ] DEBUG Engine               - isPauseMusicWhenMinimized: true
16:36:28.065 [FXGL Background Thread 3 ] DEBUG Engine               - isPreserveResizeRatio: false
16:36:28.065 [FXGL Background Thread 3 ] DEBUG Engine               - isProfilingEnabled: false
16:36:28.065 [FXGL Background Thread 3 ] DEBUG Engine               - isScaleAffectedOnResize: true
16:36:28.065 [FXGL Background Thread 3 ] DEBUG Engine               - isSingleStep: false
16:36:28.065 [FXGL Background Thread 3 ] DEBUG Engine               - isUserProfileEnabled: false
16:36:28.065 [FXGL Background Thread 3 ] DEBUG Engine               - isWindows: false
16:36:28.065 [FXGL Background Thread 3 ] DEBUG Engine               - language: ObjectProperty [value: ENGLISH]
16:36:28.065 [FXGL Background Thread 3 ] DEBUG Engine               - menuKey: ESCAPE
16:36:28.065 [FXGL Background Thread 3 ] DEBUG Engine               - mouseSensitivity: 0.2
16:36:28.065 [FXGL Background Thread 3 ] DEBUG Engine               - notificationViewClass: class com.almasb.fxgl.notification.view.XboxNotificationView
16:36:28.065 [FXGL Background Thread 3 ] DEBUG Engine               - pixelsPerMeter: 50.0
16:36:28.065 [FXGL Background Thread 3 ] DEBUG Engine               - platform: MAC
16:36:28.065 [FXGL Background Thread 3 ] DEBUG Engine               - prefHeightProperty: ReadOnlyDoubleProperty [value: 800.0]
16:36:28.065 [FXGL Background Thread 3 ] DEBUG Engine               - prefWidthProperty: ReadOnlyDoubleProperty [value: 800.0]
16:36:28.065 [FXGL Background Thread 3 ] DEBUG Engine               - profileDir: profiles/
16:36:28.066 [FXGL Background Thread 3 ] DEBUG Engine               - profileName: StringProperty [value: DEFAULT]
16:36:28.066 [FXGL Background Thread 3 ] DEBUG Engine               - randomSeed: -1
16:36:28.066 [FXGL Background Thread 3 ] DEBUG Engine               - runtimeInfo: RuntimeInfo(platform=MAC, version=17.3, build=30.03.2023 11.49)
16:36:28.066 [FXGL Background Thread 3 ] DEBUG Engine               - saveFileExt: sav
16:36:28.066 [FXGL Background Thread 3 ] DEBUG Engine               - scaledHeightProp$fxgl: DoubleProperty [bound, value: 800.0]
16:36:28.066 [FXGL Background Thread 3 ] DEBUG Engine               - scaledWidthProp$fxgl: DoubleProperty [bound, value: 800.0]
16:36:28.066 [FXGL Background Thread 3 ] DEBUG Engine               - sceneFactory: com.almasb.fxgl.app.scene.SceneFactory@42941859
16:36:28.066 [FXGL Background Thread 3 ] DEBUG Engine               - secondsIn24h: 60
16:36:28.066 [FXGL Background Thread 3 ] DEBUG Engine               - soundMenuBack: menu/back.wav
16:36:28.066 [FXGL Background Thread 3 ] DEBUG Engine               - soundMenuPress: menu/press.wav
16:36:28.066 [FXGL Background Thread 3 ] DEBUG Engine               - soundMenuSelect: menu/select.wav
16:36:28.066 [FXGL Background Thread 3 ] DEBUG Engine               - soundNotification: core/notification.wav
16:36:28.066 [FXGL Background Thread 3 ] DEBUG Engine               - stageStyle: DECORATED
16:36:28.066 [FXGL Background Thread 3 ] DEBUG Engine               - supportedLanguages: [ENGLISH, FRENCH, GERMAN, HUNGARIAN, RUSSIAN]
16:36:28.066 [FXGL Background Thread 3 ] DEBUG Engine               - ticksPerSecond: -1
16:36:28.066 [FXGL Background Thread 3 ] DEBUG Engine               - title: SpaceShooterGame
16:36:28.066 [FXGL Background Thread 3 ] DEBUG Engine               - urlGithub: https://github.com/AlmasB/FXGL
16:36:28.066 [FXGL Background Thread 3 ] DEBUG Engine               - urlLeaderboard: http://fxgl-top.herokuapp.com/
16:36:28.066 [FXGL Background Thread 3 ] DEBUG Engine               - urlPOM: https://raw.githubusercontent.com/AlmasB/FXGL/release/README.md
16:36:28.066 [FXGL Background Thread 3 ] DEBUG Engine               - userAppClass: class kh.edu.paragoniu.spaceshooter.SpaceShooter
16:36:28.066 [FXGL Background Thread 3 ] DEBUG Engine               - version: 1.0
16:36:28.066 [FXGL Background Thread 3 ] DEBUG Engine               - versionCheckDays: 7
16:36:28.067 [FXGL Background Thread 3 ] DEBUG Engine               - width: 800
16:36:28.067 [FXGL Background Thread 3 ] DEBUG Engine               - Logging services
16:36:28.067 [FXGL Background Thread 3 ] DEBUG Engine               - class com.almasb.fxgl.app.services.FXGLAssetLoaderService
16:36:28.067 [FXGL Background Thread 3 ] DEBUG Engine               - class com.almasb.fxgl.app.FXGLApplication$GameApplicationService
16:36:28.067 [FXGL Background Thread 3 ] DEBUG Engine               - class com.almasb.fxgl.app.services.FXGLDialogService
16:36:28.067 [FXGL Background Thread 3 ] DEBUG Engine               - class com.almasb.fxgl.app.services.IOTaskExecutorService
16:36:28.067 [FXGL Background Thread 3 ] DEBUG Engine               - class com.almasb.fxgl.io.FileSystemService
16:36:28.067 [FXGL Background Thread 3 ] DEBUG Engine               - class com.almasb.fxgl.localization.LocalizationService
16:36:28.067 [FXGL Background Thread 3 ] DEBUG Engine               - class com.almasb.fxgl.app.services.SystemBundleService
16:36:28.067 [FXGL Background Thread 3 ] DEBUG Engine               - class com.almasb.fxgl.profile.SaveLoadService
16:36:28.067 [FXGL Background Thread 3 ] DEBUG Engine               - class com.almasb.fxgl.ui.FXGLUIFactoryServiceProvider
16:36:28.067 [FXGL Background Thread 3 ] DEBUG Engine               - class com.almasb.fxgl.ui.FXGLDialogFactoryServiceProvider
16:36:28.067 [FXGL Background Thread 3 ] DEBUG Engine               - class com.almasb.fxgl.audio.AudioPlayer
16:36:28.067 [FXGL Background Thread 3 ] DEBUG Engine               - class com.almasb.fxgl.notification.impl.NotificationServiceProvider
16:36:28.067 [FXGL Background Thread 3 ] DEBUG Engine               - class com.almasb.fxgl.achievement.AchievementService
16:36:28.067 [FXGL Background Thread 3 ] DEBUG Engine               - class com.almasb.fxgl.cutscene.CutsceneService
16:36:28.067 [FXGL Background Thread 3 ] DEBUG Engine               - class com.almasb.fxgl.minigames.MiniGameService
16:36:28.067 [FXGL Background Thread 3 ] DEBUG Engine               - class com.almasb.fxgl.net.NetService
16:36:28.067 [FXGL Background Thread 3 ] DEBUG Engine               - class com.almasb.fxgl.app.services.UpdaterService
16:36:28.067 [FXGL Background Thread 3 ] DEBUG Engine               - class com.almasb.fxgl.dev.DevService
16:36:30.278 [JavaFX Application Thread] DEBUG FXGLApplication      - Exiting FXGL
16:36:30.278 [JavaFX Application Thread] DEBUG Async                - Shutting down background threads
16:36:30.278 [JavaFX Application Thread] DEBUG PrimaryStageWindow   - Closing main window
16:36:30.305 [JavaFX Application Thread] DEBUG Logger               - Closing Logger
