17:05:43.455 [main                     ] DEBUG Logger               - Configured Logger
17:05:43.458 [main                     ] DEBUG GameApplication      - Logging settings
Title: SpaceShooterGame
Version: 1.0
Width: 800
Height: 800
Fullscreen: false
Intro: false
Profiling: false
Single step:false
App Mode: DEVELOPER
Menu Key: ESCAPE
Stage Style: DECORATED
Scene Factory: class com.almasb.fxgl.app.scene.SceneFactory

17:05:43.597 [JavaFX Application Thread] DEBUG FXGLApplication      - Initializing FXGL
17:05:43.598 [JavaFX Application Thread] INFO  Engine               - FXGL-17.3 (30.03.2023 11.49) on MAC (J:25.0.2 FX:21.0.6)
17:05:43.598 [JavaFX Application Thread] DEBUG Engine               - JRE Vendor Name: Oracle Corporation
17:05:43.598 [JavaFX Application Thread] DEBUG Engine               - Running on OS: Mac OS X version 15.7.3
17:05:43.598 [JavaFX Application Thread] DEBUG Engine               - Architecture: aarch64
17:05:43.598 [JavaFX Application Thread] INFO  Engine               - Source code and latest versions at: https://github.com/AlmasB/FXGL
17:05:43.598 [JavaFX Application Thread] INFO  Engine               -       Ask questions and discuss at: https://github.com/AlmasB/FXGL/discussions
17:05:43.598 [JavaFX Application Thread] INFO  Engine               -              Join the FXGL chat at: https://gitter.im/AlmasB/FXGL
17:05:43.626 [JavaFX Application Thread] DEBUG PrimaryStageWindow   - Creating a JavaFX scene
17:05:43.644 [JavaFX Application Thread] DEBUG PrimaryStageWindow   - Target settings size: 800.0 x 800.0
17:05:43.644 [JavaFX Application Thread] DEBUG PrimaryStageWindow   - Scaled scene size:    800.0 x 800.0
17:05:43.644 [JavaFX Application Thread] DEBUG PrimaryStageWindow   - Scaled ratio: (1.0, 1.0)
17:05:43.645 [JavaFX Application Thread] DEBUG PrimaryStageWindow   - Set initial scene to FXGLStartupScene
17:05:43.646 [JavaFX Application Thread] DEBUG PrimaryStageWindow   - Opening main window
17:05:43.690 [JavaFX Application Thread] DEBUG PrimaryStageWindow   - Window border size: (0.0, 28.0)
17:05:43.690 [JavaFX Application Thread] DEBUG PrimaryStageWindow   - Scaled size: 800.0 x 800.0
17:05:43.691 [JavaFX Application Thread] DEBUG PrimaryStageWindow   - Scaled ratio: (1.0, 1.0)
17:05:43.691 [JavaFX Application Thread] DEBUG PrimaryStageWindow   - Scene size: 800.0 x 800.0
17:05:43.691 [JavaFX Application Thread] DEBUG PrimaryStageWindow   - Stage size: 800.0 x 828.0
17:05:43.693 [FXGL Background Thread 1 ] DEBUG Engine               - Initializing environment variables
17:05:43.713 [FXGL Background Thread 1 ] DEBUG FXGLAssetLoaderServi - User app class for loading assets: class kh.edu.paragoniu.spaceshooter.SpaceShooter
17:05:43.713 [FXGL Background Thread 1 ] DEBUG GameApplicationServi - Applying CSS: fxgl_dark.css
17:05:43.714 [FXGL Background Thread 1 ] DEBUG FXGLAssetLoaderServi - Loading from file system: jar:file:///Users/chengsenghab/.m2/repository/com/github/almasb/fxgl/17.3/fxgl-17.3.jar!/fxglassets/ui/css/fxgl_dark.css
17:05:43.730 [FXGL Background Thread 1 ] DEBUG GameApplicationServi - Initializing application scenes
17:05:43.826 [FXGL Background Thread 1 ] DEBUG GameWorld            - Game world initialized
17:05:43.843 [FXGL Background Thread 1 ] DEBUG PhysicsWorld         - Physics world initialized: appHeight=800, physics.ppm=50.0
17:05:43.844 [FXGL Background Thread 1 ] DEBUG PhysicsWorld         - Using strategy: BRUTE_FORCE
17:05:43.845 [FXGL Background Thread 1 ] DEBUG GameScene            - Game scene initialized: 800x800
17:05:43.848 [FXGL Background Thread 1 ] DEBUG FXGL.DefaultMenu     - createMenuBodyMainMenu()
17:05:43.852 [FXGL Background Thread 1 ] DEBUG FXGL.DefaultMenu     - createOptionsMenu()
17:05:43.856 [FXGL Background Thread 1 ] DEBUG FXGLAssetLoaderServi - Loading from file system: jar:file:///Users/chengsenghab/.m2/repository/com/github/almasb/fxgl/17.3/fxgl-17.3.jar!/fxglassets/textures/particles/smoke.png
17:05:43.884 [FXGL Background Thread 1 ] DEBUG FXGLAssetLoaderServi - Loading from file system: jar:file:///Users/chengsenghab/.m2/repository/com/github/almasb/fxgl/17.3/fxgl-17.3.jar!/fxglassets/textures/particles/trace_horizontal.png
17:05:43.894 [FXGL Background Thread 1 ] DEBUG FXGL.DefaultMenu     - createMenuBodyGameMenu()
17:05:43.894 [FXGL Background Thread 1 ] DEBUG FXGL.DefaultMenu     - createOptionsMenu()
17:05:43.899 [FXGL Background Thread 1 ] DEBUG GameApplicationServi - Application scenes initialized
17:05:43.902 [FXGL Background Thread 1 ] DEBUG SystemBundleService  - Loading FXGL system data
17:05:43.903 [FXGL Background Thread 1 ] DEBUG FileSystemAccess     - Reading from: /Users/chengsenghab/Desktop/SpaceShooter/system/fxgl.bundle
17:05:43.906 [FXGL Background Thread 1 ] DEBUG SystemBundleService  - Bundle FXGL: {}
17:05:43.906 [FXGL Background Thread 1 ] DEBUG UpdaterService       - Checking for updates
17:05:43.907 [FXGL Background Thread 4 ] DEBUG FXGLApplication      - Loading fonts
17:05:43.907 [FXGL Background Thread 4 ] DEBUG FXGLAssetLoaderServi - Loading from file system: jar:file:///Users/chengsenghab/.m2/repository/com/github/almasb/fxgl/17.3/fxgl-17.3.jar!/fxglassets/ui/fonts/VarelaRound-Regular.ttf
17:05:43.907 [FXGL Background Thread 1 ] DEBUG FXGLApplication      - Loading default localization
17:05:43.908 [FXGL Background Thread 1 ] DEBUG FXGLAssetLoaderServi - Loading from file system: jar:file:///Users/chengsenghab/.m2/repository/com/github/almasb/fxgl/17.3/fxgl-17.3.jar!/fxglassets/languages/english.lang
17:05:43.912 [FXGL Background Thread 4 ] DEBUG FXGLAssetLoaderServi - Loading from file system: jar:file:///Users/chengsenghab/.m2/repository/com/github/almasb/fxgl/17.3/fxgl-17.3.jar!/fxglassets/ui/fonts/Abel-Regular.ttf
17:05:43.912 [FXGL Background Thread 1 ] INFO  FXGLApplication      - FXGL initialization took: 0.219 sec
17:05:43.913 [FXGL Background Thread 4 ] DEBUG FXGLAssetLoaderServi - Loading from file system: jar:file:///Users/chengsenghab/.m2/repository/com/github/almasb/fxgl/17.3/fxgl-17.3.jar!/fxglassets/ui/fonts/TerminalLandMono-Regular.otf
17:05:43.914 [FXGL Background Thread 4 ] DEBUG FXGLAssetLoaderServi - Loading from file system: jar:file:///Users/chengsenghab/.m2/repository/com/github/almasb/fxgl/17.3/fxgl-17.3.jar!/fxglassets/ui/fonts/Courier-Prime.ttf
17:05:43.916 [JavaFX Application Thread] DEBUG Input                - Registered new binding: LEFT - A
17:05:43.916 [JavaFX Application Thread] DEBUG Input                - Registered new binding: RIGHT - D
17:05:43.916 [JavaFX Application Thread] DEBUG Input                - Registered new binding: Down - S
17:05:43.916 [JavaFX Application Thread] DEBUG Input                - Registered new binding: Up - W
17:05:43.916 [JavaFX Application Thread] DEBUG Input                - Registered new binding: Pause/Resume - Esc
17:05:43.916 [JavaFX Application Thread] DEBUG Input                - Registered new binding: Show Leaderboard - L
17:05:43.916 [JavaFX Application Thread] DEBUG FXGLAssetLoaderServi - Loading from file system: jar:file:///Users/chengsenghab/.m2/repository/com/github/almasb/fxgl/17.3/fxgl-17.3.jar!/fxglassets/textures/fxgl_icon.png
17:05:43.927 [JavaFX Application Thread] DEBUG FXGLAssetLoaderServi - Loading from file system: jar:file:///Users/chengsenghab/.m2/repository/com/github/almasb/fxgl/17.3/fxgl-17.3.jar!/fxglassets/textures/fxgl_default_cursor.png
17:05:43.928 [JavaFX Application Thread] DEBUG Input                - Registered new binding: Screenshot - CTRL+8
17:05:43.928 [JavaFX Application Thread] DEBUG Input                - Registered new binding: System info dump - CTRL+9
17:05:43.928 [JavaFX Application Thread] DEBUG Input                - Registered new binding: Restart - CTRL+R
17:05:43.928 [JavaFX Application Thread] DEBUG Input                - Registered new binding: Toggle Debug Camera - CTRL+7
17:05:43.929 [JavaFX Application Thread] DEBUG LoopRunner           - Starting loop
17:05:43.929 [JavaFX Application Thread] DEBUG LoopRunner           - Initializing JavaFX AnimationTimerLoop
17:05:43.930 [JavaFX Application Thread] DEBUG Input                - Clearing active input actions
17:05:43.932 [JavaFX Application Thread] DEBUG GameApplicationServi - Removing overlay from FXGLStartupScene and adding to FXGLMainMenuDummyScene
17:05:43.932 [JavaFX Application Thread] DEBUG PrimaryStageWindow   - FXGLStartupScene -> FXGLMainMenuDummyScene
17:05:43.932 [JavaFX Application Thread] DEBUG PrimaryStageWindow   - Push state: FXGLDefaultMenu
17:05:43.934 [JavaFX Application Thread] DEBUG Input                - Clearing active input actions
17:05:43.936 [JavaFX Application Thread] DEBUG GameApplicationServi - Removing overlay from FXGLMainMenuDummyScene and adding to FXGLDefaultMenu
17:05:43.936 [JavaFX Application Thread] DEBUG PrimaryStageWindow   - FXGLMainMenuDummyScene -> FXGLDefaultMenu
17:05:43.938 [JavaFX Application Thread] DEBUG FXGLApplication      - Registering font factories with UI factory
17:05:44.151 [FXGL Background Thread 2 ] INFO  UpdaterService       - Your current version:  17.3
17:05:44.151 [FXGL Background Thread 2 ] INFO  UpdaterService       - Latest stable version: 21.1
17:05:44.960 [JavaFX Application Thread] DEBUG Menu                 - fireNewGame()
17:05:44.960 [JavaFX Application Thread] DEBUG GameApplicationServi - Starting new game
17:05:44.961 [JavaFX Application Thread] DEBUG PrimaryStageWindow   - Pop state: FXGLDefaultMenu
17:05:44.961 [JavaFX Application Thread] DEBUG Input                - Clearing active input actions
17:05:44.961 [JavaFX Application Thread] DEBUG GameApplicationServi - Removing overlay from FXGLDefaultMenu and adding to FXGLMainMenuDummyScene
17:05:44.962 [JavaFX Application Thread] DEBUG PrimaryStageWindow   - FXGLMainMenuDummyScene <- FXGLDefaultMenu
17:05:44.962 [JavaFX Application Thread] DEBUG Input                - Clearing active input actions
17:05:44.964 [JavaFX Application Thread] DEBUG GameApplicationServi - Removing overlay from FXGLMainMenuDummyScene and adding to FXGLLoadingScene
17:05:44.964 [JavaFX Application Thread] DEBUG PrimaryStageWindow   - FXGLMainMenuDummyScene -> FXGLLoadingScene
17:05:44.964 [JavaFX Application Thread] DEBUG GameApplicationServi - Clearing previous game
17:05:44.964 [JavaFX Application Thread] DEBUG GameScene            - Clearing game scene
17:05:44.964 [JavaFX Application Thread] DEBUG GameWorld            - Clearing game world
17:05:44.964 [JavaFX Application Thread] DEBUG PhysicsWorld         - Clearing physics world
17:05:44.965 [FXGL Background Thread 2 ] DEBUG FXGLApplication      - Initializing game
17:05:44.967 [FXGL Background Thread 2 ] WARN  FXGLAssetLoaderServi - Asset "/assets/music/boss sound.wav" was not found!
17:05:44.967 [FXGL Background Thread 2 ] WARN  FXGLAssetLoaderServi - Failed to load MUSIC
17:05:44.967 [FXGL Background Thread 2 ] DEBUG AudioPlayer          - Playing music com.almasb.fxgl.audio.Music@27459685
17:05:45.114 [FXGL Background Thread 2 ] INFO  FXGLApplication      - Game initialization took: 0.149 sec
17:05:45.114 [JavaFX Application Thread] DEBUG Input                - Clearing active input actions
17:05:45.116 [JavaFX Application Thread] DEBUG GameApplicationServi - Removing overlay from FXGLLoadingScene and adding to GameScene
17:05:45.116 [JavaFX Application Thread] DEBUG PrimaryStageWindow   - FXGLLoadingScene -> GameScene
17:05:46.909 [FXGL Background Thread 3 ] DEBUG Engine               - Logging environment variables
17:05:46.910 [FXGL Background Thread 3 ] DEBUG Engine               - achievements: []
17:05:46.910 [FXGL Background Thread 3 ] DEBUG Engine               - actualHeight: 800.0
17:05:46.910 [FXGL Background Thread 3 ] DEBUG Engine               - actualHeightProperty: ReadOnlyDoubleProperty [value: 800.0]
17:05:46.910 [FXGL Background Thread 3 ] DEBUG Engine               - actualWidth: 800.0
17:05:46.910 [FXGL Background Thread 3 ] DEBUG Engine               - actualWidthProperty: ReadOnlyDoubleProperty [value: 800.0]
17:05:46.910 [FXGL Background Thread 3 ] DEBUG Engine               - appIcon: fxgl_icon.png
17:05:46.910 [FXGL Background Thread 3 ] DEBUG Engine               - applicationMode: DEVELOPER
17:05:46.910 [FXGL Background Thread 3 ] DEBUG Engine               - cSSList: [fxgl_dark.css]
17:05:46.910 [FXGL Background Thread 3 ] DEBUG Engine               - collisionDetectionStrategy: BRUTE_FORCE
17:05:46.910 [FXGL Background Thread 3 ] DEBUG Engine               - configClass: Optional.empty
17:05:46.910 [FXGL Background Thread 3 ] DEBUG Engine               - credits: []
17:05:46.911 [FXGL Background Thread 3 ] DEBUG Engine               - defaultCursor: CursorInfo(imageName=fxgl_default_cursor.png, hotspotX=7.0, hotspotY=6.0)
17:05:46.911 [FXGL Background Thread 3 ] DEBUG Engine               - devBBoxColorProperty: ObjectProperty [value: 0xff0000ff]
17:05:46.911 [FXGL Background Thread 3 ] DEBUG Engine               - devEnableDebugCameraProperty: BooleanProperty [value: false]
17:05:46.911 [FXGL Background Thread 3 ] DEBUG Engine               - devSensorColorProperty: ObjectProperty [value: 0xffff00ff]
17:05:46.911 [FXGL Background Thread 3 ] DEBUG Engine               - devShowBBoxProperty: BooleanProperty [value: false]
17:05:46.911 [FXGL Background Thread 3 ] DEBUG Engine               - devShowPositionProperty: BooleanProperty [value: false]
17:05:46.911 [FXGL Background Thread 3 ] DEBUG Engine               - enabledMenuItems: []
17:05:46.912 [FXGL Background Thread 3 ] DEBUG Engine               - engineServices: [class com.almasb.fxgl.app.services.FXGLAssetLoaderService, class com.almasb.fxgl.app.FXGLApplication$GameApplicationService, class com.almasb.fxgl.app.services.FXGLDialogService, class com.almasb.fxgl.app.services.IOTaskExecutorService, class com.almasb.fxgl.io.FileSystemService, class com.almasb.fxgl.localization.LocalizationService, class com.almasb.fxgl.app.services.SystemBundleService, class com.almasb.fxgl.profile.SaveLoadService, class com.almasb.fxgl.ui.FXGLUIFactoryServiceProvider, class com.almasb.fxgl.ui.FXGLDialogFactoryServiceProvider, class com.almasb.fxgl.audio.AudioPlayer, class com.almasb.fxgl.notification.impl.NotificationServiceProvider, class com.almasb.fxgl.achievement.AchievementService, class com.almasb.fxgl.cutscene.CutsceneService, class com.almasb.fxgl.minigames.MiniGameService, class com.almasb.fxgl.net.NetService, class com.almasb.fxgl.app.services.UpdaterService, class com.almasb.fxgl.dev.DevService]
17:05:46.912 [FXGL Background Thread 3 ] DEBUG Engine               - fontGame: Abel-Regular.ttf
17:05:46.912 [FXGL Background Thread 3 ] DEBUG Engine               - fontMono: TerminalLandMono-Regular.otf
17:05:46.912 [FXGL Background Thread 3 ] DEBUG Engine               - fontSizeScaleUI: 1.0
17:05:46.912 [FXGL Background Thread 3 ] DEBUG Engine               - fontText: Courier-Prime.ttf
17:05:46.912 [FXGL Background Thread 3 ] DEBUG Engine               - fontUI: VarelaRound-Regular.ttf
17:05:46.912 [FXGL Background Thread 3 ] DEBUG Engine               - fullScreen: BooleanProperty [value: false]
17:05:46.912 [FXGL Background Thread 3 ] DEBUG Engine               - gameDifficulty: MEDIUM
17:05:46.912 [FXGL Background Thread 3 ] DEBUG Engine               - gameDifficultyProperty: ObjectProperty [value: MEDIUM]
17:05:46.912 [FXGL Background Thread 3 ] DEBUG Engine               - globalMusicVolume: 0.5
17:05:46.912 [FXGL Background Thread 3 ] DEBUG Engine               - globalMusicVolumeProperty: DoubleProperty [value: 0.5]
17:05:46.912 [FXGL Background Thread 3 ] DEBUG Engine               - globalSoundVolume: 0.5
17:05:46.912 [FXGL Background Thread 3 ] DEBUG Engine               - globalSoundVolumeProperty: DoubleProperty [value: 0.5]
17:05:46.912 [FXGL Background Thread 3 ] DEBUG Engine               - height: 800
17:05:46.912 [FXGL Background Thread 3 ] DEBUG Engine               - is3D: false
17:05:46.912 [FXGL Background Thread 3 ] DEBUG Engine               - isAndroid: false
17:05:46.912 [FXGL Background Thread 3 ] DEBUG Engine               - isBrowser: false
17:05:46.912 [FXGL Background Thread 3 ] DEBUG Engine               - isClickFeedbackEnabled: false
17:05:46.913 [FXGL Background Thread 3 ] DEBUG Engine               - isCloseConfirmation: false
17:05:46.913 [FXGL Background Thread 3 ] DEBUG Engine               - isDesktop: true
17:05:46.913 [FXGL Background Thread 3 ] DEBUG Engine               - isDeveloperMenuEnabled: false
17:05:46.913 [FXGL Background Thread 3 ] DEBUG Engine               - isEmbedded: false
17:05:46.913 [FXGL Background Thread 3 ] DEBUG Engine               - isEntityPreloadEnabled: true
17:05:46.913 [FXGL Background Thread 3 ] DEBUG Engine               - isExperimentalTiledLargeMap: false
17:05:46.913 [FXGL Background Thread 3 ] DEBUG Engine               - isFileSystemWriteAllowed: true
17:05:46.913 [FXGL Background Thread 3 ] DEBUG Engine               - isFullScreenAllowed: false
17:05:46.913 [FXGL Background Thread 3 ] DEBUG Engine               - isFullScreenFromStart: false
17:05:46.913 [FXGL Background Thread 3 ] DEBUG Engine               - isGameMenuEnabled: true
17:05:46.913 [FXGL Background Thread 3 ] DEBUG Engine               - isIOS: false
17:05:46.913 [FXGL Background Thread 3 ] DEBUG Engine               - isIntroEnabled: false
17:05:46.913 [FXGL Background Thread 3 ] DEBUG Engine               - isLinux: false
17:05:46.913 [FXGL Background Thread 3 ] DEBUG Engine               - isMac: true
17:05:46.913 [FXGL Background Thread 3 ] DEBUG Engine               - isMainMenuEnabled: true
17:05:46.913 [FXGL Background Thread 3 ] DEBUG Engine               - isManualResizeEnabled: false
17:05:46.913 [FXGL Background Thread 3 ] DEBUG Engine               - isMobile: false
17:05:46.913 [FXGL Background Thread 3 ] DEBUG Engine               - isNative: false
17:05:46.913 [FXGL Background Thread 3 ] DEBUG Engine               - isPauseMusicWhenMinimized: true
17:05:46.913 [FXGL Background Thread 3 ] DEBUG Engine               - isPreserveResizeRatio: false
17:05:46.913 [FXGL Background Thread 3 ] DEBUG Engine               - isProfilingEnabled: false
17:05:46.913 [FXGL Background Thread 3 ] DEBUG Engine               - isScaleAffectedOnResize: true
17:05:46.913 [FXGL Background Thread 3 ] DEBUG Engine               - isSingleStep: false
17:05:46.913 [FXGL Background Thread 3 ] DEBUG Engine               - isUserProfileEnabled: false
17:05:46.913 [FXGL Background Thread 3 ] DEBUG Engine               - isWindows: false
17:05:46.913 [FXGL Background Thread 3 ] DEBUG Engine               - language: ObjectProperty [value: ENGLISH]
17:05:46.913 [FXGL Background Thread 3 ] DEBUG Engine               - menuKey: ESCAPE
17:05:46.913 [FXGL Background Thread 3 ] DEBUG Engine               - mouseSensitivity: 0.2
17:05:46.913 [FXGL Background Thread 3 ] DEBUG Engine               - notificationViewClass: class com.almasb.fxgl.notification.view.XboxNotificationView
17:05:46.913 [FXGL Background Thread 3 ] DEBUG Engine               - pixelsPerMeter: 50.0
17:05:46.913 [FXGL Background Thread 3 ] DEBUG Engine               - platform: MAC
17:05:46.914 [FXGL Background Thread 3 ] DEBUG Engine               - prefHeightProperty: ReadOnlyDoubleProperty [value: 800.0]
17:05:46.914 [FXGL Background Thread 3 ] DEBUG Engine               - prefWidthProperty: ReadOnlyDoubleProperty [value: 800.0]
17:05:46.914 [FXGL Background Thread 3 ] DEBUG Engine               - profileDir: profiles/
17:05:46.914 [FXGL Background Thread 3 ] DEBUG Engine               - profileName: StringProperty [value: DEFAULT]
17:05:46.914 [FXGL Background Thread 3 ] DEBUG Engine               - randomSeed: -1
17:05:46.914 [FXGL Background Thread 3 ] DEBUG Engine               - runtimeInfo: RuntimeInfo(platform=MAC, version=17.3, build=30.03.2023 11.49)
17:05:46.914 [FXGL Background Thread 3 ] DEBUG Engine               - saveFileExt: sav
17:05:46.914 [FXGL Background Thread 3 ] DEBUG Engine               - scaledHeightProp$fxgl: DoubleProperty [bound, value: 800.0]
17:05:46.914 [FXGL Background Thread 3 ] DEBUG Engine               - scaledWidthProp$fxgl: DoubleProperty [bound, value: 800.0]
17:05:46.914 [FXGL Background Thread 3 ] DEBUG Engine               - sceneFactory: com.almasb.fxgl.app.scene.SceneFactory@3118772c
17:05:46.914 [FXGL Background Thread 3 ] DEBUG Engine               - secondsIn24h: 60
17:05:46.914 [FXGL Background Thread 3 ] DEBUG Engine               - soundMenuBack: menu/back.wav
17:05:46.914 [FXGL Background Thread 3 ] DEBUG Engine               - soundMenuPress: menu/press.wav
17:05:46.914 [FXGL Background Thread 3 ] DEBUG Engine               - soundMenuSelect: menu/select.wav
17:05:46.914 [FXGL Background Thread 3 ] DEBUG Engine               - soundNotification: core/notification.wav
17:05:46.914 [FXGL Background Thread 3 ] DEBUG Engine               - stageStyle: DECORATED
17:05:46.915 [FXGL Background Thread 3 ] DEBUG Engine               - supportedLanguages: [ENGLISH, FRENCH, GERMAN, HUNGARIAN, RUSSIAN]
17:05:46.915 [FXGL Background Thread 3 ] DEBUG Engine               - ticksPerSecond: -1
17:05:46.915 [FXGL Background Thread 3 ] DEBUG Engine               - title: SpaceShooterGame
17:05:46.915 [FXGL Background Thread 3 ] DEBUG Engine               - urlGithub: https://github.com/AlmasB/FXGL
17:05:46.915 [FXGL Background Thread 3 ] DEBUG Engine               - urlLeaderboard: http://fxgl-top.herokuapp.com/
17:05:46.915 [FXGL Background Thread 3 ] DEBUG Engine               - urlPOM: https://raw.githubusercontent.com/AlmasB/FXGL/release/README.md
17:05:46.915 [FXGL Background Thread 3 ] DEBUG Engine               - userAppClass: class kh.edu.paragoniu.spaceshooter.SpaceShooter
17:05:46.915 [FXGL Background Thread 3 ] DEBUG Engine               - version: 1.0
17:05:46.915 [FXGL Background Thread 3 ] DEBUG Engine               - versionCheckDays: 7
17:05:46.915 [FXGL Background Thread 3 ] DEBUG Engine               - width: 800
17:05:46.915 [FXGL Background Thread 3 ] DEBUG Engine               - Logging services
17:05:46.915 [FXGL Background Thread 3 ] DEBUG Engine               - class com.almasb.fxgl.app.services.FXGLAssetLoaderService
17:05:46.915 [FXGL Background Thread 3 ] DEBUG Engine               - class com.almasb.fxgl.app.FXGLApplication$GameApplicationService
17:05:46.915 [FXGL Background Thread 3 ] DEBUG Engine               - class com.almasb.fxgl.app.services.FXGLDialogService
17:05:46.915 [FXGL Background Thread 3 ] DEBUG Engine               - class com.almasb.fxgl.app.services.IOTaskExecutorService
17:05:46.915 [FXGL Background Thread 3 ] DEBUG Engine               - class com.almasb.fxgl.io.FileSystemService
17:05:46.915 [FXGL Background Thread 3 ] DEBUG Engine               - class com.almasb.fxgl.localization.LocalizationService
17:05:46.915 [FXGL Background Thread 3 ] DEBUG Engine               - class com.almasb.fxgl.app.services.SystemBundleService
17:05:46.915 [FXGL Background Thread 3 ] DEBUG Engine               - class com.almasb.fxgl.profile.SaveLoadService
17:05:46.915 [FXGL Background Thread 3 ] DEBUG Engine               - class com.almasb.fxgl.ui.FXGLUIFactoryServiceProvider
17:05:46.915 [FXGL Background Thread 3 ] DEBUG Engine               - class com.almasb.fxgl.ui.FXGLDialogFactoryServiceProvider
17:05:46.915 [FXGL Background Thread 3 ] DEBUG Engine               - class com.almasb.fxgl.audio.AudioPlayer
17:05:46.915 [FXGL Background Thread 3 ] DEBUG Engine               - class com.almasb.fxgl.notification.impl.NotificationServiceProvider
17:05:46.915 [FXGL Background Thread 3 ] DEBUG Engine               - class com.almasb.fxgl.achievement.AchievementService
17:05:46.915 [FXGL Background Thread 3 ] DEBUG Engine               - class com.almasb.fxgl.cutscene.CutsceneService
17:05:46.915 [FXGL Background Thread 3 ] DEBUG Engine               - class com.almasb.fxgl.minigames.MiniGameService
17:05:46.915 [FXGL Background Thread 3 ] DEBUG Engine               - class com.almasb.fxgl.net.NetService
17:05:46.915 [FXGL Background Thread 3 ] DEBUG Engine               - class com.almasb.fxgl.app.services.UpdaterService
17:05:46.915 [FXGL Background Thread 3 ] DEBUG Engine               - class com.almasb.fxgl.dev.DevService
17:05:48.859 [JavaFX Application Thread] DEBUG AudioPlayer          - Pausing music com.almasb.fxgl.audio.Music@27459685
17:05:48.859 [JavaFX Application Thread] DEBUG LoopRunner           - Pausing loop
17:05:48.859 [JavaFX Application Thread] DEBUG PrimaryStageWindow   - Push state: FXGLDefaultMenu
17:05:48.859 [JavaFX Application Thread] DEBUG Input                - Clearing active input actions
17:05:48.860 [JavaFX Application Thread] DEBUG GameApplicationServi - Removing overlay from GameScene and adding to FXGLDefaultMenu
17:05:48.860 [JavaFX Application Thread] DEBUG PrimaryStageWindow   - GameScene -> FXGLDefaultMenu
17:05:49.844 [JavaFX Application Thread] DEBUG PrimaryStageWindow   - Pop state: FXGLDefaultMenu
17:05:49.844 [JavaFX Application Thread] DEBUG Input                - Clearing active input actions
17:05:49.844 [JavaFX Application Thread] DEBUG GameApplicationServi - Removing overlay from FXGLDefaultMenu and adding to GameScene
17:05:49.844 [JavaFX Application Thread] DEBUG PrimaryStageWindow   - GameScene <- FXGLDefaultMenu
17:05:50.022 [JavaFX Application Thread] DEBUG LoopRunner           - Resuming loop
17:05:50.023 [JavaFX Application Thread] DEBUG AudioPlayer          - Resuming music com.almasb.fxgl.audio.Music@27459685
17:05:50.023 [JavaFX Application Thread] DEBUG PrimaryStageWindow   - Push state: FXGLDefaultMenu
17:05:50.023 [JavaFX Application Thread] DEBUG Input                - Clearing active input actions
17:05:50.024 [JavaFX Application Thread] DEBUG GameApplicationServi - Removing overlay from GameScene and adding to FXGLDefaultMenu
17:05:50.024 [JavaFX Application Thread] DEBUG PrimaryStageWindow   - GameScene -> FXGLDefaultMenu
17:05:50.190 [JavaFX Application Thread] DEBUG PrimaryStageWindow   - Pop state: FXGLDefaultMenu
17:05:50.190 [JavaFX Application Thread] DEBUG Input                - Clearing active input actions
17:05:50.190 [JavaFX Application Thread] DEBUG GameApplicationServi - Removing overlay from FXGLDefaultMenu and adding to GameScene
17:05:50.190 [JavaFX Application Thread] DEBUG PrimaryStageWindow   - GameScene <- FXGLDefaultMenu
17:05:50.532 [JavaFX Application Thread] DEBUG AudioPlayer          - Pausing music com.almasb.fxgl.audio.Music@27459685
17:05:50.532 [JavaFX Application Thread] DEBUG LoopRunner           - Pausing loop
17:05:50.532 [JavaFX Application Thread] DEBUG PrimaryStageWindow   - Push state: FXGLDefaultMenu
17:05:50.532 [JavaFX Application Thread] DEBUG Input                - Clearing active input actions
17:05:50.533 [JavaFX Application Thread] DEBUG GameApplicationServi - Removing overlay from GameScene and adding to FXGLDefaultMenu
17:05:50.533 [JavaFX Application Thread] DEBUG PrimaryStageWindow   - GameScene -> FXGLDefaultMenu
17:05:50.709 [JavaFX Application Thread] DEBUG PrimaryStageWindow   - Pop state: FXGLDefaultMenu
17:05:50.709 [JavaFX Application Thread] DEBUG Input                - Clearing active input actions
17:05:50.710 [JavaFX Application Thread] DEBUG GameApplicationServi - Removing overlay from FXGLDefaultMenu and adding to GameScene
17:05:50.710 [JavaFX Application Thread] DEBUG PrimaryStageWindow   - GameScene <- FXGLDefaultMenu
17:05:51.065 [JavaFX Application Thread] DEBUG LoopRunner           - Resuming loop
17:05:51.066 [JavaFX Application Thread] DEBUG AudioPlayer          - Resuming music com.almasb.fxgl.audio.Music@27459685
17:05:51.066 [JavaFX Application Thread] DEBUG PrimaryStageWindow   - Push state: FXGLDefaultMenu
17:05:51.066 [JavaFX Application Thread] DEBUG Input                - Clearing active input actions
17:05:51.067 [JavaFX Application Thread] DEBUG GameApplicationServi - Removing overlay from GameScene and adding to FXGLDefaultMenu
17:05:51.068 [JavaFX Application Thread] DEBUG PrimaryStageWindow   - GameScene -> FXGLDefaultMenu
17:05:51.238 [JavaFX Application Thread] DEBUG PrimaryStageWindow   - Pop state: FXGLDefaultMenu
17:05:51.238 [JavaFX Application Thread] DEBUG Input                - Clearing active input actions
17:05:51.238 [JavaFX Application Thread] DEBUG GameApplicationServi - Removing overlay from FXGLDefaultMenu and adding to GameScene
17:05:51.238 [JavaFX Application Thread] DEBUG PrimaryStageWindow   - GameScene <- FXGLDefaultMenu
17:05:51.582 [JavaFX Application Thread] DEBUG AudioPlayer          - Pausing music com.almasb.fxgl.audio.Music@27459685
17:05:51.582 [JavaFX Application Thread] DEBUG LoopRunner           - Pausing loop
17:05:51.582 [JavaFX Application Thread] DEBUG PrimaryStageWindow   - Push state: FXGLDefaultMenu
17:05:51.583 [JavaFX Application Thread] DEBUG Input                - Clearing active input actions
17:05:51.583 [JavaFX Application Thread] DEBUG GameApplicationServi - Removing overlay from GameScene and adding to FXGLDefaultMenu
17:05:51.584 [JavaFX Application Thread] DEBUG PrimaryStageWindow   - GameScene -> FXGLDefaultMenu
17:05:51.763 [JavaFX Application Thread] DEBUG PrimaryStageWindow   - Pop state: FXGLDefaultMenu
17:05:51.763 [JavaFX Application Thread] DEBUG Input                - Clearing active input actions
17:05:51.764 [JavaFX Application Thread] DEBUG GameApplicationServi - Removing overlay from FXGLDefaultMenu and adding to GameScene
17:05:51.764 [JavaFX Application Thread] DEBUG PrimaryStageWindow   - GameScene <- FXGLDefaultMenu
17:05:52.052 [JavaFX Application Thread] DEBUG LoopRunner           - Resuming loop
17:05:52.053 [JavaFX Application Thread] DEBUG AudioPlayer          - Resuming music com.almasb.fxgl.audio.Music@27459685
17:05:52.053 [JavaFX Application Thread] DEBUG PrimaryStageWindow   - Push state: FXGLDefaultMenu
17:05:52.053 [JavaFX Application Thread] DEBUG Input                - Clearing active input actions
17:05:52.054 [JavaFX Application Thread] DEBUG GameApplicationServi - Removing overlay from GameScene and adding to FXGLDefaultMenu
17:05:52.054 [JavaFX Application Thread] DEBUG PrimaryStageWindow   - GameScene -> FXGLDefaultMenu
17:05:53.081 [JavaFX Application Thread] DEBUG Menu                 - fireExitToMainMenu()
17:05:53.082 [JavaFX Application Thread] DEBUG PrimaryStageWindow   - Push state: DialogSubScene
17:05:53.082 [JavaFX Application Thread] DEBUG Input                - Clearing active input actions
17:05:53.083 [JavaFX Application Thread] DEBUG GameApplicationServi - Removing overlay from FXGLDefaultMenu and adding to DialogSubScene
17:05:53.083 [JavaFX Application Thread] DEBUG PrimaryStageWindow   - FXGLDefaultMenu -> DialogSubScene
17:05:53.948 [JavaFX Application Thread] DEBUG PrimaryStageWindow   - Pop state: DialogSubScene
17:05:53.948 [JavaFX Application Thread] DEBUG Input                - Clearing active input actions
17:05:53.948 [JavaFX Application Thread] DEBUG GameApplicationServi - Removing overlay from DialogSubScene and adding to FXGLDefaultMenu
17:05:53.948 [JavaFX Application Thread] DEBUG PrimaryStageWindow   - FXGLDefaultMenu <- DialogSubScene
17:05:53.949 [JavaFX Application Thread] DEBUG PrimaryStageWindow   - Pop state: FXGLDefaultMenu
17:05:53.949 [JavaFX Application Thread] DEBUG Input                - Clearing active input actions
17:05:53.949 [JavaFX Application Thread] DEBUG GameApplicationServi - Removing overlay from FXGLDefaultMenu and adding to GameScene
17:05:53.949 [JavaFX Application Thread] DEBUG PrimaryStageWindow   - GameScene <- FXGLDefaultMenu
17:05:53.949 [JavaFX Application Thread] DEBUG Input                - Clearing active input actions
17:05:53.951 [JavaFX Application Thread] DEBUG GameApplicationServi - Removing overlay from GameScene and adding to FXGLMainMenuDummyScene
17:05:53.951 [JavaFX Application Thread] DEBUG PrimaryStageWindow   - GameScene -> FXGLMainMenuDummyScene
17:05:53.951 [JavaFX Application Thread] DEBUG PrimaryStageWindow   - Push state: FXGLDefaultMenu
17:05:53.951 [JavaFX Application Thread] DEBUG Input                - Clearing active input actions
17:05:53.952 [JavaFX Application Thread] DEBUG GameApplicationServi - Removing overlay from FXGLMainMenuDummyScene and adding to FXGLDefaultMenu
17:05:53.952 [JavaFX Application Thread] DEBUG PrimaryStageWindow   - FXGLMainMenuDummyScene -> FXGLDefaultMenu
17:05:55.080 [JavaFX Application Thread] DEBUG Menu                 - fireExit()
17:05:55.081 [JavaFX Application Thread] DEBUG PrimaryStageWindow   - Push state: DialogSubScene
17:05:55.081 [JavaFX Application Thread] DEBUG Input                - Clearing active input actions
17:05:55.082 [JavaFX Application Thread] DEBUG GameApplicationServi - Removing overlay from FXGLDefaultMenu and adding to DialogSubScene
17:05:55.082 [JavaFX Application Thread] DEBUG PrimaryStageWindow   - FXGLDefaultMenu -> DialogSubScene
17:05:55.789 [JavaFX Application Thread] DEBUG PrimaryStageWindow   - Pop state: DialogSubScene
17:05:55.789 [JavaFX Application Thread] DEBUG Input                - Clearing active input actions
17:05:55.790 [JavaFX Application Thread] DEBUG GameApplicationServi - Removing overlay from DialogSubScene and adding to FXGLDefaultMenu
17:05:55.790 [JavaFX Application Thread] DEBUG PrimaryStageWindow   - FXGLDefaultMenu <- DialogSubScene
17:05:55.790 [JavaFX Application Thread] DEBUG FXGLApplication      - Exiting FXGL
17:05:55.791 [JavaFX Application Thread] DEBUG LoopRunner           - Stopping loop
17:05:55.791 [JavaFX Application Thread] DEBUG SystemBundleService  - Saving FXGL system data
17:05:55.794 [JavaFX Application Thread] DEBUG FileSystemAccess     - Writing to: /Users/chengsenghab/Desktop/SpaceShooter/system/fxgl.bundle
17:05:55.797 [JavaFX Application Thread] DEBUG Async                - Shutting down background threads
17:05:55.797 [JavaFX Application Thread] DEBUG PrimaryStageWindow   - Closing main window
17:05:55.822 [JavaFX Application Thread] DEBUG Logger               - Closing Logger
