21:01:30.387 [main                     ] DEBUG Logger               - Configured Logger
21:01:30.389 [main                     ] DEBUG GameApplication      - Logging settings
Title: SpaceShooterGame
Version: 1.0
Width: 800
Height: 800
Fullscreen: false
Intro: false
Profiling: false
Single step:false
App Mode: DEVELOPER
Menu Key: ESCAPE
Stage Style: DECORATED
Scene Factory: class com.almasb.fxgl.app.scene.SceneFactory

21:01:30.555 [JavaFX Application Thread] DEBUG FXGLApplication      - Initializing FXGL
21:01:30.556 [JavaFX Application Thread] INFO  Engine               - FXGL-17.3 (30.03.2023 11.49) on MAC (J:25.0.2 FX:21.0.6)
21:01:30.556 [JavaFX Application Thread] DEBUG Engine               - JRE Vendor Name: Oracle Corporation
21:01:30.556 [JavaFX Application Thread] DEBUG Engine               - Running on OS: Mac OS X version 15.7.3
21:01:30.556 [JavaFX Application Thread] DEBUG Engine               - Architecture: aarch64
21:01:30.556 [JavaFX Application Thread] INFO  Engine               - Source code and latest versions at: https://github.com/AlmasB/FXGL
21:01:30.556 [JavaFX Application Thread] INFO  Engine               -       Ask questions and discuss at: https://github.com/AlmasB/FXGL/discussions
21:01:30.556 [JavaFX Application Thread] INFO  Engine               -              Join the FXGL chat at: https://gitter.im/AlmasB/FXGL
21:01:30.592 [JavaFX Application Thread] DEBUG PrimaryStageWindow   - Creating a JavaFX scene
21:01:30.613 [JavaFX Application Thread] DEBUG PrimaryStageWindow   - Target settings size: 800.0 x 800.0
21:01:30.613 [JavaFX Application Thread] DEBUG PrimaryStageWindow   - Scaled scene size:    800.0 x 800.0
21:01:30.613 [JavaFX Application Thread] DEBUG PrimaryStageWindow   - Scaled ratio: (1.0, 1.0)
21:01:30.614 [JavaFX Application Thread] DEBUG PrimaryStageWindow   - Set initial scene to FXGLStartupScene
21:01:30.615 [JavaFX Application Thread] DEBUG PrimaryStageWindow   - Opening main window
21:01:30.672 [JavaFX Application Thread] DEBUG PrimaryStageWindow   - Window border size: (0.0, 28.0)
21:01:30.672 [JavaFX Application Thread] DEBUG PrimaryStageWindow   - Scaled size: 800.0 x 800.0
21:01:30.672 [JavaFX Application Thread] DEBUG PrimaryStageWindow   - Scaled ratio: (1.0, 1.0)
21:01:30.672 [JavaFX Application Thread] DEBUG PrimaryStageWindow   - Scene size: 800.0 x 800.0
21:01:30.672 [JavaFX Application Thread] DEBUG PrimaryStageWindow   - Stage size: 800.0 x 828.0
21:01:30.675 [FXGL Background Thread 1 ] DEBUG Engine               - Initializing environment variables
21:01:30.696 [FXGL Background Thread 1 ] DEBUG FXGLAssetLoaderServi - User app class for loading assets: class kh.edu.paragoniu.spaceshooter.SpaceShooter
21:01:30.696 [FXGL Background Thread 1 ] DEBUG GameApplicationServi - Applying CSS: fxgl_dark.css
21:01:30.696 [FXGL Background Thread 1 ] DEBUG FXGLAssetLoaderServi - Loading from file system: jar:file:///Users/chengsenghab/.m2/repository/com/github/almasb/fxgl/17.3/fxgl-17.3.jar!/fxglassets/ui/css/fxgl_dark.css
21:01:30.713 [FXGL Background Thread 1 ] DEBUG GameApplicationServi - Initializing application scenes
21:01:30.824 [FXGL Background Thread 1 ] DEBUG GameWorld            - Game world initialized
21:01:30.844 [FXGL Background Thread 1 ] DEBUG PhysicsWorld         - Physics world initialized: appHeight=800, physics.ppm=50.0
21:01:30.844 [FXGL Background Thread 1 ] DEBUG PhysicsWorld         - Using strategy: BRUTE_FORCE
21:01:30.845 [FXGL Background Thread 1 ] DEBUG GameScene            - Game scene initialized: 800x800
21:01:30.849 [FXGL Background Thread 1 ] DEBUG FXGL.DefaultMenu     - createMenuBodyMainMenu()
21:01:30.854 [FXGL Background Thread 1 ] DEBUG FXGL.DefaultMenu     - createOptionsMenu()
21:01:30.858 [FXGL Background Thread 1 ] DEBUG FXGLAssetLoaderServi - Loading from file system: jar:file:///Users/chengsenghab/.m2/repository/com/github/almasb/fxgl/17.3/fxgl-17.3.jar!/fxglassets/textures/particles/smoke.png
21:01:30.889 [FXGL Background Thread 1 ] DEBUG FXGLAssetLoaderServi - Loading from file system: jar:file:///Users/chengsenghab/.m2/repository/com/github/almasb/fxgl/17.3/fxgl-17.3.jar!/fxglassets/textures/particles/trace_horizontal.png
21:01:30.899 [FXGL Background Thread 1 ] DEBUG FXGL.DefaultMenu     - createMenuBodyGameMenu()
21:01:30.900 [FXGL Background Thread 1 ] DEBUG FXGL.DefaultMenu     - createOptionsMenu()
21:01:30.905 [FXGL Background Thread 1 ] DEBUG GameApplicationServi - Application scenes initialized
21:01:30.908 [FXGL Background Thread 1 ] DEBUG SystemBundleService  - Loading FXGL system data
21:01:30.910 [FXGL Background Thread 1 ] DEBUG FileSystemAccess     - Reading from: /Users/chengsenghab/Desktop/SpaceShooter/system/fxgl.bundle
21:01:30.912 [FXGL Background Thread 1 ] DEBUG SystemBundleService  - Bundle FXGL: {}
21:01:30.912 [FXGL Background Thread 1 ] DEBUG UpdaterService       - Checking for updates
21:01:30.913 [FXGL Background Thread 4 ] DEBUG FXGLApplication      - Loading fonts
21:01:30.913 [FXGL Background Thread 4 ] DEBUG FXGLAssetLoaderServi - Loading from file system: jar:file:///Users/chengsenghab/.m2/repository/com/github/almasb/fxgl/17.3/fxgl-17.3.jar!/fxglassets/ui/fonts/VarelaRound-Regular.ttf
21:01:30.914 [FXGL Background Thread 1 ] DEBUG FXGLApplication      - Loading default localization
21:01:30.914 [FXGL Background Thread 1 ] DEBUG FXGLAssetLoaderServi - Loading from file system: jar:file:///Users/chengsenghab/.m2/repository/com/github/almasb/fxgl/17.3/fxgl-17.3.jar!/fxglassets/languages/english.lang
21:01:30.919 [FXGL Background Thread 4 ] DEBUG FXGLAssetLoaderServi - Loading from file system: jar:file:///Users/chengsenghab/.m2/repository/com/github/almasb/fxgl/17.3/fxgl-17.3.jar!/fxglassets/ui/fonts/Abel-Regular.ttf
21:01:30.920 [FXGL Background Thread 1 ] INFO  FXGLApplication      - FXGL initialization took: 0.245 sec
21:01:30.921 [FXGL Background Thread 4 ] DEBUG FXGLAssetLoaderServi - Loading from file system: jar:file:///Users/chengsenghab/.m2/repository/com/github/almasb/fxgl/17.3/fxgl-17.3.jar!/fxglassets/ui/fonts/TerminalLandMono-Regular.otf
21:01:30.922 [FXGL Background Thread 4 ] DEBUG FXGLAssetLoaderServi - Loading from file system: jar:file:///Users/chengsenghab/.m2/repository/com/github/almasb/fxgl/17.3/fxgl-17.3.jar!/fxglassets/ui/fonts/Courier-Prime.ttf
21:01:30.923 [JavaFX Application Thread] DEBUG Input                - Registered new binding: LEFT - A
21:01:30.923 [JavaFX Application Thread] DEBUG Input                - Registered new binding: RIGHT - D
21:01:30.923 [JavaFX Application Thread] DEBUG Input                - Registered new binding: Down - S
21:01:30.923 [JavaFX Application Thread] DEBUG Input                - Registered new binding: Up - W
21:01:30.923 [JavaFX Application Thread] DEBUG Input                - Registered new binding: Pause - Esc
21:01:30.923 [JavaFX Application Thread] DEBUG Input                - Registered new binding: Show Leaderboard - L
21:01:30.923 [JavaFX Application Thread] DEBUG FXGLAssetLoaderServi - Loading from file system: jar:file:///Users/chengsenghab/.m2/repository/com/github/almasb/fxgl/17.3/fxgl-17.3.jar!/fxglassets/textures/fxgl_icon.png
21:01:30.935 [JavaFX Application Thread] DEBUG FXGLAssetLoaderServi - Loading from file system: jar:file:///Users/chengsenghab/.m2/repository/com/github/almasb/fxgl/17.3/fxgl-17.3.jar!/fxglassets/textures/fxgl_default_cursor.png
21:01:30.936 [JavaFX Application Thread] DEBUG Input                - Registered new binding: Screenshot - CTRL+8
21:01:30.936 [JavaFX Application Thread] DEBUG Input                - Registered new binding: System info dump - CTRL+9
21:01:30.936 [JavaFX Application Thread] DEBUG Input                - Registered new binding: Restart - CTRL+R
21:01:30.937 [JavaFX Application Thread] DEBUG Input                - Registered new binding: Toggle Debug Camera - CTRL+7
21:01:30.937 [JavaFX Application Thread] DEBUG LoopRunner           - Starting loop
21:01:30.937 [JavaFX Application Thread] DEBUG LoopRunner           - Initializing JavaFX AnimationTimerLoop
21:01:30.938 [JavaFX Application Thread] DEBUG Input                - Clearing active input actions
21:01:30.940 [JavaFX Application Thread] DEBUG GameApplicationServi - Removing overlay from FXGLStartupScene and adding to FXGLMainMenuDummyScene
21:01:30.941 [JavaFX Application Thread] DEBUG PrimaryStageWindow   - FXGLStartupScene -> FXGLMainMenuDummyScene
21:01:30.941 [JavaFX Application Thread] DEBUG PrimaryStageWindow   - Push state: FXGLDefaultMenu
21:01:30.942 [JavaFX Application Thread] DEBUG Input                - Clearing active input actions
21:01:30.945 [JavaFX Application Thread] DEBUG GameApplicationServi - Removing overlay from FXGLMainMenuDummyScene and adding to FXGLDefaultMenu
21:01:30.945 [JavaFX Application Thread] DEBUG PrimaryStageWindow   - FXGLMainMenuDummyScene -> FXGLDefaultMenu
21:01:30.947 [JavaFX Application Thread] DEBUG FXGLApplication      - Registering font factories with UI factory
21:01:31.185 [FXGL Background Thread 2 ] INFO  UpdaterService       - Your current version:  17.3
21:01:31.185 [FXGL Background Thread 2 ] INFO  UpdaterService       - Latest stable version: 21.1
21:01:32.668 [JavaFX Application Thread] DEBUG Menu                 - fireNewGame()
21:01:32.669 [JavaFX Application Thread] DEBUG GameApplicationServi - Starting new game
21:01:32.670 [JavaFX Application Thread] DEBUG PrimaryStageWindow   - Pop state: FXGLDefaultMenu
21:01:32.670 [JavaFX Application Thread] DEBUG Input                - Clearing active input actions
21:01:32.670 [JavaFX Application Thread] DEBUG GameApplicationServi - Removing overlay from FXGLDefaultMenu and adding to FXGLMainMenuDummyScene
21:01:32.670 [JavaFX Application Thread] DEBUG PrimaryStageWindow   - FXGLMainMenuDummyScene <- FXGLDefaultMenu
21:01:32.670 [JavaFX Application Thread] DEBUG Input                - Clearing active input actions
21:01:32.674 [JavaFX Application Thread] DEBUG GameApplicationServi - Removing overlay from FXGLMainMenuDummyScene and adding to FXGLLoadingScene
21:01:32.674 [JavaFX Application Thread] DEBUG PrimaryStageWindow   - FXGLMainMenuDummyScene -> FXGLLoadingScene
21:01:32.674 [JavaFX Application Thread] DEBUG GameApplicationServi - Clearing previous game
21:01:32.674 [JavaFX Application Thread] DEBUG GameScene            - Clearing game scene
21:01:32.674 [JavaFX Application Thread] DEBUG GameWorld            - Clearing game world
21:01:32.674 [JavaFX Application Thread] DEBUG PhysicsWorld         - Clearing physics world
21:01:32.674 [FXGL Background Thread 2 ] DEBUG FXGLApplication      - Initializing game
21:01:32.829 [FXGL Background Thread 2 ] INFO  FXGLApplication      - Game initialization took: 0.155 sec
21:01:32.829 [JavaFX Application Thread] DEBUG Input                - Clearing active input actions
21:01:32.831 [JavaFX Application Thread] DEBUG GameApplicationServi - Removing overlay from FXGLLoadingScene and adding to GameScene
21:01:32.831 [JavaFX Application Thread] DEBUG PrimaryStageWindow   - FXGLLoadingScene -> GameScene
21:01:33.917 [FXGL Background Thread 3 ] DEBUG Engine               - Logging environment variables
21:01:33.917 [FXGL Background Thread 3 ] DEBUG Engine               - achievements: []
21:01:33.918 [FXGL Background Thread 3 ] DEBUG Engine               - actualHeight: 800.0
21:01:33.918 [FXGL Background Thread 3 ] DEBUG Engine               - actualHeightProperty: ReadOnlyDoubleProperty [value: 800.0]
21:01:33.918 [FXGL Background Thread 3 ] DEBUG Engine               - actualWidth: 800.0
21:01:33.918 [FXGL Background Thread 3 ] DEBUG Engine               - actualWidthProperty: ReadOnlyDoubleProperty [value: 800.0]
21:01:33.918 [FXGL Background Thread 3 ] DEBUG Engine               - appIcon: fxgl_icon.png
21:01:33.918 [FXGL Background Thread 3 ] DEBUG Engine               - applicationMode: DEVELOPER
21:01:33.918 [FXGL Background Thread 3 ] DEBUG Engine               - cSSList: [fxgl_dark.css]
21:01:33.918 [FXGL Background Thread 3 ] DEBUG Engine               - collisionDetectionStrategy: BRUTE_FORCE
21:01:33.918 [FXGL Background Thread 3 ] DEBUG Engine               - configClass: Optional.empty
21:01:33.918 [FXGL Background Thread 3 ] DEBUG Engine               - credits: []
21:01:33.918 [FXGL Background Thread 3 ] DEBUG Engine               - defaultCursor: CursorInfo(imageName=fxgl_default_cursor.png, hotspotX=7.0, hotspotY=6.0)
21:01:33.918 [FXGL Background Thread 3 ] DEBUG Engine               - devBBoxColorProperty: ObjectProperty [value: 0xff0000ff]
21:01:33.918 [FXGL Background Thread 3 ] DEBUG Engine               - devEnableDebugCameraProperty: BooleanProperty [value: false]
21:01:33.918 [FXGL Background Thread 3 ] DEBUG Engine               - devSensorColorProperty: ObjectProperty [value: 0xffff00ff]
21:01:33.918 [FXGL Background Thread 3 ] DEBUG Engine               - devShowBBoxProperty: BooleanProperty [value: false]
21:01:33.918 [FXGL Background Thread 3 ] DEBUG Engine               - devShowPositionProperty: BooleanProperty [value: false]
21:01:33.918 [FXGL Background Thread 3 ] DEBUG Engine               - enabledMenuItems: []
21:01:33.918 [FXGL Background Thread 3 ] DEBUG Engine               - engineServices: [class com.almasb.fxgl.app.services.FXGLAssetLoaderService, class com.almasb.fxgl.app.FXGLApplication$GameApplicationService, class com.almasb.fxgl.app.services.FXGLDialogService, class com.almasb.fxgl.app.services.IOTaskExecutorService, class com.almasb.fxgl.io.FileSystemService, class com.almasb.fxgl.localization.LocalizationService, class com.almasb.fxgl.app.services.SystemBundleService, class com.almasb.fxgl.profile.SaveLoadService, class com.almasb.fxgl.ui.FXGLUIFactoryServiceProvider, class com.almasb.fxgl.ui.FXGLDialogFactoryServiceProvider, class com.almasb.fxgl.audio.AudioPlayer, class com.almasb.fxgl.notification.impl.NotificationServiceProvider, class com.almasb.fxgl.achievement.AchievementService, class com.almasb.fxgl.cutscene.CutsceneService, class com.almasb.fxgl.minigames.MiniGameService, class com.almasb.fxgl.net.NetService, class com.almasb.fxgl.app.services.UpdaterService, class com.almasb.fxgl.dev.DevService]
21:01:33.919 [FXGL Background Thread 3 ] DEBUG Engine               - fontGame: Abel-Regular.ttf
21:01:33.919 [FXGL Background Thread 3 ] DEBUG Engine               - fontMono: TerminalLandMono-Regular.otf
21:01:33.919 [FXGL Background Thread 3 ] DEBUG Engine               - fontSizeScaleUI: 1.0
21:01:33.919 [FXGL Background Thread 3 ] DEBUG Engine               - fontText: Courier-Prime.ttf
21:01:33.919 [FXGL Background Thread 3 ] DEBUG Engine               - fontUI: VarelaRound-Regular.ttf
21:01:33.919 [FXGL Background Thread 3 ] DEBUG Engine               - fullScreen: BooleanProperty [value: false]
21:01:33.919 [FXGL Background Thread 3 ] DEBUG Engine               - gameDifficulty: MEDIUM
21:01:33.919 [FXGL Background Thread 3 ] DEBUG Engine               - gameDifficultyProperty: ObjectProperty [value: MEDIUM]
21:01:33.919 [FXGL Background Thread 3 ] DEBUG Engine               - globalMusicVolume: 0.5
21:01:33.919 [FXGL Background Thread 3 ] DEBUG Engine               - globalMusicVolumeProperty: DoubleProperty [value: 0.5]
21:01:33.919 [FXGL Background Thread 3 ] DEBUG Engine               - globalSoundVolume: 0.5
21:01:33.919 [FXGL Background Thread 3 ] DEBUG Engine               - globalSoundVolumeProperty: DoubleProperty [value: 0.5]
21:01:33.919 [FXGL Background Thread 3 ] DEBUG Engine               - height: 800
21:01:33.919 [FXGL Background Thread 3 ] DEBUG Engine               - is3D: false
21:01:33.919 [FXGL Background Thread 3 ] DEBUG Engine               - isAndroid: false
21:01:33.919 [FXGL Background Thread 3 ] DEBUG Engine               - isBrowser: false
21:01:33.919 [FXGL Background Thread 3 ] DEBUG Engine               - isClickFeedbackEnabled: false
21:01:33.919 [FXGL Background Thread 3 ] DEBUG Engine               - isCloseConfirmation: false
21:01:33.919 [FXGL Background Thread 3 ] DEBUG Engine               - isDesktop: true
21:01:33.919 [FXGL Background Thread 3 ] DEBUG Engine               - isDeveloperMenuEnabled: false
21:01:33.919 [FXGL Background Thread 3 ] DEBUG Engine               - isEmbedded: false
21:01:33.919 [FXGL Background Thread 3 ] DEBUG Engine               - isEntityPreloadEnabled: true
21:01:33.919 [FXGL Background Thread 3 ] DEBUG Engine               - isExperimentalTiledLargeMap: false
21:01:33.919 [FXGL Background Thread 3 ] DEBUG Engine               - isFileSystemWriteAllowed: true
21:01:33.919 [FXGL Background Thread 3 ] DEBUG Engine               - isFullScreenAllowed: false
21:01:33.920 [FXGL Background Thread 3 ] DEBUG Engine               - isFullScreenFromStart: false
21:01:33.920 [FXGL Background Thread 3 ] DEBUG Engine               - isGameMenuEnabled: true
21:01:33.920 [FXGL Background Thread 3 ] DEBUG Engine               - isIOS: false
21:01:33.920 [FXGL Background Thread 3 ] DEBUG Engine               - isIntroEnabled: false
21:01:33.920 [FXGL Background Thread 3 ] DEBUG Engine               - isLinux: false
21:01:33.920 [FXGL Background Thread 3 ] DEBUG Engine               - isMac: true
21:01:33.920 [FXGL Background Thread 3 ] DEBUG Engine               - isMainMenuEnabled: true
21:01:33.920 [FXGL Background Thread 3 ] DEBUG Engine               - isManualResizeEnabled: false
21:01:33.920 [FXGL Background Thread 3 ] DEBUG Engine               - isMobile: false
21:01:33.920 [FXGL Background Thread 3 ] DEBUG Engine               - isNative: false
21:01:33.920 [FXGL Background Thread 3 ] DEBUG Engine               - isPauseMusicWhenMinimized: true
21:01:33.920 [FXGL Background Thread 3 ] DEBUG Engine               - isPreserveResizeRatio: false
21:01:33.920 [FXGL Background Thread 3 ] DEBUG Engine               - isProfilingEnabled: false
21:01:33.920 [FXGL Background Thread 3 ] DEBUG Engine               - isScaleAffectedOnResize: true
21:01:33.920 [FXGL Background Thread 3 ] DEBUG Engine               - isSingleStep: false
21:01:33.920 [FXGL Background Thread 3 ] DEBUG Engine               - isUserProfileEnabled: false
21:01:33.920 [FXGL Background Thread 3 ] DEBUG Engine               - isWindows: false
21:01:33.920 [FXGL Background Thread 3 ] DEBUG Engine               - language: ObjectProperty [value: ENGLISH]
21:01:33.920 [FXGL Background Thread 3 ] DEBUG Engine               - menuKey: ESCAPE
21:01:33.920 [FXGL Background Thread 3 ] DEBUG Engine               - mouseSensitivity: 0.2
21:01:33.920 [FXGL Background Thread 3 ] DEBUG Engine               - notificationViewClass: class com.almasb.fxgl.notification.view.XboxNotificationView
21:01:33.920 [FXGL Background Thread 3 ] DEBUG Engine               - pixelsPerMeter: 50.0
21:01:33.920 [FXGL Background Thread 3 ] DEBUG Engine               - platform: MAC
21:01:33.920 [FXGL Background Thread 3 ] DEBUG Engine               - prefHeightProperty: ReadOnlyDoubleProperty [value: 800.0]
21:01:33.920 [FXGL Background Thread 3 ] DEBUG Engine               - prefWidthProperty: ReadOnlyDoubleProperty [value: 800.0]
21:01:33.920 [FXGL Background Thread 3 ] DEBUG Engine               - profileDir: profiles/
21:01:33.920 [FXGL Background Thread 3 ] DEBUG Engine               - profileName: StringProperty [value: DEFAULT]
21:01:33.920 [FXGL Background Thread 3 ] DEBUG Engine               - randomSeed: -1
21:01:33.920 [FXGL Background Thread 3 ] DEBUG Engine               - runtimeInfo: RuntimeInfo(platform=MAC, version=17.3, build=30.03.2023 11.49)
21:01:33.920 [FXGL Background Thread 3 ] DEBUG Engine               - saveFileExt: sav
21:01:33.921 [FXGL Background Thread 3 ] DEBUG Engine               - scaledHeightProp$fxgl: DoubleProperty [bound, value: 800.0]
21:01:33.921 [FXGL Background Thread 3 ] DEBUG Engine               - scaledWidthProp$fxgl: DoubleProperty [bound, value: 800.0]
21:01:33.921 [FXGL Background Thread 3 ] DEBUG Engine               - sceneFactory: com.almasb.fxgl.app.scene.SceneFactory@60a1a9c7
21:01:33.921 [FXGL Background Thread 3 ] DEBUG Engine               - secondsIn24h: 60
21:01:33.921 [FXGL Background Thread 3 ] DEBUG Engine               - soundMenuBack: menu/back.wav
21:01:33.921 [FXGL Background Thread 3 ] DEBUG Engine               - soundMenuPress: menu/press.wav
21:01:33.921 [FXGL Background Thread 3 ] DEBUG Engine               - soundMenuSelect: menu/select.wav
21:01:33.921 [FXGL Background Thread 3 ] DEBUG Engine               - soundNotification: core/notification.wav
21:01:33.921 [FXGL Background Thread 3 ] DEBUG Engine               - stageStyle: DECORATED
21:01:33.921 [FXGL Background Thread 3 ] DEBUG Engine               - supportedLanguages: [ENGLISH, FRENCH, GERMAN, HUNGARIAN, RUSSIAN]
21:01:33.921 [FXGL Background Thread 3 ] DEBUG Engine               - ticksPerSecond: -1
21:01:33.921 [FXGL Background Thread 3 ] DEBUG Engine               - title: SpaceShooterGame
21:01:33.921 [FXGL Background Thread 3 ] DEBUG Engine               - urlGithub: https://github.com/AlmasB/FXGL
21:01:33.921 [FXGL Background Thread 3 ] DEBUG Engine               - urlLeaderboard: http://fxgl-top.herokuapp.com/
21:01:33.921 [FXGL Background Thread 3 ] DEBUG Engine               - urlPOM: https://raw.githubusercontent.com/AlmasB/FXGL/release/README.md
21:01:33.921 [FXGL Background Thread 3 ] DEBUG Engine               - userAppClass: class kh.edu.paragoniu.spaceshooter.SpaceShooter
21:01:33.921 [FXGL Background Thread 3 ] DEBUG Engine               - version: 1.0
21:01:33.921 [FXGL Background Thread 3 ] DEBUG Engine               - versionCheckDays: 7
21:01:33.921 [FXGL Background Thread 3 ] DEBUG Engine               - width: 800
21:01:33.921 [FXGL Background Thread 3 ] DEBUG Engine               - Logging services
21:01:33.921 [FXGL Background Thread 3 ] DEBUG Engine               - class com.almasb.fxgl.app.services.FXGLAssetLoaderService
21:01:33.921 [FXGL Background Thread 3 ] DEBUG Engine               - class com.almasb.fxgl.app.FXGLApplication$GameApplicationService
21:01:33.921 [FXGL Background Thread 3 ] DEBUG Engine               - class com.almasb.fxgl.app.services.FXGLDialogService
21:01:33.921 [FXGL Background Thread 3 ] DEBUG Engine               - class com.almasb.fxgl.app.services.IOTaskExecutorService
21:01:33.921 [FXGL Background Thread 3 ] DEBUG Engine               - class com.almasb.fxgl.io.FileSystemService
21:01:33.921 [FXGL Background Thread 3 ] DEBUG Engine               - class com.almasb.fxgl.localization.LocalizationService
21:01:33.921 [FXGL Background Thread 3 ] DEBUG Engine               - class com.almasb.fxgl.app.services.SystemBundleService
21:01:33.921 [FXGL Background Thread 3 ] DEBUG Engine               - class com.almasb.fxgl.profile.SaveLoadService
21:01:33.921 [FXGL Background Thread 3 ] DEBUG Engine               - class com.almasb.fxgl.ui.FXGLUIFactoryServiceProvider
21:01:33.921 [FXGL Background Thread 3 ] DEBUG Engine               - class com.almasb.fxgl.ui.FXGLDialogFactoryServiceProvider
21:01:33.921 [FXGL Background Thread 3 ] DEBUG Engine               - class com.almasb.fxgl.audio.AudioPlayer
21:01:33.921 [FXGL Background Thread 3 ] DEBUG Engine               - class com.almasb.fxgl.notification.impl.NotificationServiceProvider
21:01:33.921 [FXGL Background Thread 3 ] DEBUG Engine               - class com.almasb.fxgl.achievement.AchievementService
21:01:33.921 [FXGL Background Thread 3 ] DEBUG Engine               - class com.almasb.fxgl.cutscene.CutsceneService
21:01:33.922 [FXGL Background Thread 3 ] DEBUG Engine               - class com.almasb.fxgl.minigames.MiniGameService
21:01:33.922 [FXGL Background Thread 3 ] DEBUG Engine               - class com.almasb.fxgl.net.NetService
21:01:33.922 [FXGL Background Thread 3 ] DEBUG Engine               - class com.almasb.fxgl.app.services.UpdaterService
21:01:33.922 [FXGL Background Thread 3 ] DEBUG Engine               - class com.almasb.fxgl.dev.DevService
21:02:23.544 [JavaFX Application Thread] DEBUG PrimaryStageWindow   - Push state: DialogSubScene
21:02:23.544 [JavaFX Application Thread] DEBUG Input                - Clearing active input actions
21:02:23.546 [JavaFX Application Thread] DEBUG GameApplicationServi - Removing overlay from GameScene and adding to DialogSubScene
21:02:23.546 [JavaFX Application Thread] DEBUG PrimaryStageWindow   - GameScene -> DialogSubScene
21:03:07.142 [JavaFX Application Thread] DEBUG PrimaryStageWindow   - Pop state: DialogSubScene
21:03:07.143 [JavaFX Application Thread] DEBUG Input                - Clearing active input actions
21:03:07.144 [JavaFX Application Thread] DEBUG GameApplicationServi - Removing overlay from DialogSubScene and adding to GameScene
21:03:07.144 [JavaFX Application Thread] DEBUG PrimaryStageWindow   - GameScene <- DialogSubScene
21:03:07.149 [JavaFX Application Thread] DEBUG PrimaryStageWindow   - Push state: DialogSubScene
21:03:07.149 [JavaFX Application Thread] DEBUG Input                - Clearing active input actions
21:03:07.150 [JavaFX Application Thread] DEBUG GameApplicationServi - Removing overlay from GameScene and adding to DialogSubScene
21:03:07.150 [JavaFX Application Thread] DEBUG PrimaryStageWindow   - GameScene -> DialogSubScene
21:03:07.150 [JavaFX Application Thread] DEBUG PrimaryStageWindow   - Pop state: DialogSubScene
21:03:07.150 [JavaFX Application Thread] DEBUG Input                - Clearing active input actions
21:03:07.150 [JavaFX Application Thread] DEBUG GameApplicationServi - Removing overlay from DialogSubScene and adding to GameScene
21:03:07.150 [JavaFX Application Thread] DEBUG PrimaryStageWindow   - GameScene <- DialogSubScene
21:03:07.150 [JavaFX Application Thread] DEBUG Input                - Clearing active input actions
21:03:07.155 [JavaFX Application Thread] DEBUG GameApplicationServi - Removing overlay from GameScene and adding to FXGLMainMenuDummyScene
21:03:07.155 [JavaFX Application Thread] DEBUG PrimaryStageWindow   - GameScene -> FXGLMainMenuDummyScene
21:03:07.155 [JavaFX Application Thread] DEBUG PrimaryStageWindow   - Push state: FXGLDefaultMenu
21:03:07.155 [JavaFX Application Thread] DEBUG Input                - Clearing active input actions
21:03:07.157 [JavaFX Application Thread] DEBUG GameApplicationServi - Removing overlay from FXGLMainMenuDummyScene and adding to FXGLDefaultMenu
21:03:07.157 [JavaFX Application Thread] DEBUG PrimaryStageWindow   - FXGLMainMenuDummyScene -> FXGLDefaultMenu
21:03:47.150 [JavaFX Application Thread] DEBUG Menu                 - fireNewGame()
21:03:47.150 [JavaFX Application Thread] DEBUG GameApplicationServi - Starting new game
21:03:47.150 [JavaFX Application Thread] DEBUG PrimaryStageWindow   - Pop state: FXGLDefaultMenu
21:03:47.150 [JavaFX Application Thread] DEBUG Input                - Clearing active input actions
21:03:47.150 [JavaFX Application Thread] DEBUG GameApplicationServi - Removing overlay from FXGLDefaultMenu and adding to FXGLMainMenuDummyScene
21:03:47.151 [JavaFX Application Thread] DEBUG PrimaryStageWindow   - FXGLMainMenuDummyScene <- FXGLDefaultMenu
21:03:47.151 [JavaFX Application Thread] DEBUG Input                - Clearing active input actions
21:03:47.157 [JavaFX Application Thread] DEBUG GameApplicationServi - Removing overlay from FXGLMainMenuDummyScene and adding to FXGLLoadingScene
21:03:47.157 [JavaFX Application Thread] DEBUG PrimaryStageWindow   - FXGLMainMenuDummyScene -> FXGLLoadingScene
21:03:47.157 [JavaFX Application Thread] DEBUG GameApplicationServi - Clearing previous game
21:03:47.158 [JavaFX Application Thread] DEBUG GameScene            - Clearing game scene
21:03:47.158 [JavaFX Application Thread] DEBUG GameWorld            - Clearing game world
21:03:47.160 [JavaFX Application Thread] DEBUG PhysicsWorld         - Clearing physics world
21:03:47.160 [FXGL Background Thread 5 ] DEBUG FXGLApplication      - Initializing game
21:03:47.276 [FXGL Background Thread 5 ] INFO  FXGLApplication      - Game initialization took: 0.116 sec
21:03:47.276 [JavaFX Application Thread] DEBUG Input                - Clearing active input actions
21:03:47.278 [JavaFX Application Thread] DEBUG GameApplicationServi - Removing overlay from FXGLLoadingScene and adding to GameScene
21:03:47.278 [JavaFX Application Thread] DEBUG PrimaryStageWindow   - FXGLLoadingScene -> GameScene
21:04:19.741 [JavaFX Application Thread] DEBUG PrimaryStageWindow   - Push state: DialogSubScene
21:04:19.741 [JavaFX Application Thread] DEBUG Input                - Clearing active input actions
21:04:19.744 [JavaFX Application Thread] DEBUG GameApplicationServi - Removing overlay from GameScene and adding to DialogSubScene
21:04:19.744 [JavaFX Application Thread] DEBUG PrimaryStageWindow   - GameScene -> DialogSubScene
21:04:22.462 [JavaFX Application Thread] DEBUG PrimaryStageWindow   - Pop state: DialogSubScene
21:04:22.462 [JavaFX Application Thread] DEBUG Input                - Clearing active input actions
21:04:22.462 [JavaFX Application Thread] DEBUG GameApplicationServi - Removing overlay from DialogSubScene and adding to GameScene
21:04:22.462 [JavaFX Application Thread] DEBUG PrimaryStageWindow   - GameScene <- DialogSubScene
21:04:22.463 [JavaFX Application Thread] DEBUG PrimaryStageWindow   - Push state: DialogSubScene
21:04:22.463 [JavaFX Application Thread] DEBUG Input                - Clearing active input actions
21:04:22.464 [JavaFX Application Thread] DEBUG GameApplicationServi - Removing overlay from GameScene and adding to DialogSubScene
21:04:22.464 [JavaFX Application Thread] DEBUG PrimaryStageWindow   - GameScene -> DialogSubScene
21:04:22.464 [JavaFX Application Thread] DEBUG PrimaryStageWindow   - Pop state: DialogSubScene
21:04:22.464 [JavaFX Application Thread] DEBUG Input                - Clearing active input actions
21:04:22.464 [JavaFX Application Thread] DEBUG GameApplicationServi - Removing overlay from DialogSubScene and adding to GameScene
21:04:22.464 [JavaFX Application Thread] DEBUG PrimaryStageWindow   - GameScene <- DialogSubScene
21:04:22.464 [JavaFX Application Thread] DEBUG Input                - Clearing active input actions
21:04:22.470 [JavaFX Application Thread] DEBUG GameApplicationServi - Removing overlay from GameScene and adding to FXGLMainMenuDummyScene
21:04:22.470 [JavaFX Application Thread] DEBUG PrimaryStageWindow   - GameScene -> FXGLMainMenuDummyScene
21:04:22.470 [JavaFX Application Thread] DEBUG PrimaryStageWindow   - Push state: FXGLDefaultMenu
21:04:22.470 [JavaFX Application Thread] DEBUG Input                - Clearing active input actions
21:04:22.472 [JavaFX Application Thread] DEBUG GameApplicationServi - Removing overlay from FXGLMainMenuDummyScene and adding to FXGLDefaultMenu
21:04:22.472 [JavaFX Application Thread] DEBUG PrimaryStageWindow   - FXGLMainMenuDummyScene -> FXGLDefaultMenu
21:04:25.760 [JavaFX Application Thread] DEBUG FXGL.DefaultMenu     - createContentGameplay()
21:04:27.670 [JavaFX Application Thread] DEBUG FXGL.DefaultMenu     - createContentControls()
21:04:35.232 [JavaFX Application Thread] DEBUG FXGL.DefaultMenu     - createContentVideo()
21:04:38.219 [JavaFX Application Thread] DEBUG FXGLAssetLoaderServi - Loading from file system: jar:file:///Users/chengsenghab/.m2/repository/com/github/almasb/fxgl/17.3/fxgl-17.3.jar!/fxglassets/languages/french.lang
21:04:40.423 [JavaFX Application Thread] DEBUG FXGLAssetLoaderServi - Loading from file system: jar:file:///Users/chengsenghab/.m2/repository/com/github/almasb/fxgl/17.3/fxgl-17.3.jar!/fxglassets/languages/hungarian.lang
21:04:42.226 [JavaFX Application Thread] DEBUG FXGLAssetLoaderServi - Loading from file system: jar:file:///Users/chengsenghab/.m2/repository/com/github/almasb/fxgl/17.3/fxgl-17.3.jar!/fxglassets/languages/russian.lang
21:04:53.213 [JavaFX Application Thread] DEBUG FXGL.DefaultMenu     - createContentAudio()
21:04:54.759 [JavaFX Application Thread] DEBUG PrimaryStageWindow   - Push state: DialogSubScene
21:04:54.759 [JavaFX Application Thread] DEBUG Input                - Clearing active input actions
21:04:54.759 [JavaFX Application Thread] DEBUG GameApplicationServi - Removing overlay from FXGLDefaultMenu and adding to DialogSubScene
21:04:54.759 [JavaFX Application Thread] DEBUG PrimaryStageWindow   - FXGLDefaultMenu -> DialogSubScene
21:04:56.753 [JavaFX Application Thread] DEBUG PrimaryStageWindow   - Pop state: DialogSubScene
21:04:56.753 [JavaFX Application Thread] DEBUG Input                - Clearing active input actions
21:04:56.753 [JavaFX Application Thread] DEBUG GameApplicationServi - Removing overlay from DialogSubScene and adding to FXGLDefaultMenu
21:04:56.753 [JavaFX Application Thread] DEBUG PrimaryStageWindow   - FXGLDefaultMenu <- DialogSubScene
21:05:09.150 [JavaFX Application Thread] DEBUG Menu                 - fireNewGame()
21:05:09.150 [JavaFX Application Thread] DEBUG GameApplicationServi - Starting new game
21:05:09.150 [JavaFX Application Thread] DEBUG PrimaryStageWindow   - Pop state: FXGLDefaultMenu
21:05:09.150 [JavaFX Application Thread] DEBUG Input                - Clearing active input actions
21:05:09.151 [JavaFX Application Thread] DEBUG GameApplicationServi - Removing overlay from FXGLDefaultMenu and adding to FXGLMainMenuDummyScene
21:05:09.151 [JavaFX Application Thread] DEBUG PrimaryStageWindow   - FXGLMainMenuDummyScene <- FXGLDefaultMenu
21:05:09.151 [JavaFX Application Thread] DEBUG Input                - Clearing active input actions
21:05:09.153 [JavaFX Application Thread] DEBUG GameApplicationServi - Removing overlay from FXGLMainMenuDummyScene and adding to FXGLLoadingScene
21:05:09.153 [JavaFX Application Thread] DEBUG PrimaryStageWindow   - FXGLMainMenuDummyScene -> FXGLLoadingScene
21:05:09.153 [JavaFX Application Thread] DEBUG GameApplicationServi - Clearing previous game
21:05:09.153 [JavaFX Application Thread] DEBUG GameScene            - Clearing game scene
21:05:09.153 [JavaFX Application Thread] DEBUG GameWorld            - Clearing game world
21:05:09.154 [JavaFX Application Thread] DEBUG PhysicsWorld         - Clearing physics world
21:05:09.154 [FXGL Background Thread 6 ] DEBUG FXGLApplication      - Initializing game
21:05:09.239 [FXGL Background Thread 6 ] INFO  FXGLApplication      - Game initialization took: 0.085 sec
21:05:09.239 [JavaFX Application Thread] DEBUG Input                - Clearing active input actions
21:05:09.241 [JavaFX Application Thread] DEBUG GameApplicationServi - Removing overlay from FXGLLoadingScene and adding to GameScene
21:05:09.241 [JavaFX Application Thread] DEBUG PrimaryStageWindow   - FXGLLoadingScene -> GameScene
21:05:12.339 [JavaFX Application Thread] DEBUG LoopRunner           - Pausing loop
21:05:12.339 [JavaFX Application Thread] DEBUG PrimaryStageWindow   - Push state: FXGLDefaultMenu
21:05:12.339 [JavaFX Application Thread] DEBUG Input                - Clearing active input actions
21:05:12.340 [JavaFX Application Thread] DEBUG GameApplicationServi - Removing overlay from GameScene and adding to FXGLDefaultMenu
21:05:12.340 [JavaFX Application Thread] DEBUG PrimaryStageWindow   - GameScene -> FXGLDefaultMenu
21:05:14.616 [JavaFX Application Thread] DEBUG FXGLApplication      - Exiting FXGL
21:05:14.616 [JavaFX Application Thread] DEBUG LoopRunner           - Stopping loop
21:05:14.616 [JavaFX Application Thread] DEBUG SystemBundleService  - Saving FXGL system data
21:05:14.621 [JavaFX Application Thread] DEBUG FileSystemAccess     - Writing to: /Users/chengsenghab/Desktop/SpaceShooter/system/fxgl.bundle
21:05:14.625 [JavaFX Application Thread] DEBUG Async                - Shutting down background threads
21:05:14.625 [JavaFX Application Thread] DEBUG PrimaryStageWindow   - Closing main window
21:05:14.631 [JavaFX Application Thread] DEBUG Logger               - Closing Logger
