20:00:32.980 [main                     ] DEBUG Logger               - Configured Logger
20:00:32.982 [main                     ] DEBUG GameApplication      - Logging settings
Title: SpaceShooterGame
Version: 1.0
Width: 800
Height: 800
Fullscreen: false
Intro: false
Profiling: false
Single step:false
App Mode: DEVELOPER
Menu Key: ESCAPE
Stage Style: DECORATED
Scene Factory: class com.almasb.fxgl.app.scene.SceneFactory

20:00:33.134 [JavaFX Application Thread] DEBUG FXGLApplication      - Initializing FXGL
20:00:33.135 [JavaFX Application Thread] INFO  Engine               - FXGL-17.3 (30.03.2023 11.49) on MAC (J:25 FX:21.0.6)
20:00:33.135 [JavaFX Application Thread] DEBUG Engine               - JRE Vendor Name: Oracle Corporation
20:00:33.135 [JavaFX Application Thread] DEBUG Engine               - Running on OS: Mac OS X version 15.1
20:00:33.135 [JavaFX Application Thread] DEBUG Engine               - Architecture: aarch64
20:00:33.135 [JavaFX Application Thread] INFO  Engine               - Source code and latest versions at: https://github.com/AlmasB/FXGL
20:00:33.135 [JavaFX Application Thread] INFO  Engine               -       Ask questions and discuss at: https://github.com/AlmasB/FXGL/discussions
20:00:33.135 [JavaFX Application Thread] INFO  Engine               -              Join the FXGL chat at: https://gitter.im/AlmasB/FXGL
20:00:33.167 [JavaFX Application Thread] DEBUG PrimaryStageWindow   - Creating a JavaFX scene
20:00:33.187 [JavaFX Application Thread] DEBUG PrimaryStageWindow   - Target settings size: 800.0 x 800.0
20:00:33.187 [JavaFX Application Thread] DEBUG PrimaryStageWindow   - Scaled scene size:    800.0 x 800.0
20:00:33.187 [JavaFX Application Thread] DEBUG PrimaryStageWindow   - Scaled ratio: (1.0, 1.0)
20:00:33.187 [JavaFX Application Thread] DEBUG PrimaryStageWindow   - Set initial scene to FXGLStartupScene
20:00:33.188 [JavaFX Application Thread] DEBUG PrimaryStageWindow   - Opening main window
20:00:33.245 [JavaFX Application Thread] DEBUG PrimaryStageWindow   - Window border size: (0.0, 28.0)
20:00:33.245 [JavaFX Application Thread] DEBUG PrimaryStageWindow   - Scaled size: 800.0 x 800.0
20:00:33.245 [JavaFX Application Thread] DEBUG PrimaryStageWindow   - Scaled ratio: (1.0, 1.0)
20:00:33.245 [JavaFX Application Thread] DEBUG PrimaryStageWindow   - Scene size: 800.0 x 800.0
20:00:33.245 [JavaFX Application Thread] DEBUG PrimaryStageWindow   - Stage size: 800.0 x 828.0
20:00:33.248 [FXGL Background Thread 1 ] DEBUG Engine               - Initializing environment variables
20:00:33.277 [FXGL Background Thread 1 ] DEBUG FXGLAssetLoaderServi - User app class for loading assets: class kh.edu.paragoniu.spaceshooter.SpaceShooter
20:00:33.277 [FXGL Background Thread 1 ] DEBUG GameApplicationServi - Applying CSS: fxgl_dark.css
20:00:33.277 [FXGL Background Thread 1 ] DEBUG FXGLAssetLoaderServi - Loading from file system: jar:file:///Users/fyfaris/.m2/repository/com/github/almasb/fxgl/17.3/fxgl-17.3.jar!/fxglassets/ui/css/fxgl_dark.css
20:00:33.303 [FXGL Background Thread 1 ] DEBUG GameApplicationServi - Initializing application scenes
20:00:33.446 [FXGL Background Thread 1 ] DEBUG GameWorld            - Game world initialized
20:00:33.463 [FXGL Background Thread 1 ] DEBUG PhysicsWorld         - Physics world initialized: appHeight=800, physics.ppm=50.0
20:00:33.463 [FXGL Background Thread 1 ] DEBUG PhysicsWorld         - Using strategy: BRUTE_FORCE
20:00:33.464 [FXGL Background Thread 1 ] DEBUG GameScene            - Game scene initialized: 800x800
20:00:33.468 [FXGL Background Thread 1 ] DEBUG FXGL.DefaultMenu     - createMenuBodyMainMenu()
20:00:33.474 [FXGL Background Thread 1 ] DEBUG FXGL.DefaultMenu     - createOptionsMenu()
20:00:33.476 [FXGL Background Thread 1 ] DEBUG FXGLAssetLoaderServi - Loading from file system: jar:file:///Users/fyfaris/.m2/repository/com/github/almasb/fxgl/17.3/fxgl-17.3.jar!/fxglassets/textures/particles/smoke.png
20:00:33.505 [FXGL Background Thread 1 ] DEBUG FXGLAssetLoaderServi - Loading from file system: jar:file:///Users/fyfaris/.m2/repository/com/github/almasb/fxgl/17.3/fxgl-17.3.jar!/fxglassets/textures/particles/trace_horizontal.png
20:00:33.515 [FXGL Background Thread 1 ] DEBUG FXGL.DefaultMenu     - createMenuBodyGameMenu()
20:00:33.515 [FXGL Background Thread 1 ] DEBUG FXGL.DefaultMenu     - createOptionsMenu()
20:00:33.521 [FXGL Background Thread 1 ] DEBUG GameApplicationServi - Application scenes initialized
20:00:33.524 [FXGL Background Thread 1 ] DEBUG SystemBundleService  - Loading FXGL system data
20:00:33.525 [FXGL Background Thread 1 ] DEBUG FileSystemAccess     - Reading from: /Users/fyfaris/New/system/fxgl.bundle
20:00:33.527 [FXGL Background Thread 1 ] DEBUG SystemBundleService  - Bundle FXGL: {}
20:00:33.527 [FXGL Background Thread 1 ] DEBUG UpdaterService       - Checking for updates
20:00:33.528 [FXGL Background Thread 4 ] DEBUG FXGLApplication      - Loading fonts
20:00:33.529 [FXGL Background Thread 4 ] DEBUG FXGLAssetLoaderServi - Loading from file system: jar:file:///Users/fyfaris/.m2/repository/com/github/almasb/fxgl/17.3/fxgl-17.3.jar!/fxglassets/ui/fonts/VarelaRound-Regular.ttf
20:00:33.529 [FXGL Background Thread 1 ] DEBUG FXGLApplication      - Loading default localization
20:00:33.529 [FXGL Background Thread 1 ] DEBUG FXGLAssetLoaderServi - Loading from file system: jar:file:///Users/fyfaris/.m2/repository/com/github/almasb/fxgl/17.3/fxgl-17.3.jar!/fxglassets/languages/english.lang
20:00:33.534 [FXGL Background Thread 4 ] DEBUG FXGLAssetLoaderServi - Loading from file system: jar:file:///Users/fyfaris/.m2/repository/com/github/almasb/fxgl/17.3/fxgl-17.3.jar!/fxglassets/ui/fonts/Abel-Regular.ttf
20:00:33.534 [FXGL Background Thread 1 ] INFO  FXGLApplication      - FXGL initialization took: 0.286 sec
20:00:33.535 [FXGL Background Thread 4 ] DEBUG FXGLAssetLoaderServi - Loading from file system: jar:file:///Users/fyfaris/.m2/repository/com/github/almasb/fxgl/17.3/fxgl-17.3.jar!/fxglassets/ui/fonts/TerminalLandMono-Regular.otf
20:00:33.536 [FXGL Background Thread 4 ] DEBUG FXGLAssetLoaderServi - Loading from file system: jar:file:///Users/fyfaris/.m2/repository/com/github/almasb/fxgl/17.3/fxgl-17.3.jar!/fxglassets/ui/fonts/Courier-Prime.ttf
20:00:33.537 [JavaFX Application Thread] DEBUG Input                - Registered new binding: LEFT - A
20:00:33.537 [JavaFX Application Thread] DEBUG Input                - Registered new binding: RIGHT - D
20:00:33.537 [JavaFX Application Thread] DEBUG Input                - Registered new binding: Down - S
20:00:33.537 [JavaFX Application Thread] DEBUG Input                - Registered new binding: Up - W
20:00:33.537 [JavaFX Application Thread] DEBUG Input                - Registered new binding: Pause - Esc
20:00:33.537 [JavaFX Application Thread] DEBUG Input                - Registered new binding: Show Leaderboard - L
20:00:33.537 [JavaFX Application Thread] DEBUG FXGLAssetLoaderServi - Loading from file system: jar:file:///Users/fyfaris/.m2/repository/com/github/almasb/fxgl/17.3/fxgl-17.3.jar!/fxglassets/textures/fxgl_icon.png
20:00:33.547 [JavaFX Application Thread] DEBUG FXGLAssetLoaderServi - Loading from file system: jar:file:///Users/fyfaris/.m2/repository/com/github/almasb/fxgl/17.3/fxgl-17.3.jar!/fxglassets/textures/fxgl_default_cursor.png
20:00:33.547 [JavaFX Application Thread] DEBUG Input                - Registered new binding: Screenshot - CTRL+8
20:00:33.547 [JavaFX Application Thread] DEBUG Input                - Registered new binding: System info dump - CTRL+9
20:00:33.548 [JavaFX Application Thread] DEBUG Input                - Registered new binding: Restart - CTRL+R
20:00:33.548 [JavaFX Application Thread] DEBUG Input                - Registered new binding: Toggle Debug Camera - CTRL+7
20:00:33.548 [JavaFX Application Thread] DEBUG LoopRunner           - Starting loop
20:00:33.548 [JavaFX Application Thread] DEBUG LoopRunner           - Initializing JavaFX AnimationTimerLoop
20:00:33.549 [JavaFX Application Thread] DEBUG Input                - Clearing active input actions
20:00:33.551 [JavaFX Application Thread] DEBUG GameApplicationServi - Removing overlay from FXGLStartupScene and adding to FXGLMainMenuDummyScene
20:00:33.551 [JavaFX Application Thread] DEBUG PrimaryStageWindow   - FXGLStartupScene -> FXGLMainMenuDummyScene
20:00:33.551 [JavaFX Application Thread] DEBUG PrimaryStageWindow   - Push state: FXGLDefaultMenu
20:00:33.552 [JavaFX Application Thread] DEBUG Input                - Clearing active input actions
20:00:33.555 [JavaFX Application Thread] DEBUG GameApplicationServi - Removing overlay from FXGLMainMenuDummyScene and adding to FXGLDefaultMenu
20:00:33.555 [JavaFX Application Thread] DEBUG PrimaryStageWindow   - FXGLMainMenuDummyScene -> FXGLDefaultMenu
20:00:33.557 [JavaFX Application Thread] DEBUG FXGLApplication      - Registering font factories with UI factory
20:00:33.799 [FXGL Background Thread 2 ] INFO  UpdaterService       - Your current version:  17.3
20:00:33.799 [FXGL Background Thread 2 ] INFO  UpdaterService       - Latest stable version: 21.1
20:00:34.131 [JavaFX Application Thread] DEBUG Menu                 - fireNewGame()
20:00:34.131 [JavaFX Application Thread] DEBUG GameApplicationServi - Starting new game
20:00:34.131 [JavaFX Application Thread] DEBUG PrimaryStageWindow   - Pop state: FXGLDefaultMenu
20:00:34.131 [JavaFX Application Thread] DEBUG Input                - Clearing active input actions
20:00:34.132 [JavaFX Application Thread] DEBUG GameApplicationServi - Removing overlay from FXGLDefaultMenu and adding to FXGLMainMenuDummyScene
20:00:34.132 [JavaFX Application Thread] DEBUG PrimaryStageWindow   - FXGLMainMenuDummyScene <- FXGLDefaultMenu
20:00:34.132 [JavaFX Application Thread] DEBUG Input                - Clearing active input actions
20:00:34.134 [JavaFX Application Thread] DEBUG GameApplicationServi - Removing overlay from FXGLMainMenuDummyScene and adding to FXGLLoadingScene
20:00:34.134 [JavaFX Application Thread] DEBUG PrimaryStageWindow   - FXGLMainMenuDummyScene -> FXGLLoadingScene
20:00:34.134 [JavaFX Application Thread] DEBUG GameApplicationServi - Clearing previous game
20:00:34.134 [JavaFX Application Thread] DEBUG GameScene            - Clearing game scene
20:00:34.134 [JavaFX Application Thread] DEBUG GameWorld            - Clearing game world
20:00:34.134 [JavaFX Application Thread] DEBUG PhysicsWorld         - Clearing physics world
20:00:34.135 [FXGL Background Thread 2 ] DEBUG FXGLApplication      - Initializing game
20:00:34.316 [FXGL Background Thread 2 ] INFO  FXGLApplication      - Game initialization took: 0.181 sec
20:00:34.316 [JavaFX Application Thread] DEBUG Input                - Clearing active input actions
20:00:34.318 [JavaFX Application Thread] DEBUG GameApplicationServi - Removing overlay from FXGLLoadingScene and adding to GameScene
20:00:34.318 [JavaFX Application Thread] DEBUG PrimaryStageWindow   - FXGLLoadingScene -> GameScene
20:00:36.533 [FXGL Background Thread 3 ] DEBUG Engine               - Logging environment variables
20:00:36.534 [FXGL Background Thread 3 ] DEBUG Engine               - achievements: []
20:00:36.534 [FXGL Background Thread 3 ] DEBUG Engine               - actualHeight: 800.0
20:00:36.534 [FXGL Background Thread 3 ] DEBUG Engine               - actualHeightProperty: ReadOnlyDoubleProperty [value: 800.0]
20:00:36.534 [FXGL Background Thread 3 ] DEBUG Engine               - actualWidth: 800.0
20:00:36.534 [FXGL Background Thread 3 ] DEBUG Engine               - actualWidthProperty: ReadOnlyDoubleProperty [value: 800.0]
20:00:36.534 [FXGL Background Thread 3 ] DEBUG Engine               - appIcon: fxgl_icon.png
20:00:36.534 [FXGL Background Thread 3 ] DEBUG Engine               - applicationMode: DEVELOPER
20:00:36.534 [FXGL Background Thread 3 ] DEBUG Engine               - cSSList: [fxgl_dark.css]
20:00:36.534 [FXGL Background Thread 3 ] DEBUG Engine               - collisionDetectionStrategy: BRUTE_FORCE
20:00:36.534 [FXGL Background Thread 3 ] DEBUG Engine               - configClass: Optional.empty
20:00:36.534 [FXGL Background Thread 3 ] DEBUG Engine               - credits: []
20:00:36.534 [FXGL Background Thread 3 ] DEBUG Engine               - defaultCursor: CursorInfo(imageName=fxgl_default_cursor.png, hotspotX=7.0, hotspotY=6.0)
20:00:36.534 [FXGL Background Thread 3 ] DEBUG Engine               - devBBoxColorProperty: ObjectProperty [value: 0xff0000ff]
20:00:36.534 [FXGL Background Thread 3 ] DEBUG Engine               - devEnableDebugCameraProperty: BooleanProperty [value: false]
20:00:36.534 [FXGL Background Thread 3 ] DEBUG Engine               - devSensorColorProperty: ObjectProperty [value: 0xffff00ff]
20:00:36.534 [FXGL Background Thread 3 ] DEBUG Engine               - devShowBBoxProperty: BooleanProperty [value: false]
20:00:36.534 [FXGL Background Thread 3 ] DEBUG Engine               - devShowPositionProperty: BooleanProperty [value: false]
20:00:36.534 [FXGL Background Thread 3 ] DEBUG Engine               - enabledMenuItems: []
20:00:36.534 [FXGL Background Thread 3 ] DEBUG Engine               - engineServices: [class com.almasb.fxgl.app.services.FXGLAssetLoaderService, class com.almasb.fxgl.app.FXGLApplication$GameApplicationService, class com.almasb.fxgl.app.services.FXGLDialogService, class com.almasb.fxgl.app.services.IOTaskExecutorService, class com.almasb.fxgl.io.FileSystemService, class com.almasb.fxgl.localization.LocalizationService, class com.almasb.fxgl.app.services.SystemBundleService, class com.almasb.fxgl.profile.SaveLoadService, class com.almasb.fxgl.ui.FXGLUIFactoryServiceProvider, class com.almasb.fxgl.ui.FXGLDialogFactoryServiceProvider, class com.almasb.fxgl.audio.AudioPlayer, class com.almasb.fxgl.notification.impl.NotificationServiceProvider, class com.almasb.fxgl.achievement.AchievementService, class com.almasb.fxgl.cutscene.CutsceneService, class com.almasb.fxgl.minigames.MiniGameService, class com.almasb.fxgl.net.NetService, class com.almasb.fxgl.app.services.UpdaterService, class com.almasb.fxgl.dev.DevService]
20:00:36.534 [FXGL Background Thread 3 ] DEBUG Engine               - fontGame: Abel-Regular.ttf
20:00:36.534 [FXGL Background Thread 3 ] DEBUG Engine               - fontMono: TerminalLandMono-Regular.otf
20:00:36.534 [FXGL Background Thread 3 ] DEBUG Engine               - fontSizeScaleUI: 1.0
20:00:36.534 [FXGL Background Thread 3 ] DEBUG Engine               - fontText: Courier-Prime.ttf
20:00:36.535 [FXGL Background Thread 3 ] DEBUG Engine               - fontUI: VarelaRound-Regular.ttf
20:00:36.535 [FXGL Background Thread 3 ] DEBUG Engine               - fullScreen: BooleanProperty [value: false]
20:00:36.535 [FXGL Background Thread 3 ] DEBUG Engine               - gameDifficulty: MEDIUM
20:00:36.535 [FXGL Background Thread 3 ] DEBUG Engine               - gameDifficultyProperty: ObjectProperty [value: MEDIUM]
20:00:36.535 [FXGL Background Thread 3 ] DEBUG Engine               - globalMusicVolume: 0.5
20:00:36.535 [FXGL Background Thread 3 ] DEBUG Engine               - globalMusicVolumeProperty: DoubleProperty [value: 0.5]
20:00:36.535 [FXGL Background Thread 3 ] DEBUG Engine               - globalSoundVolume: 0.5
20:00:36.535 [FXGL Background Thread 3 ] DEBUG Engine               - globalSoundVolumeProperty: DoubleProperty [value: 0.5]
20:00:36.535 [FXGL Background Thread 3 ] DEBUG Engine               - height: 800
20:00:36.535 [FXGL Background Thread 3 ] DEBUG Engine               - is3D: false
20:00:36.535 [FXGL Background Thread 3 ] DEBUG Engine               - isAndroid: false
20:00:36.535 [FXGL Background Thread 3 ] DEBUG Engine               - isBrowser: false
20:00:36.535 [FXGL Background Thread 3 ] DEBUG Engine               - isClickFeedbackEnabled: false
20:00:36.535 [FXGL Background Thread 3 ] DEBUG Engine               - isCloseConfirmation: false
20:00:36.535 [FXGL Background Thread 3 ] DEBUG Engine               - isDesktop: true
20:00:36.535 [FXGL Background Thread 3 ] DEBUG Engine               - isDeveloperMenuEnabled: false
20:00:36.535 [FXGL Background Thread 3 ] DEBUG Engine               - isEmbedded: false
20:00:36.535 [FXGL Background Thread 3 ] DEBUG Engine               - isEntityPreloadEnabled: true
20:00:36.535 [FXGL Background Thread 3 ] DEBUG Engine               - isExperimentalTiledLargeMap: false
20:00:36.535 [FXGL Background Thread 3 ] DEBUG Engine               - isFileSystemWriteAllowed: true
20:00:36.535 [FXGL Background Thread 3 ] DEBUG Engine               - isFullScreenAllowed: false
20:00:36.535 [FXGL Background Thread 3 ] DEBUG Engine               - isFullScreenFromStart: false
20:00:36.535 [FXGL Background Thread 3 ] DEBUG Engine               - isGameMenuEnabled: true
20:00:36.535 [FXGL Background Thread 3 ] DEBUG Engine               - isIOS: false
20:00:36.535 [FXGL Background Thread 3 ] DEBUG Engine               - isIntroEnabled: false
20:00:36.535 [FXGL Background Thread 3 ] DEBUG Engine               - isLinux: false
20:00:36.535 [FXGL Background Thread 3 ] DEBUG Engine               - isMac: true
20:00:36.535 [FXGL Background Thread 3 ] DEBUG Engine               - isMainMenuEnabled: true
20:00:36.535 [FXGL Background Thread 3 ] DEBUG Engine               - isManualResizeEnabled: false
20:00:36.535 [FXGL Background Thread 3 ] DEBUG Engine               - isMobile: false
20:00:36.535 [FXGL Background Thread 3 ] DEBUG Engine               - isNative: false
20:00:36.535 [FXGL Background Thread 3 ] DEBUG Engine               - isPauseMusicWhenMinimized: true
20:00:36.535 [FXGL Background Thread 3 ] DEBUG Engine               - isPreserveResizeRatio: false
20:00:36.535 [FXGL Background Thread 3 ] DEBUG Engine               - isProfilingEnabled: false
20:00:36.535 [FXGL Background Thread 3 ] DEBUG Engine               - isScaleAffectedOnResize: true
20:00:36.535 [FXGL Background Thread 3 ] DEBUG Engine               - isSingleStep: false
20:00:36.535 [FXGL Background Thread 3 ] DEBUG Engine               - isUserProfileEnabled: false
20:00:36.535 [FXGL Background Thread 3 ] DEBUG Engine               - isWindows: false
20:00:36.535 [FXGL Background Thread 3 ] DEBUG Engine               - language: ObjectProperty [value: ENGLISH]
20:00:36.535 [FXGL Background Thread 3 ] DEBUG Engine               - menuKey: ESCAPE
20:00:36.535 [FXGL Background Thread 3 ] DEBUG Engine               - mouseSensitivity: 0.2
20:00:36.535 [FXGL Background Thread 3 ] DEBUG Engine               - notificationViewClass: class com.almasb.fxgl.notification.view.XboxNotificationView
20:00:36.535 [FXGL Background Thread 3 ] DEBUG Engine               - pixelsPerMeter: 50.0
20:00:36.535 [FXGL Background Thread 3 ] DEBUG Engine               - platform: MAC
20:00:36.535 [FXGL Background Thread 3 ] DEBUG Engine               - prefHeightProperty: ReadOnlyDoubleProperty [value: 800.0]
20:00:36.535 [FXGL Background Thread 3 ] DEBUG Engine               - prefWidthProperty: ReadOnlyDoubleProperty [value: 800.0]
20:00:36.535 [FXGL Background Thread 3 ] DEBUG Engine               - profileDir: profiles/
20:00:36.535 [FXGL Background Thread 3 ] DEBUG Engine               - profileName: StringProperty [value: DEFAULT]
20:00:36.535 [FXGL Background Thread 3 ] DEBUG Engine               - randomSeed: -1
20:00:36.535 [FXGL Background Thread 3 ] DEBUG Engine               - runtimeInfo: RuntimeInfo(platform=MAC, version=17.3, build=30.03.2023 11.49)
20:00:36.535 [FXGL Background Thread 3 ] DEBUG Engine               - saveFileExt: sav
20:00:36.535 [FXGL Background Thread 3 ] DEBUG Engine               - scaledHeightProp$fxgl: DoubleProperty [bound, value: 800.0]
20:00:36.535 [FXGL Background Thread 3 ] DEBUG Engine               - scaledWidthProp$fxgl: DoubleProperty [bound, value: 800.0]
20:00:36.536 [FXGL Background Thread 3 ] DEBUG Engine               - sceneFactory: com.almasb.fxgl.app.scene.SceneFactory@196c4c72
20:00:36.536 [FXGL Background Thread 3 ] DEBUG Engine               - secondsIn24h: 60
20:00:36.536 [FXGL Background Thread 3 ] DEBUG Engine               - soundMenuBack: menu/back.wav
20:00:36.536 [FXGL Background Thread 3 ] DEBUG Engine               - soundMenuPress: menu/press.wav
20:00:36.536 [FXGL Background Thread 3 ] DEBUG Engine               - soundMenuSelect: menu/select.wav
20:00:36.536 [FXGL Background Thread 3 ] DEBUG Engine               - soundNotification: core/notification.wav
20:00:36.536 [FXGL Background Thread 3 ] DEBUG Engine               - stageStyle: DECORATED
20:00:36.536 [FXGL Background Thread 3 ] DEBUG Engine               - supportedLanguages: [ENGLISH, FRENCH, GERMAN, HUNGARIAN, RUSSIAN]
20:00:36.536 [FXGL Background Thread 3 ] DEBUG Engine               - ticksPerSecond: -1
20:00:36.536 [FXGL Background Thread 3 ] DEBUG Engine               - title: SpaceShooterGame
20:00:36.536 [FXGL Background Thread 3 ] DEBUG Engine               - urlGithub: https://github.com/AlmasB/FXGL
20:00:36.536 [FXGL Background Thread 3 ] DEBUG Engine               - urlLeaderboard: http://fxgl-top.herokuapp.com/
20:00:36.536 [FXGL Background Thread 3 ] DEBUG Engine               - urlPOM: https://raw.githubusercontent.com/AlmasB/FXGL/release/README.md
20:00:36.536 [FXGL Background Thread 3 ] DEBUG Engine               - userAppClass: class kh.edu.paragoniu.spaceshooter.SpaceShooter
20:00:36.536 [FXGL Background Thread 3 ] DEBUG Engine               - version: 1.0
20:00:36.536 [FXGL Background Thread 3 ] DEBUG Engine               - versionCheckDays: 7
20:00:36.536 [FXGL Background Thread 3 ] DEBUG Engine               - width: 800
20:00:36.536 [FXGL Background Thread 3 ] DEBUG Engine               - Logging services
20:00:36.536 [FXGL Background Thread 3 ] DEBUG Engine               - class com.almasb.fxgl.app.services.FXGLAssetLoaderService
20:00:36.536 [FXGL Background Thread 3 ] DEBUG Engine               - class com.almasb.fxgl.app.FXGLApplication$GameApplicationService
20:00:36.536 [FXGL Background Thread 3 ] DEBUG Engine               - class com.almasb.fxgl.app.services.FXGLDialogService
20:00:36.536 [FXGL Background Thread 3 ] DEBUG Engine               - class com.almasb.fxgl.app.services.IOTaskExecutorService
20:00:36.536 [FXGL Background Thread 3 ] DEBUG Engine               - class com.almasb.fxgl.io.FileSystemService
20:00:36.536 [FXGL Background Thread 3 ] DEBUG Engine               - class com.almasb.fxgl.localization.LocalizationService
20:00:36.536 [FXGL Background Thread 3 ] DEBUG Engine               - class com.almasb.fxgl.app.services.SystemBundleService
20:00:36.536 [FXGL Background Thread 3 ] DEBUG Engine               - class com.almasb.fxgl.profile.SaveLoadService
20:00:36.536 [FXGL Background Thread 3 ] DEBUG Engine               - class com.almasb.fxgl.ui.FXGLUIFactoryServiceProvider
20:00:36.536 [FXGL Background Thread 3 ] DEBUG Engine               - class com.almasb.fxgl.ui.FXGLDialogFactoryServiceProvider
20:00:36.536 [FXGL Background Thread 3 ] DEBUG Engine               - class com.almasb.fxgl.audio.AudioPlayer
20:00:36.536 [FXGL Background Thread 3 ] DEBUG Engine               - class com.almasb.fxgl.notification.impl.NotificationServiceProvider
20:00:36.536 [FXGL Background Thread 3 ] DEBUG Engine               - class com.almasb.fxgl.achievement.AchievementService
20:00:36.536 [FXGL Background Thread 3 ] DEBUG Engine               - class com.almasb.fxgl.cutscene.CutsceneService
20:00:36.536 [FXGL Background Thread 3 ] DEBUG Engine               - class com.almasb.fxgl.minigames.MiniGameService
20:00:36.536 [FXGL Background Thread 3 ] DEBUG Engine               - class com.almasb.fxgl.net.NetService
20:00:36.536 [FXGL Background Thread 3 ] DEBUG Engine               - class com.almasb.fxgl.app.services.UpdaterService
20:00:36.536 [FXGL Background Thread 3 ] DEBUG Engine               - class com.almasb.fxgl.dev.DevService
20:00:50.930 [JavaFX Application Thread] DEBUG FXGLApplication      - Exiting FXGL
20:00:50.930 [JavaFX Application Thread] DEBUG LoopRunner           - Stopping loop
20:00:50.930 [JavaFX Application Thread] DEBUG SystemBundleService  - Saving FXGL system data
20:00:50.932 [JavaFX Application Thread] DEBUG FileSystemAccess     - Writing to: /Users/fyfaris/New/system/fxgl.bundle
20:00:50.933 [JavaFX Application Thread] DEBUG Async                - Shutting down background threads
20:00:50.933 [JavaFX Application Thread] DEBUG PrimaryStageWindow   - Closing main window
20:00:50.938 [JavaFX Application Thread] DEBUG Logger               - Closing Logger
