10:50:53.770 [main                     ] DEBUG Logger               - Configured Logger
10:50:53.772 [main                     ] DEBUG GameApplication      - Logging settings
Title: SpaceShooterGame
Version: 1.0
Width: 800
Height: 800
Fullscreen: false
Intro: false
Profiling: false
Single step:false
App Mode: DEVELOPER
Menu Key: ESCAPE
Stage Style: DECORATED
Scene Factory: class com.almasb.fxgl.app.scene.SceneFactory

10:50:53.942 [JavaFX Application Thread] DEBUG FXGLApplication      - Initializing FXGL
10:50:53.943 [JavaFX Application Thread] INFO  Engine               - FXGL-17.3 (30.03.2023 11.49) on MAC (J:25 FX:21.0.6)
10:50:53.943 [JavaFX Application Thread] DEBUG Engine               - JRE Vendor Name: Oracle Corporation
10:50:53.943 [JavaFX Application Thread] DEBUG Engine               - Running on OS: Mac OS X version 15.1
10:50:53.943 [JavaFX Application Thread] DEBUG Engine               - Architecture: aarch64
10:50:53.944 [JavaFX Application Thread] INFO  Engine               - Source code and latest versions at: https://github.com/AlmasB/FXGL
10:50:53.944 [JavaFX Application Thread] INFO  Engine               -       Ask questions and discuss at: https://github.com/AlmasB/FXGL/discussions
10:50:53.944 [JavaFX Application Thread] INFO  Engine               -              Join the FXGL chat at: https://gitter.im/AlmasB/FXGL
10:50:53.984 [JavaFX Application Thread] DEBUG PrimaryStageWindow   - Creating a JavaFX scene
10:50:54.004 [JavaFX Application Thread] DEBUG PrimaryStageWindow   - Target settings size: 800.0 x 800.0
10:50:54.005 [JavaFX Application Thread] DEBUG PrimaryStageWindow   - Scaled scene size:    800.0 x 800.0
10:50:54.005 [JavaFX Application Thread] DEBUG PrimaryStageWindow   - Scaled ratio: (1.0, 1.0)
10:50:54.005 [JavaFX Application Thread] DEBUG PrimaryStageWindow   - Set initial scene to FXGLStartupScene
10:50:54.006 [JavaFX Application Thread] DEBUG PrimaryStageWindow   - Opening main window
10:50:54.072 [JavaFX Application Thread] DEBUG PrimaryStageWindow   - Window border size: (0.0, 28.0)
10:50:54.072 [JavaFX Application Thread] DEBUG PrimaryStageWindow   - Scaled size: 800.0 x 800.0
10:50:54.072 [JavaFX Application Thread] DEBUG PrimaryStageWindow   - Scaled ratio: (1.0, 1.0)
10:50:54.072 [JavaFX Application Thread] DEBUG PrimaryStageWindow   - Scene size: 800.0 x 800.0
10:50:54.072 [JavaFX Application Thread] DEBUG PrimaryStageWindow   - Stage size: 800.0 x 828.0
10:50:54.075 [FXGL Background Thread 1 ] DEBUG Engine               - Initializing environment variables
10:50:54.117 [FXGL Background Thread 1 ] DEBUG FXGLAssetLoaderServi - User app class for loading assets: class kh.edu.paragoniu.spaceshooter.SpaceShooter
10:50:54.117 [FXGL Background Thread 1 ] DEBUG GameApplicationServi - Applying CSS: fxgl_dark.css
10:50:54.118 [FXGL Background Thread 1 ] DEBUG FXGLAssetLoaderServi - Loading from file system: jar:file:///Users/fyfaris/.m2/repository/com/github/almasb/fxgl/17.3/fxgl-17.3.jar!/fxglassets/ui/css/fxgl_dark.css
10:50:54.148 [FXGL Background Thread 1 ] DEBUG GameApplicationServi - Initializing application scenes
10:50:54.315 [FXGL Background Thread 1 ] DEBUG GameWorld            - Game world initialized
10:50:54.333 [FXGL Background Thread 1 ] DEBUG PhysicsWorld         - Physics world initialized: appHeight=800, physics.ppm=50.0
10:50:54.333 [FXGL Background Thread 1 ] DEBUG PhysicsWorld         - Using strategy: BRUTE_FORCE
10:50:54.334 [FXGL Background Thread 1 ] DEBUG GameScene            - Game scene initialized: 800x800
10:50:54.338 [FXGL Background Thread 1 ] DEBUG FXGL.DefaultMenu     - createMenuBodyMainMenu()
10:50:54.343 [FXGL Background Thread 1 ] DEBUG FXGL.DefaultMenu     - createOptionsMenu()
10:50:54.346 [FXGL Background Thread 1 ] DEBUG FXGLAssetLoaderServi - Loading from file system: jar:file:///Users/fyfaris/.m2/repository/com/github/almasb/fxgl/17.3/fxgl-17.3.jar!/fxglassets/textures/particles/smoke.png
10:50:54.380 [FXGL Background Thread 1 ] DEBUG FXGLAssetLoaderServi - Loading from file system: jar:file:///Users/fyfaris/.m2/repository/com/github/almasb/fxgl/17.3/fxgl-17.3.jar!/fxglassets/textures/particles/trace_horizontal.png
10:50:54.404 [FXGL Background Thread 1 ] DEBUG FXGL.DefaultMenu     - createMenuBodyGameMenu()
10:50:54.404 [FXGL Background Thread 1 ] DEBUG FXGL.DefaultMenu     - createOptionsMenu()
10:50:54.418 [FXGL Background Thread 1 ] DEBUG GameApplicationServi - Application scenes initialized
10:50:54.430 [FXGL Background Thread 1 ] DEBUG SystemBundleService  - Loading FXGL system data
10:50:54.433 [FXGL Background Thread 1 ] DEBUG FileSystemAccess     - Reading from: /Users/fyfaris/New/system/fxgl.bundle
10:50:54.438 [FXGL Background Thread 1 ] DEBUG SystemBundleService  - Bundle FXGL: {}
10:50:54.438 [FXGL Background Thread 1 ] DEBUG UpdaterService       - Checking for updates
10:50:54.459 [FXGL Background Thread 4 ] DEBUG FXGLApplication      - Loading fonts
10:50:54.459 [FXGL Background Thread 4 ] DEBUG FXGLAssetLoaderServi - Loading from file system: jar:file:///Users/fyfaris/.m2/repository/com/github/almasb/fxgl/17.3/fxgl-17.3.jar!/fxglassets/ui/fonts/VarelaRound-Regular.ttf
10:50:54.460 [FXGL Background Thread 1 ] DEBUG FXGLApplication      - Loading default localization
10:50:54.461 [FXGL Background Thread 1 ] DEBUG FXGLAssetLoaderServi - Loading from file system: jar:file:///Users/fyfaris/.m2/repository/com/github/almasb/fxgl/17.3/fxgl-17.3.jar!/fxglassets/languages/english.lang
10:50:54.474 [FXGL Background Thread 4 ] DEBUG FXGLAssetLoaderServi - Loading from file system: jar:file:///Users/fyfaris/.m2/repository/com/github/almasb/fxgl/17.3/fxgl-17.3.jar!/fxglassets/ui/fonts/Abel-Regular.ttf
10:50:54.478 [FXGL Background Thread 1 ] INFO  FXGLApplication      - FXGL initialization took: 0.403 sec
10:50:54.479 [FXGL Background Thread 4 ] DEBUG FXGLAssetLoaderServi - Loading from file system: jar:file:///Users/fyfaris/.m2/repository/com/github/almasb/fxgl/17.3/fxgl-17.3.jar!/fxglassets/ui/fonts/TerminalLandMono-Regular.otf
10:50:54.480 [FXGL Background Thread 4 ] DEBUG FXGLAssetLoaderServi - Loading from file system: jar:file:///Users/fyfaris/.m2/repository/com/github/almasb/fxgl/17.3/fxgl-17.3.jar!/fxglassets/ui/fonts/Courier-Prime.ttf
10:50:54.482 [JavaFX Application Thread] DEBUG Input                - Registered new binding: LEFT - A
10:50:54.482 [JavaFX Application Thread] DEBUG Input                - Registered new binding: RIGHT - D
10:50:54.482 [JavaFX Application Thread] DEBUG Input                - Registered new binding: Down - S
10:50:54.482 [JavaFX Application Thread] DEBUG Input                - Registered new binding: Up - W
10:50:54.482 [JavaFX Application Thread] DEBUG Input                - Registered new binding: Pause - Esc
10:50:54.482 [JavaFX Application Thread] DEBUG Input                - Registered new binding: Show Leaderboard - L
10:50:54.482 [JavaFX Application Thread] DEBUG FXGLAssetLoaderServi - Loading from file system: jar:file:///Users/fyfaris/.m2/repository/com/github/almasb/fxgl/17.3/fxgl-17.3.jar!/fxglassets/textures/fxgl_icon.png
10:50:54.495 [JavaFX Application Thread] DEBUG FXGLAssetLoaderServi - Loading from file system: jar:file:///Users/fyfaris/.m2/repository/com/github/almasb/fxgl/17.3/fxgl-17.3.jar!/fxglassets/textures/fxgl_default_cursor.png
10:50:54.496 [JavaFX Application Thread] DEBUG Input                - Registered new binding: Screenshot - CTRL+8
10:50:54.496 [JavaFX Application Thread] DEBUG Input                - Registered new binding: System info dump - CTRL+9
10:50:54.496 [JavaFX Application Thread] DEBUG Input                - Registered new binding: Restart - CTRL+R
10:50:54.497 [JavaFX Application Thread] DEBUG Input                - Registered new binding: Toggle Debug Camera - CTRL+7
10:50:54.497 [JavaFX Application Thread] DEBUG LoopRunner           - Starting loop
10:50:54.497 [JavaFX Application Thread] DEBUG LoopRunner           - Initializing JavaFX AnimationTimerLoop
10:50:54.498 [JavaFX Application Thread] DEBUG Input                - Clearing active input actions
10:50:54.500 [JavaFX Application Thread] DEBUG GameApplicationServi - Removing overlay from FXGLStartupScene and adding to FXGLMainMenuDummyScene
10:50:54.500 [JavaFX Application Thread] DEBUG PrimaryStageWindow   - FXGLStartupScene -> FXGLMainMenuDummyScene
10:50:54.501 [JavaFX Application Thread] DEBUG PrimaryStageWindow   - Push state: FXGLDefaultMenu
10:50:54.502 [JavaFX Application Thread] DEBUG Input                - Clearing active input actions
10:50:54.505 [JavaFX Application Thread] DEBUG GameApplicationServi - Removing overlay from FXGLMainMenuDummyScene and adding to FXGLDefaultMenu
10:50:54.505 [JavaFX Application Thread] DEBUG PrimaryStageWindow   - FXGLMainMenuDummyScene -> FXGLDefaultMenu
10:50:54.507 [JavaFX Application Thread] DEBUG FXGLApplication      - Registering font factories with UI factory
10:50:54.824 [FXGL Background Thread 2 ] INFO  UpdaterService       - Your current version:  17.3
10:50:54.824 [FXGL Background Thread 2 ] INFO  UpdaterService       - Latest stable version: 21.1
10:50:57.456 [FXGL Background Thread 3 ] DEBUG Engine               - Logging environment variables
10:50:57.456 [FXGL Background Thread 3 ] DEBUG Engine               - achievements: []
10:50:57.456 [FXGL Background Thread 3 ] DEBUG Engine               - actualHeight: 800.0
10:50:57.456 [FXGL Background Thread 3 ] DEBUG Engine               - actualHeightProperty: ReadOnlyDoubleProperty [value: 800.0]
10:50:57.456 [FXGL Background Thread 3 ] DEBUG Engine               - actualWidth: 800.0
10:50:57.456 [FXGL Background Thread 3 ] DEBUG Engine               - actualWidthProperty: ReadOnlyDoubleProperty [value: 800.0]
10:50:57.456 [FXGL Background Thread 3 ] DEBUG Engine               - appIcon: fxgl_icon.png
10:50:57.456 [FXGL Background Thread 3 ] DEBUG Engine               - applicationMode: DEVELOPER
10:50:57.456 [FXGL Background Thread 3 ] DEBUG Engine               - cSSList: [fxgl_dark.css]
10:50:57.456 [FXGL Background Thread 3 ] DEBUG Engine               - collisionDetectionStrategy: BRUTE_FORCE
10:50:57.456 [FXGL Background Thread 3 ] DEBUG Engine               - configClass: Optional.empty
10:50:57.456 [FXGL Background Thread 3 ] DEBUG Engine               - credits: []
10:50:57.456 [FXGL Background Thread 3 ] DEBUG Engine               - defaultCursor: CursorInfo(imageName=fxgl_default_cursor.png, hotspotX=7.0, hotspotY=6.0)
10:50:57.456 [FXGL Background Thread 3 ] DEBUG Engine               - devBBoxColorProperty: ObjectProperty [value: 0xff0000ff]
10:50:57.456 [FXGL Background Thread 3 ] DEBUG Engine               - devEnableDebugCameraProperty: BooleanProperty [value: false]
10:50:57.456 [FXGL Background Thread 3 ] DEBUG Engine               - devSensorColorProperty: ObjectProperty [value: 0xffff00ff]
10:50:57.456 [FXGL Background Thread 3 ] DEBUG Engine               - devShowBBoxProperty: BooleanProperty [value: false]
10:50:57.456 [FXGL Background Thread 3 ] DEBUG Engine               - devShowPositionProperty: BooleanProperty [value: false]
10:50:57.456 [FXGL Background Thread 3 ] DEBUG Engine               - enabledMenuItems: []
10:50:57.456 [FXGL Background Thread 3 ] DEBUG Engine               - engineServices: [class com.almasb.fxgl.app.services.FXGLAssetLoaderService, class com.almasb.fxgl.app.FXGLApplication$GameApplicationService, class com.almasb.fxgl.app.services.FXGLDialogService, class com.almasb.fxgl.app.services.IOTaskExecutorService, class com.almasb.fxgl.io.FileSystemService, class com.almasb.fxgl.localization.LocalizationService, class com.almasb.fxgl.app.services.SystemBundleService, class com.almasb.fxgl.profile.SaveLoadService, class com.almasb.fxgl.ui.FXGLUIFactoryServiceProvider, class com.almasb.fxgl.ui.FXGLDialogFactoryServiceProvider, class com.almasb.fxgl.audio.AudioPlayer, class com.almasb.fxgl.notification.impl.NotificationServiceProvider, class com.almasb.fxgl.achievement.AchievementService, class com.almasb.fxgl.cutscene.CutsceneService, class com.almasb.fxgl.minigames.MiniGameService, class com.almasb.fxgl.net.NetService, class com.almasb.fxgl.app.services.UpdaterService, class com.almasb.fxgl.dev.DevService]
10:50:57.456 [FXGL Background Thread 3 ] DEBUG Engine               - fontGame: Abel-Regular.ttf
10:50:57.456 [FXGL Background Thread 3 ] DEBUG Engine               - fontMono: TerminalLandMono-Regular.otf
10:50:57.456 [FXGL Background Thread 3 ] DEBUG Engine               - fontSizeScaleUI: 1.0
10:50:57.456 [FXGL Background Thread 3 ] DEBUG Engine               - fontText: Courier-Prime.ttf
10:50:57.456 [FXGL Background Thread 3 ] DEBUG Engine               - fontUI: VarelaRound-Regular.ttf
10:50:57.456 [FXGL Background Thread 3 ] DEBUG Engine               - fullScreen: BooleanProperty [value: false]
10:50:57.456 [FXGL Background Thread 3 ] DEBUG Engine               - gameDifficulty: MEDIUM
10:50:57.456 [FXGL Background Thread 3 ] DEBUG Engine               - gameDifficultyProperty: ObjectProperty [value: MEDIUM]
10:50:57.457 [FXGL Background Thread 3 ] DEBUG Engine               - globalMusicVolume: 0.5
10:50:57.457 [FXGL Background Thread 3 ] DEBUG Engine               - globalMusicVolumeProperty: DoubleProperty [value: 0.5]
10:50:57.457 [FXGL Background Thread 3 ] DEBUG Engine               - globalSoundVolume: 0.5
10:50:57.457 [FXGL Background Thread 3 ] DEBUG Engine               - globalSoundVolumeProperty: DoubleProperty [value: 0.5]
10:50:57.457 [FXGL Background Thread 3 ] DEBUG Engine               - height: 800
10:50:57.457 [FXGL Background Thread 3 ] DEBUG Engine               - is3D: false
10:50:57.457 [FXGL Background Thread 3 ] DEBUG Engine               - isAndroid: false
10:50:57.457 [FXGL Background Thread 3 ] DEBUG Engine               - isBrowser: false
10:50:57.457 [FXGL Background Thread 3 ] DEBUG Engine               - isClickFeedbackEnabled: false
10:50:57.457 [FXGL Background Thread 3 ] DEBUG Engine               - isCloseConfirmation: false
10:50:57.457 [FXGL Background Thread 3 ] DEBUG Engine               - isDesktop: true
10:50:57.457 [FXGL Background Thread 3 ] DEBUG Engine               - isDeveloperMenuEnabled: false
10:50:57.457 [FXGL Background Thread 3 ] DEBUG Engine               - isEmbedded: false
10:50:57.457 [FXGL Background Thread 3 ] DEBUG Engine               - isEntityPreloadEnabled: true
10:50:57.457 [FXGL Background Thread 3 ] DEBUG Engine               - isExperimentalTiledLargeMap: false
10:50:57.457 [FXGL Background Thread 3 ] DEBUG Engine               - isFileSystemWriteAllowed: true
10:50:57.457 [FXGL Background Thread 3 ] DEBUG Engine               - isFullScreenAllowed: false
10:50:57.457 [FXGL Background Thread 3 ] DEBUG Engine               - isFullScreenFromStart: false
10:50:57.457 [FXGL Background Thread 3 ] DEBUG Engine               - isGameMenuEnabled: true
10:50:57.457 [FXGL Background Thread 3 ] DEBUG Engine               - isIOS: false
10:50:57.457 [FXGL Background Thread 3 ] DEBUG Engine               - isIntroEnabled: false
10:50:57.457 [FXGL Background Thread 3 ] DEBUG Engine               - isLinux: false
10:50:57.457 [FXGL Background Thread 3 ] DEBUG Engine               - isMac: true
10:50:57.457 [FXGL Background Thread 3 ] DEBUG Engine               - isMainMenuEnabled: true
10:50:57.457 [FXGL Background Thread 3 ] DEBUG Engine               - isManualResizeEnabled: false
10:50:57.457 [FXGL Background Thread 3 ] DEBUG Engine               - isMobile: false
10:50:57.457 [FXGL Background Thread 3 ] DEBUG Engine               - isNative: false
10:50:57.457 [FXGL Background Thread 3 ] DEBUG Engine               - isPauseMusicWhenMinimized: true
10:50:57.457 [FXGL Background Thread 3 ] DEBUG Engine               - isPreserveResizeRatio: false
10:50:57.457 [FXGL Background Thread 3 ] DEBUG Engine               - isProfilingEnabled: false
10:50:57.457 [FXGL Background Thread 3 ] DEBUG Engine               - isScaleAffectedOnResize: true
10:50:57.457 [FXGL Background Thread 3 ] DEBUG Engine               - isSingleStep: false
10:50:57.457 [FXGL Background Thread 3 ] DEBUG Engine               - isUserProfileEnabled: false
10:50:57.457 [FXGL Background Thread 3 ] DEBUG Engine               - isWindows: false
10:50:57.457 [FXGL Background Thread 3 ] DEBUG Engine               - language: ObjectProperty [value: ENGLISH]
10:50:57.457 [FXGL Background Thread 3 ] DEBUG Engine               - menuKey: ESCAPE
10:50:57.457 [FXGL Background Thread 3 ] DEBUG Engine               - mouseSensitivity: 0.2
10:50:57.457 [FXGL Background Thread 3 ] DEBUG Engine               - notificationViewClass: class com.almasb.fxgl.notification.view.XboxNotificationView
10:50:57.457 [FXGL Background Thread 3 ] DEBUG Engine               - pixelsPerMeter: 50.0
10:50:57.457 [FXGL Background Thread 3 ] DEBUG Engine               - platform: MAC
10:50:57.457 [FXGL Background Thread 3 ] DEBUG Engine               - prefHeightProperty: ReadOnlyDoubleProperty [value: 800.0]
10:50:57.457 [FXGL Background Thread 3 ] DEBUG Engine               - prefWidthProperty: ReadOnlyDoubleProperty [value: 800.0]
10:50:57.457 [FXGL Background Thread 3 ] DEBUG Engine               - profileDir: profiles/
10:50:57.457 [FXGL Background Thread 3 ] DEBUG Engine               - profileName: StringProperty [value: DEFAULT]
10:50:57.457 [FXGL Background Thread 3 ] DEBUG Engine               - randomSeed: -1
10:50:57.457 [FXGL Background Thread 3 ] DEBUG Engine               - runtimeInfo: RuntimeInfo(platform=MAC, version=17.3, build=30.03.2023 11.49)
10:50:57.457 [FXGL Background Thread 3 ] DEBUG Engine               - saveFileExt: sav
10:50:57.457 [FXGL Background Thread 3 ] DEBUG Engine               - scaledHeightProp$fxgl: DoubleProperty [bound, value: 800.0]
10:50:57.457 [FXGL Background Thread 3 ] DEBUG Engine               - scaledWidthProp$fxgl: DoubleProperty [bound, value: 800.0]
10:50:57.457 [FXGL Background Thread 3 ] DEBUG Engine               - sceneFactory: com.almasb.fxgl.app.scene.SceneFactory@6fe3839b
10:50:57.457 [FXGL Background Thread 3 ] DEBUG Engine               - secondsIn24h: 60
10:50:57.457 [FXGL Background Thread 3 ] DEBUG Engine               - soundMenuBack: menu/back.wav
10:50:57.457 [FXGL Background Thread 3 ] DEBUG Engine               - soundMenuPress: menu/press.wav
10:50:57.457 [FXGL Background Thread 3 ] DEBUG Engine               - soundMenuSelect: menu/select.wav
10:50:57.457 [FXGL Background Thread 3 ] DEBUG Engine               - soundNotification: core/notification.wav
10:50:57.457 [FXGL Background Thread 3 ] DEBUG Engine               - stageStyle: DECORATED
10:50:57.457 [FXGL Background Thread 3 ] DEBUG Engine               - supportedLanguages: [ENGLISH, FRENCH, GERMAN, HUNGARIAN, RUSSIAN]
10:50:57.457 [FXGL Background Thread 3 ] DEBUG Engine               - ticksPerSecond: -1
10:50:57.457 [FXGL Background Thread 3 ] DEBUG Engine               - title: SpaceShooterGame
10:50:57.457 [FXGL Background Thread 3 ] DEBUG Engine               - urlGithub: https://github.com/AlmasB/FXGL
10:50:57.457 [FXGL Background Thread 3 ] DEBUG Engine               - urlLeaderboard: http://fxgl-top.herokuapp.com/
10:50:57.457 [FXGL Background Thread 3 ] DEBUG Engine               - urlPOM: https://raw.githubusercontent.com/AlmasB/FXGL/release/README.md
10:50:57.457 [FXGL Background Thread 3 ] DEBUG Engine               - userAppClass: class kh.edu.paragoniu.spaceshooter.SpaceShooter
10:50:57.457 [FXGL Background Thread 3 ] DEBUG Engine               - version: 1.0
10:50:57.457 [FXGL Background Thread 3 ] DEBUG Engine               - versionCheckDays: 7
10:50:57.457 [FXGL Background Thread 3 ] DEBUG Engine               - width: 800
10:50:57.458 [FXGL Background Thread 3 ] DEBUG Engine               - Logging services
10:50:57.458 [FXGL Background Thread 3 ] DEBUG Engine               - class com.almasb.fxgl.app.services.FXGLAssetLoaderService
10:50:57.458 [FXGL Background Thread 3 ] DEBUG Engine               - class com.almasb.fxgl.app.FXGLApplication$GameApplicationService
10:50:57.458 [FXGL Background Thread 3 ] DEBUG Engine               - class com.almasb.fxgl.app.services.FXGLDialogService
10:50:57.458 [FXGL Background Thread 3 ] DEBUG Engine               - class com.almasb.fxgl.app.services.IOTaskExecutorService
10:50:57.458 [FXGL Background Thread 3 ] DEBUG Engine               - class com.almasb.fxgl.io.FileSystemService
10:50:57.458 [FXGL Background Thread 3 ] DEBUG Engine               - class com.almasb.fxgl.localization.LocalizationService
10:50:57.458 [FXGL Background Thread 3 ] DEBUG Engine               - class com.almasb.fxgl.app.services.SystemBundleService
10:50:57.458 [FXGL Background Thread 3 ] DEBUG Engine               - class com.almasb.fxgl.profile.SaveLoadService
10:50:57.458 [FXGL Background Thread 3 ] DEBUG Engine               - class com.almasb.fxgl.ui.FXGLUIFactoryServiceProvider
10:50:57.458 [FXGL Background Thread 3 ] DEBUG Engine               - class com.almasb.fxgl.ui.FXGLDialogFactoryServiceProvider
10:50:57.458 [FXGL Background Thread 3 ] DEBUG Engine               - class com.almasb.fxgl.audio.AudioPlayer
10:50:57.458 [FXGL Background Thread 3 ] DEBUG Engine               - class com.almasb.fxgl.notification.impl.NotificationServiceProvider
10:50:57.458 [FXGL Background Thread 3 ] DEBUG Engine               - class com.almasb.fxgl.achievement.AchievementService
10:50:57.458 [FXGL Background Thread 3 ] DEBUG Engine               - class com.almasb.fxgl.cutscene.CutsceneService
10:50:57.458 [FXGL Background Thread 3 ] DEBUG Engine               - class com.almasb.fxgl.minigames.MiniGameService
10:50:57.458 [FXGL Background Thread 3 ] DEBUG Engine               - class com.almasb.fxgl.net.NetService
10:50:57.458 [FXGL Background Thread 3 ] DEBUG Engine               - class com.almasb.fxgl.app.services.UpdaterService
10:50:57.458 [FXGL Background Thread 3 ] DEBUG Engine               - class com.almasb.fxgl.dev.DevService
10:50:57.473 [JavaFX Application Thread] DEBUG Menu                 - fireNewGame()
10:50:57.473 [JavaFX Application Thread] DEBUG GameApplicationServi - Starting new game
10:50:57.474 [JavaFX Application Thread] DEBUG PrimaryStageWindow   - Pop state: FXGLDefaultMenu
10:50:57.474 [JavaFX Application Thread] DEBUG Input                - Clearing active input actions
10:50:57.474 [JavaFX Application Thread] DEBUG GameApplicationServi - Removing overlay from FXGLDefaultMenu and adding to FXGLMainMenuDummyScene
10:50:57.474 [JavaFX Application Thread] DEBUG PrimaryStageWindow   - FXGLMainMenuDummyScene <- FXGLDefaultMenu
10:50:57.474 [JavaFX Application Thread] DEBUG Input                - Clearing active input actions
10:50:57.477 [JavaFX Application Thread] DEBUG GameApplicationServi - Removing overlay from FXGLMainMenuDummyScene and adding to FXGLLoadingScene
10:50:57.477 [JavaFX Application Thread] DEBUG PrimaryStageWindow   - FXGLMainMenuDummyScene -> FXGLLoadingScene
10:50:57.477 [JavaFX Application Thread] DEBUG GameApplicationServi - Clearing previous game
10:50:57.477 [JavaFX Application Thread] DEBUG GameScene            - Clearing game scene
10:50:57.477 [JavaFX Application Thread] DEBUG GameWorld            - Clearing game world
10:50:57.477 [JavaFX Application Thread] DEBUG PhysicsWorld         - Clearing physics world
10:50:57.478 [FXGL Background Thread 2 ] DEBUG FXGLApplication      - Initializing game
10:50:57.512 [FXGL Background Thread 2 ] INFO  FXGLApplication      - Game initialization took: 0.034 sec
10:50:57.512 [JavaFX Application Thread] DEBUG Input                - Clearing active input actions
10:50:57.514 [JavaFX Application Thread] DEBUG GameApplicationServi - Removing overlay from FXGLLoadingScene and adding to GameScene
10:50:57.514 [JavaFX Application Thread] DEBUG PrimaryStageWindow   - FXGLLoadingScene -> GameScene
10:51:01.606 [JavaFX Application Thread] DEBUG FXGLApplication      - Exiting FXGL
10:51:01.606 [JavaFX Application Thread] DEBUG LoopRunner           - Stopping loop
10:51:01.606 [JavaFX Application Thread] DEBUG SystemBundleService  - Saving FXGL system data
10:51:01.607 [JavaFX Application Thread] DEBUG FileSystemAccess     - Writing to: /Users/fyfaris/New/system/fxgl.bundle
10:51:01.608 [JavaFX Application Thread] DEBUG Async                - Shutting down background threads
10:51:01.608 [JavaFX Application Thread] DEBUG PrimaryStageWindow   - Closing main window
10:51:01.613 [JavaFX Application Thread] DEBUG Logger               - Closing Logger
