15:07:12.904 [main                     ] DEBUG Logger               - Configured Logger
15:07:12.914 [main                     ] DEBUG GameApplication      - Logging settings
Title: SpaceShooterGame
Version: 0.0
Width: 800
Height: 800
Fullscreen: false
Intro: false
Profiling: false
Single step:false
App Mode: DEVELOPER
Menu Key: ESCAPE
Stage Style: DECORATED
Scene Factory: class com.almasb.fxgl.app.scene.SceneFactory

15:07:13.423 [JavaFX Application Thread] DEBUG FXGLApplication      - Initializing FXGL
15:07:13.426 [JavaFX Application Thread] INFO  Engine               - FXGL-17.3 (30.03.2023 11.49) on WINDOWS (J:25.0.1 FX:21.0.6)
15:07:13.426 [JavaFX Application Thread] DEBUG Engine               - JRE Vendor Name: Oracle Corporation
15:07:13.427 [JavaFX Application Thread] DEBUG Engine               - Running on OS: Windows 11 version 10.0
15:07:13.427 [JavaFX Application Thread] DEBUG Engine               - Architecture: amd64
15:07:13.427 [JavaFX Application Thread] INFO  Engine               - Source code and latest versions at: https://github.com/AlmasB/FXGL
15:07:13.427 [JavaFX Application Thread] INFO  Engine               -       Ask questions and discuss at: https://github.com/AlmasB/FXGL/discussions
15:07:13.427 [JavaFX Application Thread] INFO  Engine               -              Join the FXGL chat at: https://gitter.im/AlmasB/FXGL
15:07:13.539 [JavaFX Application Thread] DEBUG PrimaryStageWindow   - Creating a JavaFX scene
15:07:13.592 [JavaFX Application Thread] DEBUG PrimaryStageWindow   - Target settings size: 800.0 x 800.0
15:07:13.592 [JavaFX Application Thread] DEBUG PrimaryStageWindow   - Scaled scene size:    800.0 x 800.0
15:07:13.592 [JavaFX Application Thread] DEBUG PrimaryStageWindow   - Scaled ratio: (1.0, 1.0)
15:07:13.593 [JavaFX Application Thread] DEBUG PrimaryStageWindow   - Set initial scene to FXGLStartupScene
15:07:13.597 [JavaFX Application Thread] DEBUG PrimaryStageWindow   - Opening main window
15:07:13.725 [JavaFX Application Thread] DEBUG PrimaryStageWindow   - Window border size: (14.66668701171875, 40.0)
15:07:13.725 [JavaFX Application Thread] DEBUG PrimaryStageWindow   - Scaled size: 800.0 x 800.0
15:07:13.726 [JavaFX Application Thread] DEBUG PrimaryStageWindow   - Scaled ratio: (1.0, 1.0)
15:07:13.726 [JavaFX Application Thread] DEBUG PrimaryStageWindow   - Scene size: 800.0 x 800.0
15:07:13.726 [JavaFX Application Thread] DEBUG PrimaryStageWindow   - Stage size: 814.6666870117188 x 840.0
15:07:13.737 [FXGL Background Thread 1 ] DEBUG Engine               - Initializing environment variables
15:07:13.794 [FXGL Background Thread 1 ] DEBUG FXGLAssetLoaderServi - User app class for loading assets: class kh.edu.paragoniu.spaceshooter.SpaceShooter
15:07:13.795 [FXGL Background Thread 1 ] DEBUG GameApplicationServi - Applying CSS: fxgl_dark.css
15:07:13.796 [FXGL Background Thread 1 ] DEBUG FXGLAssetLoaderServi - Loading from file system: jar:file:///C:/Users/USER/.m2/repository/com/github/almasb/fxgl/17.3/fxgl-17.3.jar!/fxglassets/ui/css/fxgl_dark.css
15:07:13.860 [FXGL Background Thread 1 ] DEBUG GameApplicationServi - Initializing application scenes
15:07:13.906 [FXGL Background Thread 1 ] DEBUG GameWorld            - Game world initialized
15:07:13.960 [FXGL Background Thread 1 ] DEBUG PhysicsWorld         - Physics world initialized: appHeight=800, physics.ppm=50.0
15:07:13.960 [FXGL Background Thread 1 ] DEBUG PhysicsWorld         - Using strategy: BRUTE_FORCE
15:07:13.965 [FXGL Background Thread 1 ] DEBUG GameScene            - Game scene initialized: 800x800
15:07:13.978 [FXGL Background Thread 1 ] DEBUG FXGL.DefaultMenu     - createMenuBodyGameMenu()
15:07:13.993 [FXGL Background Thread 1 ] DEBUG FXGL.DefaultMenu     - createOptionsMenu()
15:07:14.007 [FXGL Background Thread 1 ] DEBUG FXGLAssetLoaderServi - Loading from file system: jar:file:///C:/Users/USER/.m2/repository/com/github/almasb/fxgl/17.3/fxgl-17.3.jar!/fxglassets/textures/particles/smoke.png
15:07:14.117 [FXGL Background Thread 1 ] DEBUG FXGLAssetLoaderServi - Loading from file system: jar:file:///C:/Users/USER/.m2/repository/com/github/almasb/fxgl/17.3/fxgl-17.3.jar!/fxglassets/textures/particles/trace_horizontal.png
15:07:14.152 [FXGL Background Thread 1 ] DEBUG GameApplicationServi - Application scenes initialized
15:07:14.166 [FXGL Background Thread 1 ] DEBUG SystemBundleService  - Loading FXGL system data
15:07:14.168 [FXGL Background Thread 1 ] DEBUG FileSystemAccess     - Reading from: C:\Users\USER\IdeaProjects\SpaceShooter\system\fxgl.bundle
15:07:14.170 [FXGL Background Thread 1 ] DEBUG SystemBundleService  - Bundle FXGL: {}
15:07:14.170 [FXGL Background Thread 1 ] DEBUG UpdaterService       - Checking for updates
15:07:14.175 [FXGL Background Thread 4 ] DEBUG FXGLApplication      - Loading fonts
15:07:14.175 [FXGL Background Thread 1 ] DEBUG FXGLApplication      - Loading default localization
15:07:14.176 [FXGL Background Thread 4 ] DEBUG FXGLAssetLoaderServi - Loading from file system: jar:file:///C:/Users/USER/.m2/repository/com/github/almasb/fxgl/17.3/fxgl-17.3.jar!/fxglassets/ui/fonts/VarelaRound-Regular.ttf
15:07:14.176 [FXGL Background Thread 1 ] DEBUG FXGLAssetLoaderServi - Loading from file system: jar:file:///C:/Users/USER/.m2/repository/com/github/almasb/fxgl/17.3/fxgl-17.3.jar!/fxglassets/languages/english.lang
15:07:14.187 [FXGL Background Thread 4 ] DEBUG FXGLAssetLoaderServi - Loading from file system: jar:file:///C:/Users/USER/.m2/repository/com/github/almasb/fxgl/17.3/fxgl-17.3.jar!/fxglassets/ui/fonts/Abel-Regular.ttf
15:07:14.193 [FXGL Background Thread 4 ] DEBUG FXGLAssetLoaderServi - Loading from file system: jar:file:///C:/Users/USER/.m2/repository/com/github/almasb/fxgl/17.3/fxgl-17.3.jar!/fxglassets/ui/fonts/TerminalLandMono-Regular.otf
15:07:14.194 [FXGL Background Thread 1 ] INFO  FXGLApplication      - FXGL initialization took: 0.457 sec
15:07:14.197 [FXGL Background Thread 4 ] DEBUG FXGLAssetLoaderServi - Loading from file system: jar:file:///C:/Users/USER/.m2/repository/com/github/almasb/fxgl/17.3/fxgl-17.3.jar!/fxglassets/ui/fonts/Courier-Prime.ttf
15:07:14.204 [JavaFX Application Thread] DEBUG Input                - Registered new binding: LEFT - Left
15:07:14.204 [JavaFX Application Thread] DEBUG Input                - Registered new binding: RIGHT - Right
15:07:14.204 [JavaFX Application Thread] DEBUG Input                - Registered new binding: Single Shot - 1
15:07:14.204 [JavaFX Application Thread] DEBUG Input                - Registered new binding: Double Shot - 2
15:07:14.205 [JavaFX Application Thread] DEBUG Input                - Registered new binding: Triple Shot - 3
15:07:14.205 [JavaFX Application Thread] DEBUG FXGLAssetLoaderServi - Loading from file system: jar:file:///C:/Users/USER/.m2/repository/com/github/almasb/fxgl/17.3/fxgl-17.3.jar!/fxglassets/textures/fxgl_icon.png
15:07:14.239 [JavaFX Application Thread] DEBUG FXGLAssetLoaderServi - Loading from file system: jar:file:///C:/Users/USER/.m2/repository/com/github/almasb/fxgl/17.3/fxgl-17.3.jar!/fxglassets/textures/fxgl_default_cursor.png
15:07:14.242 [JavaFX Application Thread] DEBUG Input                - Registered new binding: Screenshot - CTRL+8
15:07:14.243 [JavaFX Application Thread] DEBUG Input                - Registered new binding: System info dump - CTRL+9
15:07:14.243 [JavaFX Application Thread] DEBUG Input                - Registered new binding: Restart - CTRL+R
15:07:14.244 [JavaFX Application Thread] DEBUG Input                - Registered new binding: Toggle Debug Camera - CTRL+7
15:07:14.247 [JavaFX Application Thread] DEBUG LoopRunner           - Starting loop
15:07:14.247 [JavaFX Application Thread] DEBUG LoopRunner           - Initializing JavaFX AnimationTimerLoop
15:07:14.248 [JavaFX Application Thread] DEBUG GameApplicationServi - Starting new game
15:07:14.249 [JavaFX Application Thread] DEBUG Input                - Clearing active input actions
15:07:14.264 [JavaFX Application Thread] DEBUG GameApplicationServi - Removing overlay from FXGLStartupScene and adding to FXGLLoadingScene
15:07:14.264 [JavaFX Application Thread] DEBUG PrimaryStageWindow   - FXGLStartupScene -> FXGLLoadingScene
15:07:14.265 [JavaFX Application Thread] DEBUG GameApplicationServi - Clearing previous game
15:07:14.265 [JavaFX Application Thread] DEBUG GameScene            - Clearing game scene
15:07:14.265 [JavaFX Application Thread] DEBUG GameWorld            - Clearing game world
15:07:14.265 [JavaFX Application Thread] DEBUG PhysicsWorld         - Clearing physics world
15:07:14.266 [FXGL Background Thread 4 ] DEBUG FXGLApplication      - Initializing game
15:07:14.266 [JavaFX Application Thread] DEBUG FXGLApplication      - Registering font factories with UI factory
15:07:14.325 [FXGL Background Thread 4 ] INFO  FXGLApplication      - Game initialization took: 0.058 sec
15:07:14.368 [JavaFX Application Thread] DEBUG Input                - Clearing active input actions
15:07:14.379 [JavaFX Application Thread] DEBUG GameApplicationServi - Removing overlay from FXGLLoadingScene and adding to GameScene
15:07:14.379 [JavaFX Application Thread] DEBUG PrimaryStageWindow   - FXGLLoadingScene -> GameScene
15:07:15.630 [FXGL Background Thread 2 ] INFO  UpdaterService       - Your current version:  17.3
15:07:15.630 [FXGL Background Thread 2 ] INFO  UpdaterService       - Latest stable version: 21.1
15:07:17.174 [FXGL Background Thread 3 ] DEBUG Engine               - Logging environment variables
15:07:17.175 [FXGL Background Thread 3 ] DEBUG Engine               - achievements: []
15:07:17.175 [FXGL Background Thread 3 ] DEBUG Engine               - actualHeight: 800.0
15:07:17.175 [FXGL Background Thread 3 ] DEBUG Engine               - actualHeightProperty: ReadOnlyDoubleProperty [value: 800.0]
15:07:17.175 [FXGL Background Thread 3 ] DEBUG Engine               - actualWidth: 800.0
15:07:17.175 [FXGL Background Thread 3 ] DEBUG Engine               - actualWidthProperty: ReadOnlyDoubleProperty [value: 800.0]
15:07:17.175 [FXGL Background Thread 3 ] DEBUG Engine               - appIcon: fxgl_icon.png
15:07:17.176 [FXGL Background Thread 3 ] DEBUG Engine               - applicationMode: DEVELOPER
15:07:17.176 [FXGL Background Thread 3 ] DEBUG Engine               - cSSList: [fxgl_dark.css]
15:07:17.176 [FXGL Background Thread 3 ] DEBUG Engine               - collisionDetectionStrategy: BRUTE_FORCE
15:07:17.176 [FXGL Background Thread 3 ] DEBUG Engine               - configClass: Optional.empty
15:07:17.176 [FXGL Background Thread 3 ] DEBUG Engine               - credits: []
15:07:17.176 [FXGL Background Thread 3 ] DEBUG Engine               - defaultCursor: CursorInfo(imageName=fxgl_default_cursor.png, hotspotX=7.0, hotspotY=6.0)
15:07:17.177 [FXGL Background Thread 3 ] DEBUG Engine               - devBBoxColorProperty: ObjectProperty [value: 0xff0000ff]
15:07:17.177 [FXGL Background Thread 3 ] DEBUG Engine               - devEnableDebugCameraProperty: BooleanProperty [value: false]
15:07:17.177 [FXGL Background Thread 3 ] DEBUG Engine               - devSensorColorProperty: ObjectProperty [value: 0xffff00ff]
15:07:17.177 [FXGL Background Thread 3 ] DEBUG Engine               - devShowBBoxProperty: BooleanProperty [value: false]
15:07:17.177 [FXGL Background Thread 3 ] DEBUG Engine               - devShowPositionProperty: BooleanProperty [value: false]
15:07:17.177 [FXGL Background Thread 3 ] DEBUG Engine               - enabledMenuItems: []
15:07:17.177 [FXGL Background Thread 3 ] DEBUG Engine               - engineServices: [class com.almasb.fxgl.app.services.FXGLAssetLoaderService, class com.almasb.fxgl.app.FXGLApplication$GameApplicationService, class com.almasb.fxgl.app.services.FXGLDialogService, class com.almasb.fxgl.app.services.IOTaskExecutorService, class com.almasb.fxgl.io.FileSystemService, class com.almasb.fxgl.localization.LocalizationService, class com.almasb.fxgl.app.services.SystemBundleService, class com.almasb.fxgl.profile.SaveLoadService, class com.almasb.fxgl.ui.FXGLUIFactoryServiceProvider, class com.almasb.fxgl.ui.FXGLDialogFactoryServiceProvider, class com.almasb.fxgl.audio.AudioPlayer, class com.almasb.fxgl.notification.impl.NotificationServiceProvider, class com.almasb.fxgl.achievement.AchievementService, class com.almasb.fxgl.cutscene.CutsceneService, class com.almasb.fxgl.minigames.MiniGameService, class com.almasb.fxgl.net.NetService, class com.almasb.fxgl.app.services.UpdaterService, class com.almasb.fxgl.dev.DevService]
15:07:17.178 [FXGL Background Thread 3 ] DEBUG Engine               - fontGame: Abel-Regular.ttf
15:07:17.178 [FXGL Background Thread 3 ] DEBUG Engine               - fontMono: TerminalLandMono-Regular.otf
15:07:17.178 [FXGL Background Thread 3 ] DEBUG Engine               - fontSizeScaleUI: 1.0
15:07:17.178 [FXGL Background Thread 3 ] DEBUG Engine               - fontText: Courier-Prime.ttf
15:07:17.178 [FXGL Background Thread 3 ] DEBUG Engine               - fontUI: VarelaRound-Regular.ttf
15:07:17.178 [FXGL Background Thread 3 ] DEBUG Engine               - fullScreen: BooleanProperty [value: false]
15:07:17.178 [FXGL Background Thread 3 ] DEBUG Engine               - gameDifficulty: MEDIUM
15:07:17.178 [FXGL Background Thread 3 ] DEBUG Engine               - gameDifficultyProperty: ObjectProperty [value: MEDIUM]
15:07:17.179 [FXGL Background Thread 3 ] DEBUG Engine               - globalMusicVolume: 0.5
15:07:17.179 [FXGL Background Thread 3 ] DEBUG Engine               - globalMusicVolumeProperty: DoubleProperty [value: 0.5]
15:07:17.179 [FXGL Background Thread 3 ] DEBUG Engine               - globalSoundVolume: 0.5
15:07:17.179 [FXGL Background Thread 3 ] DEBUG Engine               - globalSoundVolumeProperty: DoubleProperty [value: 0.5]
15:07:17.179 [FXGL Background Thread 3 ] DEBUG Engine               - height: 800
15:07:17.179 [FXGL Background Thread 3 ] DEBUG Engine               - is3D: false
15:07:17.179 [FXGL Background Thread 3 ] DEBUG Engine               - isAndroid: false
15:07:17.179 [FXGL Background Thread 3 ] DEBUG Engine               - isBrowser: false
15:07:17.179 [FXGL Background Thread 3 ] DEBUG Engine               - isClickFeedbackEnabled: false
15:07:17.180 [FXGL Background Thread 3 ] DEBUG Engine               - isCloseConfirmation: false
15:07:17.180 [FXGL Background Thread 3 ] DEBUG Engine               - isDesktop: true
15:07:17.180 [FXGL Background Thread 3 ] DEBUG Engine               - isDeveloperMenuEnabled: false
15:07:17.180 [FXGL Background Thread 3 ] DEBUG Engine               - isEmbedded: false
15:07:17.180 [FXGL Background Thread 3 ] DEBUG Engine               - isEntityPreloadEnabled: true
15:07:17.180 [FXGL Background Thread 3 ] DEBUG Engine               - isExperimentalTiledLargeMap: false
15:07:17.180 [FXGL Background Thread 3 ] DEBUG Engine               - isFileSystemWriteAllowed: true
15:07:17.180 [FXGL Background Thread 3 ] DEBUG Engine               - isFullScreenAllowed: false
15:07:17.180 [FXGL Background Thread 3 ] DEBUG Engine               - isFullScreenFromStart: false
15:07:17.181 [FXGL Background Thread 3 ] DEBUG Engine               - isGameMenuEnabled: true
15:07:17.181 [FXGL Background Thread 3 ] DEBUG Engine               - isIOS: false
15:07:17.181 [FXGL Background Thread 3 ] DEBUG Engine               - isIntroEnabled: false
15:07:17.181 [FXGL Background Thread 3 ] DEBUG Engine               - isLinux: false
15:07:17.181 [FXGL Background Thread 3 ] DEBUG Engine               - isMac: false
15:07:17.181 [FXGL Background Thread 3 ] DEBUG Engine               - isMainMenuEnabled: false
15:07:17.181 [FXGL Background Thread 3 ] DEBUG Engine               - isManualResizeEnabled: false
15:07:17.181 [FXGL Background Thread 3 ] DEBUG Engine               - isMobile: false
15:07:17.181 [FXGL Background Thread 3 ] DEBUG Engine               - isNative: false
15:07:17.182 [FXGL Background Thread 3 ] DEBUG Engine               - isPauseMusicWhenMinimized: true
15:07:17.182 [FXGL Background Thread 3 ] DEBUG Engine               - isPreserveResizeRatio: false
15:07:17.182 [FXGL Background Thread 3 ] DEBUG Engine               - isProfilingEnabled: false
15:07:17.182 [FXGL Background Thread 3 ] DEBUG Engine               - isScaleAffectedOnResize: true
15:07:17.182 [FXGL Background Thread 3 ] DEBUG Engine               - isSingleStep: false
15:07:17.182 [FXGL Background Thread 3 ] DEBUG Engine               - isUserProfileEnabled: false
15:07:17.182 [FXGL Background Thread 3 ] DEBUG Engine               - isWindows: true
15:07:17.182 [FXGL Background Thread 3 ] DEBUG Engine               - language: ObjectProperty [value: ENGLISH]
15:07:17.182 [FXGL Background Thread 3 ] DEBUG Engine               - menuKey: ESCAPE
15:07:17.182 [FXGL Background Thread 3 ] DEBUG Engine               - mouseSensitivity: 0.2
15:07:17.182 [FXGL Background Thread 3 ] DEBUG Engine               - notificationViewClass: class com.almasb.fxgl.notification.view.XboxNotificationView
15:07:17.182 [FXGL Background Thread 3 ] DEBUG Engine               - pixelsPerMeter: 50.0
15:07:17.182 [FXGL Background Thread 3 ] DEBUG Engine               - platform: WINDOWS
15:07:17.182 [FXGL Background Thread 3 ] DEBUG Engine               - prefHeightProperty: ReadOnlyDoubleProperty [value: 800.0]
15:07:17.182 [FXGL Background Thread 3 ] DEBUG Engine               - prefWidthProperty: ReadOnlyDoubleProperty [value: 800.0]
15:07:17.182 [FXGL Background Thread 3 ] DEBUG Engine               - profileDir: profiles/
15:07:17.182 [FXGL Background Thread 3 ] DEBUG Engine               - profileName: StringProperty [value: DEFAULT]
15:07:17.182 [FXGL Background Thread 3 ] DEBUG Engine               - randomSeed: -1
15:07:17.182 [FXGL Background Thread 3 ] DEBUG Engine               - runtimeInfo: RuntimeInfo(platform=WINDOWS, version=17.3, build=30.03.2023 11.49)
15:07:17.182 [FXGL Background Thread 3 ] DEBUG Engine               - saveFileExt: sav
15:07:17.183 [FXGL Background Thread 3 ] DEBUG Engine               - scaledHeightProp$fxgl: DoubleProperty [bound, value: 800.0]
15:07:17.183 [FXGL Background Thread 3 ] DEBUG Engine               - scaledWidthProp$fxgl: DoubleProperty [bound, value: 800.0]
15:07:17.183 [FXGL Background Thread 3 ] DEBUG Engine               - sceneFactory: com.almasb.fxgl.app.scene.SceneFactory@694c7c0f
15:07:17.183 [FXGL Background Thread 3 ] DEBUG Engine               - secondsIn24h: 60
15:07:17.183 [FXGL Background Thread 3 ] DEBUG Engine               - soundMenuBack: menu/back.wav
15:07:17.183 [FXGL Background Thread 3 ] DEBUG Engine               - soundMenuPress: menu/press.wav
15:07:17.183 [FXGL Background Thread 3 ] DEBUG Engine               - soundMenuSelect: menu/select.wav
15:07:17.183 [FXGL Background Thread 3 ] DEBUG Engine               - soundNotification: core/notification.wav
15:07:17.183 [FXGL Background Thread 3 ] DEBUG Engine               - stageStyle: DECORATED
15:07:17.183 [FXGL Background Thread 3 ] DEBUG Engine               - supportedLanguages: [ENGLISH, FRENCH, GERMAN, HUNGARIAN, RUSSIAN]
15:07:17.183 [FXGL Background Thread 3 ] DEBUG Engine               - ticksPerSecond: -1
15:07:17.183 [FXGL Background Thread 3 ] DEBUG Engine               - title: SpaceShooterGame
15:07:17.183 [FXGL Background Thread 3 ] DEBUG Engine               - urlGithub: https://github.com/AlmasB/FXGL
15:07:17.183 [FXGL Background Thread 3 ] DEBUG Engine               - urlLeaderboard: http://fxgl-top.herokuapp.com/
15:07:17.183 [FXGL Background Thread 3 ] DEBUG Engine               - urlPOM: https://raw.githubusercontent.com/AlmasB/FXGL/release/README.md
15:07:17.183 [FXGL Background Thread 3 ] DEBUG Engine               - userAppClass: class kh.edu.paragoniu.spaceshooter.SpaceShooter
15:07:17.183 [FXGL Background Thread 3 ] DEBUG Engine               - version: 0.0
15:07:17.184 [FXGL Background Thread 3 ] DEBUG Engine               - versionCheckDays: 7
15:07:17.184 [FXGL Background Thread 3 ] DEBUG Engine               - width: 800
15:07:17.184 [FXGL Background Thread 3 ] DEBUG Engine               - Logging services
15:07:17.184 [FXGL Background Thread 3 ] DEBUG Engine               - class com.almasb.fxgl.app.services.FXGLAssetLoaderService
15:07:17.184 [FXGL Background Thread 3 ] DEBUG Engine               - class com.almasb.fxgl.app.FXGLApplication$GameApplicationService
15:07:17.184 [FXGL Background Thread 3 ] DEBUG Engine               - class com.almasb.fxgl.app.services.FXGLDialogService
15:07:17.184 [FXGL Background Thread 3 ] DEBUG Engine               - class com.almasb.fxgl.app.services.IOTaskExecutorService
15:07:17.184 [FXGL Background Thread 3 ] DEBUG Engine               - class com.almasb.fxgl.io.FileSystemService
15:07:17.184 [FXGL Background Thread 3 ] DEBUG Engine               - class com.almasb.fxgl.localization.LocalizationService
15:07:17.184 [FXGL Background Thread 3 ] DEBUG Engine               - class com.almasb.fxgl.app.services.SystemBundleService
15:07:17.184 [FXGL Background Thread 3 ] DEBUG Engine               - class com.almasb.fxgl.profile.SaveLoadService
15:07:17.184 [FXGL Background Thread 3 ] DEBUG Engine               - class com.almasb.fxgl.ui.FXGLUIFactoryServiceProvider
15:07:17.184 [FXGL Background Thread 3 ] DEBUG Engine               - class com.almasb.fxgl.ui.FXGLDialogFactoryServiceProvider
15:07:17.184 [FXGL Background Thread 3 ] DEBUG Engine               - class com.almasb.fxgl.audio.AudioPlayer
15:07:17.184 [FXGL Background Thread 3 ] DEBUG Engine               - class com.almasb.fxgl.notification.impl.NotificationServiceProvider
15:07:17.184 [FXGL Background Thread 3 ] DEBUG Engine               - class com.almasb.fxgl.achievement.AchievementService
15:07:17.184 [FXGL Background Thread 3 ] DEBUG Engine               - class com.almasb.fxgl.cutscene.CutsceneService
15:07:17.184 [FXGL Background Thread 3 ] DEBUG Engine               - class com.almasb.fxgl.minigames.MiniGameService
15:07:17.184 [FXGL Background Thread 3 ] DEBUG Engine               - class com.almasb.fxgl.net.NetService
15:07:17.184 [FXGL Background Thread 3 ] DEBUG Engine               - class com.almasb.fxgl.app.services.UpdaterService
15:07:17.184 [FXGL Background Thread 3 ] DEBUG Engine               - class com.almasb.fxgl.dev.DevService
15:07:38.508 [JavaFX Application Thread] DEBUG FXGLApplication      - Exiting FXGL
15:07:38.508 [JavaFX Application Thread] DEBUG LoopRunner           - Stopping loop
15:07:38.508 [JavaFX Application Thread] DEBUG SystemBundleService  - Saving FXGL system data
15:07:38.510 [JavaFX Application Thread] DEBUG FileSystemAccess     - Writing to: C:\Users\USER\IdeaProjects\SpaceShooter\system\fxgl.bundle
15:07:38.511 [JavaFX Application Thread] DEBUG Async                - Shutting down background threads
15:07:38.511 [JavaFX Application Thread] DEBUG PrimaryStageWindow   - Closing main window
15:07:38.530 [JavaFX Application Thread] DEBUG Logger               - Closing Logger
