21:15:18.826 [main                     ] DEBUG Logger               - Configured Logger
21:15:18.829 [main                     ] DEBUG GameApplication      - Logging settings
Title: SpaceShooterGame
Version: 1.0
Width: 800
Height: 800
Fullscreen: false
Intro: false
Profiling: false
Single step:false
App Mode: DEVELOPER
Menu Key: ESCAPE
Stage Style: DECORATED
Scene Factory: class com.almasb.fxgl.app.scene.SceneFactory

21:15:18.977 [JavaFX Application Thread] DEBUG FXGLApplication      - Initializing FXGL
21:15:18.978 [JavaFX Application Thread] INFO  Engine               - FXGL-17.3 (30.03.2023 11.49) on MAC (J:25.0.2 FX:21.0.6)
21:15:18.978 [JavaFX Application Thread] DEBUG Engine               - JRE Vendor Name: Oracle Corporation
21:15:18.978 [JavaFX Application Thread] DEBUG Engine               - Running on OS: Mac OS X version 15.7.3
21:15:18.978 [JavaFX Application Thread] DEBUG Engine               - Architecture: aarch64
21:15:18.978 [JavaFX Application Thread] INFO  Engine               - Source code and latest versions at: https://github.com/AlmasB/FXGL
21:15:18.978 [JavaFX Application Thread] INFO  Engine               -       Ask questions and discuss at: https://github.com/AlmasB/FXGL/discussions
21:15:18.978 [JavaFX Application Thread] INFO  Engine               -              Join the FXGL chat at: https://gitter.im/AlmasB/FXGL
21:15:19.008 [JavaFX Application Thread] DEBUG PrimaryStageWindow   - Creating a JavaFX scene
21:15:19.026 [JavaFX Application Thread] DEBUG PrimaryStageWindow   - Target settings size: 800.0 x 800.0
21:15:19.026 [JavaFX Application Thread] DEBUG PrimaryStageWindow   - Scaled scene size:    800.0 x 800.0
21:15:19.026 [JavaFX Application Thread] DEBUG PrimaryStageWindow   - Scaled ratio: (1.0, 1.0)
21:15:19.027 [JavaFX Application Thread] DEBUG PrimaryStageWindow   - Set initial scene to FXGLStartupScene
21:15:19.028 [JavaFX Application Thread] DEBUG PrimaryStageWindow   - Opening main window
21:15:19.073 [JavaFX Application Thread] DEBUG PrimaryStageWindow   - Window border size: (0.0, 28.0)
21:15:19.073 [JavaFX Application Thread] DEBUG PrimaryStageWindow   - Scaled size: 800.0 x 800.0
21:15:19.073 [JavaFX Application Thread] DEBUG PrimaryStageWindow   - Scaled ratio: (1.0, 1.0)
21:15:19.073 [JavaFX Application Thread] DEBUG PrimaryStageWindow   - Scene size: 800.0 x 800.0
21:15:19.073 [JavaFX Application Thread] DEBUG PrimaryStageWindow   - Stage size: 800.0 x 828.0
21:15:19.076 [FXGL Background Thread 1 ] DEBUG Engine               - Initializing environment variables
21:15:19.096 [FXGL Background Thread 1 ] DEBUG FXGLAssetLoaderServi - User app class for loading assets: class kh.edu.paragoniu.spaceshooter.SpaceShooter
21:15:19.096 [FXGL Background Thread 1 ] DEBUG GameApplicationServi - Applying CSS: fxgl_dark.css
21:15:19.096 [FXGL Background Thread 1 ] DEBUG FXGLAssetLoaderServi - Loading from file system: jar:file:///Users/chengsenghab/.m2/repository/com/github/almasb/fxgl/17.3/fxgl-17.3.jar!/fxglassets/ui/css/fxgl_dark.css
21:15:19.112 [FXGL Background Thread 1 ] DEBUG GameApplicationServi - Initializing application scenes
21:15:19.221 [FXGL Background Thread 1 ] DEBUG GameWorld            - Game world initialized
21:15:19.239 [FXGL Background Thread 1 ] DEBUG PhysicsWorld         - Physics world initialized: appHeight=800, physics.ppm=50.0
21:15:19.239 [FXGL Background Thread 1 ] DEBUG PhysicsWorld         - Using strategy: BRUTE_FORCE
21:15:19.240 [FXGL Background Thread 1 ] DEBUG GameScene            - Game scene initialized: 800x800
21:15:19.244 [FXGL Background Thread 1 ] DEBUG FXGL.DefaultMenu     - createMenuBodyMainMenu()
21:15:19.250 [FXGL Background Thread 1 ] DEBUG FXGL.DefaultMenu     - createOptionsMenu()
21:15:19.253 [FXGL Background Thread 1 ] DEBUG FXGLAssetLoaderServi - Loading from file system: jar:file:///Users/chengsenghab/.m2/repository/com/github/almasb/fxgl/17.3/fxgl-17.3.jar!/fxglassets/textures/particles/smoke.png
21:15:19.282 [FXGL Background Thread 1 ] DEBUG FXGLAssetLoaderServi - Loading from file system: jar:file:///Users/chengsenghab/.m2/repository/com/github/almasb/fxgl/17.3/fxgl-17.3.jar!/fxglassets/textures/particles/trace_horizontal.png
21:15:19.292 [FXGL Background Thread 1 ] DEBUG FXGL.DefaultMenu     - createMenuBodyGameMenu()
21:15:19.292 [FXGL Background Thread 1 ] DEBUG FXGL.DefaultMenu     - createOptionsMenu()
21:15:19.298 [FXGL Background Thread 1 ] DEBUG GameApplicationServi - Application scenes initialized
21:15:19.301 [FXGL Background Thread 1 ] DEBUG SystemBundleService  - Loading FXGL system data
21:15:19.302 [FXGL Background Thread 1 ] DEBUG FileSystemAccess     - Reading from: /Users/chengsenghab/Desktop/SpaceShooter/system/fxgl.bundle
21:15:19.304 [FXGL Background Thread 1 ] DEBUG SystemBundleService  - Bundle FXGL: {}
21:15:19.304 [FXGL Background Thread 1 ] DEBUG UpdaterService       - Checking for updates
21:15:19.305 [FXGL Background Thread 4 ] DEBUG FXGLApplication      - Loading fonts
21:15:19.305 [FXGL Background Thread 4 ] DEBUG FXGLAssetLoaderServi - Loading from file system: jar:file:///Users/chengsenghab/.m2/repository/com/github/almasb/fxgl/17.3/fxgl-17.3.jar!/fxglassets/ui/fonts/VarelaRound-Regular.ttf
21:15:19.306 [FXGL Background Thread 1 ] DEBUG FXGLApplication      - Loading default localization
21:15:19.306 [FXGL Background Thread 1 ] DEBUG FXGLAssetLoaderServi - Loading from file system: jar:file:///Users/chengsenghab/.m2/repository/com/github/almasb/fxgl/17.3/fxgl-17.3.jar!/fxglassets/languages/english.lang
21:15:19.311 [FXGL Background Thread 4 ] DEBUG FXGLAssetLoaderServi - Loading from file system: jar:file:///Users/chengsenghab/.m2/repository/com/github/almasb/fxgl/17.3/fxgl-17.3.jar!/fxglassets/ui/fonts/Abel-Regular.ttf
21:15:19.312 [FXGL Background Thread 4 ] DEBUG FXGLAssetLoaderServi - Loading from file system: jar:file:///Users/chengsenghab/.m2/repository/com/github/almasb/fxgl/17.3/fxgl-17.3.jar!/fxglassets/ui/fonts/TerminalLandMono-Regular.otf
21:15:19.312 [FXGL Background Thread 1 ] INFO  FXGLApplication      - FXGL initialization took: 0.236 sec
21:15:19.313 [FXGL Background Thread 4 ] DEBUG FXGLAssetLoaderServi - Loading from file system: jar:file:///Users/chengsenghab/.m2/repository/com/github/almasb/fxgl/17.3/fxgl-17.3.jar!/fxglassets/ui/fonts/Courier-Prime.ttf
21:15:19.315 [JavaFX Application Thread] DEBUG Input                - Registered new binding: LEFT - A
21:15:19.315 [JavaFX Application Thread] DEBUG Input                - Registered new binding: RIGHT - D
21:15:19.315 [JavaFX Application Thread] DEBUG Input                - Registered new binding: Down - S
21:15:19.315 [JavaFX Application Thread] DEBUG Input                - Registered new binding: Up - W
21:15:19.315 [JavaFX Application Thread] DEBUG Input                - Registered new binding: Pause/Resume - Esc
21:15:19.315 [JavaFX Application Thread] DEBUG Input                - Registered new binding: Show Leaderboard - L
21:15:19.316 [JavaFX Application Thread] DEBUG FXGLAssetLoaderServi - Loading from file system: jar:file:///Users/chengsenghab/.m2/repository/com/github/almasb/fxgl/17.3/fxgl-17.3.jar!/fxglassets/textures/fxgl_icon.png
21:15:19.328 [JavaFX Application Thread] DEBUG FXGLAssetLoaderServi - Loading from file system: jar:file:///Users/chengsenghab/.m2/repository/com/github/almasb/fxgl/17.3/fxgl-17.3.jar!/fxglassets/textures/fxgl_default_cursor.png
21:15:19.329 [JavaFX Application Thread] DEBUG Input                - Registered new binding: Screenshot - CTRL+8
21:15:19.329 [JavaFX Application Thread] DEBUG Input                - Registered new binding: System info dump - CTRL+9
21:15:19.329 [JavaFX Application Thread] DEBUG Input                - Registered new binding: Restart - CTRL+R
21:15:19.329 [JavaFX Application Thread] DEBUG Input                - Registered new binding: Toggle Debug Camera - CTRL+7
21:15:19.330 [JavaFX Application Thread] DEBUG LoopRunner           - Starting loop
21:15:19.330 [JavaFX Application Thread] DEBUG LoopRunner           - Initializing JavaFX AnimationTimerLoop
21:15:19.330 [JavaFX Application Thread] DEBUG Input                - Clearing active input actions
21:15:19.333 [JavaFX Application Thread] DEBUG GameApplicationServi - Removing overlay from FXGLStartupScene and adding to FXGLMainMenuDummyScene
21:15:19.333 [JavaFX Application Thread] DEBUG PrimaryStageWindow   - FXGLStartupScene -> FXGLMainMenuDummyScene
21:15:19.333 [JavaFX Application Thread] DEBUG PrimaryStageWindow   - Push state: FXGLDefaultMenu
21:15:19.334 [JavaFX Application Thread] DEBUG Input                - Clearing active input actions
21:15:19.337 [JavaFX Application Thread] DEBUG GameApplicationServi - Removing overlay from FXGLMainMenuDummyScene and adding to FXGLDefaultMenu
21:15:19.337 [JavaFX Application Thread] DEBUG PrimaryStageWindow   - FXGLMainMenuDummyScene -> FXGLDefaultMenu
21:15:19.339 [JavaFX Application Thread] DEBUG FXGLApplication      - Registering font factories with UI factory
21:15:19.659 [FXGL Background Thread 2 ] INFO  UpdaterService       - Your current version:  17.3
21:15:19.659 [FXGL Background Thread 2 ] INFO  UpdaterService       - Latest stable version: 21.1
21:15:20.166 [JavaFX Application Thread] DEBUG Menu                 - fireNewGame()
21:15:20.166 [JavaFX Application Thread] DEBUG GameApplicationServi - Starting new game
21:15:20.167 [JavaFX Application Thread] DEBUG PrimaryStageWindow   - Pop state: FXGLDefaultMenu
21:15:20.167 [JavaFX Application Thread] DEBUG Input                - Clearing active input actions
21:15:20.167 [JavaFX Application Thread] DEBUG GameApplicationServi - Removing overlay from FXGLDefaultMenu and adding to FXGLMainMenuDummyScene
21:15:20.167 [JavaFX Application Thread] DEBUG PrimaryStageWindow   - FXGLMainMenuDummyScene <- FXGLDefaultMenu
21:15:20.167 [JavaFX Application Thread] DEBUG Input                - Clearing active input actions
21:15:20.170 [JavaFX Application Thread] DEBUG GameApplicationServi - Removing overlay from FXGLMainMenuDummyScene and adding to FXGLLoadingScene
21:15:20.170 [JavaFX Application Thread] DEBUG PrimaryStageWindow   - FXGLMainMenuDummyScene -> FXGLLoadingScene
21:15:20.170 [JavaFX Application Thread] DEBUG GameApplicationServi - Clearing previous game
21:15:20.170 [JavaFX Application Thread] DEBUG GameScene            - Clearing game scene
21:15:20.170 [JavaFX Application Thread] DEBUG GameWorld            - Clearing game world
21:15:20.170 [JavaFX Application Thread] DEBUG PhysicsWorld         - Clearing physics world
21:15:20.171 [FXGL Background Thread 2 ] DEBUG FXGLApplication      - Initializing game
21:15:20.321 [FXGL Background Thread 2 ] INFO  FXGLApplication      - Game initialization took: 0.149 sec
21:15:20.321 [JavaFX Application Thread] DEBUG Input                - Clearing active input actions
21:15:20.323 [JavaFX Application Thread] DEBUG GameApplicationServi - Removing overlay from FXGLLoadingScene and adding to GameScene
21:15:20.323 [JavaFX Application Thread] DEBUG PrimaryStageWindow   - FXGLLoadingScene -> GameScene
21:15:21.332 [JavaFX Application Thread] DEBUG LoopRunner           - Stopping loop
21:15:21.333 [JavaFX Application Thread] FATAL FXGLApplication      - Uncaught Exception:
java.lang.IllegalArgumentException: Property paused does not exist
	at com.almasb.fxgl.core@17.3/com.almasb.fxgl.core.collection.PropertyMap.get(PropertyMap.kt:279)
	at com.almasb.fxgl.core@17.3/com.almasb.fxgl.core.collection.PropertyMap.booleanProperty(PropertyMap.kt:170)
	at com.almasb.fxgl.core@17.3/com.almasb.fxgl.core.collection.PropertyMap.getBoolean(PropertyMap.kt:160)
	at kh.edu.paragoniu.spaceshooter/kh.edu.paragoniu.spaceshooter.SpaceShooter$5.onActionBegin(SpaceShooter.java:194)
	at com.almasb.fxgl.core@17.3/com.almasb.fxgl.input.UserAction.begin$fxgl_core(UserAction.kt:37)
	at com.almasb.fxgl.core@17.3/com.almasb.fxgl.input.Input.handlePressed(Input.kt:375)
	at com.almasb.fxgl.core@17.3/com.almasb.fxgl.input.Input.onKeyEvent(Input.kt:318)
	at com.almasb.fxgl.all@17.3/com.almasb.fxgl.app.PrimaryStageWindow$1$1.invoke(MainWindow.kt:308)
	at com.almasb.fxgl.all@17.3/com.almasb.fxgl.app.PrimaryStageWindow$1$1.invoke(MainWindow.kt:308)
	at com.almasb.fxgl.core@17.3/com.almasb.fxgl.core.fsm.StateMachine.runOnActiveStates(StateMachine.kt:69)
	at com.almasb.fxgl.all@17.3/com.almasb.fxgl.app.PrimaryStageWindow$1.invoke(MainWindow.kt:308)
	at com.almasb.fxgl.all@17.3/com.almasb.fxgl.app.PrimaryStageWindow$1.invoke(MainWindow.kt:306)
	at com.almasb.fxgl.all@17.3/com.almasb.fxgl.app.MainWindow.addKeyHandler$lambda$1(MainWindow.kt:221)
	at javafx.base@21.0.6/com.sun.javafx.event.CompositeEventHandler$NormalEventHandlerRecord.handleBubblingEvent(CompositeEventHandler.java:247)
	at javafx.base@21.0.6/com.sun.javafx.event.CompositeEventHandler.dispatchBubblingEvent(CompositeEventHandler.java:80)
	at javafx.base@21.0.6/com.sun.javafx.event.EventHandlerManager.dispatchBubblingEvent(EventHandlerManager.java:232)
	at javafx.base@21.0.6/com.sun.javafx.event.EventHandlerManager.dispatchBubblingEvent(EventHandlerManager.java:189)
	at javafx.base@21.0.6/com.sun.javafx.event.CompositeEventDispatcher.dispatchBubblingEvent(CompositeEventDispatcher.java:59)
	at javafx.base@21.0.6/com.sun.javafx.event.BasicEventDispatcher.dispatchEvent(BasicEventDispatcher.java:58)
	at javafx.base@21.0.6/com.sun.javafx.event.EventDispatchChainImpl.dispatchEvent(EventDispatchChainImpl.java:114)
	at javafx.base@21.0.6/com.sun.javafx.event.BasicEventDispatcher.dispatchEvent(BasicEventDispatcher.java:56)
	at javafx.base@21.0.6/com.sun.javafx.event.EventDispatchChainImpl.dispatchEvent(EventDispatchChainImpl.java:114)
	at javafx.base@21.0.6/com.sun.javafx.event.EventUtil.fireEventImpl(EventUtil.java:74)
	at javafx.base@21.0.6/com.sun.javafx.event.EventUtil.fireEvent(EventUtil.java:54)
	at javafx.base@21.0.6/javafx.event.Event.fireEvent(Event.java:198)
	at javafx.graphics@21.0.6/javafx.scene.Scene.processKeyEvent(Scene.java:2194)
	at javafx.graphics@21.0.6/javafx.scene.Scene$ScenePeerListener.keyEvent(Scene.java:2715)
	at javafx.graphics@21.0.6/com.sun.javafx.tk.quantum.GlassViewEventHandler$KeyEventNotification.run(GlassViewEventHandler.java:218)
	at javafx.graphics@21.0.6/com.sun.javafx.tk.quantum.GlassViewEventHandler$KeyEventNotification.run(GlassViewEventHandler.java:150)
	at java.base/java.security.AccessController.doPrivileged(AccessController.java:138)
	at javafx.graphics@21.0.6/com.sun.javafx.tk.quantum.GlassViewEventHandler.lambda$handleKeyEvent$1(GlassViewEventHandler.java:250)
	at javafx.graphics@21.0.6/com.sun.javafx.tk.quantum.QuantumToolkit.runWithoutRenderLock(QuantumToolkit.java:424)
	at javafx.graphics@21.0.6/com.sun.javafx.tk.quantum.GlassViewEventHandler.handleKeyEvent(GlassViewEventHandler.java:249)
	at javafx.graphics@21.0.6/com.sun.glass.ui.View.handleKeyEvent(View.java:542)
	at javafx.graphics@21.0.6/com.sun.glass.ui.View.notifyKey(View.java:966)

21:15:21.333 [JavaFX Application Thread] FATAL FXGLApplication      - Application will now exit
21:15:21.340 [JavaFX Application Thread] DEBUG PrimaryStageWindow   - Push state: ErrorSubScene
21:15:21.340 [JavaFX Application Thread] DEBUG Input                - Clearing active input actions
21:15:21.341 [JavaFX Application Thread] DEBUG GameApplicationServi - Removing overlay from GameScene and adding to ErrorSubScene
21:15:21.341 [JavaFX Application Thread] DEBUG PrimaryStageWindow   - GameScene -> ErrorSubScene
21:15:22.309 [FXGL Background Thread 3 ] DEBUG Engine               - Logging environment variables
21:15:22.311 [FXGL Background Thread 3 ] DEBUG Engine               - achievements: []
21:15:22.311 [FXGL Background Thread 3 ] DEBUG Engine               - actualHeight: 800.0
21:15:22.311 [FXGL Background Thread 3 ] DEBUG Engine               - actualHeightProperty: ReadOnlyDoubleProperty [value: 800.0]
21:15:22.312 [FXGL Background Thread 3 ] DEBUG Engine               - actualWidth: 800.0
21:15:22.312 [FXGL Background Thread 3 ] DEBUG Engine               - actualWidthProperty: ReadOnlyDoubleProperty [value: 800.0]
21:15:22.312 [FXGL Background Thread 3 ] DEBUG Engine               - appIcon: fxgl_icon.png
21:15:22.312 [FXGL Background Thread 3 ] DEBUG Engine               - applicationMode: DEVELOPER
21:15:22.312 [FXGL Background Thread 3 ] DEBUG Engine               - cSSList: [fxgl_dark.css]
21:15:22.312 [FXGL Background Thread 3 ] DEBUG Engine               - collisionDetectionStrategy: BRUTE_FORCE
21:15:22.312 [FXGL Background Thread 3 ] DEBUG Engine               - configClass: Optional.empty
21:15:22.312 [FXGL Background Thread 3 ] DEBUG Engine               - credits: []
21:15:22.312 [FXGL Background Thread 3 ] DEBUG Engine               - defaultCursor: CursorInfo(imageName=fxgl_default_cursor.png, hotspotX=7.0, hotspotY=6.0)
21:15:22.313 [FXGL Background Thread 3 ] DEBUG Engine               - devBBoxColorProperty: ObjectProperty [value: 0xff0000ff]
21:15:22.313 [FXGL Background Thread 3 ] DEBUG Engine               - devEnableDebugCameraProperty: BooleanProperty [value: false]
21:15:22.313 [FXGL Background Thread 3 ] DEBUG Engine               - devSensorColorProperty: ObjectProperty [value: 0xffff00ff]
21:15:22.313 [FXGL Background Thread 3 ] DEBUG Engine               - devShowBBoxProperty: BooleanProperty [value: false]
21:15:22.313 [FXGL Background Thread 3 ] DEBUG Engine               - devShowPositionProperty: BooleanProperty [value: false]
21:15:22.313 [FXGL Background Thread 3 ] DEBUG Engine               - enabledMenuItems: []
21:15:22.313 [FXGL Background Thread 3 ] DEBUG Engine               - engineServices: [class com.almasb.fxgl.app.services.FXGLAssetLoaderService, class com.almasb.fxgl.app.FXGLApplication$GameApplicationService, class com.almasb.fxgl.app.services.FXGLDialogService, class com.almasb.fxgl.app.services.IOTaskExecutorService, class com.almasb.fxgl.io.FileSystemService, class com.almasb.fxgl.localization.LocalizationService, class com.almasb.fxgl.app.services.SystemBundleService, class com.almasb.fxgl.profile.SaveLoadService, class com.almasb.fxgl.ui.FXGLUIFactoryServiceProvider, class com.almasb.fxgl.ui.FXGLDialogFactoryServiceProvider, class com.almasb.fxgl.audio.AudioPlayer, class com.almasb.fxgl.notification.impl.NotificationServiceProvider, class com.almasb.fxgl.achievement.AchievementService, class com.almasb.fxgl.cutscene.CutsceneService, class com.almasb.fxgl.minigames.MiniGameService, class com.almasb.fxgl.net.NetService, class com.almasb.fxgl.app.services.UpdaterService, class com.almasb.fxgl.dev.DevService]
21:15:22.313 [FXGL Background Thread 3 ] DEBUG Engine               - fontGame: Abel-Regular.ttf
21:15:22.313 [FXGL Background Thread 3 ] DEBUG Engine               - fontMono: TerminalLandMono-Regular.otf
21:15:22.313 [FXGL Background Thread 3 ] DEBUG Engine               - fontSizeScaleUI: 1.0
21:15:22.313 [FXGL Background Thread 3 ] DEBUG Engine               - fontText: Courier-Prime.ttf
21:15:22.313 [FXGL Background Thread 3 ] DEBUG Engine               - fontUI: VarelaRound-Regular.ttf
21:15:22.313 [FXGL Background Thread 3 ] DEBUG Engine               - fullScreen: BooleanProperty [value: false]
21:15:22.313 [FXGL Background Thread 3 ] DEBUG Engine               - gameDifficulty: MEDIUM
21:15:22.313 [FXGL Background Thread 3 ] DEBUG Engine               - gameDifficultyProperty: ObjectProperty [value: MEDIUM]
21:15:22.313 [FXGL Background Thread 3 ] DEBUG Engine               - globalMusicVolume: 0.5
21:15:22.314 [FXGL Background Thread 3 ] DEBUG Engine               - globalMusicVolumeProperty: DoubleProperty [value: 0.5]
21:15:22.314 [FXGL Background Thread 3 ] DEBUG Engine               - globalSoundVolume: 0.5
21:15:22.314 [FXGL Background Thread 3 ] DEBUG Engine               - globalSoundVolumeProperty: DoubleProperty [value: 0.5]
21:15:22.314 [FXGL Background Thread 3 ] DEBUG Engine               - height: 800
21:15:22.314 [FXGL Background Thread 3 ] DEBUG Engine               - is3D: false
21:15:22.314 [FXGL Background Thread 3 ] DEBUG Engine               - isAndroid: false
21:15:22.314 [FXGL Background Thread 3 ] DEBUG Engine               - isBrowser: false
21:15:22.314 [FXGL Background Thread 3 ] DEBUG Engine               - isClickFeedbackEnabled: false
21:15:22.314 [FXGL Background Thread 3 ] DEBUG Engine               - isCloseConfirmation: false
21:15:22.314 [FXGL Background Thread 3 ] DEBUG Engine               - isDesktop: true
21:15:22.314 [FXGL Background Thread 3 ] DEBUG Engine               - isDeveloperMenuEnabled: false
21:15:22.314 [FXGL Background Thread 3 ] DEBUG Engine               - isEmbedded: false
21:15:22.314 [FXGL Background Thread 3 ] DEBUG Engine               - isEntityPreloadEnabled: true
21:15:22.314 [FXGL Background Thread 3 ] DEBUG Engine               - isExperimentalTiledLargeMap: false
21:15:22.314 [FXGL Background Thread 3 ] DEBUG Engine               - isFileSystemWriteAllowed: true
21:15:22.314 [FXGL Background Thread 3 ] DEBUG Engine               - isFullScreenAllowed: false
21:15:22.314 [FXGL Background Thread 3 ] DEBUG Engine               - isFullScreenFromStart: false
21:15:22.314 [FXGL Background Thread 3 ] DEBUG Engine               - isGameMenuEnabled: true
21:15:22.314 [FXGL Background Thread 3 ] DEBUG Engine               - isIOS: false
21:15:22.314 [FXGL Background Thread 3 ] DEBUG Engine               - isIntroEnabled: false
21:15:22.314 [FXGL Background Thread 3 ] DEBUG Engine               - isLinux: false
21:15:22.314 [FXGL Background Thread 3 ] DEBUG Engine               - isMac: true
21:15:22.314 [FXGL Background Thread 3 ] DEBUG Engine               - isMainMenuEnabled: true
21:15:22.314 [FXGL Background Thread 3 ] DEBUG Engine               - isManualResizeEnabled: false
21:15:22.314 [FXGL Background Thread 3 ] DEBUG Engine               - isMobile: false
21:15:22.314 [FXGL Background Thread 3 ] DEBUG Engine               - isNative: false
21:15:22.315 [FXGL Background Thread 3 ] DEBUG Engine               - isPauseMusicWhenMinimized: true
21:15:22.315 [FXGL Background Thread 3 ] DEBUG Engine               - isPreserveResizeRatio: false
21:15:22.315 [FXGL Background Thread 3 ] DEBUG Engine               - isProfilingEnabled: false
21:15:22.315 [FXGL Background Thread 3 ] DEBUG Engine               - isScaleAffectedOnResize: true
21:15:22.315 [FXGL Background Thread 3 ] DEBUG Engine               - isSingleStep: false
21:15:22.315 [FXGL Background Thread 3 ] DEBUG Engine               - isUserProfileEnabled: false
21:15:22.315 [FXGL Background Thread 3 ] DEBUG Engine               - isWindows: false
21:15:22.315 [FXGL Background Thread 3 ] DEBUG Engine               - language: ObjectProperty [value: ENGLISH]
21:15:22.315 [FXGL Background Thread 3 ] DEBUG Engine               - menuKey: ESCAPE
21:15:22.315 [FXGL Background Thread 3 ] DEBUG Engine               - mouseSensitivity: 0.2
21:15:22.315 [FXGL Background Thread 3 ] DEBUG Engine               - notificationViewClass: class com.almasb.fxgl.notification.view.XboxNotificationView
21:15:22.315 [FXGL Background Thread 3 ] DEBUG Engine               - pixelsPerMeter: 50.0
21:15:22.315 [FXGL Background Thread 3 ] DEBUG Engine               - platform: MAC
21:15:22.315 [FXGL Background Thread 3 ] DEBUG Engine               - prefHeightProperty: ReadOnlyDoubleProperty [value: 800.0]
21:15:22.315 [FXGL Background Thread 3 ] DEBUG Engine               - prefWidthProperty: ReadOnlyDoubleProperty [value: 800.0]
21:15:22.315 [FXGL Background Thread 3 ] DEBUG Engine               - profileDir: profiles/
21:15:22.315 [FXGL Background Thread 3 ] DEBUG Engine               - profileName: StringProperty [value: DEFAULT]
21:15:22.315 [FXGL Background Thread 3 ] DEBUG Engine               - randomSeed: -1
21:15:22.316 [FXGL Background Thread 3 ] DEBUG Engine               - runtimeInfo: RuntimeInfo(platform=MAC, version=17.3, build=30.03.2023 11.49)
21:15:22.316 [FXGL Background Thread 3 ] DEBUG Engine               - saveFileExt: sav
21:15:22.316 [FXGL Background Thread 3 ] DEBUG Engine               - scaledHeightProp$fxgl: DoubleProperty [bound, value: 800.0]
21:15:22.316 [FXGL Background Thread 3 ] DEBUG Engine               - scaledWidthProp$fxgl: DoubleProperty [bound, value: 800.0]
21:15:22.316 [FXGL Background Thread 3 ] DEBUG Engine               - sceneFactory: com.almasb.fxgl.app.scene.SceneFactory@4de1051
21:15:22.316 [FXGL Background Thread 3 ] DEBUG Engine               - secondsIn24h: 60
21:15:22.316 [FXGL Background Thread 3 ] DEBUG Engine               - soundMenuBack: menu/back.wav
21:15:22.316 [FXGL Background Thread 3 ] DEBUG Engine               - soundMenuPress: menu/press.wav
21:15:22.316 [FXGL Background Thread 3 ] DEBUG Engine               - soundMenuSelect: menu/select.wav
21:15:22.316 [FXGL Background Thread 3 ] DEBUG Engine               - soundNotification: core/notification.wav
21:15:22.316 [FXGL Background Thread 3 ] DEBUG Engine               - stageStyle: DECORATED
21:15:22.317 [FXGL Background Thread 3 ] DEBUG Engine               - supportedLanguages: [ENGLISH, FRENCH, GERMAN, HUNGARIAN, RUSSIAN]
21:15:22.317 [FXGL Background Thread 3 ] DEBUG Engine               - ticksPerSecond: -1
21:15:22.317 [FXGL Background Thread 3 ] DEBUG Engine               - title: SpaceShooterGame
21:15:22.317 [FXGL Background Thread 3 ] DEBUG Engine               - urlGithub: https://github.com/AlmasB/FXGL
21:15:22.317 [FXGL Background Thread 3 ] DEBUG Engine               - urlLeaderboard: http://fxgl-top.herokuapp.com/
21:15:22.317 [FXGL Background Thread 3 ] DEBUG Engine               - urlPOM: https://raw.githubusercontent.com/AlmasB/FXGL/release/README.md
21:15:22.317 [FXGL Background Thread 3 ] DEBUG Engine               - userAppClass: class kh.edu.paragoniu.spaceshooter.SpaceShooter
21:15:22.317 [FXGL Background Thread 3 ] DEBUG Engine               - version: 1.0
21:15:22.317 [FXGL Background Thread 3 ] DEBUG Engine               - versionCheckDays: 7
21:15:22.317 [FXGL Background Thread 3 ] DEBUG Engine               - width: 800
21:15:22.317 [FXGL Background Thread 3 ] DEBUG Engine               - Logging services
21:15:22.317 [FXGL Background Thread 3 ] DEBUG Engine               - class com.almasb.fxgl.app.services.FXGLAssetLoaderService
21:15:22.317 [FXGL Background Thread 3 ] DEBUG Engine               - class com.almasb.fxgl.app.FXGLApplication$GameApplicationService
21:15:22.317 [FXGL Background Thread 3 ] DEBUG Engine               - class com.almasb.fxgl.app.services.FXGLDialogService
21:15:22.317 [FXGL Background Thread 3 ] DEBUG Engine               - class com.almasb.fxgl.app.services.IOTaskExecutorService
21:15:22.317 [FXGL Background Thread 3 ] DEBUG Engine               - class com.almasb.fxgl.io.FileSystemService
21:15:22.317 [FXGL Background Thread 3 ] DEBUG Engine               - class com.almasb.fxgl.localization.LocalizationService
21:15:22.317 [FXGL Background Thread 3 ] DEBUG Engine               - class com.almasb.fxgl.app.services.SystemBundleService
21:15:22.317 [FXGL Background Thread 3 ] DEBUG Engine               - class com.almasb.fxgl.profile.SaveLoadService
21:15:22.317 [FXGL Background Thread 3 ] DEBUG Engine               - class com.almasb.fxgl.ui.FXGLUIFactoryServiceProvider
21:15:22.317 [FXGL Background Thread 3 ] DEBUG Engine               - class com.almasb.fxgl.ui.FXGLDialogFactoryServiceProvider
21:15:22.317 [FXGL Background Thread 3 ] DEBUG Engine               - class com.almasb.fxgl.audio.AudioPlayer
21:15:22.317 [FXGL Background Thread 3 ] DEBUG Engine               - class com.almasb.fxgl.notification.impl.NotificationServiceProvider
21:15:22.317 [FXGL Background Thread 3 ] DEBUG Engine               - class com.almasb.fxgl.achievement.AchievementService
21:15:22.317 [FXGL Background Thread 3 ] DEBUG Engine               - class com.almasb.fxgl.cutscene.CutsceneService
21:15:22.317 [FXGL Background Thread 3 ] DEBUG Engine               - class com.almasb.fxgl.minigames.MiniGameService
21:15:22.317 [FXGL Background Thread 3 ] DEBUG Engine               - class com.almasb.fxgl.net.NetService
21:15:22.317 [FXGL Background Thread 3 ] DEBUG Engine               - class com.almasb.fxgl.app.services.UpdaterService
21:15:22.317 [FXGL Background Thread 3 ] DEBUG Engine               - class com.almasb.fxgl.dev.DevService
21:15:24.174 [JavaFX Application Thread] DEBUG FXGLApplication      - Exiting FXGL
21:15:24.174 [JavaFX Application Thread] DEBUG Async                - Shutting down background threads
21:15:24.175 [JavaFX Application Thread] DEBUG PrimaryStageWindow   - Closing main window
21:15:24.197 [JavaFX Application Thread] DEBUG Logger               - Closing Logger
