22:22:11.211 [main                     ] DEBUG Logger               - Configured Logger
22:22:11.213 [main                     ] DEBUG GameApplication      - Logging settings
Title: SpaceShooterGame
Version: 1.0
Width: 800
Height: 800
Fullscreen: false
Intro: false
Profiling: false
Single step:false
App Mode: DEVELOPER
Menu Key: ESCAPE
Stage Style: DECORATED
Scene Factory: class com.almasb.fxgl.app.scene.SceneFactory

22:22:11.369 [JavaFX Application Thread] DEBUG FXGLApplication      - Initializing FXGL
22:22:11.370 [JavaFX Application Thread] INFO  Engine               - FXGL-17.3 (30.03.2023 11.49) on MAC (J:25.0.2 FX:21.0.6)
22:22:11.370 [JavaFX Application Thread] DEBUG Engine               - JRE Vendor Name: Oracle Corporation
22:22:11.370 [JavaFX Application Thread] DEBUG Engine               - Running on OS: Mac OS X version 15.7.3
22:22:11.370 [JavaFX Application Thread] DEBUG Engine               - Architecture: aarch64
22:22:11.370 [JavaFX Application Thread] INFO  Engine               - Source code and latest versions at: https://github.com/AlmasB/FXGL
22:22:11.371 [JavaFX Application Thread] INFO  Engine               -       Ask questions and discuss at: https://github.com/AlmasB/FXGL/discussions
22:22:11.371 [JavaFX Application Thread] INFO  Engine               -              Join the FXGL chat at: https://gitter.im/AlmasB/FXGL
22:22:11.402 [JavaFX Application Thread] DEBUG PrimaryStageWindow   - Creating a JavaFX scene
22:22:11.421 [JavaFX Application Thread] DEBUG PrimaryStageWindow   - Target settings size: 800.0 x 800.0
22:22:11.421 [JavaFX Application Thread] DEBUG PrimaryStageWindow   - Scaled scene size:    800.0 x 800.0
22:22:11.421 [JavaFX Application Thread] DEBUG PrimaryStageWindow   - Scaled ratio: (1.0, 1.0)
22:22:11.421 [JavaFX Application Thread] DEBUG PrimaryStageWindow   - Set initial scene to FXGLStartupScene
22:22:11.422 [JavaFX Application Thread] DEBUG PrimaryStageWindow   - Opening main window
22:22:11.467 [JavaFX Application Thread] DEBUG PrimaryStageWindow   - Window border size: (0.0, 28.0)
22:22:11.467 [JavaFX Application Thread] DEBUG PrimaryStageWindow   - Scaled size: 800.0 x 800.0
22:22:11.467 [JavaFX Application Thread] DEBUG PrimaryStageWindow   - Scaled ratio: (1.0, 1.0)
22:22:11.467 [JavaFX Application Thread] DEBUG PrimaryStageWindow   - Scene size: 800.0 x 800.0
22:22:11.467 [JavaFX Application Thread] DEBUG PrimaryStageWindow   - Stage size: 800.0 x 828.0
22:22:11.469 [FXGL Background Thread 1 ] DEBUG Engine               - Initializing environment variables
22:22:11.489 [FXGL Background Thread 1 ] DEBUG FXGLAssetLoaderServi - User app class for loading assets: class kh.edu.paragoniu.spaceshooter.SpaceShooter
22:22:11.489 [FXGL Background Thread 1 ] DEBUG GameApplicationServi - Applying CSS: fxgl_dark.css
22:22:11.489 [FXGL Background Thread 1 ] DEBUG FXGLAssetLoaderServi - Loading from file system: jar:file:///Users/chengsenghab/.m2/repository/com/github/almasb/fxgl/17.3/fxgl-17.3.jar!/fxglassets/ui/css/fxgl_dark.css
22:22:11.506 [FXGL Background Thread 1 ] DEBUG GameApplicationServi - Initializing application scenes
22:22:11.623 [FXGL Background Thread 1 ] DEBUG GameWorld            - Game world initialized
22:22:11.641 [FXGL Background Thread 1 ] DEBUG PhysicsWorld         - Physics world initialized: appHeight=800, physics.ppm=50.0
22:22:11.641 [FXGL Background Thread 1 ] DEBUG PhysicsWorld         - Using strategy: BRUTE_FORCE
22:22:11.642 [FXGL Background Thread 1 ] DEBUG GameScene            - Game scene initialized: 800x800
22:22:11.646 [FXGL Background Thread 1 ] DEBUG FXGL.DefaultMenu     - createMenuBodyMainMenu()
22:22:11.651 [FXGL Background Thread 1 ] DEBUG FXGL.DefaultMenu     - createOptionsMenu()
22:22:11.655 [FXGL Background Thread 1 ] DEBUG FXGLAssetLoaderServi - Loading from file system: jar:file:///Users/chengsenghab/.m2/repository/com/github/almasb/fxgl/17.3/fxgl-17.3.jar!/fxglassets/textures/particles/smoke.png
22:22:11.684 [FXGL Background Thread 1 ] DEBUG FXGLAssetLoaderServi - Loading from file system: jar:file:///Users/chengsenghab/.m2/repository/com/github/almasb/fxgl/17.3/fxgl-17.3.jar!/fxglassets/textures/particles/trace_horizontal.png
22:22:11.694 [FXGL Background Thread 1 ] DEBUG FXGL.DefaultMenu     - createMenuBodyGameMenu()
22:22:11.695 [FXGL Background Thread 1 ] DEBUG FXGL.DefaultMenu     - createOptionsMenu()
22:22:11.700 [FXGL Background Thread 1 ] DEBUG GameApplicationServi - Application scenes initialized
22:22:11.704 [FXGL Background Thread 1 ] DEBUG SystemBundleService  - Loading FXGL system data
22:22:11.705 [FXGL Background Thread 1 ] DEBUG FileSystemAccess     - Reading from: /Users/chengsenghab/Desktop/SpaceShooter/system/fxgl.bundle
22:22:11.707 [FXGL Background Thread 1 ] DEBUG SystemBundleService  - Bundle FXGL: {}
22:22:11.707 [FXGL Background Thread 1 ] DEBUG UpdaterService       - Checking for updates
22:22:11.709 [FXGL Background Thread 4 ] DEBUG FXGLApplication      - Loading fonts
22:22:11.709 [FXGL Background Thread 4 ] DEBUG FXGLAssetLoaderServi - Loading from file system: jar:file:///Users/chengsenghab/.m2/repository/com/github/almasb/fxgl/17.3/fxgl-17.3.jar!/fxglassets/ui/fonts/VarelaRound-Regular.ttf
22:22:11.709 [FXGL Background Thread 1 ] DEBUG FXGLApplication      - Loading default localization
22:22:11.709 [FXGL Background Thread 1 ] DEBUG FXGLAssetLoaderServi - Loading from file system: jar:file:///Users/chengsenghab/.m2/repository/com/github/almasb/fxgl/17.3/fxgl-17.3.jar!/fxglassets/languages/english.lang
22:22:11.714 [FXGL Background Thread 4 ] DEBUG FXGLAssetLoaderServi - Loading from file system: jar:file:///Users/chengsenghab/.m2/repository/com/github/almasb/fxgl/17.3/fxgl-17.3.jar!/fxglassets/ui/fonts/Abel-Regular.ttf
22:22:11.715 [FXGL Background Thread 1 ] INFO  FXGLApplication      - FXGL initialization took: 0.246 sec
22:22:11.715 [FXGL Background Thread 4 ] DEBUG FXGLAssetLoaderServi - Loading from file system: jar:file:///Users/chengsenghab/.m2/repository/com/github/almasb/fxgl/17.3/fxgl-17.3.jar!/fxglassets/ui/fonts/TerminalLandMono-Regular.otf
22:22:11.716 [FXGL Background Thread 4 ] DEBUG FXGLAssetLoaderServi - Loading from file system: jar:file:///Users/chengsenghab/.m2/repository/com/github/almasb/fxgl/17.3/fxgl-17.3.jar!/fxglassets/ui/fonts/Courier-Prime.ttf
22:22:11.718 [JavaFX Application Thread] DEBUG Input                - Registered new binding: LEFT - A
22:22:11.718 [JavaFX Application Thread] DEBUG Input                - Registered new binding: RIGHT - D
22:22:11.718 [JavaFX Application Thread] DEBUG Input                - Registered new binding: Down - S
22:22:11.718 [JavaFX Application Thread] DEBUG Input                - Registered new binding: Up - W
22:22:11.718 [JavaFX Application Thread] DEBUG Input                - Registered new binding: Pause/Resume - Esc
22:22:11.718 [JavaFX Application Thread] DEBUG Input                - Registered new binding: Show Leaderboard - L
22:22:11.718 [JavaFX Application Thread] DEBUG FXGLAssetLoaderServi - Loading from file system: jar:file:///Users/chengsenghab/.m2/repository/com/github/almasb/fxgl/17.3/fxgl-17.3.jar!/fxglassets/textures/fxgl_icon.png
22:22:11.730 [JavaFX Application Thread] DEBUG FXGLAssetLoaderServi - Loading from file system: jar:file:///Users/chengsenghab/.m2/repository/com/github/almasb/fxgl/17.3/fxgl-17.3.jar!/fxglassets/textures/fxgl_default_cursor.png
22:22:11.731 [JavaFX Application Thread] DEBUG Input                - Registered new binding: Screenshot - CTRL+8
22:22:11.731 [JavaFX Application Thread] DEBUG Input                - Registered new binding: System info dump - CTRL+9
22:22:11.731 [JavaFX Application Thread] DEBUG Input                - Registered new binding: Restart - CTRL+R
22:22:11.731 [JavaFX Application Thread] DEBUG Input                - Registered new binding: Toggle Debug Camera - CTRL+7
22:22:11.732 [JavaFX Application Thread] DEBUG LoopRunner           - Starting loop
22:22:11.732 [JavaFX Application Thread] DEBUG LoopRunner           - Initializing JavaFX AnimationTimerLoop
22:22:11.732 [JavaFX Application Thread] DEBUG Input                - Clearing active input actions
22:22:11.735 [JavaFX Application Thread] DEBUG GameApplicationServi - Removing overlay from FXGLStartupScene and adding to FXGLMainMenuDummyScene
22:22:11.735 [JavaFX Application Thread] DEBUG PrimaryStageWindow   - FXGLStartupScene -> FXGLMainMenuDummyScene
22:22:11.735 [JavaFX Application Thread] DEBUG PrimaryStageWindow   - Push state: FXGLDefaultMenu
22:22:11.737 [JavaFX Application Thread] DEBUG Input                - Clearing active input actions
22:22:11.739 [JavaFX Application Thread] DEBUG GameApplicationServi - Removing overlay from FXGLMainMenuDummyScene and adding to FXGLDefaultMenu
22:22:11.739 [JavaFX Application Thread] DEBUG PrimaryStageWindow   - FXGLMainMenuDummyScene -> FXGLDefaultMenu
22:22:11.741 [JavaFX Application Thread] DEBUG FXGLApplication      - Registering font factories with UI factory
22:22:11.963 [FXGL Background Thread 2 ] INFO  UpdaterService       - Your current version:  17.3
22:22:11.963 [FXGL Background Thread 2 ] INFO  UpdaterService       - Latest stable version: 21.1
22:22:14.444 [JavaFX Application Thread] DEBUG Menu                 - fireNewGame()
22:22:14.444 [JavaFX Application Thread] DEBUG GameApplicationServi - Starting new game
22:22:14.445 [JavaFX Application Thread] DEBUG PrimaryStageWindow   - Pop state: FXGLDefaultMenu
22:22:14.445 [JavaFX Application Thread] DEBUG Input                - Clearing active input actions
22:22:14.446 [JavaFX Application Thread] DEBUG GameApplicationServi - Removing overlay from FXGLDefaultMenu and adding to FXGLMainMenuDummyScene
22:22:14.446 [JavaFX Application Thread] DEBUG PrimaryStageWindow   - FXGLMainMenuDummyScene <- FXGLDefaultMenu
22:22:14.446 [JavaFX Application Thread] DEBUG Input                - Clearing active input actions
22:22:14.449 [JavaFX Application Thread] DEBUG GameApplicationServi - Removing overlay from FXGLMainMenuDummyScene and adding to FXGLLoadingScene
22:22:14.449 [JavaFX Application Thread] DEBUG PrimaryStageWindow   - FXGLMainMenuDummyScene -> FXGLLoadingScene
22:22:14.449 [JavaFX Application Thread] DEBUG GameApplicationServi - Clearing previous game
22:22:14.449 [JavaFX Application Thread] DEBUG GameScene            - Clearing game scene
22:22:14.449 [JavaFX Application Thread] DEBUG GameWorld            - Clearing game world
22:22:14.449 [JavaFX Application Thread] DEBUG PhysicsWorld         - Clearing physics world
22:22:14.450 [FXGL Background Thread 2 ] DEBUG FXGLApplication      - Initializing game
22:22:14.613 [FXGL Background Thread 2 ] INFO  FXGLApplication      - Game initialization took: 0.163 sec
22:22:14.614 [JavaFX Application Thread] DEBUG Input                - Clearing active input actions
22:22:14.617 [JavaFX Application Thread] DEBUG GameApplicationServi - Removing overlay from FXGLLoadingScene and adding to GameScene
22:22:14.617 [JavaFX Application Thread] DEBUG PrimaryStageWindow   - FXGLLoadingScene -> GameScene
22:22:14.713 [FXGL Background Thread 3 ] DEBUG Engine               - Logging environment variables
22:22:14.713 [FXGL Background Thread 3 ] DEBUG Engine               - achievements: []
22:22:14.713 [FXGL Background Thread 3 ] DEBUG Engine               - actualHeight: 800.0
22:22:14.713 [FXGL Background Thread 3 ] DEBUG Engine               - actualHeightProperty: ReadOnlyDoubleProperty [value: 800.0]
22:22:14.713 [FXGL Background Thread 3 ] DEBUG Engine               - actualWidth: 800.0
22:22:14.714 [FXGL Background Thread 3 ] DEBUG Engine               - actualWidthProperty: ReadOnlyDoubleProperty [value: 800.0]
22:22:14.714 [FXGL Background Thread 3 ] DEBUG Engine               - appIcon: fxgl_icon.png
22:22:14.714 [FXGL Background Thread 3 ] DEBUG Engine               - applicationMode: DEVELOPER
22:22:14.714 [FXGL Background Thread 3 ] DEBUG Engine               - cSSList: [fxgl_dark.css]
22:22:14.714 [FXGL Background Thread 3 ] DEBUG Engine               - collisionDetectionStrategy: BRUTE_FORCE
22:22:14.714 [FXGL Background Thread 3 ] DEBUG Engine               - configClass: Optional.empty
22:22:14.714 [FXGL Background Thread 3 ] DEBUG Engine               - credits: []
22:22:14.714 [FXGL Background Thread 3 ] DEBUG Engine               - defaultCursor: CursorInfo(imageName=fxgl_default_cursor.png, hotspotX=7.0, hotspotY=6.0)
22:22:14.714 [FXGL Background Thread 3 ] DEBUG Engine               - devBBoxColorProperty: ObjectProperty [value: 0xff0000ff]
22:22:14.714 [FXGL Background Thread 3 ] DEBUG Engine               - devEnableDebugCameraProperty: BooleanProperty [value: false]
22:22:14.714 [FXGL Background Thread 3 ] DEBUG Engine               - devSensorColorProperty: ObjectProperty [value: 0xffff00ff]
22:22:14.714 [FXGL Background Thread 3 ] DEBUG Engine               - devShowBBoxProperty: BooleanProperty [value: false]
22:22:14.714 [FXGL Background Thread 3 ] DEBUG Engine               - devShowPositionProperty: BooleanProperty [value: false]
22:22:14.714 [FXGL Background Thread 3 ] DEBUG Engine               - enabledMenuItems: []
22:22:14.714 [FXGL Background Thread 3 ] DEBUG Engine               - engineServices: [class com.almasb.fxgl.app.services.FXGLAssetLoaderService, class com.almasb.fxgl.app.FXGLApplication$GameApplicationService, class com.almasb.fxgl.app.services.FXGLDialogService, class com.almasb.fxgl.app.services.IOTaskExecutorService, class com.almasb.fxgl.io.FileSystemService, class com.almasb.fxgl.localization.LocalizationService, class com.almasb.fxgl.app.services.SystemBundleService, class com.almasb.fxgl.profile.SaveLoadService, class com.almasb.fxgl.ui.FXGLUIFactoryServiceProvider, class com.almasb.fxgl.ui.FXGLDialogFactoryServiceProvider, class com.almasb.fxgl.audio.AudioPlayer, class com.almasb.fxgl.notification.impl.NotificationServiceProvider, class com.almasb.fxgl.achievement.AchievementService, class com.almasb.fxgl.cutscene.CutsceneService, class com.almasb.fxgl.minigames.MiniGameService, class com.almasb.fxgl.net.NetService, class com.almasb.fxgl.app.services.UpdaterService, class com.almasb.fxgl.dev.DevService]
22:22:14.714 [FXGL Background Thread 3 ] DEBUG Engine               - fontGame: Abel-Regular.ttf
22:22:14.714 [FXGL Background Thread 3 ] DEBUG Engine               - fontMono: TerminalLandMono-Regular.otf
22:22:14.714 [FXGL Background Thread 3 ] DEBUG Engine               - fontSizeScaleUI: 1.0
22:22:14.714 [FXGL Background Thread 3 ] DEBUG Engine               - fontText: Courier-Prime.ttf
22:22:14.714 [FXGL Background Thread 3 ] DEBUG Engine               - fontUI: VarelaRound-Regular.ttf
22:22:14.714 [FXGL Background Thread 3 ] DEBUG Engine               - fullScreen: BooleanProperty [value: false]
22:22:14.714 [FXGL Background Thread 3 ] DEBUG Engine               - gameDifficulty: MEDIUM
22:22:14.714 [FXGL Background Thread 3 ] DEBUG Engine               - gameDifficultyProperty: ObjectProperty [value: MEDIUM]
22:22:14.714 [FXGL Background Thread 3 ] DEBUG Engine               - globalMusicVolume: 0.5
22:22:14.714 [FXGL Background Thread 3 ] DEBUG Engine               - globalMusicVolumeProperty: DoubleProperty [value: 0.5]
22:22:14.714 [FXGL Background Thread 3 ] DEBUG Engine               - globalSoundVolume: 0.5
22:22:14.714 [FXGL Background Thread 3 ] DEBUG Engine               - globalSoundVolumeProperty: DoubleProperty [value: 0.5]
22:22:14.714 [FXGL Background Thread 3 ] DEBUG Engine               - height: 800
22:22:14.714 [FXGL Background Thread 3 ] DEBUG Engine               - is3D: false
22:22:14.714 [FXGL Background Thread 3 ] DEBUG Engine               - isAndroid: false
22:22:14.714 [FXGL Background Thread 3 ] DEBUG Engine               - isBrowser: false
22:22:14.714 [FXGL Background Thread 3 ] DEBUG Engine               - isClickFeedbackEnabled: false
22:22:14.714 [FXGL Background Thread 3 ] DEBUG Engine               - isCloseConfirmation: false
22:22:14.714 [FXGL Background Thread 3 ] DEBUG Engine               - isDesktop: true
22:22:14.714 [FXGL Background Thread 3 ] DEBUG Engine               - isDeveloperMenuEnabled: false
22:22:14.714 [FXGL Background Thread 3 ] DEBUG Engine               - isEmbedded: false
22:22:14.714 [FXGL Background Thread 3 ] DEBUG Engine               - isEntityPreloadEnabled: true
22:22:14.714 [FXGL Background Thread 3 ] DEBUG Engine               - isExperimentalTiledLargeMap: false
22:22:14.714 [FXGL Background Thread 3 ] DEBUG Engine               - isFileSystemWriteAllowed: true
22:22:14.714 [FXGL Background Thread 3 ] DEBUG Engine               - isFullScreenAllowed: false
22:22:14.714 [FXGL Background Thread 3 ] DEBUG Engine               - isFullScreenFromStart: false
22:22:14.714 [FXGL Background Thread 3 ] DEBUG Engine               - isGameMenuEnabled: true
22:22:14.715 [FXGL Background Thread 3 ] DEBUG Engine               - isIOS: false
22:22:14.715 [FXGL Background Thread 3 ] DEBUG Engine               - isIntroEnabled: false
22:22:14.715 [FXGL Background Thread 3 ] DEBUG Engine               - isLinux: false
22:22:14.715 [FXGL Background Thread 3 ] DEBUG Engine               - isMac: true
22:22:14.715 [FXGL Background Thread 3 ] DEBUG Engine               - isMainMenuEnabled: true
22:22:14.715 [FXGL Background Thread 3 ] DEBUG Engine               - isManualResizeEnabled: false
22:22:14.715 [FXGL Background Thread 3 ] DEBUG Engine               - isMobile: false
22:22:14.715 [FXGL Background Thread 3 ] DEBUG Engine               - isNative: false
22:22:14.715 [FXGL Background Thread 3 ] DEBUG Engine               - isPauseMusicWhenMinimized: true
22:22:14.715 [FXGL Background Thread 3 ] DEBUG Engine               - isPreserveResizeRatio: false
22:22:14.715 [FXGL Background Thread 3 ] DEBUG Engine               - isProfilingEnabled: false
22:22:14.715 [FXGL Background Thread 3 ] DEBUG Engine               - isScaleAffectedOnResize: true
22:22:14.715 [FXGL Background Thread 3 ] DEBUG Engine               - isSingleStep: false
22:22:14.715 [FXGL Background Thread 3 ] DEBUG Engine               - isUserProfileEnabled: false
22:22:14.715 [FXGL Background Thread 3 ] DEBUG Engine               - isWindows: false
22:22:14.715 [FXGL Background Thread 3 ] DEBUG Engine               - language: ObjectProperty [value: ENGLISH]
22:22:14.715 [FXGL Background Thread 3 ] DEBUG Engine               - menuKey: ESCAPE
22:22:14.715 [FXGL Background Thread 3 ] DEBUG Engine               - mouseSensitivity: 0.2
22:22:14.715 [FXGL Background Thread 3 ] DEBUG Engine               - notificationViewClass: class com.almasb.fxgl.notification.view.XboxNotificationView
22:22:14.715 [FXGL Background Thread 3 ] DEBUG Engine               - pixelsPerMeter: 50.0
22:22:14.715 [FXGL Background Thread 3 ] DEBUG Engine               - platform: MAC
22:22:14.715 [FXGL Background Thread 3 ] DEBUG Engine               - prefHeightProperty: ReadOnlyDoubleProperty [value: 800.0]
22:22:14.715 [FXGL Background Thread 3 ] DEBUG Engine               - prefWidthProperty: ReadOnlyDoubleProperty [value: 800.0]
22:22:14.715 [FXGL Background Thread 3 ] DEBUG Engine               - profileDir: profiles/
22:22:14.715 [FXGL Background Thread 3 ] DEBUG Engine               - profileName: StringProperty [value: DEFAULT]
22:22:14.715 [FXGL Background Thread 3 ] DEBUG Engine               - randomSeed: -1
22:22:14.715 [FXGL Background Thread 3 ] DEBUG Engine               - runtimeInfo: RuntimeInfo(platform=MAC, version=17.3, build=30.03.2023 11.49)
22:22:14.715 [FXGL Background Thread 3 ] DEBUG Engine               - saveFileExt: sav
22:22:14.715 [FXGL Background Thread 3 ] DEBUG Engine               - scaledHeightProp$fxgl: DoubleProperty [bound, value: 800.0]
22:22:14.715 [FXGL Background Thread 3 ] DEBUG Engine               - scaledWidthProp$fxgl: DoubleProperty [bound, value: 800.0]
22:22:14.715 [FXGL Background Thread 3 ] DEBUG Engine               - sceneFactory: com.almasb.fxgl.app.scene.SceneFactory@3bc9757a
22:22:14.715 [FXGL Background Thread 3 ] DEBUG Engine               - secondsIn24h: 60
22:22:14.715 [FXGL Background Thread 3 ] DEBUG Engine               - soundMenuBack: menu/back.wav
22:22:14.715 [FXGL Background Thread 3 ] DEBUG Engine               - soundMenuPress: menu/press.wav
22:22:14.715 [FXGL Background Thread 3 ] DEBUG Engine               - soundMenuSelect: menu/select.wav
22:22:14.715 [FXGL Background Thread 3 ] DEBUG Engine               - soundNotification: core/notification.wav
22:22:14.715 [FXGL Background Thread 3 ] DEBUG Engine               - stageStyle: DECORATED
22:22:14.715 [FXGL Background Thread 3 ] DEBUG Engine               - supportedLanguages: [ENGLISH, FRENCH, GERMAN, HUNGARIAN, RUSSIAN]
22:22:14.715 [FXGL Background Thread 3 ] DEBUG Engine               - ticksPerSecond: -1
22:22:14.715 [FXGL Background Thread 3 ] DEBUG Engine               - title: SpaceShooterGame
22:22:14.715 [FXGL Background Thread 3 ] DEBUG Engine               - urlGithub: https://github.com/AlmasB/FXGL
22:22:14.715 [FXGL Background Thread 3 ] DEBUG Engine               - urlLeaderboard: http://fxgl-top.herokuapp.com/
22:22:14.715 [FXGL Background Thread 3 ] DEBUG Engine               - urlPOM: https://raw.githubusercontent.com/AlmasB/FXGL/release/README.md
22:22:14.715 [FXGL Background Thread 3 ] DEBUG Engine               - userAppClass: class kh.edu.paragoniu.spaceshooter.SpaceShooter
22:22:14.715 [FXGL Background Thread 3 ] DEBUG Engine               - version: 1.0
22:22:14.715 [FXGL Background Thread 3 ] DEBUG Engine               - versionCheckDays: 7
22:22:14.715 [FXGL Background Thread 3 ] DEBUG Engine               - width: 800
22:22:14.715 [FXGL Background Thread 3 ] DEBUG Engine               - Logging services
22:22:14.715 [FXGL Background Thread 3 ] DEBUG Engine               - class com.almasb.fxgl.app.services.FXGLAssetLoaderService
22:22:14.715 [FXGL Background Thread 3 ] DEBUG Engine               - class com.almasb.fxgl.app.FXGLApplication$GameApplicationService
22:22:14.715 [FXGL Background Thread 3 ] DEBUG Engine               - class com.almasb.fxgl.app.services.FXGLDialogService
22:22:14.715 [FXGL Background Thread 3 ] DEBUG Engine               - class com.almasb.fxgl.app.services.IOTaskExecutorService
22:22:14.715 [FXGL Background Thread 3 ] DEBUG Engine               - class com.almasb.fxgl.io.FileSystemService
22:22:14.715 [FXGL Background Thread 3 ] DEBUG Engine               - class com.almasb.fxgl.localization.LocalizationService
22:22:14.715 [FXGL Background Thread 3 ] DEBUG Engine               - class com.almasb.fxgl.app.services.SystemBundleService
22:22:14.715 [FXGL Background Thread 3 ] DEBUG Engine               - class com.almasb.fxgl.profile.SaveLoadService
22:22:14.715 [FXGL Background Thread 3 ] DEBUG Engine               - class com.almasb.fxgl.ui.FXGLUIFactoryServiceProvider
22:22:14.715 [FXGL Background Thread 3 ] DEBUG Engine               - class com.almasb.fxgl.ui.FXGLDialogFactoryServiceProvider
22:22:14.715 [FXGL Background Thread 3 ] DEBUG Engine               - class com.almasb.fxgl.audio.AudioPlayer
22:22:14.715 [FXGL Background Thread 3 ] DEBUG Engine               - class com.almasb.fxgl.notification.impl.NotificationServiceProvider
22:22:14.716 [FXGL Background Thread 3 ] DEBUG Engine               - class com.almasb.fxgl.achievement.AchievementService
22:22:14.716 [FXGL Background Thread 3 ] DEBUG Engine               - class com.almasb.fxgl.cutscene.CutsceneService
22:22:14.716 [FXGL Background Thread 3 ] DEBUG Engine               - class com.almasb.fxgl.minigames.MiniGameService
22:22:14.716 [FXGL Background Thread 3 ] DEBUG Engine               - class com.almasb.fxgl.net.NetService
22:22:14.716 [FXGL Background Thread 3 ] DEBUG Engine               - class com.almasb.fxgl.app.services.UpdaterService
22:22:14.716 [FXGL Background Thread 3 ] DEBUG Engine               - class com.almasb.fxgl.dev.DevService
22:22:35.785 [JavaFX Application Thread] DEBUG PrimaryStageWindow   - Push state: DialogSubScene
22:22:35.785 [JavaFX Application Thread] DEBUG Input                - Clearing active input actions
22:22:35.786 [JavaFX Application Thread] DEBUG GameApplicationServi - Removing overlay from GameScene and adding to DialogSubScene
22:22:35.786 [JavaFX Application Thread] DEBUG PrimaryStageWindow   - GameScene -> DialogSubScene
22:22:38.390 [JavaFX Application Thread] DEBUG PrimaryStageWindow   - Pop state: DialogSubScene
22:22:38.390 [JavaFX Application Thread] DEBUG Input                - Clearing active input actions
22:22:38.391 [JavaFX Application Thread] DEBUG GameApplicationServi - Removing overlay from DialogSubScene and adding to GameScene
22:22:38.392 [JavaFX Application Thread] DEBUG PrimaryStageWindow   - GameScene <- DialogSubScene
22:22:38.396 [JavaFX Application Thread] DEBUG PrimaryStageWindow   - Push state: DialogSubScene
22:22:38.396 [JavaFX Application Thread] DEBUG Input                - Clearing active input actions
22:22:38.397 [JavaFX Application Thread] DEBUG GameApplicationServi - Removing overlay from GameScene and adding to DialogSubScene
22:22:38.397 [JavaFX Application Thread] DEBUG PrimaryStageWindow   - GameScene -> DialogSubScene
22:22:38.397 [JavaFX Application Thread] DEBUG PrimaryStageWindow   - Pop state: DialogSubScene
22:22:38.397 [JavaFX Application Thread] DEBUG Input                - Clearing active input actions
22:22:38.398 [JavaFX Application Thread] DEBUG GameApplicationServi - Removing overlay from DialogSubScene and adding to GameScene
22:22:38.398 [JavaFX Application Thread] DEBUG PrimaryStageWindow   - GameScene <- DialogSubScene
22:22:38.398 [JavaFX Application Thread] DEBUG Input                - Clearing active input actions
22:22:38.403 [JavaFX Application Thread] DEBUG GameApplicationServi - Removing overlay from GameScene and adding to FXGLMainMenuDummyScene
22:22:38.403 [JavaFX Application Thread] DEBUG PrimaryStageWindow   - GameScene -> FXGLMainMenuDummyScene
22:22:38.403 [JavaFX Application Thread] DEBUG PrimaryStageWindow   - Push state: FXGLDefaultMenu
22:22:38.403 [JavaFX Application Thread] DEBUG Input                - Clearing active input actions
22:22:38.406 [JavaFX Application Thread] DEBUG GameApplicationServi - Removing overlay from FXGLMainMenuDummyScene and adding to FXGLDefaultMenu
22:22:38.406 [JavaFX Application Thread] DEBUG PrimaryStageWindow   - FXGLMainMenuDummyScene -> FXGLDefaultMenu
22:22:40.163 [JavaFX Application Thread] DEBUG FXGLApplication      - Exiting FXGL
22:22:40.163 [JavaFX Application Thread] DEBUG LoopRunner           - Stopping loop
22:22:40.163 [JavaFX Application Thread] DEBUG SystemBundleService  - Saving FXGL system data
22:22:40.165 [JavaFX Application Thread] DEBUG FileSystemAccess     - Writing to: /Users/chengsenghab/Desktop/SpaceShooter/system/fxgl.bundle
22:22:40.166 [JavaFX Application Thread] DEBUG Async                - Shutting down background threads
22:22:40.166 [JavaFX Application Thread] DEBUG PrimaryStageWindow   - Closing main window
22:22:40.182 [JavaFX Application Thread] DEBUG Logger               - Closing Logger
