15:27:48.812 [main                     ] DEBUG Logger               - Configured Logger
15:27:48.822 [main                     ] DEBUG GameApplication      - Logging settings
Title: SpaceShooterGame
Version: 0.0
Width: 800
Height: 800
Fullscreen: false
Intro: false
Profiling: false
Single step:false
App Mode: DEVELOPER
Menu Key: ESCAPE
Stage Style: DECORATED
Scene Factory: class com.almasb.fxgl.app.scene.SceneFactory

15:27:49.255 [JavaFX Application Thread] DEBUG FXGLApplication      - Initializing FXGL
15:27:49.259 [JavaFX Application Thread] INFO  Engine               - FXGL-17.3 (30.03.2023 11.49) on WINDOWS (J:25.0.1 FX:21.0.6)
15:27:49.260 [JavaFX Application Thread] DEBUG Engine               - JRE Vendor Name: Oracle Corporation
15:27:49.260 [JavaFX Application Thread] DEBUG Engine               - Running on OS: Windows 11 version 10.0
15:27:49.260 [JavaFX Application Thread] DEBUG Engine               - Architecture: amd64
15:27:49.260 [JavaFX Application Thread] INFO  Engine               - Source code and latest versions at: https://github.com/AlmasB/FXGL
15:27:49.260 [JavaFX Application Thread] INFO  Engine               -       Ask questions and discuss at: https://github.com/AlmasB/FXGL/discussions
15:27:49.260 [JavaFX Application Thread] INFO  Engine               -              Join the FXGL chat at: https://gitter.im/AlmasB/FXGL
15:27:49.373 [JavaFX Application Thread] DEBUG PrimaryStageWindow   - Creating a JavaFX scene
15:27:49.431 [JavaFX Application Thread] DEBUG PrimaryStageWindow   - Target settings size: 800.0 x 800.0
15:27:49.431 [JavaFX Application Thread] DEBUG PrimaryStageWindow   - Scaled scene size:    800.0 x 800.0
15:27:49.431 [JavaFX Application Thread] DEBUG PrimaryStageWindow   - Scaled ratio: (1.0, 1.0)
15:27:49.432 [JavaFX Application Thread] DEBUG PrimaryStageWindow   - Set initial scene to FXGLStartupScene
15:27:49.436 [JavaFX Application Thread] DEBUG PrimaryStageWindow   - Opening main window
15:27:49.566 [JavaFX Application Thread] DEBUG PrimaryStageWindow   - Window border size: (14.66668701171875, 40.0)
15:27:49.566 [JavaFX Application Thread] DEBUG PrimaryStageWindow   - Scaled size: 800.0 x 800.0
15:27:49.566 [JavaFX Application Thread] DEBUG PrimaryStageWindow   - Scaled ratio: (1.0, 1.0)
15:27:49.567 [JavaFX Application Thread] DEBUG PrimaryStageWindow   - Scene size: 800.0 x 800.0
15:27:49.567 [JavaFX Application Thread] DEBUG PrimaryStageWindow   - Stage size: 814.6666870117188 x 840.0
15:27:49.579 [FXGL Background Thread 1 ] DEBUG Engine               - Initializing environment variables
15:27:49.662 [FXGL Background Thread 1 ] DEBUG FXGLAssetLoaderServi - User app class for loading assets: class kh.edu.paragoniu.spaceshooter.SpaceShooter
15:27:49.662 [FXGL Background Thread 1 ] DEBUG GameApplicationServi - Applying CSS: fxgl_dark.css
15:27:49.663 [FXGL Background Thread 1 ] DEBUG FXGLAssetLoaderServi - Loading from file system: jar:file:///C:/Users/USER/.m2/repository/com/github/almasb/fxgl/17.3/fxgl-17.3.jar!/fxglassets/ui/css/fxgl_dark.css
15:27:49.724 [FXGL Background Thread 1 ] DEBUG GameApplicationServi - Initializing application scenes
15:27:49.765 [FXGL Background Thread 1 ] DEBUG GameWorld            - Game world initialized
15:27:49.828 [FXGL Background Thread 1 ] DEBUG PhysicsWorld         - Physics world initialized: appHeight=800, physics.ppm=50.0
15:27:49.828 [FXGL Background Thread 1 ] DEBUG PhysicsWorld         - Using strategy: BRUTE_FORCE
15:27:49.832 [FXGL Background Thread 1 ] DEBUG GameScene            - Game scene initialized: 800x800
15:27:49.849 [FXGL Background Thread 1 ] DEBUG FXGL.DefaultMenu     - createMenuBodyGameMenu()
15:27:49.868 [FXGL Background Thread 1 ] DEBUG FXGL.DefaultMenu     - createOptionsMenu()
15:27:49.881 [FXGL Background Thread 1 ] DEBUG FXGLAssetLoaderServi - Loading from file system: jar:file:///C:/Users/USER/.m2/repository/com/github/almasb/fxgl/17.3/fxgl-17.3.jar!/fxglassets/textures/particles/smoke.png
15:27:49.985 [FXGL Background Thread 1 ] DEBUG FXGLAssetLoaderServi - Loading from file system: jar:file:///C:/Users/USER/.m2/repository/com/github/almasb/fxgl/17.3/fxgl-17.3.jar!/fxglassets/textures/particles/trace_horizontal.png
15:27:50.022 [FXGL Background Thread 1 ] DEBUG GameApplicationServi - Application scenes initialized
15:27:50.037 [FXGL Background Thread 1 ] DEBUG SystemBundleService  - Loading FXGL system data
15:27:50.042 [FXGL Background Thread 1 ] DEBUG FileSystemAccess     - Reading from: C:\Users\USER\IdeaProjects\SpaceShooter\system\fxgl.bundle
15:27:50.050 [FXGL Background Thread 1 ] DEBUG SystemBundleService  - Bundle FXGL: {}
15:27:50.051 [FXGL Background Thread 1 ] DEBUG UpdaterService       - Checking for updates
15:27:50.056 [FXGL Background Thread 4 ] DEBUG FXGLApplication      - Loading fonts
15:27:50.057 [FXGL Background Thread 4 ] DEBUG FXGLAssetLoaderServi - Loading from file system: jar:file:///C:/Users/USER/.m2/repository/com/github/almasb/fxgl/17.3/fxgl-17.3.jar!/fxglassets/ui/fonts/VarelaRound-Regular.ttf
15:27:50.057 [FXGL Background Thread 1 ] DEBUG FXGLApplication      - Loading default localization
15:27:50.058 [FXGL Background Thread 1 ] DEBUG FXGLAssetLoaderServi - Loading from file system: jar:file:///C:/Users/USER/.m2/repository/com/github/almasb/fxgl/17.3/fxgl-17.3.jar!/fxglassets/languages/english.lang
15:27:50.084 [FXGL Background Thread 1 ] INFO  FXGLApplication      - FXGL initialization took: 0.505 sec
15:27:50.096 [JavaFX Application Thread] DEBUG Input                - Registered new binding: LEFT - Left
15:27:50.096 [JavaFX Application Thread] DEBUG Input                - Registered new binding: RIGHT - Right
15:27:50.096 [JavaFX Application Thread] DEBUG Input                - Registered new binding: Single Shot - 1
15:27:50.097 [JavaFX Application Thread] DEBUG Input                - Registered new binding: Double Shot - 2
15:27:50.097 [JavaFX Application Thread] DEBUG Input                - Registered new binding: Triple Shot - 3
15:27:50.099 [JavaFX Application Thread] DEBUG FXGLAssetLoaderServi - Loading from file system: jar:file:///C:/Users/USER/.m2/repository/com/github/almasb/fxgl/17.3/fxgl-17.3.jar!/fxglassets/textures/fxgl_icon.png
15:27:50.118 [FXGL Background Thread 4 ] DEBUG FXGLAssetLoaderServi - Loading from file system: jar:file:///C:/Users/USER/.m2/repository/com/github/almasb/fxgl/17.3/fxgl-17.3.jar!/fxglassets/ui/fonts/Abel-Regular.ttf
15:27:50.123 [FXGL Background Thread 4 ] DEBUG FXGLAssetLoaderServi - Loading from file system: jar:file:///C:/Users/USER/.m2/repository/com/github/almasb/fxgl/17.3/fxgl-17.3.jar!/fxglassets/ui/fonts/TerminalLandMono-Regular.otf
15:27:50.127 [JavaFX Application Thread] DEBUG FXGLAssetLoaderServi - Loading from file system: jar:file:///C:/Users/USER/.m2/repository/com/github/almasb/fxgl/17.3/fxgl-17.3.jar!/fxglassets/textures/fxgl_default_cursor.png
15:27:50.129 [FXGL Background Thread 4 ] DEBUG FXGLAssetLoaderServi - Loading from file system: jar:file:///C:/Users/USER/.m2/repository/com/github/almasb/fxgl/17.3/fxgl-17.3.jar!/fxglassets/ui/fonts/Courier-Prime.ttf
15:27:50.130 [JavaFX Application Thread] DEBUG Input                - Registered new binding: Screenshot - CTRL+8
15:27:50.131 [JavaFX Application Thread] DEBUG Input                - Registered new binding: System info dump - CTRL+9
15:27:50.131 [JavaFX Application Thread] DEBUG Input                - Registered new binding: Restart - CTRL+R
15:27:50.132 [JavaFX Application Thread] DEBUG Input                - Registered new binding: Toggle Debug Camera - CTRL+7
15:27:50.134 [JavaFX Application Thread] DEBUG LoopRunner           - Starting loop
15:27:50.135 [JavaFX Application Thread] DEBUG LoopRunner           - Initializing JavaFX AnimationTimerLoop
15:27:50.136 [JavaFX Application Thread] DEBUG GameApplicationServi - Starting new game
15:27:50.137 [JavaFX Application Thread] DEBUG Input                - Clearing active input actions
15:27:50.153 [JavaFX Application Thread] DEBUG GameApplicationServi - Removing overlay from FXGLStartupScene and adding to FXGLLoadingScene
15:27:50.153 [JavaFX Application Thread] DEBUG PrimaryStageWindow   - FXGLStartupScene -> FXGLLoadingScene
15:27:50.154 [JavaFX Application Thread] DEBUG GameApplicationServi - Clearing previous game
15:27:50.154 [JavaFX Application Thread] DEBUG GameScene            - Clearing game scene
15:27:50.154 [JavaFX Application Thread] DEBUG GameWorld            - Clearing game world
15:27:50.154 [JavaFX Application Thread] DEBUG PhysicsWorld         - Clearing physics world
15:27:50.155 [FXGL Background Thread 4 ] DEBUG FXGLApplication      - Initializing game
15:27:50.158 [JavaFX Application Thread] DEBUG FXGLApplication      - Registering font factories with UI factory
15:27:50.219 [FXGL Background Thread 4 ] INFO  FXGLApplication      - Game initialization took: 0.064 sec
15:27:50.280 [JavaFX Application Thread] DEBUG Input                - Clearing active input actions
15:27:50.293 [JavaFX Application Thread] DEBUG GameApplicationServi - Removing overlay from FXGLLoadingScene and adding to GameScene
15:27:50.293 [JavaFX Application Thread] DEBUG PrimaryStageWindow   - FXGLLoadingScene -> GameScene
15:27:51.277 [FXGL Background Thread 2 ] INFO  UpdaterService       - Your current version:  17.3
15:27:51.277 [FXGL Background Thread 2 ] INFO  UpdaterService       - Latest stable version: 21.1
15:27:53.055 [FXGL Background Thread 3 ] DEBUG Engine               - Logging environment variables
15:27:53.056 [FXGL Background Thread 3 ] DEBUG Engine               - achievements: []
15:27:53.056 [FXGL Background Thread 3 ] DEBUG Engine               - actualHeight: 800.0
15:27:53.056 [FXGL Background Thread 3 ] DEBUG Engine               - actualHeightProperty: ReadOnlyDoubleProperty [value: 800.0]
15:27:53.056 [FXGL Background Thread 3 ] DEBUG Engine               - actualWidth: 800.0
15:27:53.056 [FXGL Background Thread 3 ] DEBUG Engine               - actualWidthProperty: ReadOnlyDoubleProperty [value: 800.0]
15:27:53.056 [FXGL Background Thread 3 ] DEBUG Engine               - appIcon: fxgl_icon.png
15:27:53.057 [FXGL Background Thread 3 ] DEBUG Engine               - applicationMode: DEVELOPER
15:27:53.057 [FXGL Background Thread 3 ] DEBUG Engine               - cSSList: [fxgl_dark.css]
15:27:53.057 [FXGL Background Thread 3 ] DEBUG Engine               - collisionDetectionStrategy: BRUTE_FORCE
15:27:53.057 [FXGL Background Thread 3 ] DEBUG Engine               - configClass: Optional.empty
15:27:53.057 [FXGL Background Thread 3 ] DEBUG Engine               - credits: []
15:27:53.058 [FXGL Background Thread 3 ] DEBUG Engine               - defaultCursor: CursorInfo(imageName=fxgl_default_cursor.png, hotspotX=7.0, hotspotY=6.0)
15:27:53.058 [FXGL Background Thread 3 ] DEBUG Engine               - devBBoxColorProperty: ObjectProperty [value: 0xff0000ff]
15:27:53.058 [FXGL Background Thread 3 ] DEBUG Engine               - devEnableDebugCameraProperty: BooleanProperty [value: false]
15:27:53.058 [FXGL Background Thread 3 ] DEBUG Engine               - devSensorColorProperty: ObjectProperty [value: 0xffff00ff]
15:27:53.058 [FXGL Background Thread 3 ] DEBUG Engine               - devShowBBoxProperty: BooleanProperty [value: false]
15:27:53.058 [FXGL Background Thread 3 ] DEBUG Engine               - devShowPositionProperty: BooleanProperty [value: false]
15:27:53.058 [FXGL Background Thread 3 ] DEBUG Engine               - enabledMenuItems: []
15:27:53.059 [FXGL Background Thread 3 ] DEBUG Engine               - engineServices: [class com.almasb.fxgl.app.services.FXGLAssetLoaderService, class com.almasb.fxgl.app.FXGLApplication$GameApplicationService, class com.almasb.fxgl.app.services.FXGLDialogService, class com.almasb.fxgl.app.services.IOTaskExecutorService, class com.almasb.fxgl.io.FileSystemService, class com.almasb.fxgl.localization.LocalizationService, class com.almasb.fxgl.app.services.SystemBundleService, class com.almasb.fxgl.profile.SaveLoadService, class com.almasb.fxgl.ui.FXGLUIFactoryServiceProvider, class com.almasb.fxgl.ui.FXGLDialogFactoryServiceProvider, class com.almasb.fxgl.audio.AudioPlayer, class com.almasb.fxgl.notification.impl.NotificationServiceProvider, class com.almasb.fxgl.achievement.AchievementService, class com.almasb.fxgl.cutscene.CutsceneService, class com.almasb.fxgl.minigames.MiniGameService, class com.almasb.fxgl.net.NetService, class com.almasb.fxgl.app.services.UpdaterService, class com.almasb.fxgl.dev.DevService]
15:27:53.059 [FXGL Background Thread 3 ] DEBUG Engine               - fontGame: Abel-Regular.ttf
15:27:53.059 [FXGL Background Thread 3 ] DEBUG Engine               - fontMono: TerminalLandMono-Regular.otf
15:27:53.059 [FXGL Background Thread 3 ] DEBUG Engine               - fontSizeScaleUI: 1.0
15:27:53.059 [FXGL Background Thread 3 ] DEBUG Engine               - fontText: Courier-Prime.ttf
15:27:53.059 [FXGL Background Thread 3 ] DEBUG Engine               - fontUI: VarelaRound-Regular.ttf
15:27:53.059 [FXGL Background Thread 3 ] DEBUG Engine               - fullScreen: BooleanProperty [value: false]
15:27:53.059 [FXGL Background Thread 3 ] DEBUG Engine               - gameDifficulty: MEDIUM
15:27:53.059 [FXGL Background Thread 3 ] DEBUG Engine               - gameDifficultyProperty: ObjectProperty [value: MEDIUM]
15:27:53.059 [FXGL Background Thread 3 ] DEBUG Engine               - globalMusicVolume: 0.5
15:27:53.059 [FXGL Background Thread 3 ] DEBUG Engine               - globalMusicVolumeProperty: DoubleProperty [value: 0.5]
15:27:53.060 [FXGL Background Thread 3 ] DEBUG Engine               - globalSoundVolume: 0.5
15:27:53.060 [FXGL Background Thread 3 ] DEBUG Engine               - globalSoundVolumeProperty: DoubleProperty [value: 0.5]
15:27:53.060 [FXGL Background Thread 3 ] DEBUG Engine               - height: 800
15:27:53.060 [FXGL Background Thread 3 ] DEBUG Engine               - is3D: false
15:27:53.060 [FXGL Background Thread 3 ] DEBUG Engine               - isAndroid: false
15:27:53.061 [FXGL Background Thread 3 ] DEBUG Engine               - isBrowser: false
15:27:53.061 [FXGL Background Thread 3 ] DEBUG Engine               - isClickFeedbackEnabled: false
15:27:53.061 [FXGL Background Thread 3 ] DEBUG Engine               - isCloseConfirmation: false
15:27:53.061 [FXGL Background Thread 3 ] DEBUG Engine               - isDesktop: true
15:27:53.061 [FXGL Background Thread 3 ] DEBUG Engine               - isDeveloperMenuEnabled: false
15:27:53.061 [FXGL Background Thread 3 ] DEBUG Engine               - isEmbedded: false
15:27:53.062 [FXGL Background Thread 3 ] DEBUG Engine               - isEntityPreloadEnabled: true
15:27:53.062 [FXGL Background Thread 3 ] DEBUG Engine               - isExperimentalTiledLargeMap: false
15:27:53.062 [FXGL Background Thread 3 ] DEBUG Engine               - isFileSystemWriteAllowed: true
15:27:53.062 [FXGL Background Thread 3 ] DEBUG Engine               - isFullScreenAllowed: false
15:27:53.062 [FXGL Background Thread 3 ] DEBUG Engine               - isFullScreenFromStart: false
15:27:53.062 [FXGL Background Thread 3 ] DEBUG Engine               - isGameMenuEnabled: true
15:27:53.062 [FXGL Background Thread 3 ] DEBUG Engine               - isIOS: false
15:27:53.062 [FXGL Background Thread 3 ] DEBUG Engine               - isIntroEnabled: false
15:27:53.062 [FXGL Background Thread 3 ] DEBUG Engine               - isLinux: false
15:27:53.062 [FXGL Background Thread 3 ] DEBUG Engine               - isMac: false
15:27:53.062 [FXGL Background Thread 3 ] DEBUG Engine               - isMainMenuEnabled: false
15:27:53.062 [FXGL Background Thread 3 ] DEBUG Engine               - isManualResizeEnabled: false
15:27:53.063 [FXGL Background Thread 3 ] DEBUG Engine               - isMobile: false
15:27:53.063 [FXGL Background Thread 3 ] DEBUG Engine               - isNative: false
15:27:53.063 [FXGL Background Thread 3 ] DEBUG Engine               - isPauseMusicWhenMinimized: true
15:27:53.063 [FXGL Background Thread 3 ] DEBUG Engine               - isPreserveResizeRatio: false
15:27:53.063 [FXGL Background Thread 3 ] DEBUG Engine               - isProfilingEnabled: false
15:27:53.063 [FXGL Background Thread 3 ] DEBUG Engine               - isScaleAffectedOnResize: true
15:27:53.063 [FXGL Background Thread 3 ] DEBUG Engine               - isSingleStep: false
15:27:53.064 [FXGL Background Thread 3 ] DEBUG Engine               - isUserProfileEnabled: false
15:27:53.064 [FXGL Background Thread 3 ] DEBUG Engine               - isWindows: true
15:27:53.064 [FXGL Background Thread 3 ] DEBUG Engine               - language: ObjectProperty [value: ENGLISH]
15:27:53.064 [FXGL Background Thread 3 ] DEBUG Engine               - menuKey: ESCAPE
15:27:53.064 [FXGL Background Thread 3 ] DEBUG Engine               - mouseSensitivity: 0.2
15:27:53.064 [FXGL Background Thread 3 ] DEBUG Engine               - notificationViewClass: class com.almasb.fxgl.notification.view.XboxNotificationView
15:27:53.064 [FXGL Background Thread 3 ] DEBUG Engine               - pixelsPerMeter: 50.0
15:27:53.064 [FXGL Background Thread 3 ] DEBUG Engine               - platform: WINDOWS
15:27:53.064 [FXGL Background Thread 3 ] DEBUG Engine               - prefHeightProperty: ReadOnlyDoubleProperty [value: 800.0]
15:27:53.064 [FXGL Background Thread 3 ] DEBUG Engine               - prefWidthProperty: ReadOnlyDoubleProperty [value: 800.0]
15:27:53.064 [FXGL Background Thread 3 ] DEBUG Engine               - profileDir: profiles/
15:27:53.064 [FXGL Background Thread 3 ] DEBUG Engine               - profileName: StringProperty [value: DEFAULT]
15:27:53.064 [FXGL Background Thread 3 ] DEBUG Engine               - randomSeed: -1
15:27:53.064 [FXGL Background Thread 3 ] DEBUG Engine               - runtimeInfo: RuntimeInfo(platform=WINDOWS, version=17.3, build=30.03.2023 11.49)
15:27:53.064 [FXGL Background Thread 3 ] DEBUG Engine               - saveFileExt: sav
15:27:53.064 [FXGL Background Thread 3 ] DEBUG Engine               - scaledHeightProp$fxgl: DoubleProperty [bound, value: 800.0]
15:27:53.064 [FXGL Background Thread 3 ] DEBUG Engine               - scaledWidthProp$fxgl: DoubleProperty [bound, value: 800.0]
15:27:53.064 [FXGL Background Thread 3 ] DEBUG Engine               - sceneFactory: com.almasb.fxgl.app.scene.SceneFactory@6611f1cc
15:27:53.064 [FXGL Background Thread 3 ] DEBUG Engine               - secondsIn24h: 60
15:27:53.064 [FXGL Background Thread 3 ] DEBUG Engine               - soundMenuBack: menu/back.wav
15:27:53.065 [FXGL Background Thread 3 ] DEBUG Engine               - soundMenuPress: menu/press.wav
15:27:53.065 [FXGL Background Thread 3 ] DEBUG Engine               - soundMenuSelect: menu/select.wav
15:27:53.065 [FXGL Background Thread 3 ] DEBUG Engine               - soundNotification: core/notification.wav
15:27:53.065 [FXGL Background Thread 3 ] DEBUG Engine               - stageStyle: DECORATED
15:27:53.065 [FXGL Background Thread 3 ] DEBUG Engine               - supportedLanguages: [ENGLISH, FRENCH, GERMAN, HUNGARIAN, RUSSIAN]
15:27:53.065 [FXGL Background Thread 3 ] DEBUG Engine               - ticksPerSecond: -1
15:27:53.065 [FXGL Background Thread 3 ] DEBUG Engine               - title: SpaceShooterGame
15:27:53.065 [FXGL Background Thread 3 ] DEBUG Engine               - urlGithub: https://github.com/AlmasB/FXGL
15:27:53.065 [FXGL Background Thread 3 ] DEBUG Engine               - urlLeaderboard: http://fxgl-top.herokuapp.com/
15:27:53.065 [FXGL Background Thread 3 ] DEBUG Engine               - urlPOM: https://raw.githubusercontent.com/AlmasB/FXGL/release/README.md
15:27:53.065 [FXGL Background Thread 3 ] DEBUG Engine               - userAppClass: class kh.edu.paragoniu.spaceshooter.SpaceShooter
15:27:53.065 [FXGL Background Thread 3 ] DEBUG Engine               - version: 0.0
15:27:53.065 [FXGL Background Thread 3 ] DEBUG Engine               - versionCheckDays: 7
15:27:53.065 [FXGL Background Thread 3 ] DEBUG Engine               - width: 800
15:27:53.065 [FXGL Background Thread 3 ] DEBUG Engine               - Logging services
15:27:53.065 [FXGL Background Thread 3 ] DEBUG Engine               - class com.almasb.fxgl.app.services.FXGLAssetLoaderService
15:27:53.065 [FXGL Background Thread 3 ] DEBUG Engine               - class com.almasb.fxgl.app.FXGLApplication$GameApplicationService
15:27:53.065 [FXGL Background Thread 3 ] DEBUG Engine               - class com.almasb.fxgl.app.services.FXGLDialogService
15:27:53.065 [FXGL Background Thread 3 ] DEBUG Engine               - class com.almasb.fxgl.app.services.IOTaskExecutorService
15:27:53.065 [FXGL Background Thread 3 ] DEBUG Engine               - class com.almasb.fxgl.io.FileSystemService
15:27:53.065 [FXGL Background Thread 3 ] DEBUG Engine               - class com.almasb.fxgl.localization.LocalizationService
15:27:53.065 [FXGL Background Thread 3 ] DEBUG Engine               - class com.almasb.fxgl.app.services.SystemBundleService
15:27:53.065 [FXGL Background Thread 3 ] DEBUG Engine               - class com.almasb.fxgl.profile.SaveLoadService
15:27:53.065 [FXGL Background Thread 3 ] DEBUG Engine               - class com.almasb.fxgl.ui.FXGLUIFactoryServiceProvider
15:27:53.065 [FXGL Background Thread 3 ] DEBUG Engine               - class com.almasb.fxgl.ui.FXGLDialogFactoryServiceProvider
15:27:53.065 [FXGL Background Thread 3 ] DEBUG Engine               - class com.almasb.fxgl.audio.AudioPlayer
15:27:53.065 [FXGL Background Thread 3 ] DEBUG Engine               - class com.almasb.fxgl.notification.impl.NotificationServiceProvider
15:27:53.065 [FXGL Background Thread 3 ] DEBUG Engine               - class com.almasb.fxgl.achievement.AchievementService
15:27:53.065 [FXGL Background Thread 3 ] DEBUG Engine               - class com.almasb.fxgl.cutscene.CutsceneService
15:27:53.065 [FXGL Background Thread 3 ] DEBUG Engine               - class com.almasb.fxgl.minigames.MiniGameService
15:27:53.065 [FXGL Background Thread 3 ] DEBUG Engine               - class com.almasb.fxgl.net.NetService
15:27:53.065 [FXGL Background Thread 3 ] DEBUG Engine               - class com.almasb.fxgl.app.services.UpdaterService
15:27:53.065 [FXGL Background Thread 3 ] DEBUG Engine               - class com.almasb.fxgl.dev.DevService
15:28:21.712 [JavaFX Application Thread] DEBUG FXGLApplication      - Exiting FXGL
15:28:21.713 [JavaFX Application Thread] DEBUG LoopRunner           - Stopping loop
15:28:21.713 [JavaFX Application Thread] DEBUG SystemBundleService  - Saving FXGL system data
15:28:21.716 [JavaFX Application Thread] DEBUG FileSystemAccess     - Writing to: C:\Users\USER\IdeaProjects\SpaceShooter\system\fxgl.bundle
15:28:21.719 [JavaFX Application Thread] DEBUG Async                - Shutting down background threads
15:28:21.719 [JavaFX Application Thread] DEBUG PrimaryStageWindow   - Closing main window
15:28:21.741 [JavaFX Application Thread] DEBUG Logger               - Closing Logger
