20:43:43.117 [main                     ] DEBUG Logger               - Configured Logger
20:43:43.120 [main                     ] DEBUG GameApplication      - Logging settings
Title: SpaceShooterGame
Version: 1.0
Width: 800
Height: 800
Fullscreen: false
Intro: false
Profiling: false
Single step:false
App Mode: DEVELOPER
Menu Key: ESCAPE
Stage Style: DECORATED
Scene Factory: class com.almasb.fxgl.app.scene.SceneFactory

20:43:43.276 [JavaFX Application Thread] DEBUG FXGLApplication      - Initializing FXGL
20:43:43.277 [JavaFX Application Thread] INFO  Engine               - FXGL-17.3 (30.03.2023 11.49) on MAC (J:25.0.2 FX:21.0.6)
20:43:43.277 [JavaFX Application Thread] DEBUG Engine               - JRE Vendor Name: Oracle Corporation
20:43:43.277 [JavaFX Application Thread] DEBUG Engine               - Running on OS: Mac OS X version 15.7.3
20:43:43.277 [JavaFX Application Thread] DEBUG Engine               - Architecture: aarch64
20:43:43.277 [JavaFX Application Thread] INFO  Engine               - Source code and latest versions at: https://github.com/AlmasB/FXGL
20:43:43.277 [JavaFX Application Thread] INFO  Engine               -       Ask questions and discuss at: https://github.com/AlmasB/FXGL/discussions
20:43:43.278 [JavaFX Application Thread] INFO  Engine               -              Join the FXGL chat at: https://gitter.im/AlmasB/FXGL
20:43:43.310 [JavaFX Application Thread] DEBUG PrimaryStageWindow   - Creating a JavaFX scene
20:43:43.327 [JavaFX Application Thread] DEBUG PrimaryStageWindow   - Target settings size: 800.0 x 800.0
20:43:43.327 [JavaFX Application Thread] DEBUG PrimaryStageWindow   - Scaled scene size:    800.0 x 800.0
20:43:43.328 [JavaFX Application Thread] DEBUG PrimaryStageWindow   - Scaled ratio: (1.0, 1.0)
20:43:43.328 [JavaFX Application Thread] DEBUG PrimaryStageWindow   - Set initial scene to FXGLStartupScene
20:43:43.329 [JavaFX Application Thread] DEBUG PrimaryStageWindow   - Opening main window
20:43:43.374 [JavaFX Application Thread] DEBUG PrimaryStageWindow   - Window border size: (0.0, 28.0)
20:43:43.374 [JavaFX Application Thread] DEBUG PrimaryStageWindow   - Scaled size: 800.0 x 800.0
20:43:43.374 [JavaFX Application Thread] DEBUG PrimaryStageWindow   - Scaled ratio: (1.0, 1.0)
20:43:43.374 [JavaFX Application Thread] DEBUG PrimaryStageWindow   - Scene size: 800.0 x 800.0
20:43:43.374 [JavaFX Application Thread] DEBUG PrimaryStageWindow   - Stage size: 800.0 x 828.0
20:43:43.377 [FXGL Background Thread 1 ] DEBUG Engine               - Initializing environment variables
20:43:43.397 [FXGL Background Thread 1 ] DEBUG FXGLAssetLoaderServi - User app class for loading assets: class kh.edu.paragoniu.spaceshooter.SpaceShooter
20:43:43.397 [FXGL Background Thread 1 ] DEBUG GameApplicationServi - Applying CSS: fxgl_dark.css
20:43:43.397 [FXGL Background Thread 1 ] DEBUG FXGLAssetLoaderServi - Loading from file system: jar:file:///Users/chengsenghab/.m2/repository/com/github/almasb/fxgl/17.3/fxgl-17.3.jar!/fxglassets/ui/css/fxgl_dark.css
20:43:43.413 [FXGL Background Thread 1 ] DEBUG GameApplicationServi - Initializing application scenes
20:43:43.523 [FXGL Background Thread 1 ] DEBUG GameWorld            - Game world initialized
20:43:43.542 [FXGL Background Thread 1 ] DEBUG PhysicsWorld         - Physics world initialized: appHeight=800, physics.ppm=50.0
20:43:43.542 [FXGL Background Thread 1 ] DEBUG PhysicsWorld         - Using strategy: BRUTE_FORCE
20:43:43.544 [FXGL Background Thread 1 ] DEBUG GameScene            - Game scene initialized: 800x800
20:43:43.547 [FXGL Background Thread 1 ] DEBUG FXGL.DefaultMenu     - createMenuBodyMainMenu()
20:43:43.554 [FXGL Background Thread 1 ] DEBUG FXGL.DefaultMenu     - createOptionsMenu()
20:43:43.557 [FXGL Background Thread 1 ] DEBUG FXGLAssetLoaderServi - Loading from file system: jar:file:///Users/chengsenghab/.m2/repository/com/github/almasb/fxgl/17.3/fxgl-17.3.jar!/fxglassets/textures/particles/smoke.png
20:43:43.587 [FXGL Background Thread 1 ] DEBUG FXGLAssetLoaderServi - Loading from file system: jar:file:///Users/chengsenghab/.m2/repository/com/github/almasb/fxgl/17.3/fxgl-17.3.jar!/fxglassets/textures/particles/trace_horizontal.png
20:43:43.598 [FXGL Background Thread 1 ] DEBUG FXGL.DefaultMenu     - createMenuBodyGameMenu()
20:43:43.598 [FXGL Background Thread 1 ] DEBUG FXGL.DefaultMenu     - createOptionsMenu()
20:43:43.603 [FXGL Background Thread 1 ] DEBUG GameApplicationServi - Application scenes initialized
20:43:43.606 [FXGL Background Thread 1 ] DEBUG SystemBundleService  - Loading FXGL system data
20:43:43.607 [FXGL Background Thread 1 ] DEBUG FileSystemAccess     - Reading from: /Users/chengsenghab/Desktop/SpaceShooter/system/fxgl.bundle
20:43:43.610 [FXGL Background Thread 1 ] DEBUG SystemBundleService  - Bundle FXGL: {}
20:43:43.610 [FXGL Background Thread 1 ] DEBUG UpdaterService       - Checking for updates
20:43:43.611 [FXGL Background Thread 4 ] DEBUG FXGLApplication      - Loading fonts
20:43:43.611 [FXGL Background Thread 4 ] DEBUG FXGLAssetLoaderServi - Loading from file system: jar:file:///Users/chengsenghab/.m2/repository/com/github/almasb/fxgl/17.3/fxgl-17.3.jar!/fxglassets/ui/fonts/VarelaRound-Regular.ttf
20:43:43.611 [FXGL Background Thread 1 ] DEBUG FXGLApplication      - Loading default localization
20:43:43.611 [FXGL Background Thread 1 ] DEBUG FXGLAssetLoaderServi - Loading from file system: jar:file:///Users/chengsenghab/.m2/repository/com/github/almasb/fxgl/17.3/fxgl-17.3.jar!/fxglassets/languages/english.lang
20:43:43.616 [FXGL Background Thread 4 ] DEBUG FXGLAssetLoaderServi - Loading from file system: jar:file:///Users/chengsenghab/.m2/repository/com/github/almasb/fxgl/17.3/fxgl-17.3.jar!/fxglassets/ui/fonts/Abel-Regular.ttf
20:43:43.617 [FXGL Background Thread 1 ] INFO  FXGLApplication      - FXGL initialization took: 0.240 sec
20:43:43.617 [FXGL Background Thread 4 ] DEBUG FXGLAssetLoaderServi - Loading from file system: jar:file:///Users/chengsenghab/.m2/repository/com/github/almasb/fxgl/17.3/fxgl-17.3.jar!/fxglassets/ui/fonts/TerminalLandMono-Regular.otf
20:43:43.618 [FXGL Background Thread 4 ] DEBUG FXGLAssetLoaderServi - Loading from file system: jar:file:///Users/chengsenghab/.m2/repository/com/github/almasb/fxgl/17.3/fxgl-17.3.jar!/fxglassets/ui/fonts/Courier-Prime.ttf
20:43:43.620 [JavaFX Application Thread] DEBUG Input                - Registered new binding: LEFT - A
20:43:43.620 [JavaFX Application Thread] DEBUG Input                - Registered new binding: RIGHT - D
20:43:43.621 [JavaFX Application Thread] DEBUG Input                - Registered new binding: Down - S
20:43:43.621 [JavaFX Application Thread] DEBUG Input                - Registered new binding: Up - W
20:43:43.621 [JavaFX Application Thread] DEBUG Input                - Registered new binding: Pause - Esc
20:43:43.621 [JavaFX Application Thread] DEBUG Input                - Registered new binding: Show Leaderboard - L
20:43:43.621 [JavaFX Application Thread] DEBUG FXGLAssetLoaderServi - Loading from file system: jar:file:///Users/chengsenghab/.m2/repository/com/github/almasb/fxgl/17.3/fxgl-17.3.jar!/fxglassets/textures/fxgl_icon.png
20:43:43.632 [JavaFX Application Thread] DEBUG FXGLAssetLoaderServi - Loading from file system: jar:file:///Users/chengsenghab/.m2/repository/com/github/almasb/fxgl/17.3/fxgl-17.3.jar!/fxglassets/textures/fxgl_default_cursor.png
20:43:43.633 [JavaFX Application Thread] DEBUG Input                - Registered new binding: Screenshot - CTRL+8
20:43:43.633 [JavaFX Application Thread] DEBUG Input                - Registered new binding: System info dump - CTRL+9
20:43:43.633 [JavaFX Application Thread] DEBUG Input                - Registered new binding: Restart - CTRL+R
20:43:43.633 [JavaFX Application Thread] DEBUG Input                - Registered new binding: Toggle Debug Camera - CTRL+7
20:43:43.634 [JavaFX Application Thread] DEBUG LoopRunner           - Starting loop
20:43:43.634 [JavaFX Application Thread] DEBUG LoopRunner           - Initializing JavaFX AnimationTimerLoop
20:43:43.635 [JavaFX Application Thread] DEBUG Input                - Clearing active input actions
20:43:43.637 [JavaFX Application Thread] DEBUG GameApplicationServi - Removing overlay from FXGLStartupScene and adding to FXGLMainMenuDummyScene
20:43:43.638 [JavaFX Application Thread] DEBUG PrimaryStageWindow   - FXGLStartupScene -> FXGLMainMenuDummyScene
20:43:43.638 [JavaFX Application Thread] DEBUG PrimaryStageWindow   - Push state: FXGLDefaultMenu
20:43:43.639 [JavaFX Application Thread] DEBUG Input                - Clearing active input actions
20:43:43.642 [JavaFX Application Thread] DEBUG GameApplicationServi - Removing overlay from FXGLMainMenuDummyScene and adding to FXGLDefaultMenu
20:43:43.642 [JavaFX Application Thread] DEBUG PrimaryStageWindow   - FXGLMainMenuDummyScene -> FXGLDefaultMenu
20:43:43.644 [JavaFX Application Thread] DEBUG FXGLApplication      - Registering font factories with UI factory
20:43:43.867 [FXGL Background Thread 2 ] INFO  UpdaterService       - Your current version:  17.3
20:43:43.867 [FXGL Background Thread 2 ] INFO  UpdaterService       - Latest stable version: 21.1
20:43:44.472 [JavaFX Application Thread] DEBUG Menu                 - fireNewGame()
20:43:44.472 [JavaFX Application Thread] DEBUG GameApplicationServi - Starting new game
20:43:44.473 [JavaFX Application Thread] DEBUG PrimaryStageWindow   - Pop state: FXGLDefaultMenu
20:43:44.473 [JavaFX Application Thread] DEBUG Input                - Clearing active input actions
20:43:44.473 [JavaFX Application Thread] DEBUG GameApplicationServi - Removing overlay from FXGLDefaultMenu and adding to FXGLMainMenuDummyScene
20:43:44.473 [JavaFX Application Thread] DEBUG PrimaryStageWindow   - FXGLMainMenuDummyScene <- FXGLDefaultMenu
20:43:44.473 [JavaFX Application Thread] DEBUG Input                - Clearing active input actions
20:43:44.476 [JavaFX Application Thread] DEBUG GameApplicationServi - Removing overlay from FXGLMainMenuDummyScene and adding to FXGLLoadingScene
20:43:44.477 [JavaFX Application Thread] DEBUG PrimaryStageWindow   - FXGLMainMenuDummyScene -> FXGLLoadingScene
20:43:44.477 [JavaFX Application Thread] DEBUG GameApplicationServi - Clearing previous game
20:43:44.477 [JavaFX Application Thread] DEBUG GameScene            - Clearing game scene
20:43:44.477 [JavaFX Application Thread] DEBUG GameWorld            - Clearing game world
20:43:44.477 [JavaFX Application Thread] DEBUG PhysicsWorld         - Clearing physics world
20:43:44.477 [FXGL Background Thread 2 ] DEBUG FXGLApplication      - Initializing game
20:43:44.636 [FXGL Background Thread 2 ] INFO  FXGLApplication      - Game initialization took: 0.158 sec
20:43:44.636 [JavaFX Application Thread] DEBUG Input                - Clearing active input actions
20:43:44.638 [JavaFX Application Thread] DEBUG GameApplicationServi - Removing overlay from FXGLLoadingScene and adding to GameScene
20:43:44.638 [JavaFX Application Thread] DEBUG PrimaryStageWindow   - FXGLLoadingScene -> GameScene
20:43:46.611 [FXGL Background Thread 3 ] DEBUG Engine               - Logging environment variables
20:43:46.611 [FXGL Background Thread 3 ] DEBUG Engine               - achievements: []
20:43:46.611 [FXGL Background Thread 3 ] DEBUG Engine               - actualHeight: 800.0
20:43:46.611 [FXGL Background Thread 3 ] DEBUG Engine               - actualHeightProperty: ReadOnlyDoubleProperty [value: 800.0]
20:43:46.611 [FXGL Background Thread 3 ] DEBUG Engine               - actualWidth: 800.0
20:43:46.612 [FXGL Background Thread 3 ] DEBUG Engine               - actualWidthProperty: ReadOnlyDoubleProperty [value: 800.0]
20:43:46.612 [FXGL Background Thread 3 ] DEBUG Engine               - appIcon: fxgl_icon.png
20:43:46.612 [FXGL Background Thread 3 ] DEBUG Engine               - applicationMode: DEVELOPER
20:43:46.612 [FXGL Background Thread 3 ] DEBUG Engine               - cSSList: [fxgl_dark.css]
20:43:46.612 [FXGL Background Thread 3 ] DEBUG Engine               - collisionDetectionStrategy: BRUTE_FORCE
20:43:46.612 [FXGL Background Thread 3 ] DEBUG Engine               - configClass: Optional.empty
20:43:46.612 [FXGL Background Thread 3 ] DEBUG Engine               - credits: []
20:43:46.612 [FXGL Background Thread 3 ] DEBUG Engine               - defaultCursor: CursorInfo(imageName=fxgl_default_cursor.png, hotspotX=7.0, hotspotY=6.0)
20:43:46.612 [FXGL Background Thread 3 ] DEBUG Engine               - devBBoxColorProperty: ObjectProperty [value: 0xff0000ff]
20:43:46.612 [FXGL Background Thread 3 ] DEBUG Engine               - devEnableDebugCameraProperty: BooleanProperty [value: false]
20:43:46.612 [FXGL Background Thread 3 ] DEBUG Engine               - devSensorColorProperty: ObjectProperty [value: 0xffff00ff]
20:43:46.612 [FXGL Background Thread 3 ] DEBUG Engine               - devShowBBoxProperty: BooleanProperty [value: false]
20:43:46.612 [FXGL Background Thread 3 ] DEBUG Engine               - devShowPositionProperty: BooleanProperty [value: false]
20:43:46.612 [FXGL Background Thread 3 ] DEBUG Engine               - enabledMenuItems: []
20:43:46.612 [FXGL Background Thread 3 ] DEBUG Engine               - engineServices: [class com.almasb.fxgl.app.services.FXGLAssetLoaderService, class com.almasb.fxgl.app.FXGLApplication$GameApplicationService, class com.almasb.fxgl.app.services.FXGLDialogService, class com.almasb.fxgl.app.services.IOTaskExecutorService, class com.almasb.fxgl.io.FileSystemService, class com.almasb.fxgl.localization.LocalizationService, class com.almasb.fxgl.app.services.SystemBundleService, class com.almasb.fxgl.profile.SaveLoadService, class com.almasb.fxgl.ui.FXGLUIFactoryServiceProvider, class com.almasb.fxgl.ui.FXGLDialogFactoryServiceProvider, class com.almasb.fxgl.audio.AudioPlayer, class com.almasb.fxgl.notification.impl.NotificationServiceProvider, class com.almasb.fxgl.achievement.AchievementService, class com.almasb.fxgl.cutscene.CutsceneService, class com.almasb.fxgl.minigames.MiniGameService, class com.almasb.fxgl.net.NetService, class com.almasb.fxgl.app.services.UpdaterService, class com.almasb.fxgl.dev.DevService]
20:43:46.612 [FXGL Background Thread 3 ] DEBUG Engine               - fontGame: Abel-Regular.ttf
20:43:46.612 [FXGL Background Thread 3 ] DEBUG Engine               - fontMono: TerminalLandMono-Regular.otf
20:43:46.612 [FXGL Background Thread 3 ] DEBUG Engine               - fontSizeScaleUI: 1.0
20:43:46.612 [FXGL Background Thread 3 ] DEBUG Engine               - fontText: Courier-Prime.ttf
20:43:46.612 [FXGL Background Thread 3 ] DEBUG Engine               - fontUI: VarelaRound-Regular.ttf
20:43:46.612 [FXGL Background Thread 3 ] DEBUG Engine               - fullScreen: BooleanProperty [value: false]
20:43:46.612 [FXGL Background Thread 3 ] DEBUG Engine               - gameDifficulty: MEDIUM
20:43:46.613 [FXGL Background Thread 3 ] DEBUG Engine               - gameDifficultyProperty: ObjectProperty [value: MEDIUM]
20:43:46.613 [FXGL Background Thread 3 ] DEBUG Engine               - globalMusicVolume: 0.5
20:43:46.613 [FXGL Background Thread 3 ] DEBUG Engine               - globalMusicVolumeProperty: DoubleProperty [value: 0.5]
20:43:46.613 [FXGL Background Thread 3 ] DEBUG Engine               - globalSoundVolume: 0.5
20:43:46.613 [FXGL Background Thread 3 ] DEBUG Engine               - globalSoundVolumeProperty: DoubleProperty [value: 0.5]
20:43:46.613 [FXGL Background Thread 3 ] DEBUG Engine               - height: 800
20:43:46.613 [FXGL Background Thread 3 ] DEBUG Engine               - is3D: false
20:43:46.613 [FXGL Background Thread 3 ] DEBUG Engine               - isAndroid: false
20:43:46.613 [FXGL Background Thread 3 ] DEBUG Engine               - isBrowser: false
20:43:46.613 [FXGL Background Thread 3 ] DEBUG Engine               - isClickFeedbackEnabled: false
20:43:46.613 [FXGL Background Thread 3 ] DEBUG Engine               - isCloseConfirmation: false
20:43:46.613 [FXGL Background Thread 3 ] DEBUG Engine               - isDesktop: true
20:43:46.613 [FXGL Background Thread 3 ] DEBUG Engine               - isDeveloperMenuEnabled: false
20:43:46.613 [FXGL Background Thread 3 ] DEBUG Engine               - isEmbedded: false
20:43:46.613 [FXGL Background Thread 3 ] DEBUG Engine               - isEntityPreloadEnabled: true
20:43:46.613 [FXGL Background Thread 3 ] DEBUG Engine               - isExperimentalTiledLargeMap: false
20:43:46.613 [FXGL Background Thread 3 ] DEBUG Engine               - isFileSystemWriteAllowed: true
20:43:46.613 [FXGL Background Thread 3 ] DEBUG Engine               - isFullScreenAllowed: false
20:43:46.613 [FXGL Background Thread 3 ] DEBUG Engine               - isFullScreenFromStart: false
20:43:46.613 [FXGL Background Thread 3 ] DEBUG Engine               - isGameMenuEnabled: true
20:43:46.613 [FXGL Background Thread 3 ] DEBUG Engine               - isIOS: false
20:43:46.613 [FXGL Background Thread 3 ] DEBUG Engine               - isIntroEnabled: false
20:43:46.613 [FXGL Background Thread 3 ] DEBUG Engine               - isLinux: false
20:43:46.613 [FXGL Background Thread 3 ] DEBUG Engine               - isMac: true
20:43:46.613 [FXGL Background Thread 3 ] DEBUG Engine               - isMainMenuEnabled: true
20:43:46.613 [FXGL Background Thread 3 ] DEBUG Engine               - isManualResizeEnabled: false
20:43:46.613 [FXGL Background Thread 3 ] DEBUG Engine               - isMobile: false
20:43:46.613 [FXGL Background Thread 3 ] DEBUG Engine               - isNative: false
20:43:46.613 [FXGL Background Thread 3 ] DEBUG Engine               - isPauseMusicWhenMinimized: true
20:43:46.613 [FXGL Background Thread 3 ] DEBUG Engine               - isPreserveResizeRatio: false
20:43:46.613 [FXGL Background Thread 3 ] DEBUG Engine               - isProfilingEnabled: false
20:43:46.613 [FXGL Background Thread 3 ] DEBUG Engine               - isScaleAffectedOnResize: true
20:43:46.613 [FXGL Background Thread 3 ] DEBUG Engine               - isSingleStep: false
20:43:46.614 [FXGL Background Thread 3 ] DEBUG Engine               - isUserProfileEnabled: false
20:43:46.614 [FXGL Background Thread 3 ] DEBUG Engine               - isWindows: false
20:43:46.614 [FXGL Background Thread 3 ] DEBUG Engine               - language: ObjectProperty [value: ENGLISH]
20:43:46.614 [FXGL Background Thread 3 ] DEBUG Engine               - menuKey: ESCAPE
20:43:46.614 [FXGL Background Thread 3 ] DEBUG Engine               - mouseSensitivity: 0.2
20:43:46.614 [FXGL Background Thread 3 ] DEBUG Engine               - notificationViewClass: class com.almasb.fxgl.notification.view.XboxNotificationView
20:43:46.614 [FXGL Background Thread 3 ] DEBUG Engine               - pixelsPerMeter: 50.0
20:43:46.614 [FXGL Background Thread 3 ] DEBUG Engine               - platform: MAC
20:43:46.614 [FXGL Background Thread 3 ] DEBUG Engine               - prefHeightProperty: ReadOnlyDoubleProperty [value: 800.0]
20:43:46.614 [FXGL Background Thread 3 ] DEBUG Engine               - prefWidthProperty: ReadOnlyDoubleProperty [value: 800.0]
20:43:46.614 [FXGL Background Thread 3 ] DEBUG Engine               - profileDir: profiles/
20:43:46.614 [FXGL Background Thread 3 ] DEBUG Engine               - profileName: StringProperty [value: DEFAULT]
20:43:46.614 [FXGL Background Thread 3 ] DEBUG Engine               - randomSeed: -1
20:43:46.614 [FXGL Background Thread 3 ] DEBUG Engine               - runtimeInfo: RuntimeInfo(platform=MAC, version=17.3, build=30.03.2023 11.49)
20:43:46.614 [FXGL Background Thread 3 ] DEBUG Engine               - saveFileExt: sav
20:43:46.614 [FXGL Background Thread 3 ] DEBUG Engine               - scaledHeightProp$fxgl: DoubleProperty [bound, value: 800.0]
20:43:46.614 [FXGL Background Thread 3 ] DEBUG Engine               - scaledWidthProp$fxgl: DoubleProperty [bound, value: 800.0]
20:43:46.614 [FXGL Background Thread 3 ] DEBUG Engine               - sceneFactory: com.almasb.fxgl.app.scene.SceneFactory@65d60d90
20:43:46.614 [FXGL Background Thread 3 ] DEBUG Engine               - secondsIn24h: 60
20:43:46.614 [FXGL Background Thread 3 ] DEBUG Engine               - soundMenuBack: menu/back.wav
20:43:46.614 [FXGL Background Thread 3 ] DEBUG Engine               - soundMenuPress: menu/press.wav
20:43:46.614 [FXGL Background Thread 3 ] DEBUG Engine               - soundMenuSelect: menu/select.wav
20:43:46.614 [FXGL Background Thread 3 ] DEBUG Engine               - soundNotification: core/notification.wav
20:43:46.614 [FXGL Background Thread 3 ] DEBUG Engine               - stageStyle: DECORATED
20:43:46.614 [FXGL Background Thread 3 ] DEBUG Engine               - supportedLanguages: [ENGLISH, FRENCH, GERMAN, HUNGARIAN, RUSSIAN]
20:43:46.614 [FXGL Background Thread 3 ] DEBUG Engine               - ticksPerSecond: -1
20:43:46.614 [FXGL Background Thread 3 ] DEBUG Engine               - title: SpaceShooterGame
20:43:46.615 [FXGL Background Thread 3 ] DEBUG Engine               - urlGithub: https://github.com/AlmasB/FXGL
20:43:46.615 [FXGL Background Thread 3 ] DEBUG Engine               - urlLeaderboard: http://fxgl-top.herokuapp.com/
20:43:46.615 [FXGL Background Thread 3 ] DEBUG Engine               - urlPOM: https://raw.githubusercontent.com/AlmasB/FXGL/release/README.md
20:43:46.615 [FXGL Background Thread 3 ] DEBUG Engine               - userAppClass: class kh.edu.paragoniu.spaceshooter.SpaceShooter
20:43:46.615 [FXGL Background Thread 3 ] DEBUG Engine               - version: 1.0
20:43:46.615 [FXGL Background Thread 3 ] DEBUG Engine               - versionCheckDays: 7
20:43:46.615 [FXGL Background Thread 3 ] DEBUG Engine               - width: 800
20:43:46.615 [FXGL Background Thread 3 ] DEBUG Engine               - Logging services
20:43:46.615 [FXGL Background Thread 3 ] DEBUG Engine               - class com.almasb.fxgl.app.services.FXGLAssetLoaderService
20:43:46.615 [FXGL Background Thread 3 ] DEBUG Engine               - class com.almasb.fxgl.app.FXGLApplication$GameApplicationService
20:43:46.615 [FXGL Background Thread 3 ] DEBUG Engine               - class com.almasb.fxgl.app.services.FXGLDialogService
20:43:46.615 [FXGL Background Thread 3 ] DEBUG Engine               - class com.almasb.fxgl.app.services.IOTaskExecutorService
20:43:46.615 [FXGL Background Thread 3 ] DEBUG Engine               - class com.almasb.fxgl.io.FileSystemService
20:43:46.615 [FXGL Background Thread 3 ] DEBUG Engine               - class com.almasb.fxgl.localization.LocalizationService
20:43:46.615 [FXGL Background Thread 3 ] DEBUG Engine               - class com.almasb.fxgl.app.services.SystemBundleService
20:43:46.615 [FXGL Background Thread 3 ] DEBUG Engine               - class com.almasb.fxgl.profile.SaveLoadService
20:43:46.615 [FXGL Background Thread 3 ] DEBUG Engine               - class com.almasb.fxgl.ui.FXGLUIFactoryServiceProvider
20:43:46.615 [FXGL Background Thread 3 ] DEBUG Engine               - class com.almasb.fxgl.ui.FXGLDialogFactoryServiceProvider
20:43:46.615 [FXGL Background Thread 3 ] DEBUG Engine               - class com.almasb.fxgl.audio.AudioPlayer
20:43:46.615 [FXGL Background Thread 3 ] DEBUG Engine               - class com.almasb.fxgl.notification.impl.NotificationServiceProvider
20:43:46.615 [FXGL Background Thread 3 ] DEBUG Engine               - class com.almasb.fxgl.achievement.AchievementService
20:43:46.615 [FXGL Background Thread 3 ] DEBUG Engine               - class com.almasb.fxgl.cutscene.CutsceneService
20:43:46.615 [FXGL Background Thread 3 ] DEBUG Engine               - class com.almasb.fxgl.minigames.MiniGameService
20:43:46.615 [FXGL Background Thread 3 ] DEBUG Engine               - class com.almasb.fxgl.net.NetService
20:43:46.615 [FXGL Background Thread 3 ] DEBUG Engine               - class com.almasb.fxgl.app.services.UpdaterService
20:43:46.615 [FXGL Background Thread 3 ] DEBUG Engine               - class com.almasb.fxgl.dev.DevService
20:44:13.504 [JavaFX Application Thread] DEBUG PrimaryStageWindow   - Push state: DialogSubScene
20:44:13.504 [JavaFX Application Thread] DEBUG Input                - Clearing active input actions
20:44:13.506 [JavaFX Application Thread] DEBUG GameApplicationServi - Removing overlay from GameScene and adding to DialogSubScene
20:44:13.506 [JavaFX Application Thread] DEBUG PrimaryStageWindow   - GameScene -> DialogSubScene
20:44:15.853 [JavaFX Application Thread] DEBUG PrimaryStageWindow   - Pop state: DialogSubScene
20:44:15.854 [JavaFX Application Thread] DEBUG Input                - Clearing active input actions
20:44:15.854 [JavaFX Application Thread] DEBUG GameApplicationServi - Removing overlay from DialogSubScene and adding to GameScene
20:44:15.854 [JavaFX Application Thread] DEBUG PrimaryStageWindow   - GameScene <- DialogSubScene
20:44:15.857 [JavaFX Application Thread] DEBUG PrimaryStageWindow   - Push state: DialogSubScene
20:44:15.857 [JavaFX Application Thread] DEBUG Input                - Clearing active input actions
20:44:15.857 [JavaFX Application Thread] DEBUG GameApplicationServi - Removing overlay from GameScene and adding to DialogSubScene
20:44:15.857 [JavaFX Application Thread] DEBUG PrimaryStageWindow   - GameScene -> DialogSubScene
20:44:15.858 [JavaFX Application Thread] DEBUG PrimaryStageWindow   - Pop state: DialogSubScene
20:44:15.858 [JavaFX Application Thread] DEBUG Input                - Clearing active input actions
20:44:15.858 [JavaFX Application Thread] DEBUG GameApplicationServi - Removing overlay from DialogSubScene and adding to GameScene
20:44:15.858 [JavaFX Application Thread] DEBUG PrimaryStageWindow   - GameScene <- DialogSubScene
20:44:15.858 [JavaFX Application Thread] DEBUG Input                - Clearing active input actions
20:44:15.862 [JavaFX Application Thread] DEBUG GameApplicationServi - Removing overlay from GameScene and adding to FXGLMainMenuDummyScene
20:44:15.862 [JavaFX Application Thread] DEBUG PrimaryStageWindow   - GameScene -> FXGLMainMenuDummyScene
20:44:15.862 [JavaFX Application Thread] DEBUG PrimaryStageWindow   - Push state: FXGLDefaultMenu
20:44:15.862 [JavaFX Application Thread] DEBUG Input                - Clearing active input actions
20:44:15.863 [JavaFX Application Thread] DEBUG GameApplicationServi - Removing overlay from FXGLMainMenuDummyScene and adding to FXGLDefaultMenu
20:44:15.863 [JavaFX Application Thread] DEBUG PrimaryStageWindow   - FXGLMainMenuDummyScene -> FXGLDefaultMenu
20:44:16.572 [JavaFX Application Thread] DEBUG Menu                 - fireNewGame()
20:44:16.572 [JavaFX Application Thread] DEBUG GameApplicationServi - Starting new game
20:44:16.572 [JavaFX Application Thread] DEBUG PrimaryStageWindow   - Pop state: FXGLDefaultMenu
20:44:16.572 [JavaFX Application Thread] DEBUG Input                - Clearing active input actions
20:44:16.572 [JavaFX Application Thread] DEBUG GameApplicationServi - Removing overlay from FXGLDefaultMenu and adding to FXGLMainMenuDummyScene
20:44:16.572 [JavaFX Application Thread] DEBUG PrimaryStageWindow   - FXGLMainMenuDummyScene <- FXGLDefaultMenu
20:44:16.572 [JavaFX Application Thread] DEBUG Input                - Clearing active input actions
20:44:16.574 [JavaFX Application Thread] DEBUG GameApplicationServi - Removing overlay from FXGLMainMenuDummyScene and adding to FXGLLoadingScene
20:44:16.574 [JavaFX Application Thread] DEBUG PrimaryStageWindow   - FXGLMainMenuDummyScene -> FXGLLoadingScene
20:44:16.574 [JavaFX Application Thread] DEBUG GameApplicationServi - Clearing previous game
20:44:16.574 [JavaFX Application Thread] DEBUG GameScene            - Clearing game scene
20:44:16.574 [JavaFX Application Thread] DEBUG GameWorld            - Clearing game world
20:44:16.575 [JavaFX Application Thread] DEBUG PhysicsWorld         - Clearing physics world
20:44:16.575 [FXGL Background Thread 2 ] DEBUG FXGLApplication      - Initializing game
20:44:16.666 [FXGL Background Thread 2 ] INFO  FXGLApplication      - Game initialization took: 0.091 sec
20:44:16.666 [JavaFX Application Thread] DEBUG Input                - Clearing active input actions
20:44:16.668 [JavaFX Application Thread] DEBUG GameApplicationServi - Removing overlay from FXGLLoadingScene and adding to GameScene
20:44:16.668 [JavaFX Application Thread] DEBUG PrimaryStageWindow   - FXGLLoadingScene -> GameScene
20:44:34.082 [JavaFX Application Thread] DEBUG PrimaryStageWindow   - Push state: DialogSubScene
20:44:34.082 [JavaFX Application Thread] DEBUG Input                - Clearing active input actions
20:44:34.084 [JavaFX Application Thread] DEBUG GameApplicationServi - Removing overlay from GameScene and adding to DialogSubScene
20:44:34.084 [JavaFX Application Thread] DEBUG PrimaryStageWindow   - GameScene -> DialogSubScene
20:44:36.459 [JavaFX Application Thread] DEBUG PrimaryStageWindow   - Pop state: DialogSubScene
20:44:36.459 [JavaFX Application Thread] DEBUG Input                - Clearing active input actions
20:44:36.460 [JavaFX Application Thread] DEBUG GameApplicationServi - Removing overlay from DialogSubScene and adding to GameScene
20:44:36.460 [JavaFX Application Thread] DEBUG PrimaryStageWindow   - GameScene <- DialogSubScene
20:44:36.461 [JavaFX Application Thread] DEBUG PrimaryStageWindow   - Push state: DialogSubScene
20:44:36.461 [JavaFX Application Thread] DEBUG Input                - Clearing active input actions
20:44:36.462 [JavaFX Application Thread] DEBUG GameApplicationServi - Removing overlay from GameScene and adding to DialogSubScene
20:44:36.462 [JavaFX Application Thread] DEBUG PrimaryStageWindow   - GameScene -> DialogSubScene
20:44:36.462 [JavaFX Application Thread] DEBUG PrimaryStageWindow   - Pop state: DialogSubScene
20:44:36.462 [JavaFX Application Thread] DEBUG Input                - Clearing active input actions
20:44:36.462 [JavaFX Application Thread] DEBUG GameApplicationServi - Removing overlay from DialogSubScene and adding to GameScene
20:44:36.462 [JavaFX Application Thread] DEBUG PrimaryStageWindow   - GameScene <- DialogSubScene
20:44:36.462 [JavaFX Application Thread] DEBUG Input                - Clearing active input actions
20:44:36.465 [JavaFX Application Thread] DEBUG GameApplicationServi - Removing overlay from GameScene and adding to FXGLMainMenuDummyScene
20:44:36.465 [JavaFX Application Thread] DEBUG PrimaryStageWindow   - GameScene -> FXGLMainMenuDummyScene
20:44:36.465 [JavaFX Application Thread] DEBUG PrimaryStageWindow   - Push state: FXGLDefaultMenu
20:44:36.465 [JavaFX Application Thread] DEBUG Input                - Clearing active input actions
20:44:36.467 [JavaFX Application Thread] DEBUG GameApplicationServi - Removing overlay from FXGLMainMenuDummyScene and adding to FXGLDefaultMenu
20:44:36.467 [JavaFX Application Thread] DEBUG PrimaryStageWindow   - FXGLMainMenuDummyScene -> FXGLDefaultMenu
20:44:38.022 [JavaFX Application Thread] DEBUG Menu                 - fireNewGame()
20:44:38.022 [JavaFX Application Thread] DEBUG GameApplicationServi - Starting new game
20:44:38.022 [JavaFX Application Thread] DEBUG PrimaryStageWindow   - Pop state: FXGLDefaultMenu
20:44:38.022 [JavaFX Application Thread] DEBUG Input                - Clearing active input actions
20:44:38.022 [JavaFX Application Thread] DEBUG GameApplicationServi - Removing overlay from FXGLDefaultMenu and adding to FXGLMainMenuDummyScene
20:44:38.022 [JavaFX Application Thread] DEBUG PrimaryStageWindow   - FXGLMainMenuDummyScene <- FXGLDefaultMenu
20:44:38.022 [JavaFX Application Thread] DEBUG Input                - Clearing active input actions
20:44:38.024 [JavaFX Application Thread] DEBUG GameApplicationServi - Removing overlay from FXGLMainMenuDummyScene and adding to FXGLLoadingScene
20:44:38.024 [JavaFX Application Thread] DEBUG PrimaryStageWindow   - FXGLMainMenuDummyScene -> FXGLLoadingScene
20:44:38.024 [JavaFX Application Thread] DEBUG GameApplicationServi - Clearing previous game
20:44:38.024 [JavaFX Application Thread] DEBUG GameScene            - Clearing game scene
20:44:38.024 [JavaFX Application Thread] DEBUG GameWorld            - Clearing game world
20:44:38.024 [JavaFX Application Thread] DEBUG PhysicsWorld         - Clearing physics world
20:44:38.024 [FXGL Background Thread 2 ] DEBUG FXGLApplication      - Initializing game
20:44:38.106 [FXGL Background Thread 2 ] INFO  FXGLApplication      - Game initialization took: 0.081 sec
20:44:38.106 [JavaFX Application Thread] DEBUG Input                - Clearing active input actions
20:44:38.107 [JavaFX Application Thread] DEBUG GameApplicationServi - Removing overlay from FXGLLoadingScene and adding to GameScene
20:44:38.107 [JavaFX Application Thread] DEBUG PrimaryStageWindow   - FXGLLoadingScene -> GameScene
20:45:42.050 [JavaFX Application Thread] DEBUG PrimaryStageWindow   - Push state: DialogSubScene
20:45:42.050 [JavaFX Application Thread] DEBUG Input                - Clearing active input actions
20:45:42.052 [JavaFX Application Thread] DEBUG GameApplicationServi - Removing overlay from GameScene and adding to DialogSubScene
20:45:42.052 [JavaFX Application Thread] DEBUG PrimaryStageWindow   - GameScene -> DialogSubScene
20:45:44.777 [JavaFX Application Thread] DEBUG PrimaryStageWindow   - Pop state: DialogSubScene
20:45:44.777 [JavaFX Application Thread] DEBUG Input                - Clearing active input actions
20:45:44.778 [JavaFX Application Thread] DEBUG GameApplicationServi - Removing overlay from DialogSubScene and adding to GameScene
20:45:44.778 [JavaFX Application Thread] DEBUG PrimaryStageWindow   - GameScene <- DialogSubScene
20:45:44.779 [JavaFX Application Thread] DEBUG PrimaryStageWindow   - Push state: DialogSubScene
20:45:44.779 [JavaFX Application Thread] DEBUG Input                - Clearing active input actions
20:45:44.779 [JavaFX Application Thread] DEBUG GameApplicationServi - Removing overlay from GameScene and adding to DialogSubScene
20:45:44.779 [JavaFX Application Thread] DEBUG PrimaryStageWindow   - GameScene -> DialogSubScene
20:45:44.779 [JavaFX Application Thread] DEBUG PrimaryStageWindow   - Pop state: DialogSubScene
20:45:44.780 [JavaFX Application Thread] DEBUG Input                - Clearing active input actions
20:45:44.780 [JavaFX Application Thread] DEBUG GameApplicationServi - Removing overlay from DialogSubScene and adding to GameScene
20:45:44.780 [JavaFX Application Thread] DEBUG PrimaryStageWindow   - GameScene <- DialogSubScene
20:45:44.780 [JavaFX Application Thread] DEBUG Input                - Clearing active input actions
20:45:44.784 [JavaFX Application Thread] DEBUG GameApplicationServi - Removing overlay from GameScene and adding to FXGLMainMenuDummyScene
20:45:44.784 [JavaFX Application Thread] DEBUG PrimaryStageWindow   - GameScene -> FXGLMainMenuDummyScene
20:45:44.784 [JavaFX Application Thread] DEBUG PrimaryStageWindow   - Push state: FXGLDefaultMenu
20:45:44.784 [JavaFX Application Thread] DEBUG Input                - Clearing active input actions
20:45:44.786 [JavaFX Application Thread] DEBUG GameApplicationServi - Removing overlay from FXGLMainMenuDummyScene and adding to FXGLDefaultMenu
20:45:44.786 [JavaFX Application Thread] DEBUG PrimaryStageWindow   - FXGLMainMenuDummyScene -> FXGLDefaultMenu
20:47:14.794 [JavaFX Application Thread] DEBUG Menu                 - fireNewGame()
20:47:14.794 [JavaFX Application Thread] DEBUG GameApplicationServi - Starting new game
20:47:14.794 [JavaFX Application Thread] DEBUG PrimaryStageWindow   - Pop state: FXGLDefaultMenu
20:47:14.794 [JavaFX Application Thread] DEBUG Input                - Clearing active input actions
20:47:14.794 [JavaFX Application Thread] DEBUG GameApplicationServi - Removing overlay from FXGLDefaultMenu and adding to FXGLMainMenuDummyScene
20:47:14.794 [JavaFX Application Thread] DEBUG PrimaryStageWindow   - FXGLMainMenuDummyScene <- FXGLDefaultMenu
20:47:14.794 [JavaFX Application Thread] DEBUG Input                - Clearing active input actions
20:47:14.796 [JavaFX Application Thread] DEBUG GameApplicationServi - Removing overlay from FXGLMainMenuDummyScene and adding to FXGLLoadingScene
20:47:14.796 [JavaFX Application Thread] DEBUG PrimaryStageWindow   - FXGLMainMenuDummyScene -> FXGLLoadingScene
20:47:14.796 [JavaFX Application Thread] DEBUG GameApplicationServi - Clearing previous game
20:47:14.796 [JavaFX Application Thread] DEBUG GameScene            - Clearing game scene
20:47:14.796 [JavaFX Application Thread] DEBUG GameWorld            - Clearing game world
20:47:14.796 [JavaFX Application Thread] DEBUG PhysicsWorld         - Clearing physics world
20:47:14.797 [FXGL Background Thread 5 ] DEBUG FXGLApplication      - Initializing game
20:47:14.883 [FXGL Background Thread 5 ] INFO  FXGLApplication      - Game initialization took: 0.087 sec
20:47:14.883 [JavaFX Application Thread] DEBUG Input                - Clearing active input actions
20:47:14.884 [JavaFX Application Thread] DEBUG GameApplicationServi - Removing overlay from FXGLLoadingScene and adding to GameScene
20:47:14.884 [JavaFX Application Thread] DEBUG PrimaryStageWindow   - FXGLLoadingScene -> GameScene
20:47:25.344 [JavaFX Application Thread] DEBUG LoopRunner           - Pausing loop
20:47:25.344 [JavaFX Application Thread] DEBUG PrimaryStageWindow   - Push state: FXGLDefaultMenu
20:47:25.344 [JavaFX Application Thread] DEBUG Input                - Clearing active input actions
20:47:25.345 [JavaFX Application Thread] DEBUG GameApplicationServi - Removing overlay from GameScene and adding to FXGLDefaultMenu
20:47:25.345 [JavaFX Application Thread] DEBUG PrimaryStageWindow   - GameScene -> FXGLDefaultMenu
20:47:26.621 [JavaFX Application Thread] DEBUG PrimaryStageWindow   - Pop state: FXGLDefaultMenu
20:47:26.621 [JavaFX Application Thread] DEBUG Input                - Clearing active input actions
20:47:26.621 [JavaFX Application Thread] DEBUG GameApplicationServi - Removing overlay from FXGLDefaultMenu and adding to GameScene
20:47:26.622 [JavaFX Application Thread] DEBUG PrimaryStageWindow   - GameScene <- FXGLDefaultMenu
20:47:26.706 [JavaFX Application Thread] DEBUG LoopRunner           - Pausing loop
20:47:26.706 [JavaFX Application Thread] DEBUG PrimaryStageWindow   - Push state: FXGLDefaultMenu
20:47:26.706 [JavaFX Application Thread] DEBUG Input                - Clearing active input actions
20:47:26.707 [JavaFX Application Thread] DEBUG GameApplicationServi - Removing overlay from GameScene and adding to FXGLDefaultMenu
20:47:26.707 [JavaFX Application Thread] DEBUG PrimaryStageWindow   - GameScene -> FXGLDefaultMenu
20:47:27.052 [JavaFX Application Thread] DEBUG PrimaryStageWindow   - Pop state: FXGLDefaultMenu
20:47:27.052 [JavaFX Application Thread] DEBUG Input                - Clearing active input actions
20:47:27.052 [JavaFX Application Thread] DEBUG GameApplicationServi - Removing overlay from FXGLDefaultMenu and adding to GameScene
20:47:27.052 [JavaFX Application Thread] DEBUG PrimaryStageWindow   - GameScene <- FXGLDefaultMenu
20:47:27.677 [JavaFX Application Thread] DEBUG FXGLApplication      - Exiting FXGL
20:47:27.677 [JavaFX Application Thread] DEBUG LoopRunner           - Stopping loop
20:47:27.678 [JavaFX Application Thread] DEBUG SystemBundleService  - Saving FXGL system data
20:47:27.681 [JavaFX Application Thread] DEBUG FileSystemAccess     - Writing to: /Users/chengsenghab/Desktop/SpaceShooter/system/fxgl.bundle
20:47:27.685 [JavaFX Application Thread] DEBUG Async                - Shutting down background threads
20:47:27.685 [JavaFX Application Thread] DEBUG PrimaryStageWindow   - Closing main window
20:47:27.695 [JavaFX Application Thread] DEBUG Logger               - Closing Logger
