13:27:14.140 [main                     ] DEBUG Logger               - Configured Logger
13:27:14.151 [main                     ] DEBUG GameApplication      - Logging settings
Title: SpaceShooterGame
Version: 0.0
Width: 800
Height: 800
Fullscreen: false
Intro: false
Profiling: false
Single step:false
App Mode: DEVELOPER
Menu Key: ESCAPE
Stage Style: DECORATED
Scene Factory: class com.almasb.fxgl.app.scene.SceneFactory

13:27:14.814 [JavaFX Application Thread] DEBUG FXGLApplication      - Initializing FXGL
13:27:14.818 [JavaFX Application Thread] INFO  Engine               - FXGL-17.3 (30.03.2023 11.49) on WINDOWS (J:25.0.1 FX:21.0.6)
13:27:14.818 [JavaFX Application Thread] DEBUG Engine               - JRE Vendor Name: Oracle Corporation
13:27:14.818 [JavaFX Application Thread] DEBUG Engine               - Running on OS: Windows 11 version 10.0
13:27:14.819 [JavaFX Application Thread] DEBUG Engine               - Architecture: amd64
13:27:14.819 [JavaFX Application Thread] INFO  Engine               - Source code and latest versions at: https://github.com/AlmasB/FXGL
13:27:14.819 [JavaFX Application Thread] INFO  Engine               -       Ask questions and discuss at: https://github.com/AlmasB/FXGL/discussions
13:27:14.819 [JavaFX Application Thread] INFO  Engine               -              Join the FXGL chat at: https://gitter.im/AlmasB/FXGL
13:27:14.955 [JavaFX Application Thread] DEBUG PrimaryStageWindow   - Creating a JavaFX scene
13:27:15.052 [JavaFX Application Thread] DEBUG PrimaryStageWindow   - Target settings size: 800.0 x 800.0
13:27:15.052 [JavaFX Application Thread] DEBUG PrimaryStageWindow   - Scaled scene size:    800.0 x 800.0
13:27:15.053 [JavaFX Application Thread] DEBUG PrimaryStageWindow   - Scaled ratio: (1.0, 1.0)
13:27:15.054 [JavaFX Application Thread] DEBUG PrimaryStageWindow   - Set initial scene to FXGLStartupScene
13:27:15.058 [JavaFX Application Thread] DEBUG PrimaryStageWindow   - Opening main window
13:27:15.239 [JavaFX Application Thread] DEBUG PrimaryStageWindow   - Window border size: (14.66668701171875, 40.0)
13:27:15.239 [JavaFX Application Thread] DEBUG PrimaryStageWindow   - Scaled size: 800.0 x 800.0
13:27:15.239 [JavaFX Application Thread] DEBUG PrimaryStageWindow   - Scaled ratio: (1.0, 1.0)
13:27:15.240 [JavaFX Application Thread] DEBUG PrimaryStageWindow   - Scene size: 800.0 x 800.0
13:27:15.240 [JavaFX Application Thread] DEBUG PrimaryStageWindow   - Stage size: 814.6666870117188 x 840.0
13:27:15.250 [FXGL Background Thread 1 ] DEBUG Engine               - Initializing environment variables
13:27:15.308 [FXGL Background Thread 1 ] DEBUG FXGLAssetLoaderServi - User app class for loading assets: class kh.edu.paragoniu.spaceshooter.SpaceShooter
13:27:15.308 [FXGL Background Thread 1 ] DEBUG GameApplicationServi - Applying CSS: fxgl_dark.css
13:27:15.309 [FXGL Background Thread 1 ] DEBUG FXGLAssetLoaderServi - Loading from file system: jar:file:///C:/Users/USER/.m2/repository/com/github/almasb/fxgl/17.3/fxgl-17.3.jar!/fxglassets/ui/css/fxgl_dark.css
13:27:15.361 [FXGL Background Thread 1 ] DEBUG GameApplicationServi - Initializing application scenes
13:27:15.400 [FXGL Background Thread 1 ] DEBUG GameWorld            - Game world initialized
13:27:15.450 [FXGL Background Thread 1 ] DEBUG PhysicsWorld         - Physics world initialized: appHeight=800, physics.ppm=50.0
13:27:15.450 [FXGL Background Thread 1 ] DEBUG PhysicsWorld         - Using strategy: BRUTE_FORCE
13:27:15.455 [FXGL Background Thread 1 ] DEBUG GameScene            - Game scene initialized: 800x800
13:27:15.466 [FXGL Background Thread 1 ] DEBUG FXGL.DefaultMenu     - createMenuBodyGameMenu()
13:27:15.482 [FXGL Background Thread 1 ] DEBUG FXGL.DefaultMenu     - createOptionsMenu()
13:27:15.493 [FXGL Background Thread 1 ] DEBUG FXGLAssetLoaderServi - Loading from file system: jar:file:///C:/Users/USER/.m2/repository/com/github/almasb/fxgl/17.3/fxgl-17.3.jar!/fxglassets/textures/particles/smoke.png
13:27:15.588 [FXGL Background Thread 1 ] DEBUG FXGLAssetLoaderServi - Loading from file system: jar:file:///C:/Users/USER/.m2/repository/com/github/almasb/fxgl/17.3/fxgl-17.3.jar!/fxglassets/textures/particles/trace_horizontal.png
13:27:15.621 [FXGL Background Thread 1 ] DEBUG GameApplicationServi - Application scenes initialized
13:27:15.631 [FXGL Background Thread 1 ] DEBUG SystemBundleService  - Loading FXGL system data
13:27:15.641 [FXGL Background Thread 1 ] DEBUG FileSystemAccess     - Reading from: C:\Users\USER\IdeaProjects\SpaceShooter\system\fxgl.bundle
13:27:15.645 [FXGL Background Thread 1 ] DEBUG SystemBundleService  - Bundle FXGL: {}
13:27:15.645 [FXGL Background Thread 1 ] DEBUG UpdaterService       - Checking for updates
13:27:15.650 [FXGL Background Thread 4 ] DEBUG FXGLApplication      - Loading fonts
13:27:15.650 [FXGL Background Thread 1 ] DEBUG FXGLApplication      - Loading default localization
13:27:15.651 [FXGL Background Thread 4 ] DEBUG FXGLAssetLoaderServi - Loading from file system: jar:file:///C:/Users/USER/.m2/repository/com/github/almasb/fxgl/17.3/fxgl-17.3.jar!/fxglassets/ui/fonts/VarelaRound-Regular.ttf
13:27:15.651 [FXGL Background Thread 1 ] DEBUG FXGLAssetLoaderServi - Loading from file system: jar:file:///C:/Users/USER/.m2/repository/com/github/almasb/fxgl/17.3/fxgl-17.3.jar!/fxglassets/languages/english.lang
13:27:15.670 [FXGL Background Thread 1 ] INFO  FXGLApplication      - FXGL initialization took: 0.419 sec
13:27:15.673 [FXGL Background Thread 4 ] DEBUG FXGLAssetLoaderServi - Loading from file system: jar:file:///C:/Users/USER/.m2/repository/com/github/almasb/fxgl/17.3/fxgl-17.3.jar!/fxglassets/ui/fonts/Abel-Regular.ttf
13:27:15.678 [JavaFX Application Thread] DEBUG Input                - Registered new binding: LEFT - Left
13:27:15.679 [JavaFX Application Thread] DEBUG Input                - Registered new binding: RIGHT - Right
13:27:15.679 [JavaFX Application Thread] DEBUG Input                - Registered new binding: Single Shot - 1
13:27:15.679 [JavaFX Application Thread] DEBUG Input                - Registered new binding: Double Shot - 2
13:27:15.679 [JavaFX Application Thread] DEBUG Input                - Registered new binding: Triple Shot - 3
13:27:15.680 [JavaFX Application Thread] DEBUG FXGLAssetLoaderServi - Loading from file system: jar:file:///C:/Users/USER/.m2/repository/com/github/almasb/fxgl/17.3/fxgl-17.3.jar!/fxglassets/textures/fxgl_icon.png
13:27:15.689 [FXGL Background Thread 4 ] DEBUG FXGLAssetLoaderServi - Loading from file system: jar:file:///C:/Users/USER/.m2/repository/com/github/almasb/fxgl/17.3/fxgl-17.3.jar!/fxglassets/ui/fonts/TerminalLandMono-Regular.otf
13:27:15.702 [FXGL Background Thread 4 ] DEBUG FXGLAssetLoaderServi - Loading from file system: jar:file:///C:/Users/USER/.m2/repository/com/github/almasb/fxgl/17.3/fxgl-17.3.jar!/fxglassets/ui/fonts/Courier-Prime.ttf
13:27:15.702 [JavaFX Application Thread] DEBUG FXGLAssetLoaderServi - Loading from file system: jar:file:///C:/Users/USER/.m2/repository/com/github/almasb/fxgl/17.3/fxgl-17.3.jar!/fxglassets/textures/fxgl_default_cursor.png
13:27:15.705 [JavaFX Application Thread] DEBUG Input                - Registered new binding: Screenshot - CTRL+8
13:27:15.705 [JavaFX Application Thread] DEBUG Input                - Registered new binding: System info dump - CTRL+9
13:27:15.706 [JavaFX Application Thread] DEBUG Input                - Registered new binding: Restart - CTRL+R
13:27:15.706 [JavaFX Application Thread] DEBUG Input                - Registered new binding: Toggle Debug Camera - CTRL+7
13:27:15.708 [JavaFX Application Thread] DEBUG LoopRunner           - Starting loop
13:27:15.709 [JavaFX Application Thread] DEBUG LoopRunner           - Initializing JavaFX AnimationTimerLoop
13:27:15.710 [JavaFX Application Thread] DEBUG GameApplicationServi - Starting new game
13:27:15.710 [JavaFX Application Thread] DEBUG Input                - Clearing active input actions
13:27:15.734 [JavaFX Application Thread] DEBUG GameApplicationServi - Removing overlay from FXGLStartupScene and adding to FXGLLoadingScene
13:27:15.735 [JavaFX Application Thread] DEBUG PrimaryStageWindow   - FXGLStartupScene -> FXGLLoadingScene
13:27:15.735 [JavaFX Application Thread] DEBUG GameApplicationServi - Clearing previous game
13:27:15.735 [JavaFX Application Thread] DEBUG GameScene            - Clearing game scene
13:27:15.735 [JavaFX Application Thread] DEBUG GameWorld            - Clearing game world
13:27:15.735 [JavaFX Application Thread] DEBUG PhysicsWorld         - Clearing physics world
13:27:15.737 [FXGL Background Thread 4 ] DEBUG FXGLApplication      - Initializing game
13:27:15.771 [JavaFX Application Thread] DEBUG FXGLApplication      - Registering font factories with UI factory
13:27:15.853 [FXGL Background Thread 4 ] INFO  FXGLApplication      - Game initialization took: 0.116 sec
13:27:15.873 [JavaFX Application Thread] DEBUG Input                - Clearing active input actions
13:27:15.883 [JavaFX Application Thread] DEBUG GameApplicationServi - Removing overlay from FXGLLoadingScene and adding to GameScene
13:27:15.883 [JavaFX Application Thread] DEBUG PrimaryStageWindow   - FXGLLoadingScene -> GameScene
13:27:17.404 [FXGL Background Thread 2 ] INFO  UpdaterService       - Your current version:  17.3
13:27:17.404 [FXGL Background Thread 2 ] INFO  UpdaterService       - Latest stable version: 21.1
13:27:18.649 [FXGL Background Thread 3 ] DEBUG Engine               - Logging environment variables
13:27:18.649 [FXGL Background Thread 3 ] DEBUG Engine               - achievements: []
13:27:18.649 [FXGL Background Thread 3 ] DEBUG Engine               - actualHeight: 800.0
13:27:18.649 [FXGL Background Thread 3 ] DEBUG Engine               - actualHeightProperty: ReadOnlyDoubleProperty [value: 800.0]
13:27:18.650 [FXGL Background Thread 3 ] DEBUG Engine               - actualWidth: 800.0
13:27:18.650 [FXGL Background Thread 3 ] DEBUG Engine               - actualWidthProperty: ReadOnlyDoubleProperty [value: 800.0]
13:27:18.650 [FXGL Background Thread 3 ] DEBUG Engine               - appIcon: fxgl_icon.png
13:27:18.650 [FXGL Background Thread 3 ] DEBUG Engine               - applicationMode: DEVELOPER
13:27:18.650 [FXGL Background Thread 3 ] DEBUG Engine               - cSSList: [fxgl_dark.css]
13:27:18.650 [FXGL Background Thread 3 ] DEBUG Engine               - collisionDetectionStrategy: BRUTE_FORCE
13:27:18.650 [FXGL Background Thread 3 ] DEBUG Engine               - configClass: Optional.empty
13:27:18.650 [FXGL Background Thread 3 ] DEBUG Engine               - credits: []
13:27:18.650 [FXGL Background Thread 3 ] DEBUG Engine               - defaultCursor: CursorInfo(imageName=fxgl_default_cursor.png, hotspotX=7.0, hotspotY=6.0)
13:27:18.651 [FXGL Background Thread 3 ] DEBUG Engine               - devBBoxColorProperty: ObjectProperty [value: 0xff0000ff]
13:27:18.651 [FXGL Background Thread 3 ] DEBUG Engine               - devEnableDebugCameraProperty: BooleanProperty [value: false]
13:27:18.651 [FXGL Background Thread 3 ] DEBUG Engine               - devSensorColorProperty: ObjectProperty [value: 0xffff00ff]
13:27:18.651 [FXGL Background Thread 3 ] DEBUG Engine               - devShowBBoxProperty: BooleanProperty [value: false]
13:27:18.651 [FXGL Background Thread 3 ] DEBUG Engine               - devShowPositionProperty: BooleanProperty [value: false]
13:27:18.651 [FXGL Background Thread 3 ] DEBUG Engine               - enabledMenuItems: []
13:27:18.651 [FXGL Background Thread 3 ] DEBUG Engine               - engineServices: [class com.almasb.fxgl.app.services.FXGLAssetLoaderService, class com.almasb.fxgl.app.FXGLApplication$GameApplicationService, class com.almasb.fxgl.app.services.FXGLDialogService, class com.almasb.fxgl.app.services.IOTaskExecutorService, class com.almasb.fxgl.io.FileSystemService, class com.almasb.fxgl.localization.LocalizationService, class com.almasb.fxgl.app.services.SystemBundleService, class com.almasb.fxgl.profile.SaveLoadService, class com.almasb.fxgl.ui.FXGLUIFactoryServiceProvider, class com.almasb.fxgl.ui.FXGLDialogFactoryServiceProvider, class com.almasb.fxgl.audio.AudioPlayer, class com.almasb.fxgl.notification.impl.NotificationServiceProvider, class com.almasb.fxgl.achievement.AchievementService, class com.almasb.fxgl.cutscene.CutsceneService, class com.almasb.fxgl.minigames.MiniGameService, class com.almasb.fxgl.net.NetService, class com.almasb.fxgl.app.services.UpdaterService, class com.almasb.fxgl.dev.DevService]
13:27:18.651 [FXGL Background Thread 3 ] DEBUG Engine               - fontGame: Abel-Regular.ttf
13:27:18.651 [FXGL Background Thread 3 ] DEBUG Engine               - fontMono: TerminalLandMono-Regular.otf
13:27:18.651 [FXGL Background Thread 3 ] DEBUG Engine               - fontSizeScaleUI: 1.0
13:27:18.651 [FXGL Background Thread 3 ] DEBUG Engine               - fontText: Courier-Prime.ttf
13:27:18.651 [FXGL Background Thread 3 ] DEBUG Engine               - fontUI: VarelaRound-Regular.ttf
13:27:18.651 [FXGL Background Thread 3 ] DEBUG Engine               - fullScreen: BooleanProperty [value: false]
13:27:18.651 [FXGL Background Thread 3 ] DEBUG Engine               - gameDifficulty: MEDIUM
13:27:18.651 [FXGL Background Thread 3 ] DEBUG Engine               - gameDifficultyProperty: ObjectProperty [value: MEDIUM]
13:27:18.651 [FXGL Background Thread 3 ] DEBUG Engine               - globalMusicVolume: 0.5
13:27:18.651 [FXGL Background Thread 3 ] DEBUG Engine               - globalMusicVolumeProperty: DoubleProperty [value: 0.5]
13:27:18.651 [FXGL Background Thread 3 ] DEBUG Engine               - globalSoundVolume: 0.5
13:27:18.652 [FXGL Background Thread 3 ] DEBUG Engine               - globalSoundVolumeProperty: DoubleProperty [value: 0.5]
13:27:18.652 [FXGL Background Thread 3 ] DEBUG Engine               - height: 800
13:27:18.652 [FXGL Background Thread 3 ] DEBUG Engine               - is3D: false
13:27:18.652 [FXGL Background Thread 3 ] DEBUG Engine               - isAndroid: false
13:27:18.652 [FXGL Background Thread 3 ] DEBUG Engine               - isBrowser: false
13:27:18.652 [FXGL Background Thread 3 ] DEBUG Engine               - isClickFeedbackEnabled: false
13:27:18.652 [FXGL Background Thread 3 ] DEBUG Engine               - isCloseConfirmation: false
13:27:18.652 [FXGL Background Thread 3 ] DEBUG Engine               - isDesktop: true
13:27:18.652 [FXGL Background Thread 3 ] DEBUG Engine               - isDeveloperMenuEnabled: false
13:27:18.652 [FXGL Background Thread 3 ] DEBUG Engine               - isEmbedded: false
13:27:18.652 [FXGL Background Thread 3 ] DEBUG Engine               - isEntityPreloadEnabled: true
13:27:18.652 [FXGL Background Thread 3 ] DEBUG Engine               - isExperimentalTiledLargeMap: false
13:27:18.652 [FXGL Background Thread 3 ] DEBUG Engine               - isFileSystemWriteAllowed: true
13:27:18.652 [FXGL Background Thread 3 ] DEBUG Engine               - isFullScreenAllowed: false
13:27:18.653 [FXGL Background Thread 3 ] DEBUG Engine               - isFullScreenFromStart: false
13:27:18.653 [FXGL Background Thread 3 ] DEBUG Engine               - isGameMenuEnabled: true
13:27:18.653 [FXGL Background Thread 3 ] DEBUG Engine               - isIOS: false
13:27:18.653 [FXGL Background Thread 3 ] DEBUG Engine               - isIntroEnabled: false
13:27:18.653 [FXGL Background Thread 3 ] DEBUG Engine               - isLinux: false
13:27:18.653 [FXGL Background Thread 3 ] DEBUG Engine               - isMac: false
13:27:18.653 [FXGL Background Thread 3 ] DEBUG Engine               - isMainMenuEnabled: false
13:27:18.653 [FXGL Background Thread 3 ] DEBUG Engine               - isManualResizeEnabled: false
13:27:18.653 [FXGL Background Thread 3 ] DEBUG Engine               - isMobile: false
13:27:18.653 [FXGL Background Thread 3 ] DEBUG Engine               - isNative: false
13:27:18.653 [FXGL Background Thread 3 ] DEBUG Engine               - isPauseMusicWhenMinimized: true
13:27:18.653 [FXGL Background Thread 3 ] DEBUG Engine               - isPreserveResizeRatio: false
13:27:18.653 [FXGL Background Thread 3 ] DEBUG Engine               - isProfilingEnabled: false
13:27:18.653 [FXGL Background Thread 3 ] DEBUG Engine               - isScaleAffectedOnResize: true
13:27:18.653 [FXGL Background Thread 3 ] DEBUG Engine               - isSingleStep: false
13:27:18.653 [FXGL Background Thread 3 ] DEBUG Engine               - isUserProfileEnabled: false
13:27:18.653 [FXGL Background Thread 3 ] DEBUG Engine               - isWindows: true
13:27:18.653 [FXGL Background Thread 3 ] DEBUG Engine               - language: ObjectProperty [value: ENGLISH]
13:27:18.653 [FXGL Background Thread 3 ] DEBUG Engine               - menuKey: ESCAPE
13:27:18.653 [FXGL Background Thread 3 ] DEBUG Engine               - mouseSensitivity: 0.2
13:27:18.653 [FXGL Background Thread 3 ] DEBUG Engine               - notificationViewClass: class com.almasb.fxgl.notification.view.XboxNotificationView
13:27:18.653 [FXGL Background Thread 3 ] DEBUG Engine               - pixelsPerMeter: 50.0
13:27:18.653 [FXGL Background Thread 3 ] DEBUG Engine               - platform: WINDOWS
13:27:18.653 [FXGL Background Thread 3 ] DEBUG Engine               - prefHeightProperty: ReadOnlyDoubleProperty [value: 800.0]
13:27:18.653 [FXGL Background Thread 3 ] DEBUG Engine               - prefWidthProperty: ReadOnlyDoubleProperty [value: 800.0]
13:27:18.653 [FXGL Background Thread 3 ] DEBUG Engine               - profileDir: profiles/
13:27:18.653 [FXGL Background Thread 3 ] DEBUG Engine               - profileName: StringProperty [value: DEFAULT]
13:27:18.654 [FXGL Background Thread 3 ] DEBUG Engine               - randomSeed: -1
13:27:18.654 [FXGL Background Thread 3 ] DEBUG Engine               - runtimeInfo: RuntimeInfo(platform=WINDOWS, version=17.3, build=30.03.2023 11.49)
13:27:18.654 [FXGL Background Thread 3 ] DEBUG Engine               - saveFileExt: sav
13:27:18.654 [FXGL Background Thread 3 ] DEBUG Engine               - scaledHeightProp$fxgl: DoubleProperty [bound, value: 800.0]
13:27:18.654 [FXGL Background Thread 3 ] DEBUG Engine               - scaledWidthProp$fxgl: DoubleProperty [bound, value: 800.0]
13:27:18.654 [FXGL Background Thread 3 ] DEBUG Engine               - sceneFactory: com.almasb.fxgl.app.scene.SceneFactory@694c7c0f
13:27:18.654 [FXGL Background Thread 3 ] DEBUG Engine               - secondsIn24h: 60
13:27:18.654 [FXGL Background Thread 3 ] DEBUG Engine               - soundMenuBack: menu/back.wav
13:27:18.654 [FXGL Background Thread 3 ] DEBUG Engine               - soundMenuPress: menu/press.wav
13:27:18.654 [FXGL Background Thread 3 ] DEBUG Engine               - soundMenuSelect: menu/select.wav
13:27:18.654 [FXGL Background Thread 3 ] DEBUG Engine               - soundNotification: core/notification.wav
13:27:18.654 [FXGL Background Thread 3 ] DEBUG Engine               - stageStyle: DECORATED
13:27:18.654 [FXGL Background Thread 3 ] DEBUG Engine               - supportedLanguages: [ENGLISH, FRENCH, GERMAN, HUNGARIAN, RUSSIAN]
13:27:18.654 [FXGL Background Thread 3 ] DEBUG Engine               - ticksPerSecond: -1
13:27:18.654 [FXGL Background Thread 3 ] DEBUG Engine               - title: SpaceShooterGame
13:27:18.654 [FXGL Background Thread 3 ] DEBUG Engine               - urlGithub: https://github.com/AlmasB/FXGL
13:27:18.654 [FXGL Background Thread 3 ] DEBUG Engine               - urlLeaderboard: http://fxgl-top.herokuapp.com/
13:27:18.654 [FXGL Background Thread 3 ] DEBUG Engine               - urlPOM: https://raw.githubusercontent.com/AlmasB/FXGL/release/README.md
13:27:18.654 [FXGL Background Thread 3 ] DEBUG Engine               - userAppClass: class kh.edu.paragoniu.spaceshooter.SpaceShooter
13:27:18.654 [FXGL Background Thread 3 ] DEBUG Engine               - version: 0.0
13:27:18.654 [FXGL Background Thread 3 ] DEBUG Engine               - versionCheckDays: 7
13:27:18.654 [FXGL Background Thread 3 ] DEBUG Engine               - width: 800
13:27:18.655 [FXGL Background Thread 3 ] DEBUG Engine               - Logging services
13:27:18.655 [FXGL Background Thread 3 ] DEBUG Engine               - class com.almasb.fxgl.app.services.FXGLAssetLoaderService
13:27:18.655 [FXGL Background Thread 3 ] DEBUG Engine               - class com.almasb.fxgl.app.FXGLApplication$GameApplicationService
13:27:18.655 [FXGL Background Thread 3 ] DEBUG Engine               - class com.almasb.fxgl.app.services.FXGLDialogService
13:27:18.655 [FXGL Background Thread 3 ] DEBUG Engine               - class com.almasb.fxgl.app.services.IOTaskExecutorService
13:27:18.655 [FXGL Background Thread 3 ] DEBUG Engine               - class com.almasb.fxgl.io.FileSystemService
13:27:18.655 [FXGL Background Thread 3 ] DEBUG Engine               - class com.almasb.fxgl.localization.LocalizationService
13:27:18.655 [FXGL Background Thread 3 ] DEBUG Engine               - class com.almasb.fxgl.app.services.SystemBundleService
13:27:18.655 [FXGL Background Thread 3 ] DEBUG Engine               - class com.almasb.fxgl.profile.SaveLoadService
13:27:18.655 [FXGL Background Thread 3 ] DEBUG Engine               - class com.almasb.fxgl.ui.FXGLUIFactoryServiceProvider
13:27:18.655 [FXGL Background Thread 3 ] DEBUG Engine               - class com.almasb.fxgl.ui.FXGLDialogFactoryServiceProvider
13:27:18.655 [FXGL Background Thread 3 ] DEBUG Engine               - class com.almasb.fxgl.audio.AudioPlayer
13:27:18.655 [FXGL Background Thread 3 ] DEBUG Engine               - class com.almasb.fxgl.notification.impl.NotificationServiceProvider
13:27:18.655 [FXGL Background Thread 3 ] DEBUG Engine               - class com.almasb.fxgl.achievement.AchievementService
13:27:18.655 [FXGL Background Thread 3 ] DEBUG Engine               - class com.almasb.fxgl.cutscene.CutsceneService
13:27:18.655 [FXGL Background Thread 3 ] DEBUG Engine               - class com.almasb.fxgl.minigames.MiniGameService
13:27:18.655 [FXGL Background Thread 3 ] DEBUG Engine               - class com.almasb.fxgl.net.NetService
13:27:18.655 [FXGL Background Thread 3 ] DEBUG Engine               - class com.almasb.fxgl.app.services.UpdaterService
13:27:18.655 [FXGL Background Thread 3 ] DEBUG Engine               - class com.almasb.fxgl.dev.DevService
13:27:33.762 [JavaFX Application Thread] DEBUG FXGLApplication      - Exiting FXGL
13:27:33.762 [JavaFX Application Thread] DEBUG LoopRunner           - Stopping loop
13:27:33.762 [JavaFX Application Thread] DEBUG SystemBundleService  - Saving FXGL system data
13:27:33.764 [JavaFX Application Thread] DEBUG FileSystemAccess     - Writing to: C:\Users\USER\IdeaProjects\SpaceShooter\system\fxgl.bundle
13:27:33.766 [JavaFX Application Thread] DEBUG Async                - Shutting down background threads
13:27:33.766 [JavaFX Application Thread] DEBUG PrimaryStageWindow   - Closing main window
13:27:33.793 [JavaFX Application Thread] DEBUG Logger               - Closing Logger
