14:21:34.418 [main                     ] DEBUG Logger               - Configured Logger
14:21:34.425 [main                     ] DEBUG GameApplication      - Logging settings
Title: SpaceShooterGame
Version: 0.0
Width: 800
Height: 800
Fullscreen: false
Intro: false
Profiling: false
Single step:false
App Mode: DEVELOPER
Menu Key: ESCAPE
Stage Style: DECORATED
Scene Factory: class com.almasb.fxgl.app.scene.SceneFactory

14:21:34.704 [JavaFX Application Thread] DEBUG FXGLApplication      - Initializing FXGL
14:21:34.706 [JavaFX Application Thread] INFO  Engine               - FXGL-17.3 (30.03.2023 11.49) on WINDOWS (J:25.0.1 FX:21.0.6)
14:21:34.707 [JavaFX Application Thread] DEBUG Engine               - JRE Vendor Name: Oracle Corporation
14:21:34.707 [JavaFX Application Thread] DEBUG Engine               - Running on OS: Windows 11 version 10.0
14:21:34.707 [JavaFX Application Thread] DEBUG Engine               - Architecture: amd64
14:21:34.707 [JavaFX Application Thread] INFO  Engine               - Source code and latest versions at: https://github.com/AlmasB/FXGL
14:21:34.707 [JavaFX Application Thread] INFO  Engine               -       Ask questions and discuss at: https://github.com/AlmasB/FXGL/discussions
14:21:34.707 [JavaFX Application Thread] INFO  Engine               -              Join the FXGL chat at: https://gitter.im/AlmasB/FXGL
14:21:34.783 [JavaFX Application Thread] DEBUG PrimaryStageWindow   - Creating a JavaFX scene
14:21:34.820 [JavaFX Application Thread] DEBUG PrimaryStageWindow   - Target settings size: 800.0 x 800.0
14:21:34.820 [JavaFX Application Thread] DEBUG PrimaryStageWindow   - Scaled scene size:    800.0 x 800.0
14:21:34.820 [JavaFX Application Thread] DEBUG PrimaryStageWindow   - Scaled ratio: (1.0, 1.0)
14:21:34.821 [JavaFX Application Thread] DEBUG PrimaryStageWindow   - Set initial scene to FXGLStartupScene
14:21:34.824 [JavaFX Application Thread] DEBUG PrimaryStageWindow   - Opening main window
14:21:34.905 [JavaFX Application Thread] DEBUG PrimaryStageWindow   - Window border size: (14.66668701171875, 40.0)
14:21:34.905 [JavaFX Application Thread] DEBUG PrimaryStageWindow   - Scaled size: 800.0 x 800.0
14:21:34.905 [JavaFX Application Thread] DEBUG PrimaryStageWindow   - Scaled ratio: (1.0, 1.0)
14:21:34.905 [JavaFX Application Thread] DEBUG PrimaryStageWindow   - Scene size: 800.0 x 800.0
14:21:34.905 [JavaFX Application Thread] DEBUG PrimaryStageWindow   - Stage size: 814.6666870117188 x 840.0
14:21:34.914 [FXGL Background Thread 1 ] DEBUG Engine               - Initializing environment variables
14:21:34.970 [FXGL Background Thread 1 ] DEBUG FXGLAssetLoaderServi - User app class for loading assets: class kh.edu.paragoniu.spaceshooter.SpaceShooter
14:21:34.970 [FXGL Background Thread 1 ] DEBUG GameApplicationServi - Applying CSS: fxgl_dark.css
14:21:34.971 [FXGL Background Thread 1 ] DEBUG FXGLAssetLoaderServi - Loading from file system: jar:file:///C:/Users/USER/.m2/repository/com/github/almasb/fxgl/17.3/fxgl-17.3.jar!/fxglassets/ui/css/fxgl_dark.css
14:21:35.014 [FXGL Background Thread 1 ] DEBUG GameApplicationServi - Initializing application scenes
14:21:35.047 [FXGL Background Thread 1 ] DEBUG GameWorld            - Game world initialized
14:21:35.094 [FXGL Background Thread 1 ] DEBUG PhysicsWorld         - Physics world initialized: appHeight=800, physics.ppm=50.0
14:21:35.094 [FXGL Background Thread 1 ] DEBUG PhysicsWorld         - Using strategy: BRUTE_FORCE
14:21:35.098 [FXGL Background Thread 1 ] DEBUG GameScene            - Game scene initialized: 800x800
14:21:35.111 [FXGL Background Thread 1 ] DEBUG FXGL.DefaultMenu     - createMenuBodyGameMenu()
14:21:35.124 [FXGL Background Thread 1 ] DEBUG FXGL.DefaultMenu     - createOptionsMenu()
14:21:35.132 [FXGL Background Thread 1 ] DEBUG FXGLAssetLoaderServi - Loading from file system: jar:file:///C:/Users/USER/.m2/repository/com/github/almasb/fxgl/17.3/fxgl-17.3.jar!/fxglassets/textures/particles/smoke.png
14:21:35.203 [FXGL Background Thread 1 ] DEBUG FXGLAssetLoaderServi - Loading from file system: jar:file:///C:/Users/USER/.m2/repository/com/github/almasb/fxgl/17.3/fxgl-17.3.jar!/fxglassets/textures/particles/trace_horizontal.png
14:21:35.228 [FXGL Background Thread 1 ] DEBUG GameApplicationServi - Application scenes initialized
14:21:35.236 [FXGL Background Thread 1 ] DEBUG SystemBundleService  - Loading FXGL system data
14:21:35.239 [FXGL Background Thread 1 ] DEBUG FileSystemAccess     - Reading from: C:\Users\USER\IdeaProjects\SpaceShooter\system\fxgl.bundle
14:21:35.245 [FXGL Background Thread 1 ] DEBUG SystemBundleService  - Bundle FXGL: {}
14:21:35.245 [FXGL Background Thread 1 ] DEBUG UpdaterService       - Checking for updates
14:21:35.248 [FXGL Background Thread 4 ] DEBUG FXGLApplication      - Loading fonts
14:21:35.249 [FXGL Background Thread 1 ] DEBUG FXGLApplication      - Loading default localization
14:21:35.249 [FXGL Background Thread 4 ] DEBUG FXGLAssetLoaderServi - Loading from file system: jar:file:///C:/Users/USER/.m2/repository/com/github/almasb/fxgl/17.3/fxgl-17.3.jar!/fxglassets/ui/fonts/VarelaRound-Regular.ttf
14:21:35.249 [FXGL Background Thread 1 ] DEBUG FXGLAssetLoaderServi - Loading from file system: jar:file:///C:/Users/USER/.m2/repository/com/github/almasb/fxgl/17.3/fxgl-17.3.jar!/fxglassets/languages/english.lang
14:21:35.264 [FXGL Background Thread 1 ] INFO  FXGLApplication      - FXGL initialization took: 0.351 sec
14:21:35.270 [JavaFX Application Thread] DEBUG Input                - Registered new binding: LEFT - Left
14:21:35.270 [JavaFX Application Thread] DEBUG Input                - Registered new binding: RIGHT - Right
14:21:35.271 [JavaFX Application Thread] DEBUG Input                - Registered new binding: Single Shot - 1
14:21:35.271 [JavaFX Application Thread] DEBUG Input                - Registered new binding: Double Shot - 2
14:21:35.271 [JavaFX Application Thread] DEBUG Input                - Registered new binding: Triple Shot - 3
14:21:35.272 [JavaFX Application Thread] DEBUG FXGLAssetLoaderServi - Loading from file system: jar:file:///C:/Users/USER/.m2/repository/com/github/almasb/fxgl/17.3/fxgl-17.3.jar!/fxglassets/textures/fxgl_icon.png
14:21:35.290 [FXGL Background Thread 4 ] DEBUG FXGLAssetLoaderServi - Loading from file system: jar:file:///C:/Users/USER/.m2/repository/com/github/almasb/fxgl/17.3/fxgl-17.3.jar!/fxglassets/ui/fonts/Abel-Regular.ttf
14:21:35.293 [JavaFX Application Thread] DEBUG FXGLAssetLoaderServi - Loading from file system: jar:file:///C:/Users/USER/.m2/repository/com/github/almasb/fxgl/17.3/fxgl-17.3.jar!/fxglassets/textures/fxgl_default_cursor.png
14:21:35.294 [FXGL Background Thread 4 ] DEBUG FXGLAssetLoaderServi - Loading from file system: jar:file:///C:/Users/USER/.m2/repository/com/github/almasb/fxgl/17.3/fxgl-17.3.jar!/fxglassets/ui/fonts/TerminalLandMono-Regular.otf
14:21:35.295 [JavaFX Application Thread] DEBUG Input                - Registered new binding: Screenshot - CTRL+8
14:21:35.296 [JavaFX Application Thread] DEBUG Input                - Registered new binding: System info dump - CTRL+9
14:21:35.296 [JavaFX Application Thread] DEBUG Input                - Registered new binding: Restart - CTRL+R
14:21:35.296 [JavaFX Application Thread] DEBUG Input                - Registered new binding: Toggle Debug Camera - CTRL+7
14:21:35.298 [FXGL Background Thread 4 ] DEBUG FXGLAssetLoaderServi - Loading from file system: jar:file:///C:/Users/USER/.m2/repository/com/github/almasb/fxgl/17.3/fxgl-17.3.jar!/fxglassets/ui/fonts/Courier-Prime.ttf
14:21:35.299 [JavaFX Application Thread] DEBUG LoopRunner           - Starting loop
14:21:35.299 [JavaFX Application Thread] DEBUG LoopRunner           - Initializing JavaFX AnimationTimerLoop
14:21:35.300 [JavaFX Application Thread] DEBUG GameApplicationServi - Starting new game
14:21:35.300 [JavaFX Application Thread] DEBUG Input                - Clearing active input actions
14:21:35.313 [JavaFX Application Thread] DEBUG GameApplicationServi - Removing overlay from FXGLStartupScene and adding to FXGLLoadingScene
14:21:35.314 [JavaFX Application Thread] DEBUG PrimaryStageWindow   - FXGLStartupScene -> FXGLLoadingScene
14:21:35.314 [JavaFX Application Thread] DEBUG GameApplicationServi - Clearing previous game
14:21:35.314 [JavaFX Application Thread] DEBUG GameScene            - Clearing game scene
14:21:35.314 [JavaFX Application Thread] DEBUG GameWorld            - Clearing game world
14:21:35.314 [JavaFX Application Thread] DEBUG PhysicsWorld         - Clearing physics world
14:21:35.316 [FXGL Background Thread 4 ] DEBUG FXGLApplication      - Initializing game
14:21:35.337 [FXGL Background Thread 4 ] WARN  FXGLAssetLoaderServi - Asset "/assets/textures/nyan_cat.img" was not found!
14:21:35.337 [FXGL Background Thread 4 ] WARN  FXGLAssetLoaderServi - Failed to load IMAGE
14:21:35.351 [JavaFX Application Thread] DEBUG FXGLApplication      - Registering font factories with UI factory
14:21:35.418 [FXGL Background Thread 4 ] INFO  FXGLApplication      - Game initialization took: 0.102 sec
14:21:35.434 [JavaFX Application Thread] DEBUG Input                - Clearing active input actions
14:21:35.441 [JavaFX Application Thread] DEBUG GameApplicationServi - Removing overlay from FXGLLoadingScene and adding to GameScene
14:21:35.441 [JavaFX Application Thread] DEBUG PrimaryStageWindow   - FXGLLoadingScene -> GameScene
14:21:35.724 [FXGL Background Thread 2 ] INFO  UpdaterService       - Your current version:  17.3
14:21:35.724 [FXGL Background Thread 2 ] INFO  UpdaterService       - Latest stable version: 21.1
14:21:37.514 [JavaFX Application Thread] DEBUG FXGLApplication      - Exiting FXGL
14:21:37.514 [JavaFX Application Thread] DEBUG LoopRunner           - Stopping loop
14:21:37.514 [JavaFX Application Thread] DEBUG SystemBundleService  - Saving FXGL system data
14:21:37.516 [JavaFX Application Thread] DEBUG FileSystemAccess     - Writing to: C:\Users\USER\IdeaProjects\SpaceShooter\system\fxgl.bundle
14:21:37.518 [JavaFX Application Thread] DEBUG Async                - Shutting down background threads
14:21:37.519 [JavaFX Application Thread] DEBUG PrimaryStageWindow   - Closing main window
14:21:37.533 [JavaFX Application Thread] DEBUG Logger               - Closing Logger
