16:17:58.094 [main                     ] DEBUG Logger               - Configured Logger
16:17:58.097 [main                     ] DEBUG GameApplication      - Logging settings
Title: SpaceShooterGame
Version: 1.0
Width: 800
Height: 800
Fullscreen: false
Intro: false
Profiling: false
Single step:false
App Mode: DEVELOPER
Menu Key: ESCAPE
Stage Style: DECORATED
Scene Factory: class com.almasb.fxgl.app.scene.SceneFactory

16:17:58.243 [JavaFX Application Thread] DEBUG FXGLApplication      - Initializing FXGL
16:17:58.244 [JavaFX Application Thread] INFO  Engine               - FXGL-17.3 (30.03.2023 11.49) on MAC (J:25.0.2 FX:21.0.6)
16:17:58.244 [JavaFX Application Thread] DEBUG Engine               - JRE Vendor Name: Oracle Corporation
16:17:58.244 [JavaFX Application Thread] DEBUG Engine               - Running on OS: Mac OS X version 15.7.3
16:17:58.244 [JavaFX Application Thread] DEBUG Engine               - Architecture: aarch64
16:17:58.244 [JavaFX Application Thread] INFO  Engine               - Source code and latest versions at: https://github.com/AlmasB/FXGL
16:17:58.244 [JavaFX Application Thread] INFO  Engine               -       Ask questions and discuss at: https://github.com/AlmasB/FXGL/discussions
16:17:58.244 [JavaFX Application Thread] INFO  Engine               -              Join the FXGL chat at: https://gitter.im/AlmasB/FXGL
16:17:58.274 [JavaFX Application Thread] DEBUG PrimaryStageWindow   - Creating a JavaFX scene
16:17:58.292 [JavaFX Application Thread] DEBUG PrimaryStageWindow   - Target settings size: 800.0 x 800.0
16:17:58.292 [JavaFX Application Thread] DEBUG PrimaryStageWindow   - Scaled scene size:    800.0 x 800.0
16:17:58.292 [JavaFX Application Thread] DEBUG PrimaryStageWindow   - Scaled ratio: (1.0, 1.0)
16:17:58.293 [JavaFX Application Thread] DEBUG PrimaryStageWindow   - Set initial scene to FXGLStartupScene
16:17:58.294 [JavaFX Application Thread] DEBUG PrimaryStageWindow   - Opening main window
16:17:58.344 [JavaFX Application Thread] DEBUG PrimaryStageWindow   - Window border size: (0.0, 28.0)
16:17:58.344 [JavaFX Application Thread] DEBUG PrimaryStageWindow   - Scaled size: 800.0 x 800.0
16:17:58.344 [JavaFX Application Thread] DEBUG PrimaryStageWindow   - Scaled ratio: (1.0, 1.0)
16:17:58.344 [JavaFX Application Thread] DEBUG PrimaryStageWindow   - Scene size: 800.0 x 800.0
16:17:58.344 [JavaFX Application Thread] DEBUG PrimaryStageWindow   - Stage size: 800.0 x 828.0
16:17:58.346 [FXGL Background Thread 1 ] DEBUG Engine               - Initializing environment variables
16:17:58.366 [FXGL Background Thread 1 ] DEBUG FXGLAssetLoaderServi - User app class for loading assets: class kh.edu.paragoniu.spaceshooter.SpaceShooter
16:17:58.366 [FXGL Background Thread 1 ] DEBUG GameApplicationServi - Applying CSS: fxgl_dark.css
16:17:58.366 [FXGL Background Thread 1 ] DEBUG FXGLAssetLoaderServi - Loading from file system: jar:file:///Users/chengsenghab/.m2/repository/com/github/almasb/fxgl/17.3/fxgl-17.3.jar!/fxglassets/ui/css/fxgl_dark.css
16:17:58.384 [FXGL Background Thread 1 ] DEBUG GameApplicationServi - Initializing application scenes
16:17:58.483 [FXGL Background Thread 1 ] DEBUG GameWorld            - Game world initialized
16:17:58.501 [FXGL Background Thread 1 ] DEBUG PhysicsWorld         - Physics world initialized: appHeight=800, physics.ppm=50.0
16:17:58.501 [FXGL Background Thread 1 ] DEBUG PhysicsWorld         - Using strategy: BRUTE_FORCE
16:17:58.503 [FXGL Background Thread 1 ] DEBUG GameScene            - Game scene initialized: 800x800
16:17:58.507 [FXGL Background Thread 1 ] DEBUG FXGL.DefaultMenu     - createMenuBodyMainMenu()
16:17:58.512 [FXGL Background Thread 1 ] DEBUG FXGL.DefaultMenu     - createOptionsMenu()
16:17:58.516 [FXGL Background Thread 1 ] DEBUG FXGLAssetLoaderServi - Loading from file system: jar:file:///Users/chengsenghab/.m2/repository/com/github/almasb/fxgl/17.3/fxgl-17.3.jar!/fxglassets/textures/particles/smoke.png
16:17:58.544 [FXGL Background Thread 1 ] DEBUG FXGLAssetLoaderServi - Loading from file system: jar:file:///Users/chengsenghab/.m2/repository/com/github/almasb/fxgl/17.3/fxgl-17.3.jar!/fxglassets/textures/particles/trace_horizontal.png
16:17:58.554 [FXGL Background Thread 1 ] DEBUG FXGL.DefaultMenu     - createMenuBodyGameMenu()
16:17:58.555 [FXGL Background Thread 1 ] DEBUG FXGL.DefaultMenu     - createOptionsMenu()
16:17:58.560 [FXGL Background Thread 1 ] DEBUG GameApplicationServi - Application scenes initialized
16:17:58.563 [FXGL Background Thread 1 ] DEBUG SystemBundleService  - Loading FXGL system data
16:17:58.564 [FXGL Background Thread 1 ] DEBUG FileSystemAccess     - Reading from: /Users/chengsenghab/Desktop/SpaceShooter/system/fxgl.bundle
16:17:58.567 [FXGL Background Thread 1 ] DEBUG SystemBundleService  - Bundle FXGL: {}
16:17:58.567 [FXGL Background Thread 1 ] DEBUG UpdaterService       - Checking for updates
16:17:58.568 [FXGL Background Thread 4 ] DEBUG FXGLApplication      - Loading fonts
16:17:58.568 [FXGL Background Thread 4 ] DEBUG FXGLAssetLoaderServi - Loading from file system: jar:file:///Users/chengsenghab/.m2/repository/com/github/almasb/fxgl/17.3/fxgl-17.3.jar!/fxglassets/ui/fonts/VarelaRound-Regular.ttf
16:17:58.568 [FXGL Background Thread 1 ] DEBUG FXGLApplication      - Loading default localization
16:17:58.568 [FXGL Background Thread 1 ] DEBUG FXGLAssetLoaderServi - Loading from file system: jar:file:///Users/chengsenghab/.m2/repository/com/github/almasb/fxgl/17.3/fxgl-17.3.jar!/fxglassets/languages/english.lang
16:17:58.573 [FXGL Background Thread 4 ] DEBUG FXGLAssetLoaderServi - Loading from file system: jar:file:///Users/chengsenghab/.m2/repository/com/github/almasb/fxgl/17.3/fxgl-17.3.jar!/fxglassets/ui/fonts/Abel-Regular.ttf
16:17:58.574 [FXGL Background Thread 4 ] DEBUG FXGLAssetLoaderServi - Loading from file system: jar:file:///Users/chengsenghab/.m2/repository/com/github/almasb/fxgl/17.3/fxgl-17.3.jar!/fxglassets/ui/fonts/TerminalLandMono-Regular.otf
16:17:58.574 [FXGL Background Thread 1 ] INFO  FXGLApplication      - FXGL initialization took: 0.228 sec
16:17:58.575 [FXGL Background Thread 4 ] DEBUG FXGLAssetLoaderServi - Loading from file system: jar:file:///Users/chengsenghab/.m2/repository/com/github/almasb/fxgl/17.3/fxgl-17.3.jar!/fxglassets/ui/fonts/Courier-Prime.ttf
16:17:58.577 [JavaFX Application Thread] DEBUG Input                - Registered new binding: LEFT - A
16:17:58.577 [JavaFX Application Thread] DEBUG Input                - Registered new binding: RIGHT - D
16:17:58.577 [JavaFX Application Thread] DEBUG Input                - Registered new binding: Down - S
16:17:58.577 [JavaFX Application Thread] DEBUG Input                - Registered new binding: Up - W
16:17:58.577 [JavaFX Application Thread] DEBUG Input                - Registered new binding: Pause/Resume - Esc
16:17:58.577 [JavaFX Application Thread] DEBUG Input                - Registered new binding: Show Leaderboard - L
16:17:58.578 [JavaFX Application Thread] DEBUG FXGLAssetLoaderServi - Loading from file system: jar:file:///Users/chengsenghab/.m2/repository/com/github/almasb/fxgl/17.3/fxgl-17.3.jar!/fxglassets/textures/fxgl_icon.png
16:17:58.589 [JavaFX Application Thread] DEBUG FXGLAssetLoaderServi - Loading from file system: jar:file:///Users/chengsenghab/.m2/repository/com/github/almasb/fxgl/17.3/fxgl-17.3.jar!/fxglassets/textures/fxgl_default_cursor.png
16:17:58.589 [JavaFX Application Thread] DEBUG Input                - Registered new binding: Screenshot - CTRL+8
16:17:58.590 [JavaFX Application Thread] DEBUG Input                - Registered new binding: System info dump - CTRL+9
16:17:58.590 [JavaFX Application Thread] DEBUG Input                - Registered new binding: Restart - CTRL+R
16:17:58.590 [JavaFX Application Thread] DEBUG Input                - Registered new binding: Toggle Debug Camera - CTRL+7
16:17:58.590 [JavaFX Application Thread] DEBUG LoopRunner           - Starting loop
16:17:58.591 [JavaFX Application Thread] DEBUG LoopRunner           - Initializing JavaFX AnimationTimerLoop
16:17:58.591 [JavaFX Application Thread] DEBUG Input                - Clearing active input actions
16:17:58.594 [JavaFX Application Thread] DEBUG GameApplicationServi - Removing overlay from FXGLStartupScene and adding to FXGLMainMenuDummyScene
16:17:58.594 [JavaFX Application Thread] DEBUG PrimaryStageWindow   - FXGLStartupScene -> FXGLMainMenuDummyScene
16:17:58.594 [JavaFX Application Thread] DEBUG PrimaryStageWindow   - Push state: FXGLDefaultMenu
16:17:58.595 [JavaFX Application Thread] DEBUG Input                - Clearing active input actions
16:17:58.598 [JavaFX Application Thread] DEBUG GameApplicationServi - Removing overlay from FXGLMainMenuDummyScene and adding to FXGLDefaultMenu
16:17:58.598 [JavaFX Application Thread] DEBUG PrimaryStageWindow   - FXGLMainMenuDummyScene -> FXGLDefaultMenu
16:17:58.600 [JavaFX Application Thread] DEBUG FXGLApplication      - Registering font factories with UI factory
16:17:58.832 [FXGL Background Thread 2 ] INFO  UpdaterService       - Your current version:  17.3
16:17:58.832 [FXGL Background Thread 2 ] INFO  UpdaterService       - Latest stable version: 21.1
16:17:59.728 [JavaFX Application Thread] DEBUG Menu                 - fireNewGame()
16:17:59.728 [JavaFX Application Thread] DEBUG GameApplicationServi - Starting new game
16:17:59.729 [JavaFX Application Thread] DEBUG PrimaryStageWindow   - Pop state: FXGLDefaultMenu
16:17:59.729 [JavaFX Application Thread] DEBUG Input                - Clearing active input actions
16:17:59.729 [JavaFX Application Thread] DEBUG GameApplicationServi - Removing overlay from FXGLDefaultMenu and adding to FXGLMainMenuDummyScene
16:17:59.730 [JavaFX Application Thread] DEBUG PrimaryStageWindow   - FXGLMainMenuDummyScene <- FXGLDefaultMenu
16:17:59.730 [JavaFX Application Thread] DEBUG Input                - Clearing active input actions
16:17:59.732 [JavaFX Application Thread] DEBUG GameApplicationServi - Removing overlay from FXGLMainMenuDummyScene and adding to FXGLLoadingScene
16:17:59.732 [JavaFX Application Thread] DEBUG PrimaryStageWindow   - FXGLMainMenuDummyScene -> FXGLLoadingScene
16:17:59.732 [JavaFX Application Thread] DEBUG GameApplicationServi - Clearing previous game
16:17:59.732 [JavaFX Application Thread] DEBUG GameScene            - Clearing game scene
16:17:59.732 [JavaFX Application Thread] DEBUG GameWorld            - Clearing game world
16:17:59.732 [JavaFX Application Thread] DEBUG PhysicsWorld         - Clearing physics world
16:17:59.733 [FXGL Background Thread 2 ] DEBUG FXGLApplication      - Initializing game
16:17:59.884 [FXGL Background Thread 2 ] INFO  FXGLApplication      - Game initialization took: 0.151 sec
16:17:59.884 [JavaFX Application Thread] DEBUG Input                - Clearing active input actions
16:17:59.886 [JavaFX Application Thread] DEBUG GameApplicationServi - Removing overlay from FXGLLoadingScene and adding to GameScene
16:17:59.886 [JavaFX Application Thread] DEBUG PrimaryStageWindow   - FXGLLoadingScene -> GameScene
16:18:01.572 [FXGL Background Thread 3 ] DEBUG Engine               - Logging environment variables
16:18:01.575 [FXGL Background Thread 3 ] DEBUG Engine               - achievements: []
16:18:01.575 [FXGL Background Thread 3 ] DEBUG Engine               - actualHeight: 800.0
16:18:01.575 [FXGL Background Thread 3 ] DEBUG Engine               - actualHeightProperty: ReadOnlyDoubleProperty [value: 800.0]
16:18:01.575 [FXGL Background Thread 3 ] DEBUG Engine               - actualWidth: 800.0
16:18:01.575 [FXGL Background Thread 3 ] DEBUG Engine               - actualWidthProperty: ReadOnlyDoubleProperty [value: 800.0]
16:18:01.575 [FXGL Background Thread 3 ] DEBUG Engine               - appIcon: fxgl_icon.png
16:18:01.575 [FXGL Background Thread 3 ] DEBUG Engine               - applicationMode: DEVELOPER
16:18:01.575 [FXGL Background Thread 3 ] DEBUG Engine               - cSSList: [fxgl_dark.css]
16:18:01.575 [FXGL Background Thread 3 ] DEBUG Engine               - collisionDetectionStrategy: BRUTE_FORCE
16:18:01.575 [FXGL Background Thread 3 ] DEBUG Engine               - configClass: Optional.empty
16:18:01.575 [FXGL Background Thread 3 ] DEBUG Engine               - credits: []
16:18:01.576 [FXGL Background Thread 3 ] DEBUG Engine               - defaultCursor: CursorInfo(imageName=fxgl_default_cursor.png, hotspotX=7.0, hotspotY=6.0)
16:18:01.576 [FXGL Background Thread 3 ] DEBUG Engine               - devBBoxColorProperty: ObjectProperty [value: 0xff0000ff]
16:18:01.576 [FXGL Background Thread 3 ] DEBUG Engine               - devEnableDebugCameraProperty: BooleanProperty [value: false]
16:18:01.576 [FXGL Background Thread 3 ] DEBUG Engine               - devSensorColorProperty: ObjectProperty [value: 0xffff00ff]
16:18:01.576 [FXGL Background Thread 3 ] DEBUG Engine               - devShowBBoxProperty: BooleanProperty [value: false]
16:18:01.576 [FXGL Background Thread 3 ] DEBUG Engine               - devShowPositionProperty: BooleanProperty [value: false]
16:18:01.576 [FXGL Background Thread 3 ] DEBUG Engine               - enabledMenuItems: []
16:18:01.576 [FXGL Background Thread 3 ] DEBUG Engine               - engineServices: [class com.almasb.fxgl.app.services.FXGLAssetLoaderService, class com.almasb.fxgl.app.FXGLApplication$GameApplicationService, class com.almasb.fxgl.app.services.FXGLDialogService, class com.almasb.fxgl.app.services.IOTaskExecutorService, class com.almasb.fxgl.io.FileSystemService, class com.almasb.fxgl.localization.LocalizationService, class com.almasb.fxgl.app.services.SystemBundleService, class com.almasb.fxgl.profile.SaveLoadService, class com.almasb.fxgl.ui.FXGLUIFactoryServiceProvider, class com.almasb.fxgl.ui.FXGLDialogFactoryServiceProvider, class com.almasb.fxgl.audio.AudioPlayer, class com.almasb.fxgl.notification.impl.NotificationServiceProvider, class com.almasb.fxgl.achievement.AchievementService, class com.almasb.fxgl.cutscene.CutsceneService, class com.almasb.fxgl.minigames.MiniGameService, class com.almasb.fxgl.net.NetService, class com.almasb.fxgl.app.services.UpdaterService, class com.almasb.fxgl.dev.DevService]
16:18:01.576 [FXGL Background Thread 3 ] DEBUG Engine               - fontGame: Abel-Regular.ttf
16:18:01.577 [FXGL Background Thread 3 ] DEBUG Engine               - fontMono: TerminalLandMono-Regular.otf
16:18:01.577 [FXGL Background Thread 3 ] DEBUG Engine               - fontSizeScaleUI: 1.0
16:18:01.577 [FXGL Background Thread 3 ] DEBUG Engine               - fontText: Courier-Prime.ttf
16:18:01.577 [FXGL Background Thread 3 ] DEBUG Engine               - fontUI: VarelaRound-Regular.ttf
16:18:01.577 [FXGL Background Thread 3 ] DEBUG Engine               - fullScreen: BooleanProperty [value: false]
16:18:01.577 [FXGL Background Thread 3 ] DEBUG Engine               - gameDifficulty: MEDIUM
16:18:01.577 [FXGL Background Thread 3 ] DEBUG Engine               - gameDifficultyProperty: ObjectProperty [value: MEDIUM]
16:18:01.577 [FXGL Background Thread 3 ] DEBUG Engine               - globalMusicVolume: 0.5
16:18:01.577 [FXGL Background Thread 3 ] DEBUG Engine               - globalMusicVolumeProperty: DoubleProperty [value: 0.5]
16:18:01.577 [FXGL Background Thread 3 ] DEBUG Engine               - globalSoundVolume: 0.5
16:18:01.577 [FXGL Background Thread 3 ] DEBUG Engine               - globalSoundVolumeProperty: DoubleProperty [value: 0.5]
16:18:01.577 [FXGL Background Thread 3 ] DEBUG Engine               - height: 800
16:18:01.577 [FXGL Background Thread 3 ] DEBUG Engine               - is3D: false
16:18:01.577 [FXGL Background Thread 3 ] DEBUG Engine               - isAndroid: false
16:18:01.577 [FXGL Background Thread 3 ] DEBUG Engine               - isBrowser: false
16:18:01.577 [FXGL Background Thread 3 ] DEBUG Engine               - isClickFeedbackEnabled: false
16:18:01.577 [FXGL Background Thread 3 ] DEBUG Engine               - isCloseConfirmation: false
16:18:01.577 [FXGL Background Thread 3 ] DEBUG Engine               - isDesktop: true
16:18:01.577 [FXGL Background Thread 3 ] DEBUG Engine               - isDeveloperMenuEnabled: false
16:18:01.577 [FXGL Background Thread 3 ] DEBUG Engine               - isEmbedded: false
16:18:01.578 [FXGL Background Thread 3 ] DEBUG Engine               - isEntityPreloadEnabled: true
16:18:01.578 [FXGL Background Thread 3 ] DEBUG Engine               - isExperimentalTiledLargeMap: false
16:18:01.578 [FXGL Background Thread 3 ] DEBUG Engine               - isFileSystemWriteAllowed: true
16:18:01.578 [FXGL Background Thread 3 ] DEBUG Engine               - isFullScreenAllowed: false
16:18:01.578 [FXGL Background Thread 3 ] DEBUG Engine               - isFullScreenFromStart: false
16:18:01.578 [FXGL Background Thread 3 ] DEBUG Engine               - isGameMenuEnabled: true
16:18:01.578 [FXGL Background Thread 3 ] DEBUG Engine               - isIOS: false
16:18:01.578 [FXGL Background Thread 3 ] DEBUG Engine               - isIntroEnabled: false
16:18:01.578 [FXGL Background Thread 3 ] DEBUG Engine               - isLinux: false
16:18:01.578 [FXGL Background Thread 3 ] DEBUG Engine               - isMac: true
16:18:01.578 [FXGL Background Thread 3 ] DEBUG Engine               - isMainMenuEnabled: true
16:18:01.578 [FXGL Background Thread 3 ] DEBUG Engine               - isManualResizeEnabled: false
16:18:01.578 [FXGL Background Thread 3 ] DEBUG Engine               - isMobile: false
16:18:01.578 [FXGL Background Thread 3 ] DEBUG Engine               - isNative: false
16:18:01.578 [FXGL Background Thread 3 ] DEBUG Engine               - isPauseMusicWhenMinimized: true
16:18:01.578 [FXGL Background Thread 3 ] DEBUG Engine               - isPreserveResizeRatio: false
16:18:01.578 [FXGL Background Thread 3 ] DEBUG Engine               - isProfilingEnabled: false
16:18:01.578 [FXGL Background Thread 3 ] DEBUG Engine               - isScaleAffectedOnResize: true
16:18:01.578 [FXGL Background Thread 3 ] DEBUG Engine               - isSingleStep: false
16:18:01.578 [FXGL Background Thread 3 ] DEBUG Engine               - isUserProfileEnabled: false
16:18:01.578 [FXGL Background Thread 3 ] DEBUG Engine               - isWindows: false
16:18:01.578 [FXGL Background Thread 3 ] DEBUG Engine               - language: ObjectProperty [value: ENGLISH]
16:18:01.578 [FXGL Background Thread 3 ] DEBUG Engine               - menuKey: ESCAPE
16:18:01.578 [FXGL Background Thread 3 ] DEBUG Engine               - mouseSensitivity: 0.2
16:18:01.578 [FXGL Background Thread 3 ] DEBUG Engine               - notificationViewClass: class com.almasb.fxgl.notification.view.XboxNotificationView
16:18:01.578 [FXGL Background Thread 3 ] DEBUG Engine               - pixelsPerMeter: 50.0
16:18:01.578 [FXGL Background Thread 3 ] DEBUG Engine               - platform: MAC
16:18:01.578 [FXGL Background Thread 3 ] DEBUG Engine               - prefHeightProperty: ReadOnlyDoubleProperty [value: 800.0]
16:18:01.578 [FXGL Background Thread 3 ] DEBUG Engine               - prefWidthProperty: ReadOnlyDoubleProperty [value: 800.0]
16:18:01.578 [FXGL Background Thread 3 ] DEBUG Engine               - profileDir: profiles/
16:18:01.578 [FXGL Background Thread 3 ] DEBUG Engine               - profileName: StringProperty [value: DEFAULT]
16:18:01.578 [FXGL Background Thread 3 ] DEBUG Engine               - randomSeed: -1
16:18:01.579 [FXGL Background Thread 3 ] DEBUG Engine               - runtimeInfo: RuntimeInfo(platform=MAC, version=17.3, build=30.03.2023 11.49)
16:18:01.579 [FXGL Background Thread 3 ] DEBUG Engine               - saveFileExt: sav
16:18:01.579 [FXGL Background Thread 3 ] DEBUG Engine               - scaledHeightProp$fxgl: DoubleProperty [bound, value: 800.0]
16:18:01.579 [FXGL Background Thread 3 ] DEBUG Engine               - scaledWidthProp$fxgl: DoubleProperty [bound, value: 800.0]
16:18:01.579 [FXGL Background Thread 3 ] DEBUG Engine               - sceneFactory: com.almasb.fxgl.app.scene.SceneFactory@4a280d0b
16:18:01.579 [FXGL Background Thread 3 ] DEBUG Engine               - secondsIn24h: 60
16:18:01.579 [FXGL Background Thread 3 ] DEBUG Engine               - soundMenuBack: menu/back.wav
16:18:01.579 [FXGL Background Thread 3 ] DEBUG Engine               - soundMenuPress: menu/press.wav
16:18:01.579 [FXGL Background Thread 3 ] DEBUG Engine               - soundMenuSelect: menu/select.wav
16:18:01.579 [FXGL Background Thread 3 ] DEBUG Engine               - soundNotification: core/notification.wav
16:18:01.579 [FXGL Background Thread 3 ] DEBUG Engine               - stageStyle: DECORATED
16:18:01.579 [FXGL Background Thread 3 ] DEBUG Engine               - supportedLanguages: [ENGLISH, FRENCH, GERMAN, HUNGARIAN, RUSSIAN]
16:18:01.579 [FXGL Background Thread 3 ] DEBUG Engine               - ticksPerSecond: -1
16:18:01.579 [FXGL Background Thread 3 ] DEBUG Engine               - title: SpaceShooterGame
16:18:01.579 [FXGL Background Thread 3 ] DEBUG Engine               - urlGithub: https://github.com/AlmasB/FXGL
16:18:01.579 [FXGL Background Thread 3 ] DEBUG Engine               - urlLeaderboard: http://fxgl-top.herokuapp.com/
16:18:01.579 [FXGL Background Thread 3 ] DEBUG Engine               - urlPOM: https://raw.githubusercontent.com/AlmasB/FXGL/release/README.md
16:18:01.579 [FXGL Background Thread 3 ] DEBUG Engine               - userAppClass: class kh.edu.paragoniu.spaceshooter.SpaceShooter
16:18:01.579 [FXGL Background Thread 3 ] DEBUG Engine               - version: 1.0
16:18:01.579 [FXGL Background Thread 3 ] DEBUG Engine               - versionCheckDays: 7
16:18:01.579 [FXGL Background Thread 3 ] DEBUG Engine               - width: 800
16:18:01.579 [FXGL Background Thread 3 ] DEBUG Engine               - Logging services
16:18:01.579 [FXGL Background Thread 3 ] DEBUG Engine               - class com.almasb.fxgl.app.services.FXGLAssetLoaderService
16:18:01.579 [FXGL Background Thread 3 ] DEBUG Engine               - class com.almasb.fxgl.app.FXGLApplication$GameApplicationService
16:18:01.579 [FXGL Background Thread 3 ] DEBUG Engine               - class com.almasb.fxgl.app.services.FXGLDialogService
16:18:01.579 [FXGL Background Thread 3 ] DEBUG Engine               - class com.almasb.fxgl.app.services.IOTaskExecutorService
16:18:01.579 [FXGL Background Thread 3 ] DEBUG Engine               - class com.almasb.fxgl.io.FileSystemService
16:18:01.579 [FXGL Background Thread 3 ] DEBUG Engine               - class com.almasb.fxgl.localization.LocalizationService
16:18:01.579 [FXGL Background Thread 3 ] DEBUG Engine               - class com.almasb.fxgl.app.services.SystemBundleService
16:18:01.580 [FXGL Background Thread 3 ] DEBUG Engine               - class com.almasb.fxgl.profile.SaveLoadService
16:18:01.580 [FXGL Background Thread 3 ] DEBUG Engine               - class com.almasb.fxgl.ui.FXGLUIFactoryServiceProvider
16:18:01.580 [FXGL Background Thread 3 ] DEBUG Engine               - class com.almasb.fxgl.ui.FXGLDialogFactoryServiceProvider
16:18:01.580 [FXGL Background Thread 3 ] DEBUG Engine               - class com.almasb.fxgl.audio.AudioPlayer
16:18:01.580 [FXGL Background Thread 3 ] DEBUG Engine               - class com.almasb.fxgl.notification.impl.NotificationServiceProvider
16:18:01.580 [FXGL Background Thread 3 ] DEBUG Engine               - class com.almasb.fxgl.achievement.AchievementService
16:18:01.580 [FXGL Background Thread 3 ] DEBUG Engine               - class com.almasb.fxgl.cutscene.CutsceneService
16:18:01.580 [FXGL Background Thread 3 ] DEBUG Engine               - class com.almasb.fxgl.minigames.MiniGameService
16:18:01.580 [FXGL Background Thread 3 ] DEBUG Engine               - class com.almasb.fxgl.net.NetService
16:18:01.580 [FXGL Background Thread 3 ] DEBUG Engine               - class com.almasb.fxgl.app.services.UpdaterService
16:18:01.580 [FXGL Background Thread 3 ] DEBUG Engine               - class com.almasb.fxgl.dev.DevService
16:18:32.153 [JavaFX Application Thread] DEBUG PrimaryStageWindow   - Push state: DialogSubScene
16:18:32.153 [JavaFX Application Thread] DEBUG Input                - Clearing active input actions
16:18:32.155 [JavaFX Application Thread] DEBUG GameApplicationServi - Removing overlay from GameScene and adding to DialogSubScene
16:18:32.155 [JavaFX Application Thread] DEBUG PrimaryStageWindow   - GameScene -> DialogSubScene
16:18:39.383 [JavaFX Application Thread] DEBUG PrimaryStageWindow   - Pop state: DialogSubScene
16:18:39.383 [JavaFX Application Thread] DEBUG Input                - Clearing active input actions
16:18:39.384 [JavaFX Application Thread] DEBUG GameApplicationServi - Removing overlay from DialogSubScene and adding to GameScene
16:18:39.384 [JavaFX Application Thread] DEBUG PrimaryStageWindow   - GameScene <- DialogSubScene
16:18:39.389 [JavaFX Application Thread] DEBUG PrimaryStageWindow   - Push state: DialogSubScene
16:18:39.390 [JavaFX Application Thread] DEBUG Input                - Clearing active input actions
16:18:39.390 [JavaFX Application Thread] DEBUG GameApplicationServi - Removing overlay from GameScene and adding to DialogSubScene
16:18:39.390 [JavaFX Application Thread] DEBUG PrimaryStageWindow   - GameScene -> DialogSubScene
16:18:39.390 [JavaFX Application Thread] DEBUG PrimaryStageWindow   - Pop state: DialogSubScene
16:18:39.390 [JavaFX Application Thread] DEBUG Input                - Clearing active input actions
16:18:39.390 [JavaFX Application Thread] DEBUG GameApplicationServi - Removing overlay from DialogSubScene and adding to GameScene
16:18:39.390 [JavaFX Application Thread] DEBUG PrimaryStageWindow   - GameScene <- DialogSubScene
16:18:39.390 [JavaFX Application Thread] DEBUG Input                - Clearing active input actions
16:18:39.394 [JavaFX Application Thread] DEBUG GameApplicationServi - Removing overlay from GameScene and adding to FXGLMainMenuDummyScene
16:18:39.394 [JavaFX Application Thread] DEBUG PrimaryStageWindow   - GameScene -> FXGLMainMenuDummyScene
16:18:39.394 [JavaFX Application Thread] DEBUG PrimaryStageWindow   - Push state: FXGLDefaultMenu
16:18:39.394 [JavaFX Application Thread] DEBUG Input                - Clearing active input actions
16:18:39.396 [JavaFX Application Thread] DEBUG GameApplicationServi - Removing overlay from FXGLMainMenuDummyScene and adding to FXGLDefaultMenu
16:18:39.396 [JavaFX Application Thread] DEBUG PrimaryStageWindow   - FXGLMainMenuDummyScene -> FXGLDefaultMenu
16:18:40.505 [JavaFX Application Thread] DEBUG FXGLApplication      - Exiting FXGL
16:18:40.505 [JavaFX Application Thread] DEBUG LoopRunner           - Stopping loop
16:18:40.505 [JavaFX Application Thread] DEBUG SystemBundleService  - Saving FXGL system data
16:18:40.506 [JavaFX Application Thread] DEBUG FileSystemAccess     - Writing to: /Users/chengsenghab/Desktop/SpaceShooter/system/fxgl.bundle
16:18:40.507 [JavaFX Application Thread] DEBUG Async                - Shutting down background threads
16:18:40.507 [JavaFX Application Thread] DEBUG PrimaryStageWindow   - Closing main window
16:18:40.517 [JavaFX Application Thread] DEBUG Logger               - Closing Logger
