19:49:13.007 [main                     ] DEBUG Logger               - Configured Logger
19:49:13.009 [main                     ] DEBUG GameApplication      - Logging settings
Title: SpaceShooterGame
Version: 1.0
Width: 800
Height: 800
Fullscreen: false
Intro: false
Profiling: false
Single step:false
App Mode: DEVELOPER
Menu Key: ESCAPE
Stage Style: DECORATED
Scene Factory: class com.almasb.fxgl.app.scene.SceneFactory

19:49:13.174 [JavaFX Application Thread] DEBUG FXGLApplication      - Initializing FXGL
19:49:13.175 [JavaFX Application Thread] INFO  Engine               - FXGL-17.3 (30.03.2023 11.49) on MAC (J:25 FX:21.0.6)
19:49:13.175 [JavaFX Application Thread] DEBUG Engine               - JRE Vendor Name: Oracle Corporation
19:49:13.175 [JavaFX Application Thread] DEBUG Engine               - Running on OS: Mac OS X version 15.1
19:49:13.175 [JavaFX Application Thread] DEBUG Engine               - Architecture: aarch64
19:49:13.175 [JavaFX Application Thread] INFO  Engine               - Source code and latest versions at: https://github.com/AlmasB/FXGL
19:49:13.175 [JavaFX Application Thread] INFO  Engine               -       Ask questions and discuss at: https://github.com/AlmasB/FXGL/discussions
19:49:13.175 [JavaFX Application Thread] INFO  Engine               -              Join the FXGL chat at: https://gitter.im/AlmasB/FXGL
19:49:13.207 [JavaFX Application Thread] DEBUG PrimaryStageWindow   - Creating a JavaFX scene
19:49:13.225 [JavaFX Application Thread] DEBUG PrimaryStageWindow   - Target settings size: 800.0 x 800.0
19:49:13.225 [JavaFX Application Thread] DEBUG PrimaryStageWindow   - Scaled scene size:    800.0 x 800.0
19:49:13.225 [JavaFX Application Thread] DEBUG PrimaryStageWindow   - Scaled ratio: (1.0, 1.0)
19:49:13.226 [JavaFX Application Thread] DEBUG PrimaryStageWindow   - Set initial scene to FXGLStartupScene
19:49:13.227 [JavaFX Application Thread] DEBUG PrimaryStageWindow   - Opening main window
19:49:13.281 [JavaFX Application Thread] DEBUG PrimaryStageWindow   - Window border size: (0.0, 28.0)
19:49:13.281 [JavaFX Application Thread] DEBUG PrimaryStageWindow   - Scaled size: 800.0 x 800.0
19:49:13.281 [JavaFX Application Thread] DEBUG PrimaryStageWindow   - Scaled ratio: (1.0, 1.0)
19:49:13.281 [JavaFX Application Thread] DEBUG PrimaryStageWindow   - Scene size: 800.0 x 800.0
19:49:13.281 [JavaFX Application Thread] DEBUG PrimaryStageWindow   - Stage size: 800.0 x 828.0
19:49:13.284 [FXGL Background Thread 1 ] DEBUG Engine               - Initializing environment variables
19:49:13.335 [FXGL Background Thread 1 ] DEBUG FXGLAssetLoaderServi - User app class for loading assets: class kh.edu.paragoniu.spaceshooter.SpaceShooter
19:49:13.335 [FXGL Background Thread 1 ] DEBUG GameApplicationServi - Applying CSS: fxgl_dark.css
19:49:13.335 [FXGL Background Thread 1 ] DEBUG FXGLAssetLoaderServi - Loading from file system: jar:file:///Users/fyfaris/.m2/repository/com/github/almasb/fxgl/17.3/fxgl-17.3.jar!/fxglassets/ui/css/fxgl_dark.css
19:49:13.371 [FXGL Background Thread 1 ] DEBUG GameApplicationServi - Initializing application scenes
19:49:13.602 [FXGL Background Thread 1 ] DEBUG GameWorld            - Game world initialized
19:49:13.621 [FXGL Background Thread 1 ] DEBUG PhysicsWorld         - Physics world initialized: appHeight=800, physics.ppm=50.0
19:49:13.622 [FXGL Background Thread 1 ] DEBUG PhysicsWorld         - Using strategy: BRUTE_FORCE
19:49:13.623 [FXGL Background Thread 1 ] DEBUG GameScene            - Game scene initialized: 800x800
19:49:13.627 [FXGL Background Thread 1 ] DEBUG FXGL.DefaultMenu     - createMenuBodyMainMenu()
19:49:13.633 [FXGL Background Thread 1 ] DEBUG FXGL.DefaultMenu     - createOptionsMenu()
19:49:13.636 [FXGL Background Thread 1 ] DEBUG FXGLAssetLoaderServi - Loading from file system: jar:file:///Users/fyfaris/.m2/repository/com/github/almasb/fxgl/17.3/fxgl-17.3.jar!/fxglassets/textures/particles/smoke.png
19:49:13.674 [FXGL Background Thread 1 ] DEBUG FXGLAssetLoaderServi - Loading from file system: jar:file:///Users/fyfaris/.m2/repository/com/github/almasb/fxgl/17.3/fxgl-17.3.jar!/fxglassets/textures/particles/trace_horizontal.png
19:49:13.685 [FXGL Background Thread 1 ] DEBUG FXGL.DefaultMenu     - createMenuBodyGameMenu()
19:49:13.685 [FXGL Background Thread 1 ] DEBUG FXGL.DefaultMenu     - createOptionsMenu()
19:49:13.692 [FXGL Background Thread 1 ] DEBUG GameApplicationServi - Application scenes initialized
19:49:13.696 [FXGL Background Thread 1 ] DEBUG SystemBundleService  - Loading FXGL system data
19:49:13.699 [FXGL Background Thread 1 ] DEBUG FileSystemAccess     - Reading from: /Users/fyfaris/New/system/fxgl.bundle
19:49:13.703 [FXGL Background Thread 1 ] DEBUG SystemBundleService  - Bundle FXGL: {}
19:49:13.703 [FXGL Background Thread 1 ] DEBUG UpdaterService       - Checking for updates
19:49:13.705 [FXGL Background Thread 4 ] DEBUG FXGLApplication      - Loading fonts
19:49:13.706 [FXGL Background Thread 4 ] DEBUG FXGLAssetLoaderServi - Loading from file system: jar:file:///Users/fyfaris/.m2/repository/com/github/almasb/fxgl/17.3/fxgl-17.3.jar!/fxglassets/ui/fonts/VarelaRound-Regular.ttf
19:49:13.706 [FXGL Background Thread 1 ] DEBUG FXGLApplication      - Loading default localization
19:49:13.706 [FXGL Background Thread 1 ] DEBUG FXGLAssetLoaderServi - Loading from file system: jar:file:///Users/fyfaris/.m2/repository/com/github/almasb/fxgl/17.3/fxgl-17.3.jar!/fxglassets/languages/english.lang
19:49:13.715 [FXGL Background Thread 4 ] DEBUG FXGLAssetLoaderServi - Loading from file system: jar:file:///Users/fyfaris/.m2/repository/com/github/almasb/fxgl/17.3/fxgl-17.3.jar!/fxglassets/ui/fonts/Abel-Regular.ttf
19:49:13.717 [FXGL Background Thread 1 ] INFO  FXGLApplication      - FXGL initialization took: 0.432 sec
19:49:13.717 [FXGL Background Thread 4 ] DEBUG FXGLAssetLoaderServi - Loading from file system: jar:file:///Users/fyfaris/.m2/repository/com/github/almasb/fxgl/17.3/fxgl-17.3.jar!/fxglassets/ui/fonts/TerminalLandMono-Regular.otf
19:49:13.720 [FXGL Background Thread 4 ] DEBUG FXGLAssetLoaderServi - Loading from file system: jar:file:///Users/fyfaris/.m2/repository/com/github/almasb/fxgl/17.3/fxgl-17.3.jar!/fxglassets/ui/fonts/Courier-Prime.ttf
19:49:13.720 [JavaFX Application Thread] DEBUG Input                - Registered new binding: LEFT - A
19:49:13.720 [JavaFX Application Thread] DEBUG Input                - Registered new binding: RIGHT - D
19:49:13.720 [JavaFX Application Thread] DEBUG Input                - Registered new binding: Down - S
19:49:13.720 [JavaFX Application Thread] DEBUG Input                - Registered new binding: Up - W
19:49:13.720 [JavaFX Application Thread] DEBUG Input                - Registered new binding: Pause - Esc
19:49:13.720 [JavaFX Application Thread] DEBUG Input                - Registered new binding: Show Leaderboard - L
19:49:13.720 [JavaFX Application Thread] DEBUG FXGLAssetLoaderServi - Loading from file system: jar:file:///Users/fyfaris/.m2/repository/com/github/almasb/fxgl/17.3/fxgl-17.3.jar!/fxglassets/textures/fxgl_icon.png
19:49:13.733 [JavaFX Application Thread] DEBUG FXGLAssetLoaderServi - Loading from file system: jar:file:///Users/fyfaris/.m2/repository/com/github/almasb/fxgl/17.3/fxgl-17.3.jar!/fxglassets/textures/fxgl_default_cursor.png
19:49:13.734 [JavaFX Application Thread] DEBUG Input                - Registered new binding: Screenshot - CTRL+8
19:49:13.734 [JavaFX Application Thread] DEBUG Input                - Registered new binding: System info dump - CTRL+9
19:49:13.734 [JavaFX Application Thread] DEBUG Input                - Registered new binding: Restart - CTRL+R
19:49:13.734 [JavaFX Application Thread] DEBUG Input                - Registered new binding: Toggle Debug Camera - CTRL+7
19:49:13.735 [JavaFX Application Thread] DEBUG LoopRunner           - Starting loop
19:49:13.735 [JavaFX Application Thread] DEBUG LoopRunner           - Initializing JavaFX AnimationTimerLoop
19:49:13.736 [JavaFX Application Thread] DEBUG Input                - Clearing active input actions
19:49:13.738 [JavaFX Application Thread] DEBUG GameApplicationServi - Removing overlay from FXGLStartupScene and adding to FXGLMainMenuDummyScene
19:49:13.738 [JavaFX Application Thread] DEBUG PrimaryStageWindow   - FXGLStartupScene -> FXGLMainMenuDummyScene
19:49:13.738 [JavaFX Application Thread] DEBUG PrimaryStageWindow   - Push state: FXGLDefaultMenu
19:49:13.740 [JavaFX Application Thread] DEBUG Input                - Clearing active input actions
19:49:13.743 [JavaFX Application Thread] DEBUG GameApplicationServi - Removing overlay from FXGLMainMenuDummyScene and adding to FXGLDefaultMenu
19:49:13.743 [JavaFX Application Thread] DEBUG PrimaryStageWindow   - FXGLMainMenuDummyScene -> FXGLDefaultMenu
19:49:13.745 [JavaFX Application Thread] DEBUG FXGLApplication      - Registering font factories with UI factory
19:49:14.305 [FXGL Background Thread 2 ] INFO  UpdaterService       - Your current version:  17.3
19:49:14.305 [FXGL Background Thread 2 ] INFO  UpdaterService       - Latest stable version: 21.1
19:49:16.708 [FXGL Background Thread 3 ] DEBUG Engine               - Logging environment variables
19:49:16.708 [FXGL Background Thread 3 ] DEBUG Engine               - achievements: []
19:49:16.708 [FXGL Background Thread 3 ] DEBUG Engine               - actualHeight: 800.0
19:49:16.708 [FXGL Background Thread 3 ] DEBUG Engine               - actualHeightProperty: ReadOnlyDoubleProperty [value: 800.0]
19:49:16.708 [FXGL Background Thread 3 ] DEBUG Engine               - actualWidth: 800.0
19:49:16.708 [FXGL Background Thread 3 ] DEBUG Engine               - actualWidthProperty: ReadOnlyDoubleProperty [value: 800.0]
19:49:16.708 [FXGL Background Thread 3 ] DEBUG Engine               - appIcon: fxgl_icon.png
19:49:16.708 [FXGL Background Thread 3 ] DEBUG Engine               - applicationMode: DEVELOPER
19:49:16.708 [FXGL Background Thread 3 ] DEBUG Engine               - cSSList: [fxgl_dark.css]
19:49:16.708 [FXGL Background Thread 3 ] DEBUG Engine               - collisionDetectionStrategy: BRUTE_FORCE
19:49:16.708 [FXGL Background Thread 3 ] DEBUG Engine               - configClass: Optional.empty
19:49:16.708 [FXGL Background Thread 3 ] DEBUG Engine               - credits: []
19:49:16.709 [FXGL Background Thread 3 ] DEBUG Engine               - defaultCursor: CursorInfo(imageName=fxgl_default_cursor.png, hotspotX=7.0, hotspotY=6.0)
19:49:16.709 [FXGL Background Thread 3 ] DEBUG Engine               - devBBoxColorProperty: ObjectProperty [value: 0xff0000ff]
19:49:16.709 [FXGL Background Thread 3 ] DEBUG Engine               - devEnableDebugCameraProperty: BooleanProperty [value: false]
19:49:16.709 [FXGL Background Thread 3 ] DEBUG Engine               - devSensorColorProperty: ObjectProperty [value: 0xffff00ff]
19:49:16.709 [FXGL Background Thread 3 ] DEBUG Engine               - devShowBBoxProperty: BooleanProperty [value: false]
19:49:16.709 [FXGL Background Thread 3 ] DEBUG Engine               - devShowPositionProperty: BooleanProperty [value: false]
19:49:16.709 [FXGL Background Thread 3 ] DEBUG Engine               - enabledMenuItems: []
19:49:16.709 [FXGL Background Thread 3 ] DEBUG Engine               - engineServices: [class com.almasb.fxgl.app.services.FXGLAssetLoaderService, class com.almasb.fxgl.app.FXGLApplication$GameApplicationService, class com.almasb.fxgl.app.services.FXGLDialogService, class com.almasb.fxgl.app.services.IOTaskExecutorService, class com.almasb.fxgl.io.FileSystemService, class com.almasb.fxgl.localization.LocalizationService, class com.almasb.fxgl.app.services.SystemBundleService, class com.almasb.fxgl.profile.SaveLoadService, class com.almasb.fxgl.ui.FXGLUIFactoryServiceProvider, class com.almasb.fxgl.ui.FXGLDialogFactoryServiceProvider, class com.almasb.fxgl.audio.AudioPlayer, class com.almasb.fxgl.notification.impl.NotificationServiceProvider, class com.almasb.fxgl.achievement.AchievementService, class com.almasb.fxgl.cutscene.CutsceneService, class com.almasb.fxgl.minigames.MiniGameService, class com.almasb.fxgl.net.NetService, class com.almasb.fxgl.app.services.UpdaterService, class com.almasb.fxgl.dev.DevService]
19:49:16.709 [FXGL Background Thread 3 ] DEBUG Engine               - fontGame: Abel-Regular.ttf
19:49:16.709 [FXGL Background Thread 3 ] DEBUG Engine               - fontMono: TerminalLandMono-Regular.otf
19:49:16.709 [FXGL Background Thread 3 ] DEBUG Engine               - fontSizeScaleUI: 1.0
19:49:16.709 [FXGL Background Thread 3 ] DEBUG Engine               - fontText: Courier-Prime.ttf
19:49:16.709 [FXGL Background Thread 3 ] DEBUG Engine               - fontUI: VarelaRound-Regular.ttf
19:49:16.709 [FXGL Background Thread 3 ] DEBUG Engine               - fullScreen: BooleanProperty [value: false]
19:49:16.709 [FXGL Background Thread 3 ] DEBUG Engine               - gameDifficulty: MEDIUM
19:49:16.709 [FXGL Background Thread 3 ] DEBUG Engine               - gameDifficultyProperty: ObjectProperty [value: MEDIUM]
19:49:16.709 [FXGL Background Thread 3 ] DEBUG Engine               - globalMusicVolume: 0.5
19:49:16.709 [FXGL Background Thread 3 ] DEBUG Engine               - globalMusicVolumeProperty: DoubleProperty [value: 0.5]
19:49:16.709 [FXGL Background Thread 3 ] DEBUG Engine               - globalSoundVolume: 0.5
19:49:16.709 [FXGL Background Thread 3 ] DEBUG Engine               - globalSoundVolumeProperty: DoubleProperty [value: 0.5]
19:49:16.709 [FXGL Background Thread 3 ] DEBUG Engine               - height: 800
19:49:16.709 [FXGL Background Thread 3 ] DEBUG Engine               - is3D: false
19:49:16.709 [FXGL Background Thread 3 ] DEBUG Engine               - isAndroid: false
19:49:16.709 [FXGL Background Thread 3 ] DEBUG Engine               - isBrowser: false
19:49:16.709 [FXGL Background Thread 3 ] DEBUG Engine               - isClickFeedbackEnabled: false
19:49:16.709 [FXGL Background Thread 3 ] DEBUG Engine               - isCloseConfirmation: false
19:49:16.709 [FXGL Background Thread 3 ] DEBUG Engine               - isDesktop: true
19:49:16.709 [FXGL Background Thread 3 ] DEBUG Engine               - isDeveloperMenuEnabled: false
19:49:16.709 [FXGL Background Thread 3 ] DEBUG Engine               - isEmbedded: false
19:49:16.709 [FXGL Background Thread 3 ] DEBUG Engine               - isEntityPreloadEnabled: true
19:49:16.709 [FXGL Background Thread 3 ] DEBUG Engine               - isExperimentalTiledLargeMap: false
19:49:16.709 [FXGL Background Thread 3 ] DEBUG Engine               - isFileSystemWriteAllowed: true
19:49:16.709 [FXGL Background Thread 3 ] DEBUG Engine               - isFullScreenAllowed: false
19:49:16.709 [FXGL Background Thread 3 ] DEBUG Engine               - isFullScreenFromStart: false
19:49:16.709 [FXGL Background Thread 3 ] DEBUG Engine               - isGameMenuEnabled: true
19:49:16.709 [FXGL Background Thread 3 ] DEBUG Engine               - isIOS: false
19:49:16.709 [FXGL Background Thread 3 ] DEBUG Engine               - isIntroEnabled: false
19:49:16.709 [FXGL Background Thread 3 ] DEBUG Engine               - isLinux: false
19:49:16.709 [FXGL Background Thread 3 ] DEBUG Engine               - isMac: true
19:49:16.709 [FXGL Background Thread 3 ] DEBUG Engine               - isMainMenuEnabled: true
19:49:16.709 [FXGL Background Thread 3 ] DEBUG Engine               - isManualResizeEnabled: false
19:49:16.709 [FXGL Background Thread 3 ] DEBUG Engine               - isMobile: false
19:49:16.709 [FXGL Background Thread 3 ] DEBUG Engine               - isNative: false
19:49:16.709 [FXGL Background Thread 3 ] DEBUG Engine               - isPauseMusicWhenMinimized: true
19:49:16.709 [FXGL Background Thread 3 ] DEBUG Engine               - isPreserveResizeRatio: false
19:49:16.709 [FXGL Background Thread 3 ] DEBUG Engine               - isProfilingEnabled: false
19:49:16.709 [FXGL Background Thread 3 ] DEBUG Engine               - isScaleAffectedOnResize: true
19:49:16.709 [FXGL Background Thread 3 ] DEBUG Engine               - isSingleStep: false
19:49:16.709 [FXGL Background Thread 3 ] DEBUG Engine               - isUserProfileEnabled: false
19:49:16.709 [FXGL Background Thread 3 ] DEBUG Engine               - isWindows: false
19:49:16.709 [FXGL Background Thread 3 ] DEBUG Engine               - language: ObjectProperty [value: ENGLISH]
19:49:16.709 [FXGL Background Thread 3 ] DEBUG Engine               - menuKey: ESCAPE
19:49:16.709 [FXGL Background Thread 3 ] DEBUG Engine               - mouseSensitivity: 0.2
19:49:16.709 [FXGL Background Thread 3 ] DEBUG Engine               - notificationViewClass: class com.almasb.fxgl.notification.view.XboxNotificationView
19:49:16.709 [FXGL Background Thread 3 ] DEBUG Engine               - pixelsPerMeter: 50.0
19:49:16.709 [FXGL Background Thread 3 ] DEBUG Engine               - platform: MAC
19:49:16.709 [FXGL Background Thread 3 ] DEBUG Engine               - prefHeightProperty: ReadOnlyDoubleProperty [value: 800.0]
19:49:16.709 [FXGL Background Thread 3 ] DEBUG Engine               - prefWidthProperty: ReadOnlyDoubleProperty [value: 800.0]
19:49:16.709 [FXGL Background Thread 3 ] DEBUG Engine               - profileDir: profiles/
19:49:16.709 [FXGL Background Thread 3 ] DEBUG Engine               - profileName: StringProperty [value: DEFAULT]
19:49:16.709 [FXGL Background Thread 3 ] DEBUG Engine               - randomSeed: -1
19:49:16.709 [FXGL Background Thread 3 ] DEBUG Engine               - runtimeInfo: RuntimeInfo(platform=MAC, version=17.3, build=30.03.2023 11.49)
19:49:16.709 [FXGL Background Thread 3 ] DEBUG Engine               - saveFileExt: sav
19:49:16.709 [FXGL Background Thread 3 ] DEBUG Engine               - scaledHeightProp$fxgl: DoubleProperty [bound, value: 800.0]
19:49:16.710 [FXGL Background Thread 3 ] DEBUG Engine               - scaledWidthProp$fxgl: DoubleProperty [bound, value: 800.0]
19:49:16.710 [FXGL Background Thread 3 ] DEBUG Engine               - sceneFactory: com.almasb.fxgl.app.scene.SceneFactory@4e427982
19:49:16.710 [FXGL Background Thread 3 ] DEBUG Engine               - secondsIn24h: 60
19:49:16.710 [FXGL Background Thread 3 ] DEBUG Engine               - soundMenuBack: menu/back.wav
19:49:16.710 [FXGL Background Thread 3 ] DEBUG Engine               - soundMenuPress: menu/press.wav
19:49:16.710 [FXGL Background Thread 3 ] DEBUG Engine               - soundMenuSelect: menu/select.wav
19:49:16.710 [FXGL Background Thread 3 ] DEBUG Engine               - soundNotification: core/notification.wav
19:49:16.710 [FXGL Background Thread 3 ] DEBUG Engine               - stageStyle: DECORATED
19:49:16.710 [FXGL Background Thread 3 ] DEBUG Engine               - supportedLanguages: [ENGLISH, FRENCH, GERMAN, HUNGARIAN, RUSSIAN]
19:49:16.710 [FXGL Background Thread 3 ] DEBUG Engine               - ticksPerSecond: -1
19:49:16.710 [FXGL Background Thread 3 ] DEBUG Engine               - title: SpaceShooterGame
19:49:16.710 [FXGL Background Thread 3 ] DEBUG Engine               - urlGithub: https://github.com/AlmasB/FXGL
19:49:16.710 [FXGL Background Thread 3 ] DEBUG Engine               - urlLeaderboard: http://fxgl-top.herokuapp.com/
19:49:16.710 [FXGL Background Thread 3 ] DEBUG Engine               - urlPOM: https://raw.githubusercontent.com/AlmasB/FXGL/release/README.md
19:49:16.710 [FXGL Background Thread 3 ] DEBUG Engine               - userAppClass: class kh.edu.paragoniu.spaceshooter.SpaceShooter
19:49:16.710 [FXGL Background Thread 3 ] DEBUG Engine               - version: 1.0
19:49:16.710 [FXGL Background Thread 3 ] DEBUG Engine               - versionCheckDays: 7
19:49:16.710 [FXGL Background Thread 3 ] DEBUG Engine               - width: 800
19:49:16.710 [FXGL Background Thread 3 ] DEBUG Engine               - Logging services
19:49:16.710 [FXGL Background Thread 3 ] DEBUG Engine               - class com.almasb.fxgl.app.services.FXGLAssetLoaderService
19:49:16.710 [FXGL Background Thread 3 ] DEBUG Engine               - class com.almasb.fxgl.app.FXGLApplication$GameApplicationService
19:49:16.710 [FXGL Background Thread 3 ] DEBUG Engine               - class com.almasb.fxgl.app.services.FXGLDialogService
19:49:16.710 [FXGL Background Thread 3 ] DEBUG Engine               - class com.almasb.fxgl.app.services.IOTaskExecutorService
19:49:16.710 [FXGL Background Thread 3 ] DEBUG Engine               - class com.almasb.fxgl.io.FileSystemService
19:49:16.710 [FXGL Background Thread 3 ] DEBUG Engine               - class com.almasb.fxgl.localization.LocalizationService
19:49:16.710 [FXGL Background Thread 3 ] DEBUG Engine               - class com.almasb.fxgl.app.services.SystemBundleService
19:49:16.710 [FXGL Background Thread 3 ] DEBUG Engine               - class com.almasb.fxgl.profile.SaveLoadService
19:49:16.710 [FXGL Background Thread 3 ] DEBUG Engine               - class com.almasb.fxgl.ui.FXGLUIFactoryServiceProvider
19:49:16.710 [FXGL Background Thread 3 ] DEBUG Engine               - class com.almasb.fxgl.ui.FXGLDialogFactoryServiceProvider
19:49:16.710 [FXGL Background Thread 3 ] DEBUG Engine               - class com.almasb.fxgl.audio.AudioPlayer
19:49:16.710 [FXGL Background Thread 3 ] DEBUG Engine               - class com.almasb.fxgl.notification.impl.NotificationServiceProvider
19:49:16.710 [FXGL Background Thread 3 ] DEBUG Engine               - class com.almasb.fxgl.achievement.AchievementService
19:49:16.710 [FXGL Background Thread 3 ] DEBUG Engine               - class com.almasb.fxgl.cutscene.CutsceneService
19:49:16.710 [FXGL Background Thread 3 ] DEBUG Engine               - class com.almasb.fxgl.minigames.MiniGameService
19:49:16.710 [FXGL Background Thread 3 ] DEBUG Engine               - class com.almasb.fxgl.net.NetService
19:49:16.710 [FXGL Background Thread 3 ] DEBUG Engine               - class com.almasb.fxgl.app.services.UpdaterService
19:49:16.710 [FXGL Background Thread 3 ] DEBUG Engine               - class com.almasb.fxgl.dev.DevService
19:49:17.761 [JavaFX Application Thread] DEBUG Menu                 - fireNewGame()
19:49:17.762 [JavaFX Application Thread] DEBUG GameApplicationServi - Starting new game
19:49:17.763 [JavaFX Application Thread] DEBUG PrimaryStageWindow   - Pop state: FXGLDefaultMenu
19:49:17.763 [JavaFX Application Thread] DEBUG Input                - Clearing active input actions
19:49:17.763 [JavaFX Application Thread] DEBUG GameApplicationServi - Removing overlay from FXGLDefaultMenu and adding to FXGLMainMenuDummyScene
19:49:17.763 [JavaFX Application Thread] DEBUG PrimaryStageWindow   - FXGLMainMenuDummyScene <- FXGLDefaultMenu
19:49:17.763 [JavaFX Application Thread] DEBUG Input                - Clearing active input actions
19:49:17.766 [JavaFX Application Thread] DEBUG GameApplicationServi - Removing overlay from FXGLMainMenuDummyScene and adding to FXGLLoadingScene
19:49:17.767 [JavaFX Application Thread] DEBUG PrimaryStageWindow   - FXGLMainMenuDummyScene -> FXGLLoadingScene
19:49:17.767 [JavaFX Application Thread] DEBUG GameApplicationServi - Clearing previous game
19:49:17.767 [JavaFX Application Thread] DEBUG GameScene            - Clearing game scene
19:49:17.767 [JavaFX Application Thread] DEBUG GameWorld            - Clearing game world
19:49:17.767 [JavaFX Application Thread] DEBUG PhysicsWorld         - Clearing physics world
19:49:17.778 [FXGL Background Thread 2 ] DEBUG FXGLApplication      - Initializing game
19:49:18.006 [FXGL Background Thread 2 ] INFO  FXGLApplication      - Game initialization took: 0.227 sec
19:49:18.006 [JavaFX Application Thread] DEBUG Input                - Clearing active input actions
19:49:18.008 [JavaFX Application Thread] DEBUG GameApplicationServi - Removing overlay from FXGLLoadingScene and adding to GameScene
19:49:18.008 [JavaFX Application Thread] DEBUG PrimaryStageWindow   - FXGLLoadingScene -> GameScene
19:49:53.561 [JavaFX Application Thread] DEBUG PrimaryStageWindow   - Push state: DialogSubScene
19:49:53.562 [JavaFX Application Thread] DEBUG Input                - Clearing active input actions
19:49:53.564 [JavaFX Application Thread] DEBUG GameApplicationServi - Removing overlay from GameScene and adding to DialogSubScene
19:49:53.564 [JavaFX Application Thread] DEBUG PrimaryStageWindow   - GameScene -> DialogSubScene
19:50:04.702 [JavaFX Application Thread] DEBUG PrimaryStageWindow   - Pop state: DialogSubScene
19:50:04.702 [JavaFX Application Thread] DEBUG Input                - Clearing active input actions
19:50:04.703 [JavaFX Application Thread] DEBUG GameApplicationServi - Removing overlay from DialogSubScene and adding to GameScene
19:50:04.703 [JavaFX Application Thread] DEBUG PrimaryStageWindow   - GameScene <- DialogSubScene
19:50:04.708 [JavaFX Application Thread] DEBUG PrimaryStageWindow   - Push state: DialogSubScene
19:50:04.708 [JavaFX Application Thread] DEBUG Input                - Clearing active input actions
19:50:04.708 [JavaFX Application Thread] DEBUG GameApplicationServi - Removing overlay from GameScene and adding to DialogSubScene
19:50:04.708 [JavaFX Application Thread] DEBUG PrimaryStageWindow   - GameScene -> DialogSubScene
19:50:04.709 [JavaFX Application Thread] DEBUG PrimaryStageWindow   - Pop state: DialogSubScene
19:50:04.709 [JavaFX Application Thread] DEBUG Input                - Clearing active input actions
19:50:04.709 [JavaFX Application Thread] DEBUG GameApplicationServi - Removing overlay from DialogSubScene and adding to GameScene
19:50:04.709 [JavaFX Application Thread] DEBUG PrimaryStageWindow   - GameScene <- DialogSubScene
19:50:04.709 [JavaFX Application Thread] DEBUG Input                - Clearing active input actions
19:50:04.714 [JavaFX Application Thread] DEBUG GameApplicationServi - Removing overlay from GameScene and adding to FXGLMainMenuDummyScene
19:50:04.715 [JavaFX Application Thread] DEBUG PrimaryStageWindow   - GameScene -> FXGLMainMenuDummyScene
19:50:04.715 [JavaFX Application Thread] DEBUG PrimaryStageWindow   - Push state: FXGLDefaultMenu
19:50:04.715 [JavaFX Application Thread] DEBUG Input                - Clearing active input actions
19:50:04.719 [JavaFX Application Thread] DEBUG GameApplicationServi - Removing overlay from FXGLMainMenuDummyScene and adding to FXGLDefaultMenu
19:50:04.719 [JavaFX Application Thread] DEBUG PrimaryStageWindow   - FXGLMainMenuDummyScene -> FXGLDefaultMenu
19:50:06.051 [JavaFX Application Thread] DEBUG Menu                 - fireNewGame()
19:50:06.051 [JavaFX Application Thread] DEBUG GameApplicationServi - Starting new game
19:50:06.052 [JavaFX Application Thread] DEBUG PrimaryStageWindow   - Pop state: FXGLDefaultMenu
19:50:06.052 [JavaFX Application Thread] DEBUG Input                - Clearing active input actions
19:50:06.052 [JavaFX Application Thread] DEBUG GameApplicationServi - Removing overlay from FXGLDefaultMenu and adding to FXGLMainMenuDummyScene
19:50:06.052 [JavaFX Application Thread] DEBUG PrimaryStageWindow   - FXGLMainMenuDummyScene <- FXGLDefaultMenu
19:50:06.052 [JavaFX Application Thread] DEBUG Input                - Clearing active input actions
19:50:06.054 [JavaFX Application Thread] DEBUG GameApplicationServi - Removing overlay from FXGLMainMenuDummyScene and adding to FXGLLoadingScene
19:50:06.054 [JavaFX Application Thread] DEBUG PrimaryStageWindow   - FXGLMainMenuDummyScene -> FXGLLoadingScene
19:50:06.054 [JavaFX Application Thread] DEBUG GameApplicationServi - Clearing previous game
19:50:06.054 [JavaFX Application Thread] DEBUG GameScene            - Clearing game scene
19:50:06.054 [JavaFX Application Thread] DEBUG GameWorld            - Clearing game world
19:50:06.055 [JavaFX Application Thread] DEBUG PhysicsWorld         - Clearing physics world
19:50:06.056 [FXGL Background Thread 2 ] DEBUG FXGLApplication      - Initializing game
19:50:06.151 [FXGL Background Thread 2 ] INFO  FXGLApplication      - Game initialization took: 0.095 sec
19:50:06.151 [JavaFX Application Thread] DEBUG Input                - Clearing active input actions
19:50:06.152 [JavaFX Application Thread] DEBUG GameApplicationServi - Removing overlay from FXGLLoadingScene and adding to GameScene
19:50:06.152 [JavaFX Application Thread] DEBUG PrimaryStageWindow   - FXGLLoadingScene -> GameScene
19:50:31.174 [JavaFX Application Thread] DEBUG PrimaryStageWindow   - Push state: DialogSubScene
19:50:31.174 [JavaFX Application Thread] DEBUG Input                - Clearing active input actions
19:50:31.176 [JavaFX Application Thread] DEBUG GameApplicationServi - Removing overlay from GameScene and adding to DialogSubScene
19:50:31.176 [JavaFX Application Thread] DEBUG PrimaryStageWindow   - GameScene -> DialogSubScene
19:50:33.427 [JavaFX Application Thread] DEBUG PrimaryStageWindow   - Pop state: DialogSubScene
19:50:33.427 [JavaFX Application Thread] DEBUG Input                - Clearing active input actions
19:50:33.428 [JavaFX Application Thread] DEBUG GameApplicationServi - Removing overlay from DialogSubScene and adding to GameScene
19:50:33.428 [JavaFX Application Thread] DEBUG PrimaryStageWindow   - GameScene <- DialogSubScene
19:50:33.429 [JavaFX Application Thread] DEBUG PrimaryStageWindow   - Push state: DialogSubScene
19:50:33.429 [JavaFX Application Thread] DEBUG Input                - Clearing active input actions
19:50:33.430 [JavaFX Application Thread] DEBUG GameApplicationServi - Removing overlay from GameScene and adding to DialogSubScene
19:50:33.430 [JavaFX Application Thread] DEBUG PrimaryStageWindow   - GameScene -> DialogSubScene
19:50:33.430 [JavaFX Application Thread] DEBUG PrimaryStageWindow   - Pop state: DialogSubScene
19:50:33.430 [JavaFX Application Thread] DEBUG Input                - Clearing active input actions
19:50:33.430 [JavaFX Application Thread] DEBUG GameApplicationServi - Removing overlay from DialogSubScene and adding to GameScene
19:50:33.430 [JavaFX Application Thread] DEBUG PrimaryStageWindow   - GameScene <- DialogSubScene
19:50:33.430 [JavaFX Application Thread] DEBUG Input                - Clearing active input actions
19:50:33.434 [JavaFX Application Thread] DEBUG GameApplicationServi - Removing overlay from GameScene and adding to FXGLMainMenuDummyScene
19:50:33.434 [JavaFX Application Thread] DEBUG PrimaryStageWindow   - GameScene -> FXGLMainMenuDummyScene
19:50:33.434 [JavaFX Application Thread] DEBUG PrimaryStageWindow   - Push state: FXGLDefaultMenu
19:50:33.434 [JavaFX Application Thread] DEBUG Input                - Clearing active input actions
19:50:33.436 [JavaFX Application Thread] DEBUG GameApplicationServi - Removing overlay from FXGLMainMenuDummyScene and adding to FXGLDefaultMenu
19:50:33.436 [JavaFX Application Thread] DEBUG PrimaryStageWindow   - FXGLMainMenuDummyScene -> FXGLDefaultMenu
19:50:34.856 [JavaFX Application Thread] DEBUG Menu                 - fireNewGame()
19:50:34.856 [JavaFX Application Thread] DEBUG GameApplicationServi - Starting new game
19:50:34.856 [JavaFX Application Thread] DEBUG PrimaryStageWindow   - Pop state: FXGLDefaultMenu
19:50:34.856 [JavaFX Application Thread] DEBUG Input                - Clearing active input actions
19:50:34.857 [JavaFX Application Thread] DEBUG GameApplicationServi - Removing overlay from FXGLDefaultMenu and adding to FXGLMainMenuDummyScene
19:50:34.857 [JavaFX Application Thread] DEBUG PrimaryStageWindow   - FXGLMainMenuDummyScene <- FXGLDefaultMenu
19:50:34.857 [JavaFX Application Thread] DEBUG Input                - Clearing active input actions
19:50:34.858 [JavaFX Application Thread] DEBUG GameApplicationServi - Removing overlay from FXGLMainMenuDummyScene and adding to FXGLLoadingScene
19:50:34.858 [JavaFX Application Thread] DEBUG PrimaryStageWindow   - FXGLMainMenuDummyScene -> FXGLLoadingScene
19:50:34.858 [JavaFX Application Thread] DEBUG GameApplicationServi - Clearing previous game
19:50:34.858 [JavaFX Application Thread] DEBUG GameScene            - Clearing game scene
19:50:34.858 [JavaFX Application Thread] DEBUG GameWorld            - Clearing game world
19:50:34.859 [JavaFX Application Thread] DEBUG PhysicsWorld         - Clearing physics world
19:50:34.859 [FXGL Background Thread 2 ] DEBUG FXGLApplication      - Initializing game
19:50:34.982 [FXGL Background Thread 2 ] INFO  FXGLApplication      - Game initialization took: 0.123 sec
19:50:34.983 [JavaFX Application Thread] DEBUG Input                - Clearing active input actions
19:50:34.984 [JavaFX Application Thread] DEBUG GameApplicationServi - Removing overlay from FXGLLoadingScene and adding to GameScene
19:50:34.984 [JavaFX Application Thread] DEBUG PrimaryStageWindow   - FXGLLoadingScene -> GameScene
19:51:12.906 [JavaFX Application Thread] DEBUG FXGLApplication      - Exiting FXGL
19:51:12.906 [JavaFX Application Thread] DEBUG LoopRunner           - Stopping loop
19:51:12.906 [JavaFX Application Thread] DEBUG SystemBundleService  - Saving FXGL system data
19:51:12.909 [JavaFX Application Thread] DEBUG FileSystemAccess     - Writing to: /Users/fyfaris/New/system/fxgl.bundle
19:51:12.910 [JavaFX Application Thread] DEBUG Async                - Shutting down background threads
19:51:12.910 [JavaFX Application Thread] DEBUG PrimaryStageWindow   - Closing main window
19:51:12.914 [JavaFX Application Thread] DEBUG Logger               - Closing Logger
