21:13:38.890 [main                     ] DEBUG Logger               - Configured Logger
21:13:38.893 [main                     ] DEBUG GameApplication      - Logging settings
Title: SpaceShooterGame
Version: 1.0
Width: 800
Height: 800
Fullscreen: false
Intro: false
Profiling: false
Single step:false
App Mode: DEVELOPER
Menu Key: ESCAPE
Stage Style: DECORATED
Scene Factory: class com.almasb.fxgl.app.scene.SceneFactory

21:13:39.051 [JavaFX Application Thread] DEBUG FXGLApplication      - Initializing FXGL
21:13:39.052 [JavaFX Application Thread] INFO  Engine               - FXGL-17.3 (30.03.2023 11.49) on MAC (J:25.0.2 FX:21.0.6)
21:13:39.052 [JavaFX Application Thread] DEBUG Engine               - JRE Vendor Name: Oracle Corporation
21:13:39.052 [JavaFX Application Thread] DEBUG Engine               - Running on OS: Mac OS X version 15.7.3
21:13:39.052 [JavaFX Application Thread] DEBUG Engine               - Architecture: aarch64
21:13:39.053 [JavaFX Application Thread] INFO  Engine               - Source code and latest versions at: https://github.com/AlmasB/FXGL
21:13:39.053 [JavaFX Application Thread] INFO  Engine               -       Ask questions and discuss at: https://github.com/AlmasB/FXGL/discussions
21:13:39.053 [JavaFX Application Thread] INFO  Engine               -              Join the FXGL chat at: https://gitter.im/AlmasB/FXGL
21:13:39.084 [JavaFX Application Thread] DEBUG PrimaryStageWindow   - Creating a JavaFX scene
21:13:39.103 [JavaFX Application Thread] DEBUG PrimaryStageWindow   - Target settings size: 800.0 x 800.0
21:13:39.103 [JavaFX Application Thread] DEBUG PrimaryStageWindow   - Scaled scene size:    800.0 x 800.0
21:13:39.103 [JavaFX Application Thread] DEBUG PrimaryStageWindow   - Scaled ratio: (1.0, 1.0)
21:13:39.103 [JavaFX Application Thread] DEBUG PrimaryStageWindow   - Set initial scene to FXGLStartupScene
21:13:39.104 [JavaFX Application Thread] DEBUG PrimaryStageWindow   - Opening main window
21:13:39.148 [JavaFX Application Thread] DEBUG PrimaryStageWindow   - Window border size: (0.0, 28.0)
21:13:39.149 [JavaFX Application Thread] DEBUG PrimaryStageWindow   - Scaled size: 800.0 x 800.0
21:13:39.149 [JavaFX Application Thread] DEBUG PrimaryStageWindow   - Scaled ratio: (1.0, 1.0)
21:13:39.149 [JavaFX Application Thread] DEBUG PrimaryStageWindow   - Scene size: 800.0 x 800.0
21:13:39.149 [JavaFX Application Thread] DEBUG PrimaryStageWindow   - Stage size: 800.0 x 828.0
21:13:39.151 [FXGL Background Thread 1 ] DEBUG Engine               - Initializing environment variables
21:13:39.172 [FXGL Background Thread 1 ] DEBUG FXGLAssetLoaderServi - User app class for loading assets: class kh.edu.paragoniu.spaceshooter.SpaceShooter
21:13:39.172 [FXGL Background Thread 1 ] DEBUG GameApplicationServi - Applying CSS: fxgl_dark.css
21:13:39.172 [FXGL Background Thread 1 ] DEBUG FXGLAssetLoaderServi - Loading from file system: jar:file:///Users/chengsenghab/.m2/repository/com/github/almasb/fxgl/17.3/fxgl-17.3.jar!/fxglassets/ui/css/fxgl_dark.css
21:13:39.189 [FXGL Background Thread 1 ] DEBUG GameApplicationServi - Initializing application scenes
21:13:39.303 [FXGL Background Thread 1 ] DEBUG GameWorld            - Game world initialized
21:13:39.322 [FXGL Background Thread 1 ] DEBUG PhysicsWorld         - Physics world initialized: appHeight=800, physics.ppm=50.0
21:13:39.322 [FXGL Background Thread 1 ] DEBUG PhysicsWorld         - Using strategy: BRUTE_FORCE
21:13:39.324 [FXGL Background Thread 1 ] DEBUG GameScene            - Game scene initialized: 800x800
21:13:39.328 [FXGL Background Thread 1 ] DEBUG FXGL.DefaultMenu     - createMenuBodyMainMenu()
21:13:39.334 [FXGL Background Thread 1 ] DEBUG FXGL.DefaultMenu     - createOptionsMenu()
21:13:39.337 [FXGL Background Thread 1 ] DEBUG FXGLAssetLoaderServi - Loading from file system: jar:file:///Users/chengsenghab/.m2/repository/com/github/almasb/fxgl/17.3/fxgl-17.3.jar!/fxglassets/textures/particles/smoke.png
21:13:39.368 [FXGL Background Thread 1 ] DEBUG FXGLAssetLoaderServi - Loading from file system: jar:file:///Users/chengsenghab/.m2/repository/com/github/almasb/fxgl/17.3/fxgl-17.3.jar!/fxglassets/textures/particles/trace_horizontal.png
21:13:39.379 [FXGL Background Thread 1 ] DEBUG FXGL.DefaultMenu     - createMenuBodyGameMenu()
21:13:39.379 [FXGL Background Thread 1 ] DEBUG FXGL.DefaultMenu     - createOptionsMenu()
21:13:39.384 [FXGL Background Thread 1 ] DEBUG GameApplicationServi - Application scenes initialized
21:13:39.387 [FXGL Background Thread 1 ] DEBUG SystemBundleService  - Loading FXGL system data
21:13:39.389 [FXGL Background Thread 1 ] DEBUG FileSystemAccess     - Reading from: /Users/chengsenghab/Desktop/SpaceShooter/system/fxgl.bundle
21:13:39.391 [FXGL Background Thread 1 ] DEBUG SystemBundleService  - Bundle FXGL: {}
21:13:39.391 [FXGL Background Thread 1 ] DEBUG UpdaterService       - Checking for updates
21:13:39.392 [FXGL Background Thread 4 ] DEBUG FXGLApplication      - Loading fonts
21:13:39.392 [FXGL Background Thread 4 ] DEBUG FXGLAssetLoaderServi - Loading from file system: jar:file:///Users/chengsenghab/.m2/repository/com/github/almasb/fxgl/17.3/fxgl-17.3.jar!/fxglassets/ui/fonts/VarelaRound-Regular.ttf
21:13:39.392 [FXGL Background Thread 1 ] DEBUG FXGLApplication      - Loading default localization
21:13:39.392 [FXGL Background Thread 1 ] DEBUG FXGLAssetLoaderServi - Loading from file system: jar:file:///Users/chengsenghab/.m2/repository/com/github/almasb/fxgl/17.3/fxgl-17.3.jar!/fxglassets/languages/english.lang
21:13:39.397 [FXGL Background Thread 4 ] DEBUG FXGLAssetLoaderServi - Loading from file system: jar:file:///Users/chengsenghab/.m2/repository/com/github/almasb/fxgl/17.3/fxgl-17.3.jar!/fxglassets/ui/fonts/Abel-Regular.ttf
21:13:39.398 [FXGL Background Thread 4 ] DEBUG FXGLAssetLoaderServi - Loading from file system: jar:file:///Users/chengsenghab/.m2/repository/com/github/almasb/fxgl/17.3/fxgl-17.3.jar!/fxglassets/ui/fonts/TerminalLandMono-Regular.otf
21:13:39.398 [FXGL Background Thread 1 ] INFO  FXGLApplication      - FXGL initialization took: 0.247 sec
21:13:39.399 [FXGL Background Thread 4 ] DEBUG FXGLAssetLoaderServi - Loading from file system: jar:file:///Users/chengsenghab/.m2/repository/com/github/almasb/fxgl/17.3/fxgl-17.3.jar!/fxglassets/ui/fonts/Courier-Prime.ttf
21:13:39.401 [JavaFX Application Thread] DEBUG Input                - Registered new binding: LEFT - A
21:13:39.401 [JavaFX Application Thread] DEBUG Input                - Registered new binding: RIGHT - D
21:13:39.401 [JavaFX Application Thread] DEBUG Input                - Registered new binding: Down - S
21:13:39.401 [JavaFX Application Thread] DEBUG Input                - Registered new binding: Up - W
21:13:39.401 [JavaFX Application Thread] DEBUG Input                - Registered new binding: Pause/Resume - Esc
21:13:39.401 [JavaFX Application Thread] DEBUG Input                - Registered new binding: Show Leaderboard - L
21:13:39.402 [JavaFX Application Thread] DEBUG FXGLAssetLoaderServi - Loading from file system: jar:file:///Users/chengsenghab/.m2/repository/com/github/almasb/fxgl/17.3/fxgl-17.3.jar!/fxglassets/textures/fxgl_icon.png
21:13:39.414 [JavaFX Application Thread] DEBUG FXGLAssetLoaderServi - Loading from file system: jar:file:///Users/chengsenghab/.m2/repository/com/github/almasb/fxgl/17.3/fxgl-17.3.jar!/fxglassets/textures/fxgl_default_cursor.png
21:13:39.415 [JavaFX Application Thread] DEBUG Input                - Registered new binding: Screenshot - CTRL+8
21:13:39.415 [JavaFX Application Thread] DEBUG Input                - Registered new binding: System info dump - CTRL+9
21:13:39.415 [JavaFX Application Thread] DEBUG Input                - Registered new binding: Restart - CTRL+R
21:13:39.415 [JavaFX Application Thread] DEBUG Input                - Registered new binding: Toggle Debug Camera - CTRL+7
21:13:39.416 [JavaFX Application Thread] DEBUG LoopRunner           - Starting loop
21:13:39.416 [JavaFX Application Thread] DEBUG LoopRunner           - Initializing JavaFX AnimationTimerLoop
21:13:39.416 [JavaFX Application Thread] DEBUG Input                - Clearing active input actions
21:13:39.419 [JavaFX Application Thread] DEBUG GameApplicationServi - Removing overlay from FXGLStartupScene and adding to FXGLMainMenuDummyScene
21:13:39.419 [JavaFX Application Thread] DEBUG PrimaryStageWindow   - FXGLStartupScene -> FXGLMainMenuDummyScene
21:13:39.419 [JavaFX Application Thread] DEBUG PrimaryStageWindow   - Push state: FXGLDefaultMenu
21:13:39.420 [JavaFX Application Thread] DEBUG Input                - Clearing active input actions
21:13:39.423 [JavaFX Application Thread] DEBUG GameApplicationServi - Removing overlay from FXGLMainMenuDummyScene and adding to FXGLDefaultMenu
21:13:39.424 [JavaFX Application Thread] DEBUG PrimaryStageWindow   - FXGLMainMenuDummyScene -> FXGLDefaultMenu
21:13:39.425 [JavaFX Application Thread] DEBUG FXGLApplication      - Registering font factories with UI factory
21:13:39.639 [FXGL Background Thread 2 ] INFO  UpdaterService       - Your current version:  17.3
21:13:39.639 [FXGL Background Thread 2 ] INFO  UpdaterService       - Latest stable version: 21.1
21:13:40.749 [JavaFX Application Thread] DEBUG Menu                 - fireNewGame()
21:13:40.749 [JavaFX Application Thread] DEBUG GameApplicationServi - Starting new game
21:13:40.750 [JavaFX Application Thread] DEBUG PrimaryStageWindow   - Pop state: FXGLDefaultMenu
21:13:40.750 [JavaFX Application Thread] DEBUG Input                - Clearing active input actions
21:13:40.750 [JavaFX Application Thread] DEBUG GameApplicationServi - Removing overlay from FXGLDefaultMenu and adding to FXGLMainMenuDummyScene
21:13:40.751 [JavaFX Application Thread] DEBUG PrimaryStageWindow   - FXGLMainMenuDummyScene <- FXGLDefaultMenu
21:13:40.751 [JavaFX Application Thread] DEBUG Input                - Clearing active input actions
21:13:40.754 [JavaFX Application Thread] DEBUG GameApplicationServi - Removing overlay from FXGLMainMenuDummyScene and adding to FXGLLoadingScene
21:13:40.755 [JavaFX Application Thread] DEBUG PrimaryStageWindow   - FXGLMainMenuDummyScene -> FXGLLoadingScene
21:13:40.755 [JavaFX Application Thread] DEBUG GameApplicationServi - Clearing previous game
21:13:40.755 [JavaFX Application Thread] DEBUG GameScene            - Clearing game scene
21:13:40.755 [JavaFX Application Thread] DEBUG GameWorld            - Clearing game world
21:13:40.755 [JavaFX Application Thread] DEBUG PhysicsWorld         - Clearing physics world
21:13:40.755 [FXGL Background Thread 2 ] DEBUG FXGLApplication      - Initializing game
21:13:40.915 [FXGL Background Thread 2 ] INFO  FXGLApplication      - Game initialization took: 0.159 sec
21:13:40.915 [JavaFX Application Thread] DEBUG Input                - Clearing active input actions
21:13:40.917 [JavaFX Application Thread] DEBUG GameApplicationServi - Removing overlay from FXGLLoadingScene and adding to GameScene
21:13:40.917 [JavaFX Application Thread] DEBUG PrimaryStageWindow   - FXGLLoadingScene -> GameScene
21:13:41.871 [JavaFX Application Thread] DEBUG LoopRunner           - Pausing loop
21:13:41.872 [JavaFX Application Thread] DEBUG PrimaryStageWindow   - Push state: FXGLDefaultMenu
21:13:41.872 [JavaFX Application Thread] DEBUG Input                - Clearing active input actions
21:13:41.873 [JavaFX Application Thread] DEBUG GameApplicationServi - Removing overlay from GameScene and adding to FXGLDefaultMenu
21:13:41.873 [JavaFX Application Thread] DEBUG PrimaryStageWindow   - GameScene -> FXGLDefaultMenu
21:13:42.396 [FXGL Background Thread 3 ] DEBUG Engine               - Logging environment variables
21:13:42.396 [FXGL Background Thread 3 ] DEBUG Engine               - achievements: []
21:13:42.396 [FXGL Background Thread 3 ] DEBUG Engine               - actualHeight: 800.0
21:13:42.396 [FXGL Background Thread 3 ] DEBUG Engine               - actualHeightProperty: ReadOnlyDoubleProperty [value: 800.0]
21:13:42.396 [FXGL Background Thread 3 ] DEBUG Engine               - actualWidth: 800.0
21:13:42.396 [FXGL Background Thread 3 ] DEBUG Engine               - actualWidthProperty: ReadOnlyDoubleProperty [value: 800.0]
21:13:42.397 [FXGL Background Thread 3 ] DEBUG Engine               - appIcon: fxgl_icon.png
21:13:42.397 [FXGL Background Thread 3 ] DEBUG Engine               - applicationMode: DEVELOPER
21:13:42.397 [FXGL Background Thread 3 ] DEBUG Engine               - cSSList: [fxgl_dark.css]
21:13:42.397 [FXGL Background Thread 3 ] DEBUG Engine               - collisionDetectionStrategy: BRUTE_FORCE
21:13:42.397 [FXGL Background Thread 3 ] DEBUG Engine               - configClass: Optional.empty
21:13:42.397 [FXGL Background Thread 3 ] DEBUG Engine               - credits: []
21:13:42.397 [FXGL Background Thread 3 ] DEBUG Engine               - defaultCursor: CursorInfo(imageName=fxgl_default_cursor.png, hotspotX=7.0, hotspotY=6.0)
21:13:42.397 [FXGL Background Thread 3 ] DEBUG Engine               - devBBoxColorProperty: ObjectProperty [value: 0xff0000ff]
21:13:42.397 [FXGL Background Thread 3 ] DEBUG Engine               - devEnableDebugCameraProperty: BooleanProperty [value: false]
21:13:42.397 [FXGL Background Thread 3 ] DEBUG Engine               - devSensorColorProperty: ObjectProperty [value: 0xffff00ff]
21:13:42.397 [FXGL Background Thread 3 ] DEBUG Engine               - devShowBBoxProperty: BooleanProperty [value: false]
21:13:42.397 [FXGL Background Thread 3 ] DEBUG Engine               - devShowPositionProperty: BooleanProperty [value: false]
21:13:42.397 [FXGL Background Thread 3 ] DEBUG Engine               - enabledMenuItems: []
21:13:42.397 [FXGL Background Thread 3 ] DEBUG Engine               - engineServices: [class com.almasb.fxgl.app.services.FXGLAssetLoaderService, class com.almasb.fxgl.app.FXGLApplication$GameApplicationService, class com.almasb.fxgl.app.services.FXGLDialogService, class com.almasb.fxgl.app.services.IOTaskExecutorService, class com.almasb.fxgl.io.FileSystemService, class com.almasb.fxgl.localization.LocalizationService, class com.almasb.fxgl.app.services.SystemBundleService, class com.almasb.fxgl.profile.SaveLoadService, class com.almasb.fxgl.ui.FXGLUIFactoryServiceProvider, class com.almasb.fxgl.ui.FXGLDialogFactoryServiceProvider, class com.almasb.fxgl.audio.AudioPlayer, class com.almasb.fxgl.notification.impl.NotificationServiceProvider, class com.almasb.fxgl.achievement.AchievementService, class com.almasb.fxgl.cutscene.CutsceneService, class com.almasb.fxgl.minigames.MiniGameService, class com.almasb.fxgl.net.NetService, class com.almasb.fxgl.app.services.UpdaterService, class com.almasb.fxgl.dev.DevService]
21:13:42.397 [FXGL Background Thread 3 ] DEBUG Engine               - fontGame: Abel-Regular.ttf
21:13:42.397 [FXGL Background Thread 3 ] DEBUG Engine               - fontMono: TerminalLandMono-Regular.otf
21:13:42.397 [FXGL Background Thread 3 ] DEBUG Engine               - fontSizeScaleUI: 1.0
21:13:42.397 [FXGL Background Thread 3 ] DEBUG Engine               - fontText: Courier-Prime.ttf
21:13:42.397 [FXGL Background Thread 3 ] DEBUG Engine               - fontUI: VarelaRound-Regular.ttf
21:13:42.397 [FXGL Background Thread 3 ] DEBUG Engine               - fullScreen: BooleanProperty [value: false]
21:13:42.397 [FXGL Background Thread 3 ] DEBUG Engine               - gameDifficulty: MEDIUM
21:13:42.397 [FXGL Background Thread 3 ] DEBUG Engine               - gameDifficultyProperty: ObjectProperty [value: MEDIUM]
21:13:42.397 [FXGL Background Thread 3 ] DEBUG Engine               - globalMusicVolume: 0.5
21:13:42.397 [FXGL Background Thread 3 ] DEBUG Engine               - globalMusicVolumeProperty: DoubleProperty [value: 0.5]
21:13:42.397 [FXGL Background Thread 3 ] DEBUG Engine               - globalSoundVolume: 0.5
21:13:42.397 [FXGL Background Thread 3 ] DEBUG Engine               - globalSoundVolumeProperty: DoubleProperty [value: 0.5]
21:13:42.398 [FXGL Background Thread 3 ] DEBUG Engine               - height: 800
21:13:42.398 [FXGL Background Thread 3 ] DEBUG Engine               - is3D: false
21:13:42.398 [FXGL Background Thread 3 ] DEBUG Engine               - isAndroid: false
21:13:42.398 [FXGL Background Thread 3 ] DEBUG Engine               - isBrowser: false
21:13:42.398 [FXGL Background Thread 3 ] DEBUG Engine               - isClickFeedbackEnabled: false
21:13:42.398 [FXGL Background Thread 3 ] DEBUG Engine               - isCloseConfirmation: false
21:13:42.398 [FXGL Background Thread 3 ] DEBUG Engine               - isDesktop: true
21:13:42.398 [FXGL Background Thread 3 ] DEBUG Engine               - isDeveloperMenuEnabled: false
21:13:42.398 [FXGL Background Thread 3 ] DEBUG Engine               - isEmbedded: false
21:13:42.398 [FXGL Background Thread 3 ] DEBUG Engine               - isEntityPreloadEnabled: true
21:13:42.398 [FXGL Background Thread 3 ] DEBUG Engine               - isExperimentalTiledLargeMap: false
21:13:42.398 [FXGL Background Thread 3 ] DEBUG Engine               - isFileSystemWriteAllowed: true
21:13:42.398 [FXGL Background Thread 3 ] DEBUG Engine               - isFullScreenAllowed: false
21:13:42.398 [FXGL Background Thread 3 ] DEBUG Engine               - isFullScreenFromStart: false
21:13:42.398 [FXGL Background Thread 3 ] DEBUG Engine               - isGameMenuEnabled: true
21:13:42.398 [FXGL Background Thread 3 ] DEBUG Engine               - isIOS: false
21:13:42.398 [FXGL Background Thread 3 ] DEBUG Engine               - isIntroEnabled: false
21:13:42.398 [FXGL Background Thread 3 ] DEBUG Engine               - isLinux: false
21:13:42.398 [FXGL Background Thread 3 ] DEBUG Engine               - isMac: true
21:13:42.398 [FXGL Background Thread 3 ] DEBUG Engine               - isMainMenuEnabled: true
21:13:42.398 [FXGL Background Thread 3 ] DEBUG Engine               - isManualResizeEnabled: false
21:13:42.398 [FXGL Background Thread 3 ] DEBUG Engine               - isMobile: false
21:13:42.398 [FXGL Background Thread 3 ] DEBUG Engine               - isNative: false
21:13:42.398 [FXGL Background Thread 3 ] DEBUG Engine               - isPauseMusicWhenMinimized: true
21:13:42.398 [FXGL Background Thread 3 ] DEBUG Engine               - isPreserveResizeRatio: false
21:13:42.398 [FXGL Background Thread 3 ] DEBUG Engine               - isProfilingEnabled: false
21:13:42.398 [FXGL Background Thread 3 ] DEBUG Engine               - isScaleAffectedOnResize: true
21:13:42.398 [FXGL Background Thread 3 ] DEBUG Engine               - isSingleStep: false
21:13:42.398 [FXGL Background Thread 3 ] DEBUG Engine               - isUserProfileEnabled: false
21:13:42.398 [FXGL Background Thread 3 ] DEBUG Engine               - isWindows: false
21:13:42.398 [FXGL Background Thread 3 ] DEBUG Engine               - language: ObjectProperty [value: ENGLISH]
21:13:42.398 [FXGL Background Thread 3 ] DEBUG Engine               - menuKey: ESCAPE
21:13:42.398 [FXGL Background Thread 3 ] DEBUG Engine               - mouseSensitivity: 0.2
21:13:42.398 [FXGL Background Thread 3 ] DEBUG Engine               - notificationViewClass: class com.almasb.fxgl.notification.view.XboxNotificationView
21:13:42.398 [FXGL Background Thread 3 ] DEBUG Engine               - pixelsPerMeter: 50.0
21:13:42.398 [FXGL Background Thread 3 ] DEBUG Engine               - platform: MAC
21:13:42.398 [FXGL Background Thread 3 ] DEBUG Engine               - prefHeightProperty: ReadOnlyDoubleProperty [value: 800.0]
21:13:42.398 [FXGL Background Thread 3 ] DEBUG Engine               - prefWidthProperty: ReadOnlyDoubleProperty [value: 800.0]
21:13:42.398 [FXGL Background Thread 3 ] DEBUG Engine               - profileDir: profiles/
21:13:42.398 [FXGL Background Thread 3 ] DEBUG Engine               - profileName: StringProperty [value: DEFAULT]
21:13:42.399 [FXGL Background Thread 3 ] DEBUG Engine               - randomSeed: -1
21:13:42.399 [FXGL Background Thread 3 ] DEBUG Engine               - runtimeInfo: RuntimeInfo(platform=MAC, version=17.3, build=30.03.2023 11.49)
21:13:42.399 [FXGL Background Thread 3 ] DEBUG Engine               - saveFileExt: sav
21:13:42.399 [FXGL Background Thread 3 ] DEBUG Engine               - scaledHeightProp$fxgl: DoubleProperty [bound, value: 800.0]
21:13:42.399 [FXGL Background Thread 3 ] DEBUG Engine               - scaledWidthProp$fxgl: DoubleProperty [bound, value: 800.0]
21:13:42.399 [FXGL Background Thread 3 ] DEBUG Engine               - sceneFactory: com.almasb.fxgl.app.scene.SceneFactory@5e7f3fc6
21:13:42.399 [FXGL Background Thread 3 ] DEBUG Engine               - secondsIn24h: 60
21:13:42.399 [FXGL Background Thread 3 ] DEBUG Engine               - soundMenuBack: menu/back.wav
21:13:42.399 [FXGL Background Thread 3 ] DEBUG Engine               - soundMenuPress: menu/press.wav
21:13:42.399 [FXGL Background Thread 3 ] DEBUG Engine               - soundMenuSelect: menu/select.wav
21:13:42.399 [FXGL Background Thread 3 ] DEBUG Engine               - soundNotification: core/notification.wav
21:13:42.399 [FXGL Background Thread 3 ] DEBUG Engine               - stageStyle: DECORATED
21:13:42.399 [FXGL Background Thread 3 ] DEBUG Engine               - supportedLanguages: [ENGLISH, FRENCH, GERMAN, HUNGARIAN, RUSSIAN]
21:13:42.399 [FXGL Background Thread 3 ] DEBUG Engine               - ticksPerSecond: -1
21:13:42.399 [FXGL Background Thread 3 ] DEBUG Engine               - title: SpaceShooterGame
21:13:42.399 [FXGL Background Thread 3 ] DEBUG Engine               - urlGithub: https://github.com/AlmasB/FXGL
21:13:42.399 [FXGL Background Thread 3 ] DEBUG Engine               - urlLeaderboard: http://fxgl-top.herokuapp.com/
21:13:42.399 [FXGL Background Thread 3 ] DEBUG Engine               - urlPOM: https://raw.githubusercontent.com/AlmasB/FXGL/release/README.md
21:13:42.399 [FXGL Background Thread 3 ] DEBUG Engine               - userAppClass: class kh.edu.paragoniu.spaceshooter.SpaceShooter
21:13:42.399 [FXGL Background Thread 3 ] DEBUG Engine               - version: 1.0
21:13:42.399 [FXGL Background Thread 3 ] DEBUG Engine               - versionCheckDays: 7
21:13:42.399 [FXGL Background Thread 3 ] DEBUG Engine               - width: 800
21:13:42.399 [FXGL Background Thread 3 ] DEBUG Engine               - Logging services
21:13:42.399 [FXGL Background Thread 3 ] DEBUG Engine               - class com.almasb.fxgl.app.services.FXGLAssetLoaderService
21:13:42.399 [FXGL Background Thread 3 ] DEBUG Engine               - class com.almasb.fxgl.app.FXGLApplication$GameApplicationService
21:13:42.399 [FXGL Background Thread 3 ] DEBUG Engine               - class com.almasb.fxgl.app.services.FXGLDialogService
21:13:42.399 [FXGL Background Thread 3 ] DEBUG Engine               - class com.almasb.fxgl.app.services.IOTaskExecutorService
21:13:42.399 [FXGL Background Thread 3 ] DEBUG Engine               - class com.almasb.fxgl.io.FileSystemService
21:13:42.399 [FXGL Background Thread 3 ] DEBUG Engine               - class com.almasb.fxgl.localization.LocalizationService
21:13:42.399 [FXGL Background Thread 3 ] DEBUG Engine               - class com.almasb.fxgl.app.services.SystemBundleService
21:13:42.399 [FXGL Background Thread 3 ] DEBUG Engine               - class com.almasb.fxgl.profile.SaveLoadService
21:13:42.399 [FXGL Background Thread 3 ] DEBUG Engine               - class com.almasb.fxgl.ui.FXGLUIFactoryServiceProvider
21:13:42.399 [FXGL Background Thread 3 ] DEBUG Engine               - class com.almasb.fxgl.ui.FXGLDialogFactoryServiceProvider
21:13:42.399 [FXGL Background Thread 3 ] DEBUG Engine               - class com.almasb.fxgl.audio.AudioPlayer
21:13:42.399 [FXGL Background Thread 3 ] DEBUG Engine               - class com.almasb.fxgl.notification.impl.NotificationServiceProvider
21:13:42.399 [FXGL Background Thread 3 ] DEBUG Engine               - class com.almasb.fxgl.achievement.AchievementService
21:13:42.399 [FXGL Background Thread 3 ] DEBUG Engine               - class com.almasb.fxgl.cutscene.CutsceneService
21:13:42.399 [FXGL Background Thread 3 ] DEBUG Engine               - class com.almasb.fxgl.minigames.MiniGameService
21:13:42.399 [FXGL Background Thread 3 ] DEBUG Engine               - class com.almasb.fxgl.net.NetService
21:13:42.399 [FXGL Background Thread 3 ] DEBUG Engine               - class com.almasb.fxgl.app.services.UpdaterService
21:13:42.399 [FXGL Background Thread 3 ] DEBUG Engine               - class com.almasb.fxgl.dev.DevService
21:13:42.542 [JavaFX Application Thread] DEBUG PrimaryStageWindow   - Pop state: FXGLDefaultMenu
21:13:42.542 [JavaFX Application Thread] DEBUG Input                - Clearing active input actions
21:13:42.542 [JavaFX Application Thread] DEBUG GameApplicationServi - Removing overlay from FXGLDefaultMenu and adding to GameScene
21:13:42.542 [JavaFX Application Thread] DEBUG PrimaryStageWindow   - GameScene <- FXGLDefaultMenu
21:13:43.967 [JavaFX Application Thread] DEBUG LoopRunner           - Resuming loop
21:13:43.968 [JavaFX Application Thread] DEBUG PrimaryStageWindow   - Push state: FXGLDefaultMenu
21:13:43.968 [JavaFX Application Thread] DEBUG Input                - Clearing active input actions
21:13:43.969 [JavaFX Application Thread] DEBUG GameApplicationServi - Removing overlay from GameScene and adding to FXGLDefaultMenu
21:13:43.969 [JavaFX Application Thread] DEBUG PrimaryStageWindow   - GameScene -> FXGLDefaultMenu
21:13:44.569 [JavaFX Application Thread] DEBUG PrimaryStageWindow   - Pop state: FXGLDefaultMenu
21:13:44.569 [JavaFX Application Thread] DEBUG Input                - Clearing active input actions
21:13:44.569 [JavaFX Application Thread] DEBUG GameApplicationServi - Removing overlay from FXGLDefaultMenu and adding to GameScene
21:13:44.569 [JavaFX Application Thread] DEBUG PrimaryStageWindow   - GameScene <- FXGLDefaultMenu
21:13:45.131 [JavaFX Application Thread] DEBUG LoopRunner           - Pausing loop
21:13:45.131 [JavaFX Application Thread] DEBUG PrimaryStageWindow   - Push state: FXGLDefaultMenu
21:13:45.131 [JavaFX Application Thread] DEBUG Input                - Clearing active input actions
21:13:45.131 [JavaFX Application Thread] DEBUG GameApplicationServi - Removing overlay from GameScene and adding to FXGLDefaultMenu
21:13:45.131 [JavaFX Application Thread] DEBUG PrimaryStageWindow   - GameScene -> FXGLDefaultMenu
21:13:45.788 [JavaFX Application Thread] DEBUG PrimaryStageWindow   - Pop state: FXGLDefaultMenu
21:13:45.789 [JavaFX Application Thread] DEBUG Input                - Clearing active input actions
21:13:45.790 [JavaFX Application Thread] DEBUG GameApplicationServi - Removing overlay from FXGLDefaultMenu and adding to GameScene
21:13:45.790 [JavaFX Application Thread] DEBUG PrimaryStageWindow   - GameScene <- FXGLDefaultMenu
21:13:46.469 [JavaFX Application Thread] DEBUG LoopRunner           - Resuming loop
21:13:46.469 [JavaFX Application Thread] DEBUG PrimaryStageWindow   - Push state: FXGLDefaultMenu
21:13:46.470 [JavaFX Application Thread] DEBUG Input                - Clearing active input actions
21:13:46.471 [JavaFX Application Thread] DEBUG GameApplicationServi - Removing overlay from GameScene and adding to FXGLDefaultMenu
21:13:46.471 [JavaFX Application Thread] DEBUG PrimaryStageWindow   - GameScene -> FXGLDefaultMenu
21:13:47.880 [JavaFX Application Thread] DEBUG Menu                 - fireResume()
21:13:47.880 [JavaFX Application Thread] DEBUG PrimaryStageWindow   - Pop state: FXGLDefaultMenu
21:13:47.880 [JavaFX Application Thread] DEBUG Input                - Clearing active input actions
21:13:47.881 [JavaFX Application Thread] DEBUG GameApplicationServi - Removing overlay from FXGLDefaultMenu and adding to GameScene
21:13:47.881 [JavaFX Application Thread] DEBUG PrimaryStageWindow   - GameScene <- FXGLDefaultMenu
21:13:50.406 [JavaFX Application Thread] DEBUG LoopRunner           - Pausing loop
21:13:50.406 [JavaFX Application Thread] DEBUG PrimaryStageWindow   - Push state: FXGLDefaultMenu
21:13:50.406 [JavaFX Application Thread] DEBUG Input                - Clearing active input actions
21:13:50.406 [JavaFX Application Thread] DEBUG GameApplicationServi - Removing overlay from GameScene and adding to FXGLDefaultMenu
21:13:50.406 [JavaFX Application Thread] DEBUG PrimaryStageWindow   - GameScene -> FXGLDefaultMenu
21:13:51.121 [JavaFX Application Thread] DEBUG PrimaryStageWindow   - Pop state: FXGLDefaultMenu
21:13:51.121 [JavaFX Application Thread] DEBUG Input                - Clearing active input actions
21:13:51.121 [JavaFX Application Thread] DEBUG GameApplicationServi - Removing overlay from FXGLDefaultMenu and adding to GameScene
21:13:51.122 [JavaFX Application Thread] DEBUG PrimaryStageWindow   - GameScene <- FXGLDefaultMenu
21:13:52.130 [JavaFX Application Thread] DEBUG LoopRunner           - Resuming loop
21:13:52.130 [JavaFX Application Thread] DEBUG PrimaryStageWindow   - Push state: FXGLDefaultMenu
21:13:52.130 [JavaFX Application Thread] DEBUG Input                - Clearing active input actions
21:13:52.132 [JavaFX Application Thread] DEBUG GameApplicationServi - Removing overlay from GameScene and adding to FXGLDefaultMenu
21:13:52.132 [JavaFX Application Thread] DEBUG PrimaryStageWindow   - GameScene -> FXGLDefaultMenu
21:13:53.714 [JavaFX Application Thread] DEBUG PrimaryStageWindow   - Pop state: FXGLDefaultMenu
21:13:53.714 [JavaFX Application Thread] DEBUG Input                - Clearing active input actions
21:13:53.715 [JavaFX Application Thread] DEBUG GameApplicationServi - Removing overlay from FXGLDefaultMenu and adding to GameScene
21:13:53.715 [JavaFX Application Thread] DEBUG PrimaryStageWindow   - GameScene <- FXGLDefaultMenu
21:13:54.131 [JavaFX Application Thread] DEBUG LoopRunner           - Pausing loop
21:13:54.131 [JavaFX Application Thread] DEBUG PrimaryStageWindow   - Push state: FXGLDefaultMenu
21:13:54.132 [JavaFX Application Thread] DEBUG Input                - Clearing active input actions
21:13:54.133 [JavaFX Application Thread] DEBUG GameApplicationServi - Removing overlay from GameScene and adding to FXGLDefaultMenu
21:13:54.134 [JavaFX Application Thread] DEBUG PrimaryStageWindow   - GameScene -> FXGLDefaultMenu
21:13:54.540 [JavaFX Application Thread] DEBUG PrimaryStageWindow   - Pop state: FXGLDefaultMenu
21:13:54.540 [JavaFX Application Thread] DEBUG Input                - Clearing active input actions
21:13:54.540 [JavaFX Application Thread] DEBUG GameApplicationServi - Removing overlay from FXGLDefaultMenu and adding to GameScene
21:13:54.540 [JavaFX Application Thread] DEBUG PrimaryStageWindow   - GameScene <- FXGLDefaultMenu
21:13:55.047 [JavaFX Application Thread] DEBUG LoopRunner           - Resuming loop
21:13:55.047 [JavaFX Application Thread] DEBUG PrimaryStageWindow   - Push state: FXGLDefaultMenu
21:13:55.047 [JavaFX Application Thread] DEBUG Input                - Clearing active input actions
21:13:55.049 [JavaFX Application Thread] DEBUG GameApplicationServi - Removing overlay from GameScene and adding to FXGLDefaultMenu
21:13:55.049 [JavaFX Application Thread] DEBUG PrimaryStageWindow   - GameScene -> FXGLDefaultMenu
21:13:56.388 [JavaFX Application Thread] DEBUG PrimaryStageWindow   - Pop state: FXGLDefaultMenu
21:13:56.388 [JavaFX Application Thread] DEBUG Input                - Clearing active input actions
21:13:56.389 [JavaFX Application Thread] DEBUG GameApplicationServi - Removing overlay from FXGLDefaultMenu and adding to GameScene
21:13:56.389 [JavaFX Application Thread] DEBUG PrimaryStageWindow   - GameScene <- FXGLDefaultMenu
21:13:56.792 [JavaFX Application Thread] DEBUG LoopRunner           - Pausing loop
21:13:56.792 [JavaFX Application Thread] DEBUG PrimaryStageWindow   - Push state: FXGLDefaultMenu
21:13:56.792 [JavaFX Application Thread] DEBUG Input                - Clearing active input actions
21:13:56.794 [JavaFX Application Thread] DEBUG GameApplicationServi - Removing overlay from GameScene and adding to FXGLDefaultMenu
21:13:56.794 [JavaFX Application Thread] DEBUG PrimaryStageWindow   - GameScene -> FXGLDefaultMenu
21:13:57.319 [JavaFX Application Thread] DEBUG PrimaryStageWindow   - Pop state: FXGLDefaultMenu
21:13:57.319 [JavaFX Application Thread] DEBUG Input                - Clearing active input actions
21:13:57.320 [JavaFX Application Thread] DEBUG GameApplicationServi - Removing overlay from FXGLDefaultMenu and adding to GameScene
21:13:57.320 [JavaFX Application Thread] DEBUG PrimaryStageWindow   - GameScene <- FXGLDefaultMenu
21:13:58.239 [JavaFX Application Thread] DEBUG LoopRunner           - Resuming loop
21:13:58.240 [JavaFX Application Thread] DEBUG PrimaryStageWindow   - Push state: FXGLDefaultMenu
21:13:58.240 [JavaFX Application Thread] DEBUG Input                - Clearing active input actions
21:13:58.241 [JavaFX Application Thread] DEBUG GameApplicationServi - Removing overlay from GameScene and adding to FXGLDefaultMenu
21:13:58.242 [JavaFX Application Thread] DEBUG PrimaryStageWindow   - GameScene -> FXGLDefaultMenu
21:14:02.228 [JavaFX Application Thread] DEBUG Menu                 - fireResume()
21:14:02.228 [JavaFX Application Thread] DEBUG PrimaryStageWindow   - Pop state: FXGLDefaultMenu
21:14:02.228 [JavaFX Application Thread] DEBUG Input                - Clearing active input actions
21:14:02.228 [JavaFX Application Thread] DEBUG GameApplicationServi - Removing overlay from FXGLDefaultMenu and adding to GameScene
21:14:02.228 [JavaFX Application Thread] DEBUG PrimaryStageWindow   - GameScene <- FXGLDefaultMenu
21:14:25.314 [JavaFX Application Thread] DEBUG PrimaryStageWindow   - Push state: DialogSubScene
21:14:25.314 [JavaFX Application Thread] DEBUG Input                - Clearing active input actions
21:14:25.315 [JavaFX Application Thread] DEBUG GameApplicationServi - Removing overlay from GameScene and adding to DialogSubScene
21:14:25.315 [JavaFX Application Thread] DEBUG PrimaryStageWindow   - GameScene -> DialogSubScene
21:14:28.209 [JavaFX Application Thread] DEBUG PrimaryStageWindow   - Pop state: DialogSubScene
21:14:28.209 [JavaFX Application Thread] DEBUG Input                - Clearing active input actions
21:14:28.210 [JavaFX Application Thread] DEBUG GameApplicationServi - Removing overlay from DialogSubScene and adding to GameScene
21:14:28.211 [JavaFX Application Thread] DEBUG PrimaryStageWindow   - GameScene <- DialogSubScene
21:14:28.217 [JavaFX Application Thread] DEBUG PrimaryStageWindow   - Push state: DialogSubScene
21:14:28.217 [JavaFX Application Thread] DEBUG Input                - Clearing active input actions
21:14:28.217 [JavaFX Application Thread] DEBUG GameApplicationServi - Removing overlay from GameScene and adding to DialogSubScene
21:14:28.217 [JavaFX Application Thread] DEBUG PrimaryStageWindow   - GameScene -> DialogSubScene
21:14:28.218 [JavaFX Application Thread] DEBUG PrimaryStageWindow   - Pop state: DialogSubScene
21:14:28.218 [JavaFX Application Thread] DEBUG Input                - Clearing active input actions
21:14:28.218 [JavaFX Application Thread] DEBUG GameApplicationServi - Removing overlay from DialogSubScene and adding to GameScene
21:14:28.218 [JavaFX Application Thread] DEBUG PrimaryStageWindow   - GameScene <- DialogSubScene
21:14:28.218 [JavaFX Application Thread] DEBUG Input                - Clearing active input actions
21:14:28.222 [JavaFX Application Thread] DEBUG GameApplicationServi - Removing overlay from GameScene and adding to FXGLMainMenuDummyScene
21:14:28.222 [JavaFX Application Thread] DEBUG PrimaryStageWindow   - GameScene -> FXGLMainMenuDummyScene
21:14:28.222 [JavaFX Application Thread] DEBUG PrimaryStageWindow   - Push state: FXGLDefaultMenu
21:14:28.222 [JavaFX Application Thread] DEBUG Input                - Clearing active input actions
21:14:28.224 [JavaFX Application Thread] DEBUG GameApplicationServi - Removing overlay from FXGLMainMenuDummyScene and adding to FXGLDefaultMenu
21:14:28.224 [JavaFX Application Thread] DEBUG PrimaryStageWindow   - FXGLMainMenuDummyScene -> FXGLDefaultMenu
21:14:29.106 [JavaFX Application Thread] DEBUG Menu                 - fireNewGame()
21:14:29.106 [JavaFX Application Thread] DEBUG GameApplicationServi - Starting new game
21:14:29.106 [JavaFX Application Thread] DEBUG PrimaryStageWindow   - Pop state: FXGLDefaultMenu
21:14:29.106 [JavaFX Application Thread] DEBUG Input                - Clearing active input actions
21:14:29.107 [JavaFX Application Thread] DEBUG GameApplicationServi - Removing overlay from FXGLDefaultMenu and adding to FXGLMainMenuDummyScene
21:14:29.107 [JavaFX Application Thread] DEBUG PrimaryStageWindow   - FXGLMainMenuDummyScene <- FXGLDefaultMenu
21:14:29.107 [JavaFX Application Thread] DEBUG Input                - Clearing active input actions
21:14:29.109 [JavaFX Application Thread] DEBUG GameApplicationServi - Removing overlay from FXGLMainMenuDummyScene and adding to FXGLLoadingScene
21:14:29.109 [JavaFX Application Thread] DEBUG PrimaryStageWindow   - FXGLMainMenuDummyScene -> FXGLLoadingScene
21:14:29.109 [JavaFX Application Thread] DEBUG GameApplicationServi - Clearing previous game
21:14:29.109 [JavaFX Application Thread] DEBUG GameScene            - Clearing game scene
21:14:29.109 [JavaFX Application Thread] DEBUG GameWorld            - Clearing game world
21:14:29.109 [JavaFX Application Thread] DEBUG PhysicsWorld         - Clearing physics world
21:14:29.110 [FXGL Background Thread 2 ] DEBUG FXGLApplication      - Initializing game
21:14:29.194 [FXGL Background Thread 2 ] INFO  FXGLApplication      - Game initialization took: 0.084 sec
21:14:29.194 [JavaFX Application Thread] DEBUG Input                - Clearing active input actions
21:14:29.195 [JavaFX Application Thread] DEBUG GameApplicationServi - Removing overlay from FXGLLoadingScene and adding to GameScene
21:14:29.195 [JavaFX Application Thread] DEBUG PrimaryStageWindow   - FXGLLoadingScene -> GameScene
21:14:29.908 [JavaFX Application Thread] DEBUG LoopRunner           - Pausing loop
21:14:29.909 [JavaFX Application Thread] DEBUG PrimaryStageWindow   - Push state: FXGLDefaultMenu
21:14:29.909 [JavaFX Application Thread] DEBUG Input                - Clearing active input actions
21:14:29.910 [JavaFX Application Thread] DEBUG GameApplicationServi - Removing overlay from GameScene and adding to FXGLDefaultMenu
21:14:29.910 [JavaFX Application Thread] DEBUG PrimaryStageWindow   - GameScene -> FXGLDefaultMenu
21:14:30.416 [JavaFX Application Thread] DEBUG PrimaryStageWindow   - Pop state: FXGLDefaultMenu
21:14:30.416 [JavaFX Application Thread] DEBUG Input                - Clearing active input actions
21:14:30.417 [JavaFX Application Thread] DEBUG GameApplicationServi - Removing overlay from FXGLDefaultMenu and adding to GameScene
21:14:30.417 [JavaFX Application Thread] DEBUG PrimaryStageWindow   - GameScene <- FXGLDefaultMenu
21:14:31.455 [JavaFX Application Thread] DEBUG LoopRunner           - Resuming loop
21:14:31.455 [JavaFX Application Thread] DEBUG PrimaryStageWindow   - Push state: FXGLDefaultMenu
21:14:31.455 [JavaFX Application Thread] DEBUG Input                - Clearing active input actions
21:14:31.457 [JavaFX Application Thread] DEBUG GameApplicationServi - Removing overlay from GameScene and adding to FXGLDefaultMenu
21:14:31.457 [JavaFX Application Thread] DEBUG PrimaryStageWindow   - GameScene -> FXGLDefaultMenu
21:14:32.773 [JavaFX Application Thread] DEBUG PrimaryStageWindow   - Pop state: FXGLDefaultMenu
21:14:32.773 [JavaFX Application Thread] DEBUG Input                - Clearing active input actions
21:14:32.774 [JavaFX Application Thread] DEBUG GameApplicationServi - Removing overlay from FXGLDefaultMenu and adding to GameScene
21:14:32.774 [JavaFX Application Thread] DEBUG PrimaryStageWindow   - GameScene <- FXGLDefaultMenu
21:14:37.404 [JavaFX Application Thread] DEBUG LoopRunner           - Pausing loop
21:14:37.405 [JavaFX Application Thread] DEBUG PrimaryStageWindow   - Push state: FXGLDefaultMenu
21:14:37.405 [JavaFX Application Thread] DEBUG Input                - Clearing active input actions
21:14:37.405 [JavaFX Application Thread] DEBUG GameApplicationServi - Removing overlay from GameScene and adding to FXGLDefaultMenu
21:14:37.405 [JavaFX Application Thread] DEBUG PrimaryStageWindow   - GameScene -> FXGLDefaultMenu
21:14:38.411 [JavaFX Application Thread] DEBUG PrimaryStageWindow   - Pop state: FXGLDefaultMenu
21:14:38.411 [JavaFX Application Thread] DEBUG Input                - Clearing active input actions
21:14:38.411 [JavaFX Application Thread] DEBUG GameApplicationServi - Removing overlay from FXGLDefaultMenu and adding to GameScene
21:14:38.411 [JavaFX Application Thread] DEBUG PrimaryStageWindow   - GameScene <- FXGLDefaultMenu
21:14:39.533 [JavaFX Application Thread] DEBUG FXGLApplication      - Exiting FXGL
21:14:39.533 [JavaFX Application Thread] DEBUG LoopRunner           - Stopping loop
21:14:39.533 [JavaFX Application Thread] DEBUG SystemBundleService  - Saving FXGL system data
21:14:39.537 [JavaFX Application Thread] DEBUG FileSystemAccess     - Writing to: /Users/chengsenghab/Desktop/SpaceShooter/system/fxgl.bundle
21:14:39.539 [JavaFX Application Thread] DEBUG Async                - Shutting down background threads
21:14:39.539 [JavaFX Application Thread] DEBUG PrimaryStageWindow   - Closing main window
21:14:39.549 [JavaFX Application Thread] DEBUG Logger               - Closing Logger
