14:05:30.023 [main                     ] DEBUG Logger               - Configured Logger
14:05:30.032 [main                     ] DEBUG GameApplication      - Logging settings
Title: SpaceShooterGame
Version: 0.0
Width: 800
Height: 800
Fullscreen: false
Intro: false
Profiling: false
Single step:false
App Mode: DEVELOPER
Menu Key: ESCAPE
Stage Style: DECORATED
Scene Factory: class com.almasb.fxgl.app.scene.SceneFactory

14:05:30.458 [JavaFX Application Thread] DEBUG FXGLApplication      - Initializing FXGL
14:05:30.462 [JavaFX Application Thread] INFO  Engine               - FXGL-17.3 (30.03.2023 11.49) on WINDOWS (J:25.0.1 FX:21.0.6)
14:05:30.462 [JavaFX Application Thread] DEBUG Engine               - JRE Vendor Name: Oracle Corporation
14:05:30.462 [JavaFX Application Thread] DEBUG Engine               - Running on OS: Windows 11 version 10.0
14:05:30.462 [JavaFX Application Thread] DEBUG Engine               - Architecture: amd64
14:05:30.462 [JavaFX Application Thread] INFO  Engine               - Source code and latest versions at: https://github.com/AlmasB/FXGL
14:05:30.463 [JavaFX Application Thread] INFO  Engine               -       Ask questions and discuss at: https://github.com/AlmasB/FXGL/discussions
14:05:30.463 [JavaFX Application Thread] INFO  Engine               -              Join the FXGL chat at: https://gitter.im/AlmasB/FXGL
14:05:30.572 [JavaFX Application Thread] DEBUG PrimaryStageWindow   - Creating a JavaFX scene
14:05:30.627 [JavaFX Application Thread] DEBUG PrimaryStageWindow   - Target settings size: 800.0 x 800.0
14:05:30.627 [JavaFX Application Thread] DEBUG PrimaryStageWindow   - Scaled scene size:    800.0 x 800.0
14:05:30.627 [JavaFX Application Thread] DEBUG PrimaryStageWindow   - Scaled ratio: (1.0, 1.0)
14:05:30.628 [JavaFX Application Thread] DEBUG PrimaryStageWindow   - Set initial scene to FXGLStartupScene
14:05:30.632 [JavaFX Application Thread] DEBUG PrimaryStageWindow   - Opening main window
14:05:30.759 [JavaFX Application Thread] DEBUG PrimaryStageWindow   - Window border size: (14.66668701171875, 40.0)
14:05:30.759 [JavaFX Application Thread] DEBUG PrimaryStageWindow   - Scaled size: 800.0 x 800.0
14:05:30.759 [JavaFX Application Thread] DEBUG PrimaryStageWindow   - Scaled ratio: (1.0, 1.0)
14:05:30.760 [JavaFX Application Thread] DEBUG PrimaryStageWindow   - Scene size: 800.0 x 800.0
14:05:30.760 [JavaFX Application Thread] DEBUG PrimaryStageWindow   - Stage size: 814.6666870117188 x 840.0
14:05:30.770 [FXGL Background Thread 1 ] DEBUG Engine               - Initializing environment variables
14:05:30.843 [FXGL Background Thread 1 ] DEBUG FXGLAssetLoaderServi - User app class for loading assets: class kh.edu.paragoniu.spaceshooter.SpaceShooter
14:05:30.843 [FXGL Background Thread 1 ] DEBUG GameApplicationServi - Applying CSS: fxgl_dark.css
14:05:30.844 [FXGL Background Thread 1 ] DEBUG FXGLAssetLoaderServi - Loading from file system: jar:file:///C:/Users/USER/.m2/repository/com/github/almasb/fxgl/17.3/fxgl-17.3.jar!/fxglassets/ui/css/fxgl_dark.css
14:05:30.899 [FXGL Background Thread 1 ] DEBUG GameApplicationServi - Initializing application scenes
14:05:30.942 [FXGL Background Thread 1 ] DEBUG GameWorld            - Game world initialized
14:05:31.012 [FXGL Background Thread 1 ] DEBUG PhysicsWorld         - Physics world initialized: appHeight=800, physics.ppm=50.0
14:05:31.013 [FXGL Background Thread 1 ] DEBUG PhysicsWorld         - Using strategy: BRUTE_FORCE
14:05:31.017 [FXGL Background Thread 1 ] DEBUG GameScene            - Game scene initialized: 800x800
14:05:31.032 [FXGL Background Thread 1 ] DEBUG FXGL.DefaultMenu     - createMenuBodyGameMenu()
14:05:31.050 [FXGL Background Thread 1 ] DEBUG FXGL.DefaultMenu     - createOptionsMenu()
14:05:31.062 [FXGL Background Thread 1 ] DEBUG FXGLAssetLoaderServi - Loading from file system: jar:file:///C:/Users/USER/.m2/repository/com/github/almasb/fxgl/17.3/fxgl-17.3.jar!/fxglassets/textures/particles/smoke.png
14:05:31.161 [FXGL Background Thread 1 ] DEBUG FXGLAssetLoaderServi - Loading from file system: jar:file:///C:/Users/USER/.m2/repository/com/github/almasb/fxgl/17.3/fxgl-17.3.jar!/fxglassets/textures/particles/trace_horizontal.png
14:05:31.202 [FXGL Background Thread 1 ] DEBUG GameApplicationServi - Application scenes initialized
14:05:31.214 [FXGL Background Thread 1 ] DEBUG SystemBundleService  - Loading FXGL system data
14:05:31.218 [FXGL Background Thread 1 ] DEBUG FileSystemAccess     - Reading from: C:\Users\USER\IdeaProjects\SpaceShooter\system\fxgl.bundle
14:05:31.227 [FXGL Background Thread 1 ] DEBUG SystemBundleService  - Bundle FXGL: {}
14:05:31.227 [FXGL Background Thread 1 ] DEBUG UpdaterService       - Checking for updates
14:05:31.233 [FXGL Background Thread 4 ] DEBUG FXGLApplication      - Loading fonts
14:05:31.234 [FXGL Background Thread 1 ] DEBUG FXGLApplication      - Loading default localization
14:05:31.234 [FXGL Background Thread 4 ] DEBUG FXGLAssetLoaderServi - Loading from file system: jar:file:///C:/Users/USER/.m2/repository/com/github/almasb/fxgl/17.3/fxgl-17.3.jar!/fxglassets/ui/fonts/VarelaRound-Regular.ttf
14:05:31.234 [FXGL Background Thread 1 ] DEBUG FXGLAssetLoaderServi - Loading from file system: jar:file:///C:/Users/USER/.m2/repository/com/github/almasb/fxgl/17.3/fxgl-17.3.jar!/fxglassets/languages/english.lang
14:05:31.255 [FXGL Background Thread 1 ] INFO  FXGLApplication      - FXGL initialization took: 0.486 sec
14:05:31.272 [JavaFX Application Thread] DEBUG Input                - Registered new binding: LEFT - Left
14:05:31.273 [JavaFX Application Thread] DEBUG Input                - Registered new binding: RIGHT - Right
14:05:31.273 [JavaFX Application Thread] DEBUG Input                - Registered new binding: Single Shot - 1
14:05:31.273 [JavaFX Application Thread] DEBUG Input                - Registered new binding: Double Shot - 2
14:05:31.273 [JavaFX Application Thread] DEBUG Input                - Registered new binding: Triple Shot - 3
14:05:31.274 [JavaFX Application Thread] DEBUG FXGLAssetLoaderServi - Loading from file system: jar:file:///C:/Users/USER/.m2/repository/com/github/almasb/fxgl/17.3/fxgl-17.3.jar!/fxglassets/textures/fxgl_icon.png
14:05:31.288 [FXGL Background Thread 4 ] DEBUG FXGLAssetLoaderServi - Loading from file system: jar:file:///C:/Users/USER/.m2/repository/com/github/almasb/fxgl/17.3/fxgl-17.3.jar!/fxglassets/ui/fonts/Abel-Regular.ttf
14:05:31.293 [FXGL Background Thread 4 ] DEBUG FXGLAssetLoaderServi - Loading from file system: jar:file:///C:/Users/USER/.m2/repository/com/github/almasb/fxgl/17.3/fxgl-17.3.jar!/fxglassets/ui/fonts/TerminalLandMono-Regular.otf
14:05:31.299 [FXGL Background Thread 4 ] DEBUG FXGLAssetLoaderServi - Loading from file system: jar:file:///C:/Users/USER/.m2/repository/com/github/almasb/fxgl/17.3/fxgl-17.3.jar!/fxglassets/ui/fonts/Courier-Prime.ttf
14:05:31.301 [JavaFX Application Thread] DEBUG FXGLAssetLoaderServi - Loading from file system: jar:file:///C:/Users/USER/.m2/repository/com/github/almasb/fxgl/17.3/fxgl-17.3.jar!/fxglassets/textures/fxgl_default_cursor.png
14:05:31.305 [JavaFX Application Thread] DEBUG Input                - Registered new binding: Screenshot - CTRL+8
14:05:31.305 [JavaFX Application Thread] DEBUG Input                - Registered new binding: System info dump - CTRL+9
14:05:31.306 [JavaFX Application Thread] DEBUG Input                - Registered new binding: Restart - CTRL+R
14:05:31.307 [JavaFX Application Thread] DEBUG Input                - Registered new binding: Toggle Debug Camera - CTRL+7
14:05:31.309 [JavaFX Application Thread] DEBUG LoopRunner           - Starting loop
14:05:31.309 [JavaFX Application Thread] DEBUG LoopRunner           - Initializing JavaFX AnimationTimerLoop
14:05:31.310 [JavaFX Application Thread] DEBUG GameApplicationServi - Starting new game
14:05:31.311 [JavaFX Application Thread] DEBUG Input                - Clearing active input actions
14:05:31.331 [JavaFX Application Thread] DEBUG GameApplicationServi - Removing overlay from FXGLStartupScene and adding to FXGLLoadingScene
14:05:31.332 [JavaFX Application Thread] DEBUG PrimaryStageWindow   - FXGLStartupScene -> FXGLLoadingScene
14:05:31.332 [JavaFX Application Thread] DEBUG GameApplicationServi - Clearing previous game
14:05:31.332 [JavaFX Application Thread] DEBUG GameScene            - Clearing game scene
14:05:31.332 [JavaFX Application Thread] DEBUG GameWorld            - Clearing game world
14:05:31.332 [JavaFX Application Thread] DEBUG PhysicsWorld         - Clearing physics world
14:05:31.334 [FXGL Background Thread 4 ] DEBUG FXGLApplication      - Initializing game
14:05:31.336 [JavaFX Application Thread] DEBUG FXGLApplication      - Registering font factories with UI factory
14:05:31.404 [FXGL Background Thread 4 ] INFO  FXGLApplication      - Game initialization took: 0.070 sec
14:05:31.466 [JavaFX Application Thread] DEBUG Input                - Clearing active input actions
14:05:31.477 [JavaFX Application Thread] DEBUG GameApplicationServi - Removing overlay from FXGLLoadingScene and adding to GameScene
14:05:31.478 [JavaFX Application Thread] DEBUG PrimaryStageWindow   - FXGLLoadingScene -> GameScene
14:05:32.991 [FXGL Background Thread 2 ] INFO  UpdaterService       - Your current version:  17.3
14:05:32.992 [FXGL Background Thread 2 ] INFO  UpdaterService       - Latest stable version: 21.1
14:05:33.003 [JavaFX Application Thread] DEBUG LoopRunner           - Stopping loop
14:05:33.005 [JavaFX Application Thread] FATAL FXGLApplication      - Uncaught Exception:
java.lang.IllegalArgumentException: No EntityFactory has a method annotated @Spawns(enemyBullet)
	at com.almasb.fxgl.entity@17.3/com.almasb.fxgl.entity.GameWorld.create(GameWorld.kt:413)
	at com.almasb.fxgl.entity@17.3/com.almasb.fxgl.entity.GameWorld.spawn(GameWorld.kt:396)
	at com.almasb.fxgl.entity@17.3/com.almasb.fxgl.entity.GameWorld.spawn(GameWorld.kt:384)
	at com.almasb.fxgl.all@17.3/com.almasb.fxgl.dsl.FXGL$Companion.spawn(FXGL.kt:557)
	at com.almasb.fxgl.all@17.3/com.almasb.fxgl.dsl.FXGL.spawn(FXGL.kt)
	at kh.edu.paragoniu.spaceshooter/kh.edu.paragoniu.spaceshooter.EnemyBulletComponent.shoot(EnemyBulletComponent.java:21)
	at kh.edu.paragoniu.spaceshooter/kh.edu.paragoniu.spaceshooter.EnemyBulletComponent.onUpdate(EnemyBulletComponent.java:15)
	at com.almasb.fxgl.entity@17.3/com.almasb.fxgl.entity.Entity$ComponentMap.update(Entity.java:60)
	at com.almasb.fxgl.entity@17.3/com.almasb.fxgl.entity.Entity.update(Entity.java:248)
	at com.almasb.fxgl.entity@17.3/com.almasb.fxgl.entity.GameWorld.onUpdate(GameWorld.kt:177)
	at com.almasb.fxgl.all@17.3/com.almasb.fxgl.app.scene.GameScene.step(GameScene.kt:228)
	at com.almasb.fxgl.all@17.3/com.almasb.fxgl.app.scene.GameScene.onUpdate(GameScene.kt:224)
	at com.almasb.fxgl.scene@17.3/com.almasb.fxgl.scene.Scene.update(Scene.kt:105)
	at com.almasb.fxgl.all@17.3/com.almasb.fxgl.app.MainWindow$update$1.invoke(MainWindow.kt:115)
	at com.almasb.fxgl.all@17.3/com.almasb.fxgl.app.MainWindow$update$1.invoke(MainWindow.kt:115)
	at com.almasb.fxgl.core@17.3/com.almasb.fxgl.core.fsm.StateMachine.runOnActiveStates(StateMachine.kt:69)
	at com.almasb.fxgl.all@17.3/com.almasb.fxgl.app.MainWindow.update(MainWindow.kt:115)
	at com.almasb.fxgl.all@17.3/com.almasb.fxgl.app.FXGLApplication$GameApplicationService.onUpdate(FXGLApplication.kt:426)
	at com.almasb.fxgl.all@17.3/com.almasb.fxgl.app.Engine.loop(Engine.kt:134)
	at com.almasb.fxgl.all@17.3/com.almasb.fxgl.app.Engine.access$loop(Engine.kt:24)
	at com.almasb.fxgl.all@17.3/com.almasb.fxgl.app.Engine$loop$1.invoke(Engine.kt:28)
	at com.almasb.fxgl.all@17.3/com.almasb.fxgl.app.Engine$loop$1.invoke(Engine.kt:28)
	at com.almasb.fxgl.all@17.3/com.almasb.fxgl.app.LoopRunner.frame(LoopRunner.kt:103)
	at com.almasb.fxgl.all@17.3/com.almasb.fxgl.app.LoopRunner.access$frame(LoopRunner.kt:23)
	at com.almasb.fxgl.all@17.3/com.almasb.fxgl.app.LoopRunner$impl$2$1.onTick(LoopRunner.kt:57)
	at com.almasb.fxgl.all@17.3/com.almasb.fxgl.app.AnimationTimerLoop$timer$1.handle(LoopRunner.kt:137)
	at javafx.graphics@21.0.6/javafx.animation.AnimationTimer$AnimationTimerReceiver.lambda$handle$0(AnimationTimer.java:58)
	at java.base/java.security.AccessController.doPrivileged(AccessController.java:138)
	at javafx.graphics@21.0.6/javafx.animation.AnimationTimer$AnimationTimerReceiver.handle(AnimationTimer.java:57)
	at javafx.graphics@21.0.6/com.sun.scenario.animation.AbstractPrimaryTimer.timePulseImpl(AbstractPrimaryTimer.java:356)
	at javafx.graphics@21.0.6/com.sun.scenario.animation.AbstractPrimaryTimer$MainLoop.run(AbstractPrimaryTimer.java:266)
	at javafx.graphics@21.0.6/com.sun.javafx.tk.quantum.QuantumToolkit.pulse(QuantumToolkit.java:588)
	at javafx.graphics@21.0.6/com.sun.javafx.tk.quantum.QuantumToolkit.pulse(QuantumToolkit.java:572)
	at javafx.graphics@21.0.6/com.sun.javafx.tk.quantum.QuantumToolkit.pulseFromQueue(QuantumToolkit.java:565)
	at javafx.graphics@21.0.6/com.sun.javafx.tk.quantum.QuantumToolkit.lambda$runToolkit$11(QuantumToolkit.java:352)
	at javafx.graphics@21.0.6/com.sun.glass.ui.InvokeLaterDispatcher$Future.run(InvokeLaterDispatcher.java:95)
	at javafx.graphics@21.0.6/com.sun.glass.ui.win.WinApplication._runLoop(Native Method)
	at javafx.graphics@21.0.6/com.sun.glass.ui.win.WinApplication.lambda$runLoop$3(WinApplication.java:185)
	at java.base/java.lang.Thread.run(Thread.java:1474)

14:05:33.006 [JavaFX Application Thread] FATAL FXGLApplication      - Application will now exit
14:05:33.028 [JavaFX Application Thread] DEBUG PrimaryStageWindow   - Push state: ErrorSubScene
14:05:33.028 [JavaFX Application Thread] DEBUG Input                - Clearing active input actions
14:05:33.033 [JavaFX Application Thread] DEBUG GameApplicationServi - Removing overlay from GameScene and adding to ErrorSubScene
14:05:33.034 [JavaFX Application Thread] DEBUG PrimaryStageWindow   - GameScene -> ErrorSubScene
14:05:34.233 [FXGL Background Thread 3 ] DEBUG Engine               - Logging environment variables
14:05:34.234 [FXGL Background Thread 3 ] DEBUG Engine               - achievements: []
14:05:34.237 [FXGL Background Thread 3 ] DEBUG Engine               - actualHeight: 800.0
14:05:34.239 [FXGL Background Thread 3 ] DEBUG Engine               - actualHeightProperty: ReadOnlyDoubleProperty [value: 800.0]
14:05:34.239 [FXGL Background Thread 3 ] DEBUG Engine               - actualWidth: 800.0
14:05:34.240 [FXGL Background Thread 3 ] DEBUG Engine               - actualWidthProperty: ReadOnlyDoubleProperty [value: 800.0]
14:05:34.240 [FXGL Background Thread 3 ] DEBUG Engine               - appIcon: fxgl_icon.png
14:05:34.240 [FXGL Background Thread 3 ] DEBUG Engine               - applicationMode: DEVELOPER
14:05:34.240 [FXGL Background Thread 3 ] DEBUG Engine               - cSSList: [fxgl_dark.css]
14:05:34.240 [FXGL Background Thread 3 ] DEBUG Engine               - collisionDetectionStrategy: BRUTE_FORCE
14:05:34.240 [FXGL Background Thread 3 ] DEBUG Engine               - configClass: Optional.empty
14:05:34.240 [FXGL Background Thread 3 ] DEBUG Engine               - credits: []
14:05:34.241 [FXGL Background Thread 3 ] DEBUG Engine               - defaultCursor: CursorInfo(imageName=fxgl_default_cursor.png, hotspotX=7.0, hotspotY=6.0)
14:05:34.241 [FXGL Background Thread 3 ] DEBUG Engine               - devBBoxColorProperty: ObjectProperty [value: 0xff0000ff]
14:05:34.241 [FXGL Background Thread 3 ] DEBUG Engine               - devEnableDebugCameraProperty: BooleanProperty [value: false]
14:05:34.242 [FXGL Background Thread 3 ] DEBUG Engine               - devSensorColorProperty: ObjectProperty [value: 0xffff00ff]
14:05:34.242 [FXGL Background Thread 3 ] DEBUG Engine               - devShowBBoxProperty: BooleanProperty [value: false]
14:05:34.242 [FXGL Background Thread 3 ] DEBUG Engine               - devShowPositionProperty: BooleanProperty [value: false]
14:05:34.242 [FXGL Background Thread 3 ] DEBUG Engine               - enabledMenuItems: []
14:05:34.242 [FXGL Background Thread 3 ] DEBUG Engine               - engineServices: [class com.almasb.fxgl.app.services.FXGLAssetLoaderService, class com.almasb.fxgl.app.FXGLApplication$GameApplicationService, class com.almasb.fxgl.app.services.FXGLDialogService, class com.almasb.fxgl.app.services.IOTaskExecutorService, class com.almasb.fxgl.io.FileSystemService, class com.almasb.fxgl.localization.LocalizationService, class com.almasb.fxgl.app.services.SystemBundleService, class com.almasb.fxgl.profile.SaveLoadService, class com.almasb.fxgl.ui.FXGLUIFactoryServiceProvider, class com.almasb.fxgl.ui.FXGLDialogFactoryServiceProvider, class com.almasb.fxgl.audio.AudioPlayer, class com.almasb.fxgl.notification.impl.NotificationServiceProvider, class com.almasb.fxgl.achievement.AchievementService, class com.almasb.fxgl.cutscene.CutsceneService, class com.almasb.fxgl.minigames.MiniGameService, class com.almasb.fxgl.net.NetService, class com.almasb.fxgl.app.services.UpdaterService, class com.almasb.fxgl.dev.DevService]
14:05:34.242 [FXGL Background Thread 3 ] DEBUG Engine               - fontGame: Abel-Regular.ttf
14:05:34.242 [FXGL Background Thread 3 ] DEBUG Engine               - fontMono: TerminalLandMono-Regular.otf
14:05:34.242 [FXGL Background Thread 3 ] DEBUG Engine               - fontSizeScaleUI: 1.0
14:05:34.242 [FXGL Background Thread 3 ] DEBUG Engine               - fontText: Courier-Prime.ttf
14:05:34.242 [FXGL Background Thread 3 ] DEBUG Engine               - fontUI: VarelaRound-Regular.ttf
14:05:34.242 [FXGL Background Thread 3 ] DEBUG Engine               - fullScreen: BooleanProperty [value: false]
14:05:34.242 [FXGL Background Thread 3 ] DEBUG Engine               - gameDifficulty: MEDIUM
14:05:34.243 [FXGL Background Thread 3 ] DEBUG Engine               - gameDifficultyProperty: ObjectProperty [value: MEDIUM]
14:05:34.243 [FXGL Background Thread 3 ] DEBUG Engine               - globalMusicVolume: 0.5
14:05:34.243 [FXGL Background Thread 3 ] DEBUG Engine               - globalMusicVolumeProperty: DoubleProperty [value: 0.5]
14:05:34.243 [FXGL Background Thread 3 ] DEBUG Engine               - globalSoundVolume: 0.5
14:05:34.243 [FXGL Background Thread 3 ] DEBUG Engine               - globalSoundVolumeProperty: DoubleProperty [value: 0.5]
14:05:34.243 [FXGL Background Thread 3 ] DEBUG Engine               - height: 800
14:05:34.244 [FXGL Background Thread 3 ] DEBUG Engine               - is3D: false
14:05:34.244 [FXGL Background Thread 3 ] DEBUG Engine               - isAndroid: false
14:05:34.244 [FXGL Background Thread 3 ] DEBUG Engine               - isBrowser: false
14:05:34.244 [FXGL Background Thread 3 ] DEBUG Engine               - isClickFeedbackEnabled: false
14:05:34.244 [FXGL Background Thread 3 ] DEBUG Engine               - isCloseConfirmation: false
14:05:34.244 [FXGL Background Thread 3 ] DEBUG Engine               - isDesktop: true
14:05:34.244 [FXGL Background Thread 3 ] DEBUG Engine               - isDeveloperMenuEnabled: false
14:05:34.244 [FXGL Background Thread 3 ] DEBUG Engine               - isEmbedded: false
14:05:34.246 [FXGL Background Thread 3 ] DEBUG Engine               - isEntityPreloadEnabled: true
14:05:34.247 [FXGL Background Thread 3 ] DEBUG Engine               - isExperimentalTiledLargeMap: false
14:05:34.247 [FXGL Background Thread 3 ] DEBUG Engine               - isFileSystemWriteAllowed: true
14:05:34.248 [FXGL Background Thread 3 ] DEBUG Engine               - isFullScreenAllowed: false
14:05:34.248 [FXGL Background Thread 3 ] DEBUG Engine               - isFullScreenFromStart: false
14:05:34.248 [FXGL Background Thread 3 ] DEBUG Engine               - isGameMenuEnabled: true
14:05:34.248 [FXGL Background Thread 3 ] DEBUG Engine               - isIOS: false
14:05:34.249 [FXGL Background Thread 3 ] DEBUG Engine               - isIntroEnabled: false
14:05:34.249 [FXGL Background Thread 3 ] DEBUG Engine               - isLinux: false
14:05:34.249 [FXGL Background Thread 3 ] DEBUG Engine               - isMac: false
14:05:34.249 [FXGL Background Thread 3 ] DEBUG Engine               - isMainMenuEnabled: false
14:05:34.249 [FXGL Background Thread 3 ] DEBUG Engine               - isManualResizeEnabled: false
14:05:34.249 [FXGL Background Thread 3 ] DEBUG Engine               - isMobile: false
14:05:34.249 [FXGL Background Thread 3 ] DEBUG Engine               - isNative: false
14:05:34.249 [FXGL Background Thread 3 ] DEBUG Engine               - isPauseMusicWhenMinimized: true
14:05:34.249 [FXGL Background Thread 3 ] DEBUG Engine               - isPreserveResizeRatio: false
14:05:34.249 [FXGL Background Thread 3 ] DEBUG Engine               - isProfilingEnabled: false
14:05:34.249 [FXGL Background Thread 3 ] DEBUG Engine               - isScaleAffectedOnResize: true
14:05:34.249 [FXGL Background Thread 3 ] DEBUG Engine               - isSingleStep: false
14:05:34.250 [FXGL Background Thread 3 ] DEBUG Engine               - isUserProfileEnabled: false
14:05:34.250 [FXGL Background Thread 3 ] DEBUG Engine               - isWindows: true
14:05:34.250 [FXGL Background Thread 3 ] DEBUG Engine               - language: ObjectProperty [value: ENGLISH]
14:05:34.250 [FXGL Background Thread 3 ] DEBUG Engine               - menuKey: ESCAPE
14:05:34.250 [FXGL Background Thread 3 ] DEBUG Engine               - mouseSensitivity: 0.2
14:05:34.250 [FXGL Background Thread 3 ] DEBUG Engine               - notificationViewClass: class com.almasb.fxgl.notification.view.XboxNotificationView
14:05:34.250 [FXGL Background Thread 3 ] DEBUG Engine               - pixelsPerMeter: 50.0
14:05:34.250 [FXGL Background Thread 3 ] DEBUG Engine               - platform: WINDOWS
14:05:34.250 [FXGL Background Thread 3 ] DEBUG Engine               - prefHeightProperty: ReadOnlyDoubleProperty [value: 800.0]
14:05:34.250 [FXGL Background Thread 3 ] DEBUG Engine               - prefWidthProperty: ReadOnlyDoubleProperty [value: 800.0]
14:05:34.250 [FXGL Background Thread 3 ] DEBUG Engine               - profileDir: profiles/
14:05:34.250 [FXGL Background Thread 3 ] DEBUG Engine               - profileName: StringProperty [value: DEFAULT]
14:05:34.250 [FXGL Background Thread 3 ] DEBUG Engine               - randomSeed: -1
14:05:34.251 [FXGL Background Thread 3 ] DEBUG Engine               - runtimeInfo: RuntimeInfo(platform=WINDOWS, version=17.3, build=30.03.2023 11.49)
14:05:34.251 [FXGL Background Thread 3 ] DEBUG Engine               - saveFileExt: sav
14:05:34.251 [FXGL Background Thread 3 ] DEBUG Engine               - scaledHeightProp$fxgl: DoubleProperty [bound, value: 800.0]
14:05:34.251 [FXGL Background Thread 3 ] DEBUG Engine               - scaledWidthProp$fxgl: DoubleProperty [bound, value: 800.0]
14:05:34.251 [FXGL Background Thread 3 ] DEBUG Engine               - sceneFactory: com.almasb.fxgl.app.scene.SceneFactory@5183a9f4
14:05:34.251 [FXGL Background Thread 3 ] DEBUG Engine               - secondsIn24h: 60
14:05:34.251 [FXGL Background Thread 3 ] DEBUG Engine               - soundMenuBack: menu/back.wav
14:05:34.251 [FXGL Background Thread 3 ] DEBUG Engine               - soundMenuPress: menu/press.wav
14:05:34.251 [FXGL Background Thread 3 ] DEBUG Engine               - soundMenuSelect: menu/select.wav
14:05:34.251 [FXGL Background Thread 3 ] DEBUG Engine               - soundNotification: core/notification.wav
14:05:34.251 [FXGL Background Thread 3 ] DEBUG Engine               - stageStyle: DECORATED
14:05:34.251 [FXGL Background Thread 3 ] DEBUG Engine               - supportedLanguages: [ENGLISH, FRENCH, GERMAN, HUNGARIAN, RUSSIAN]
14:05:34.251 [FXGL Background Thread 3 ] DEBUG Engine               - ticksPerSecond: -1
14:05:34.251 [FXGL Background Thread 3 ] DEBUG Engine               - title: SpaceShooterGame
14:05:34.251 [FXGL Background Thread 3 ] DEBUG Engine               - urlGithub: https://github.com/AlmasB/FXGL
14:05:34.251 [FXGL Background Thread 3 ] DEBUG Engine               - urlLeaderboard: http://fxgl-top.herokuapp.com/
14:05:34.251 [FXGL Background Thread 3 ] DEBUG Engine               - urlPOM: https://raw.githubusercontent.com/AlmasB/FXGL/release/README.md
14:05:34.251 [FXGL Background Thread 3 ] DEBUG Engine               - userAppClass: class kh.edu.paragoniu.spaceshooter.SpaceShooter
14:05:34.251 [FXGL Background Thread 3 ] DEBUG Engine               - version: 0.0
14:05:34.251 [FXGL Background Thread 3 ] DEBUG Engine               - versionCheckDays: 7
14:05:34.251 [FXGL Background Thread 3 ] DEBUG Engine               - width: 800
14:05:34.251 [FXGL Background Thread 3 ] DEBUG Engine               - Logging services
14:05:34.251 [FXGL Background Thread 3 ] DEBUG Engine               - class com.almasb.fxgl.app.services.FXGLAssetLoaderService
14:05:34.251 [FXGL Background Thread 3 ] DEBUG Engine               - class com.almasb.fxgl.app.FXGLApplication$GameApplicationService
14:05:34.251 [FXGL Background Thread 3 ] DEBUG Engine               - class com.almasb.fxgl.app.services.FXGLDialogService
14:05:34.251 [FXGL Background Thread 3 ] DEBUG Engine               - class com.almasb.fxgl.app.services.IOTaskExecutorService
14:05:34.251 [FXGL Background Thread 3 ] DEBUG Engine               - class com.almasb.fxgl.io.FileSystemService
14:05:34.252 [FXGL Background Thread 3 ] DEBUG Engine               - class com.almasb.fxgl.localization.LocalizationService
14:05:34.252 [FXGL Background Thread 3 ] DEBUG Engine               - class com.almasb.fxgl.app.services.SystemBundleService
14:05:34.252 [FXGL Background Thread 3 ] DEBUG Engine               - class com.almasb.fxgl.profile.SaveLoadService
14:05:34.252 [FXGL Background Thread 3 ] DEBUG Engine               - class com.almasb.fxgl.ui.FXGLUIFactoryServiceProvider
14:05:34.252 [FXGL Background Thread 3 ] DEBUG Engine               - class com.almasb.fxgl.ui.FXGLDialogFactoryServiceProvider
14:05:34.252 [FXGL Background Thread 3 ] DEBUG Engine               - class com.almasb.fxgl.audio.AudioPlayer
14:05:34.252 [FXGL Background Thread 3 ] DEBUG Engine               - class com.almasb.fxgl.notification.impl.NotificationServiceProvider
14:05:34.252 [FXGL Background Thread 3 ] DEBUG Engine               - class com.almasb.fxgl.achievement.AchievementService
14:05:34.252 [FXGL Background Thread 3 ] DEBUG Engine               - class com.almasb.fxgl.cutscene.CutsceneService
14:05:34.252 [FXGL Background Thread 3 ] DEBUG Engine               - class com.almasb.fxgl.minigames.MiniGameService
14:05:34.252 [FXGL Background Thread 3 ] DEBUG Engine               - class com.almasb.fxgl.net.NetService
14:05:34.252 [FXGL Background Thread 3 ] DEBUG Engine               - class com.almasb.fxgl.app.services.UpdaterService
14:05:34.252 [FXGL Background Thread 3 ] DEBUG Engine               - class com.almasb.fxgl.dev.DevService
14:05:42.757 [JavaFX Application Thread] DEBUG FXGLApplication      - Exiting FXGL
14:05:42.757 [JavaFX Application Thread] DEBUG Async                - Shutting down background threads
14:05:42.758 [JavaFX Application Thread] DEBUG PrimaryStageWindow   - Closing main window
14:05:42.784 [JavaFX Application Thread] DEBUG Logger               - Closing Logger
