15:49:51.380 [main                     ] DEBUG Logger               - Configured Logger
15:49:51.385 [main                     ] DEBUG GameApplication      - Logging settings
Title: SpaceShooterGame
Version: 1.0
Width: 800
Height: 800
Fullscreen: false
Intro: false
Profiling: false
Single step:false
App Mode: DEVELOPER
Menu Key: ESCAPE
Stage Style: DECORATED
Scene Factory: class com.almasb.fxgl.app.scene.SceneFactory

15:49:51.575 [JavaFX Application Thread] DEBUG FXGLApplication      - Initializing FXGL
15:49:51.576 [JavaFX Application Thread] INFO  Engine               - FXGL-17.3 (30.03.2023 11.49) on MAC (J:25.0.2 FX:21.0.6)
15:49:51.577 [JavaFX Application Thread] DEBUG Engine               - JRE Vendor Name: Oracle Corporation
15:49:51.577 [JavaFX Application Thread] DEBUG Engine               - Running on OS: Mac OS X version 15.7.3
15:49:51.577 [JavaFX Application Thread] DEBUG Engine               - Architecture: aarch64
15:49:51.577 [JavaFX Application Thread] INFO  Engine               - Source code and latest versions at: https://github.com/AlmasB/FXGL
15:49:51.577 [JavaFX Application Thread] INFO  Engine               -       Ask questions and discuss at: https://github.com/AlmasB/FXGL/discussions
15:49:51.577 [JavaFX Application Thread] INFO  Engine               -              Join the FXGL chat at: https://gitter.im/AlmasB/FXGL
15:49:51.616 [JavaFX Application Thread] DEBUG PrimaryStageWindow   - Creating a JavaFX scene
15:49:51.643 [JavaFX Application Thread] DEBUG PrimaryStageWindow   - Target settings size: 800.0 x 800.0
15:49:51.643 [JavaFX Application Thread] DEBUG PrimaryStageWindow   - Scaled scene size:    800.0 x 800.0
15:49:51.643 [JavaFX Application Thread] DEBUG PrimaryStageWindow   - Scaled ratio: (1.0, 1.0)
15:49:51.644 [JavaFX Application Thread] DEBUG PrimaryStageWindow   - Set initial scene to FXGLStartupScene
15:49:51.645 [JavaFX Application Thread] DEBUG PrimaryStageWindow   - Opening main window
15:49:51.691 [JavaFX Application Thread] DEBUG PrimaryStageWindow   - Window border size: (0.0, 28.0)
15:49:51.691 [JavaFX Application Thread] DEBUG PrimaryStageWindow   - Scaled size: 800.0 x 800.0
15:49:51.691 [JavaFX Application Thread] DEBUG PrimaryStageWindow   - Scaled ratio: (1.0, 1.0)
15:49:51.691 [JavaFX Application Thread] DEBUG PrimaryStageWindow   - Scene size: 800.0 x 800.0
15:49:51.691 [JavaFX Application Thread] DEBUG PrimaryStageWindow   - Stage size: 800.0 x 828.0
15:49:51.693 [FXGL Background Thread 1 ] DEBUG Engine               - Initializing environment variables
15:49:51.707 [FXGL Background Thread 1 ] DEBUG FXGLAssetLoaderServi - User app class for loading assets: class kh.edu.paragoniu.spaceshooter.SpaceShooter
15:49:51.707 [FXGL Background Thread 1 ] DEBUG GameApplicationServi - Applying CSS: fxgl_dark.css
15:49:51.708 [FXGL Background Thread 1 ] DEBUG FXGLAssetLoaderServi - Loading from file system: jar:file:///Users/chengsenghab/.m2/repository/com/github/almasb/fxgl/17.3/fxgl-17.3.jar!/fxglassets/ui/css/fxgl_dark.css
15:49:51.724 [FXGL Background Thread 1 ] DEBUG GameApplicationServi - Initializing application scenes
15:49:51.832 [FXGL Background Thread 1 ] DEBUG GameWorld            - Game world initialized
15:49:51.848 [FXGL Background Thread 1 ] DEBUG PhysicsWorld         - Physics world initialized: appHeight=800, physics.ppm=50.0
15:49:51.848 [FXGL Background Thread 1 ] DEBUG PhysicsWorld         - Using strategy: BRUTE_FORCE
15:49:51.849 [FXGL Background Thread 1 ] DEBUG GameScene            - Game scene initialized: 800x800
15:49:51.853 [FXGL Background Thread 1 ] DEBUG FXGL.DefaultMenu     - createMenuBodyMainMenu()
15:49:51.858 [FXGL Background Thread 1 ] DEBUG FXGL.DefaultMenu     - createOptionsMenu()
15:49:51.862 [FXGL Background Thread 1 ] DEBUG FXGLAssetLoaderServi - Loading from file system: jar:file:///Users/chengsenghab/.m2/repository/com/github/almasb/fxgl/17.3/fxgl-17.3.jar!/fxglassets/textures/particles/smoke.png
15:49:51.892 [FXGL Background Thread 1 ] DEBUG FXGLAssetLoaderServi - Loading from file system: jar:file:///Users/chengsenghab/.m2/repository/com/github/almasb/fxgl/17.3/fxgl-17.3.jar!/fxglassets/textures/particles/trace_horizontal.png
15:49:51.903 [FXGL Background Thread 1 ] DEBUG FXGL.DefaultMenu     - createMenuBodyGameMenu()
15:49:51.903 [FXGL Background Thread 1 ] DEBUG FXGL.DefaultMenu     - createOptionsMenu()
15:49:51.908 [FXGL Background Thread 1 ] DEBUG GameApplicationServi - Application scenes initialized
15:49:51.912 [FXGL Background Thread 1 ] DEBUG SystemBundleService  - Loading FXGL system data
15:49:51.912 [FXGL Background Thread 1 ] DEBUG FileSystemAccess     - Reading from: /Users/chengsenghab/Desktop/SpaceShooter/system/fxgl.bundle
15:49:51.913 [FXGL Background Thread 1 ] DEBUG SystemBundleService  - Bundle FXGL: {}
15:49:51.913 [FXGL Background Thread 1 ] DEBUG UpdaterService       - Checking for updates
15:49:51.914 [FXGL Background Thread 4 ] DEBUG FXGLApplication      - Loading fonts
15:49:51.914 [FXGL Background Thread 4 ] DEBUG FXGLAssetLoaderServi - Loading from file system: jar:file:///Users/chengsenghab/.m2/repository/com/github/almasb/fxgl/17.3/fxgl-17.3.jar!/fxglassets/ui/fonts/VarelaRound-Regular.ttf
15:49:51.914 [FXGL Background Thread 1 ] DEBUG FXGLApplication      - Loading default localization
15:49:51.914 [FXGL Background Thread 1 ] DEBUG FXGLAssetLoaderServi - Loading from file system: jar:file:///Users/chengsenghab/.m2/repository/com/github/almasb/fxgl/17.3/fxgl-17.3.jar!/fxglassets/languages/english.lang
15:49:51.919 [FXGL Background Thread 4 ] DEBUG FXGLAssetLoaderServi - Loading from file system: jar:file:///Users/chengsenghab/.m2/repository/com/github/almasb/fxgl/17.3/fxgl-17.3.jar!/fxglassets/ui/fonts/Abel-Regular.ttf
15:49:51.920 [FXGL Background Thread 4 ] DEBUG FXGLAssetLoaderServi - Loading from file system: jar:file:///Users/chengsenghab/.m2/repository/com/github/almasb/fxgl/17.3/fxgl-17.3.jar!/fxglassets/ui/fonts/TerminalLandMono-Regular.otf
15:49:51.921 [FXGL Background Thread 4 ] DEBUG FXGLAssetLoaderServi - Loading from file system: jar:file:///Users/chengsenghab/.m2/repository/com/github/almasb/fxgl/17.3/fxgl-17.3.jar!/fxglassets/ui/fonts/Courier-Prime.ttf
15:49:51.921 [FXGL Background Thread 1 ] INFO  FXGLApplication      - FXGL initialization took: 0.228 sec
15:49:51.924 [JavaFX Application Thread] DEBUG Input                - Registered new binding: LEFT - A
15:49:51.924 [JavaFX Application Thread] DEBUG Input                - Registered new binding: RIGHT - D
15:49:51.924 [JavaFX Application Thread] DEBUG Input                - Registered new binding: Down - S
15:49:51.924 [JavaFX Application Thread] DEBUG Input                - Registered new binding: Up - W
15:49:51.924 [JavaFX Application Thread] DEBUG Input                - Registered new binding: Pause/Resume - Esc
15:49:51.924 [JavaFX Application Thread] DEBUG Input                - Registered new binding: Show Leaderboard - L
15:49:51.924 [JavaFX Application Thread] DEBUG FXGLAssetLoaderServi - Loading from file system: jar:file:///Users/chengsenghab/.m2/repository/com/github/almasb/fxgl/17.3/fxgl-17.3.jar!/fxglassets/textures/fxgl_icon.png
15:49:51.940 [JavaFX Application Thread] DEBUG FXGLAssetLoaderServi - Loading from file system: jar:file:///Users/chengsenghab/.m2/repository/com/github/almasb/fxgl/17.3/fxgl-17.3.jar!/fxglassets/textures/fxgl_default_cursor.png
15:49:51.941 [JavaFX Application Thread] DEBUG Input                - Registered new binding: Screenshot - CTRL+8
15:49:51.941 [JavaFX Application Thread] DEBUG Input                - Registered new binding: System info dump - CTRL+9
15:49:51.941 [JavaFX Application Thread] DEBUG Input                - Registered new binding: Restart - CTRL+R
15:49:51.941 [JavaFX Application Thread] DEBUG Input                - Registered new binding: Toggle Debug Camera - CTRL+7
15:49:51.941 [JavaFX Application Thread] DEBUG LoopRunner           - Starting loop
15:49:51.942 [JavaFX Application Thread] DEBUG LoopRunner           - Initializing JavaFX AnimationTimerLoop
15:49:51.942 [JavaFX Application Thread] DEBUG Input                - Clearing active input actions
15:49:51.945 [JavaFX Application Thread] DEBUG GameApplicationServi - Removing overlay from FXGLStartupScene and adding to FXGLMainMenuDummyScene
15:49:51.945 [JavaFX Application Thread] DEBUG PrimaryStageWindow   - FXGLStartupScene -> FXGLMainMenuDummyScene
15:49:51.945 [JavaFX Application Thread] DEBUG PrimaryStageWindow   - Push state: FXGLDefaultMenu
15:49:51.946 [JavaFX Application Thread] DEBUG Input                - Clearing active input actions
15:49:51.949 [JavaFX Application Thread] DEBUG GameApplicationServi - Removing overlay from FXGLMainMenuDummyScene and adding to FXGLDefaultMenu
15:49:51.949 [JavaFX Application Thread] DEBUG PrimaryStageWindow   - FXGLMainMenuDummyScene -> FXGLDefaultMenu
15:49:51.951 [JavaFX Application Thread] DEBUG FXGLApplication      - Registering font factories with UI factory
15:49:53.201 [JavaFX Application Thread] DEBUG Menu                 - fireNewGame()
15:49:53.201 [JavaFX Application Thread] DEBUG GameApplicationServi - Starting new game
15:49:53.202 [JavaFX Application Thread] DEBUG PrimaryStageWindow   - Pop state: FXGLDefaultMenu
15:49:53.202 [JavaFX Application Thread] DEBUG Input                - Clearing active input actions
15:49:53.202 [JavaFX Application Thread] DEBUG GameApplicationServi - Removing overlay from FXGLDefaultMenu and adding to FXGLMainMenuDummyScene
15:49:53.202 [JavaFX Application Thread] DEBUG PrimaryStageWindow   - FXGLMainMenuDummyScene <- FXGLDefaultMenu
15:49:53.203 [JavaFX Application Thread] DEBUG Input                - Clearing active input actions
15:49:53.205 [JavaFX Application Thread] DEBUG GameApplicationServi - Removing overlay from FXGLMainMenuDummyScene and adding to FXGLLoadingScene
15:49:53.205 [JavaFX Application Thread] DEBUG PrimaryStageWindow   - FXGLMainMenuDummyScene -> FXGLLoadingScene
15:49:53.205 [JavaFX Application Thread] DEBUG GameApplicationServi - Clearing previous game
15:49:53.205 [JavaFX Application Thread] DEBUG GameScene            - Clearing game scene
15:49:53.205 [JavaFX Application Thread] DEBUG GameWorld            - Clearing game world
15:49:53.205 [JavaFX Application Thread] DEBUG PhysicsWorld         - Clearing physics world
15:49:53.206 [FXGL Background Thread 4 ] DEBUG FXGLApplication      - Initializing game
15:49:53.372 [FXGL Background Thread 4 ] INFO  FXGLApplication      - Game initialization took: 0.166 sec
15:49:53.373 [JavaFX Application Thread] DEBUG Input                - Clearing active input actions
15:49:53.375 [JavaFX Application Thread] DEBUG GameApplicationServi - Removing overlay from FXGLLoadingScene and adding to GameScene
15:49:53.375 [JavaFX Application Thread] DEBUG PrimaryStageWindow   - FXGLLoadingScene -> GameScene
15:49:53.727 [FXGL Background Thread 2 ] INFO  UpdaterService       - Your current version:  17.3
15:49:53.727 [FXGL Background Thread 2 ] INFO  UpdaterService       - Latest stable version: 21.1
15:49:54.915 [FXGL Background Thread 3 ] DEBUG Engine               - Logging environment variables
15:49:54.916 [FXGL Background Thread 3 ] DEBUG Engine               - achievements: []
15:49:54.916 [FXGL Background Thread 3 ] DEBUG Engine               - actualHeight: 800.0
15:49:54.916 [FXGL Background Thread 3 ] DEBUG Engine               - actualHeightProperty: ReadOnlyDoubleProperty [value: 800.0]
15:49:54.916 [FXGL Background Thread 3 ] DEBUG Engine               - actualWidth: 800.0
15:49:54.916 [FXGL Background Thread 3 ] DEBUG Engine               - actualWidthProperty: ReadOnlyDoubleProperty [value: 800.0]
15:49:54.916 [FXGL Background Thread 3 ] DEBUG Engine               - appIcon: fxgl_icon.png
15:49:54.916 [FXGL Background Thread 3 ] DEBUG Engine               - applicationMode: DEVELOPER
15:49:54.916 [FXGL Background Thread 3 ] DEBUG Engine               - cSSList: [fxgl_dark.css]
15:49:54.916 [FXGL Background Thread 3 ] DEBUG Engine               - collisionDetectionStrategy: BRUTE_FORCE
15:49:54.916 [FXGL Background Thread 3 ] DEBUG Engine               - configClass: Optional.empty
15:49:54.916 [FXGL Background Thread 3 ] DEBUG Engine               - credits: []
15:49:54.917 [FXGL Background Thread 3 ] DEBUG Engine               - defaultCursor: CursorInfo(imageName=fxgl_default_cursor.png, hotspotX=7.0, hotspotY=6.0)
15:49:54.917 [FXGL Background Thread 3 ] DEBUG Engine               - devBBoxColorProperty: ObjectProperty [value: 0xff0000ff]
15:49:54.917 [FXGL Background Thread 3 ] DEBUG Engine               - devEnableDebugCameraProperty: BooleanProperty [value: false]
15:49:54.917 [FXGL Background Thread 3 ] DEBUG Engine               - devSensorColorProperty: ObjectProperty [value: 0xffff00ff]
15:49:54.917 [FXGL Background Thread 3 ] DEBUG Engine               - devShowBBoxProperty: BooleanProperty [value: false]
15:49:54.917 [FXGL Background Thread 3 ] DEBUG Engine               - devShowPositionProperty: BooleanProperty [value: false]
15:49:54.917 [FXGL Background Thread 3 ] DEBUG Engine               - enabledMenuItems: []
15:49:54.917 [FXGL Background Thread 3 ] DEBUG Engine               - engineServices: [class com.almasb.fxgl.app.services.FXGLAssetLoaderService, class com.almasb.fxgl.app.FXGLApplication$GameApplicationService, class com.almasb.fxgl.app.services.FXGLDialogService, class com.almasb.fxgl.app.services.IOTaskExecutorService, class com.almasb.fxgl.io.FileSystemService, class com.almasb.fxgl.localization.LocalizationService, class com.almasb.fxgl.app.services.SystemBundleService, class com.almasb.fxgl.profile.SaveLoadService, class com.almasb.fxgl.ui.FXGLUIFactoryServiceProvider, class com.almasb.fxgl.ui.FXGLDialogFactoryServiceProvider, class com.almasb.fxgl.audio.AudioPlayer, class com.almasb.fxgl.notification.impl.NotificationServiceProvider, class com.almasb.fxgl.achievement.AchievementService, class com.almasb.fxgl.cutscene.CutsceneService, class com.almasb.fxgl.minigames.MiniGameService, class com.almasb.fxgl.net.NetService, class com.almasb.fxgl.app.services.UpdaterService, class com.almasb.fxgl.dev.DevService]
15:49:54.917 [FXGL Background Thread 3 ] DEBUG Engine               - fontGame: Abel-Regular.ttf
15:49:54.917 [FXGL Background Thread 3 ] DEBUG Engine               - fontMono: TerminalLandMono-Regular.otf
15:49:54.917 [FXGL Background Thread 3 ] DEBUG Engine               - fontSizeScaleUI: 1.0
15:49:54.917 [FXGL Background Thread 3 ] DEBUG Engine               - fontText: Courier-Prime.ttf
15:49:54.917 [FXGL Background Thread 3 ] DEBUG Engine               - fontUI: VarelaRound-Regular.ttf
15:49:54.917 [FXGL Background Thread 3 ] DEBUG Engine               - fullScreen: BooleanProperty [value: false]
15:49:54.917 [FXGL Background Thread 3 ] DEBUG Engine               - gameDifficulty: MEDIUM
15:49:54.917 [FXGL Background Thread 3 ] DEBUG Engine               - gameDifficultyProperty: ObjectProperty [value: MEDIUM]
15:49:54.917 [FXGL Background Thread 3 ] DEBUG Engine               - globalMusicVolume: 0.5
15:49:54.917 [FXGL Background Thread 3 ] DEBUG Engine               - globalMusicVolumeProperty: DoubleProperty [value: 0.5]
15:49:54.917 [FXGL Background Thread 3 ] DEBUG Engine               - globalSoundVolume: 0.5
15:49:54.917 [FXGL Background Thread 3 ] DEBUG Engine               - globalSoundVolumeProperty: DoubleProperty [value: 0.5]
15:49:54.917 [FXGL Background Thread 3 ] DEBUG Engine               - height: 800
15:49:54.917 [FXGL Background Thread 3 ] DEBUG Engine               - is3D: false
15:49:54.918 [FXGL Background Thread 3 ] DEBUG Engine               - isAndroid: false
15:49:54.918 [FXGL Background Thread 3 ] DEBUG Engine               - isBrowser: false
15:49:54.918 [FXGL Background Thread 3 ] DEBUG Engine               - isClickFeedbackEnabled: false
15:49:54.918 [FXGL Background Thread 3 ] DEBUG Engine               - isCloseConfirmation: false
15:49:54.918 [FXGL Background Thread 3 ] DEBUG Engine               - isDesktop: true
15:49:54.918 [FXGL Background Thread 3 ] DEBUG Engine               - isDeveloperMenuEnabled: false
15:49:54.918 [FXGL Background Thread 3 ] DEBUG Engine               - isEmbedded: false
15:49:54.918 [FXGL Background Thread 3 ] DEBUG Engine               - isEntityPreloadEnabled: true
15:49:54.918 [FXGL Background Thread 3 ] DEBUG Engine               - isExperimentalTiledLargeMap: false
15:49:54.918 [FXGL Background Thread 3 ] DEBUG Engine               - isFileSystemWriteAllowed: true
15:49:54.918 [FXGL Background Thread 3 ] DEBUG Engine               - isFullScreenAllowed: false
15:49:54.918 [FXGL Background Thread 3 ] DEBUG Engine               - isFullScreenFromStart: false
15:49:54.918 [FXGL Background Thread 3 ] DEBUG Engine               - isGameMenuEnabled: true
15:49:54.918 [FXGL Background Thread 3 ] DEBUG Engine               - isIOS: false
15:49:54.918 [FXGL Background Thread 3 ] DEBUG Engine               - isIntroEnabled: false
15:49:54.918 [FXGL Background Thread 3 ] DEBUG Engine               - isLinux: false
15:49:54.918 [FXGL Background Thread 3 ] DEBUG Engine               - isMac: true
15:49:54.918 [FXGL Background Thread 3 ] DEBUG Engine               - isMainMenuEnabled: true
15:49:54.918 [FXGL Background Thread 3 ] DEBUG Engine               - isManualResizeEnabled: false
15:49:54.918 [FXGL Background Thread 3 ] DEBUG Engine               - isMobile: false
15:49:54.918 [FXGL Background Thread 3 ] DEBUG Engine               - isNative: false
15:49:54.918 [FXGL Background Thread 3 ] DEBUG Engine               - isPauseMusicWhenMinimized: true
15:49:54.918 [FXGL Background Thread 3 ] DEBUG Engine               - isPreserveResizeRatio: false
15:49:54.918 [FXGL Background Thread 3 ] DEBUG Engine               - isProfilingEnabled: false
15:49:54.918 [FXGL Background Thread 3 ] DEBUG Engine               - isScaleAffectedOnResize: true
15:49:54.918 [FXGL Background Thread 3 ] DEBUG Engine               - isSingleStep: false
15:49:54.918 [FXGL Background Thread 3 ] DEBUG Engine               - isUserProfileEnabled: false
15:49:54.918 [FXGL Background Thread 3 ] DEBUG Engine               - isWindows: false
15:49:54.918 [FXGL Background Thread 3 ] DEBUG Engine               - language: ObjectProperty [value: ENGLISH]
15:49:54.918 [FXGL Background Thread 3 ] DEBUG Engine               - menuKey: ESCAPE
15:49:54.918 [FXGL Background Thread 3 ] DEBUG Engine               - mouseSensitivity: 0.2
15:49:54.918 [FXGL Background Thread 3 ] DEBUG Engine               - notificationViewClass: class com.almasb.fxgl.notification.view.XboxNotificationView
15:49:54.918 [FXGL Background Thread 3 ] DEBUG Engine               - pixelsPerMeter: 50.0
15:49:54.918 [FXGL Background Thread 3 ] DEBUG Engine               - platform: MAC
15:49:54.918 [FXGL Background Thread 3 ] DEBUG Engine               - prefHeightProperty: ReadOnlyDoubleProperty [value: 800.0]
15:49:54.918 [FXGL Background Thread 3 ] DEBUG Engine               - prefWidthProperty: ReadOnlyDoubleProperty [value: 800.0]
15:49:54.918 [FXGL Background Thread 3 ] DEBUG Engine               - profileDir: profiles/
15:49:54.918 [FXGL Background Thread 3 ] DEBUG Engine               - profileName: StringProperty [value: DEFAULT]
15:49:54.918 [FXGL Background Thread 3 ] DEBUG Engine               - randomSeed: -1
15:49:54.919 [FXGL Background Thread 3 ] DEBUG Engine               - runtimeInfo: RuntimeInfo(platform=MAC, version=17.3, build=30.03.2023 11.49)
15:49:54.919 [FXGL Background Thread 3 ] DEBUG Engine               - saveFileExt: sav
15:49:54.919 [FXGL Background Thread 3 ] DEBUG Engine               - scaledHeightProp$fxgl: DoubleProperty [bound, value: 800.0]
15:49:54.919 [FXGL Background Thread 3 ] DEBUG Engine               - scaledWidthProp$fxgl: DoubleProperty [bound, value: 800.0]
15:49:54.919 [FXGL Background Thread 3 ] DEBUG Engine               - sceneFactory: com.almasb.fxgl.app.scene.SceneFactory@69b38d00
15:49:54.919 [FXGL Background Thread 3 ] DEBUG Engine               - secondsIn24h: 60
15:49:54.919 [FXGL Background Thread 3 ] DEBUG Engine               - soundMenuBack: menu/back.wav
15:49:54.919 [FXGL Background Thread 3 ] DEBUG Engine               - soundMenuPress: menu/press.wav
15:49:54.919 [FXGL Background Thread 3 ] DEBUG Engine               - soundMenuSelect: menu/select.wav
15:49:54.919 [FXGL Background Thread 3 ] DEBUG Engine               - soundNotification: core/notification.wav
15:49:54.919 [FXGL Background Thread 3 ] DEBUG Engine               - stageStyle: DECORATED
15:49:54.919 [FXGL Background Thread 3 ] DEBUG Engine               - supportedLanguages: [ENGLISH, FRENCH, GERMAN, HUNGARIAN, RUSSIAN]
15:49:54.919 [FXGL Background Thread 3 ] DEBUG Engine               - ticksPerSecond: -1
15:49:54.919 [FXGL Background Thread 3 ] DEBUG Engine               - title: SpaceShooterGame
15:49:54.919 [FXGL Background Thread 3 ] DEBUG Engine               - urlGithub: https://github.com/AlmasB/FXGL
15:49:54.919 [FXGL Background Thread 3 ] DEBUG Engine               - urlLeaderboard: http://fxgl-top.herokuapp.com/
15:49:54.919 [FXGL Background Thread 3 ] DEBUG Engine               - urlPOM: https://raw.githubusercontent.com/AlmasB/FXGL/release/README.md
15:49:54.919 [FXGL Background Thread 3 ] DEBUG Engine               - userAppClass: class kh.edu.paragoniu.spaceshooter.SpaceShooter
15:49:54.919 [FXGL Background Thread 3 ] DEBUG Engine               - version: 1.0
15:49:54.919 [FXGL Background Thread 3 ] DEBUG Engine               - versionCheckDays: 7
15:49:54.919 [FXGL Background Thread 3 ] DEBUG Engine               - width: 800
15:49:54.919 [FXGL Background Thread 3 ] DEBUG Engine               - Logging services
15:49:54.919 [FXGL Background Thread 3 ] DEBUG Engine               - class com.almasb.fxgl.app.services.FXGLAssetLoaderService
15:49:54.919 [FXGL Background Thread 3 ] DEBUG Engine               - class com.almasb.fxgl.app.FXGLApplication$GameApplicationService
15:49:54.919 [FXGL Background Thread 3 ] DEBUG Engine               - class com.almasb.fxgl.app.services.FXGLDialogService
15:49:54.919 [FXGL Background Thread 3 ] DEBUG Engine               - class com.almasb.fxgl.app.services.IOTaskExecutorService
15:49:54.919 [FXGL Background Thread 3 ] DEBUG Engine               - class com.almasb.fxgl.io.FileSystemService
15:49:54.919 [FXGL Background Thread 3 ] DEBUG Engine               - class com.almasb.fxgl.localization.LocalizationService
15:49:54.919 [FXGL Background Thread 3 ] DEBUG Engine               - class com.almasb.fxgl.app.services.SystemBundleService
15:49:54.919 [FXGL Background Thread 3 ] DEBUG Engine               - class com.almasb.fxgl.profile.SaveLoadService
15:49:54.919 [FXGL Background Thread 3 ] DEBUG Engine               - class com.almasb.fxgl.ui.FXGLUIFactoryServiceProvider
15:49:54.919 [FXGL Background Thread 3 ] DEBUG Engine               - class com.almasb.fxgl.ui.FXGLDialogFactoryServiceProvider
15:49:54.919 [FXGL Background Thread 3 ] DEBUG Engine               - class com.almasb.fxgl.audio.AudioPlayer
15:49:54.919 [FXGL Background Thread 3 ] DEBUG Engine               - class com.almasb.fxgl.notification.impl.NotificationServiceProvider
15:49:54.919 [FXGL Background Thread 3 ] DEBUG Engine               - class com.almasb.fxgl.achievement.AchievementService
15:49:54.919 [FXGL Background Thread 3 ] DEBUG Engine               - class com.almasb.fxgl.cutscene.CutsceneService
15:49:54.919 [FXGL Background Thread 3 ] DEBUG Engine               - class com.almasb.fxgl.minigames.MiniGameService
15:49:54.919 [FXGL Background Thread 3 ] DEBUG Engine               - class com.almasb.fxgl.net.NetService
15:49:54.919 [FXGL Background Thread 3 ] DEBUG Engine               - class com.almasb.fxgl.app.services.UpdaterService
15:49:54.919 [FXGL Background Thread 3 ] DEBUG Engine               - class com.almasb.fxgl.dev.DevService
15:50:41.063 [JavaFX Application Thread] DEBUG PrimaryStageWindow   - Push state: DialogSubScene
15:50:41.064 [JavaFX Application Thread] DEBUG Input                - Clearing active input actions
15:50:41.065 [JavaFX Application Thread] DEBUG GameApplicationServi - Removing overlay from GameScene and adding to DialogSubScene
15:50:41.065 [JavaFX Application Thread] DEBUG PrimaryStageWindow   - GameScene -> DialogSubScene
15:50:44.273 [JavaFX Application Thread] DEBUG PrimaryStageWindow   - Pop state: DialogSubScene
15:50:44.273 [JavaFX Application Thread] DEBUG Input                - Clearing active input actions
15:50:44.274 [JavaFX Application Thread] DEBUG GameApplicationServi - Removing overlay from DialogSubScene and adding to GameScene
15:50:44.274 [JavaFX Application Thread] DEBUG PrimaryStageWindow   - GameScene <- DialogSubScene
15:50:44.276 [JavaFX Application Thread] DEBUG PrimaryStageWindow   - Push state: DialogSubScene
15:50:44.276 [JavaFX Application Thread] DEBUG Input                - Clearing active input actions
15:50:44.276 [JavaFX Application Thread] DEBUG GameApplicationServi - Removing overlay from GameScene and adding to DialogSubScene
15:50:44.277 [JavaFX Application Thread] DEBUG PrimaryStageWindow   - GameScene -> DialogSubScene
15:50:44.277 [JavaFX Application Thread] DEBUG PrimaryStageWindow   - Pop state: DialogSubScene
15:50:44.277 [JavaFX Application Thread] DEBUG Input                - Clearing active input actions
15:50:44.277 [JavaFX Application Thread] DEBUG GameApplicationServi - Removing overlay from DialogSubScene and adding to GameScene
15:50:44.277 [JavaFX Application Thread] DEBUG PrimaryStageWindow   - GameScene <- DialogSubScene
15:50:44.277 [JavaFX Application Thread] DEBUG Input                - Clearing active input actions
15:50:44.286 [JavaFX Application Thread] DEBUG GameApplicationServi - Removing overlay from GameScene and adding to FXGLMainMenuDummyScene
15:50:44.286 [JavaFX Application Thread] DEBUG PrimaryStageWindow   - GameScene -> FXGLMainMenuDummyScene
15:50:44.286 [JavaFX Application Thread] DEBUG PrimaryStageWindow   - Push state: FXGLDefaultMenu
15:50:44.286 [JavaFX Application Thread] DEBUG Input                - Clearing active input actions
15:50:44.288 [JavaFX Application Thread] DEBUG GameApplicationServi - Removing overlay from FXGLMainMenuDummyScene and adding to FXGLDefaultMenu
15:50:44.288 [JavaFX Application Thread] DEBUG PrimaryStageWindow   - FXGLMainMenuDummyScene -> FXGLDefaultMenu
15:50:45.618 [JavaFX Application Thread] DEBUG Menu                 - fireNewGame()
15:50:45.618 [JavaFX Application Thread] DEBUG GameApplicationServi - Starting new game
15:50:45.618 [JavaFX Application Thread] DEBUG PrimaryStageWindow   - Pop state: FXGLDefaultMenu
15:50:45.618 [JavaFX Application Thread] DEBUG Input                - Clearing active input actions
15:50:45.618 [JavaFX Application Thread] DEBUG GameApplicationServi - Removing overlay from FXGLDefaultMenu and adding to FXGLMainMenuDummyScene
15:50:45.618 [JavaFX Application Thread] DEBUG PrimaryStageWindow   - FXGLMainMenuDummyScene <- FXGLDefaultMenu
15:50:45.618 [JavaFX Application Thread] DEBUG Input                - Clearing active input actions
15:50:45.621 [JavaFX Application Thread] DEBUG GameApplicationServi - Removing overlay from FXGLMainMenuDummyScene and adding to FXGLLoadingScene
15:50:45.621 [JavaFX Application Thread] DEBUG PrimaryStageWindow   - FXGLMainMenuDummyScene -> FXGLLoadingScene
15:50:45.621 [JavaFX Application Thread] DEBUG GameApplicationServi - Clearing previous game
15:50:45.621 [JavaFX Application Thread] DEBUG GameScene            - Clearing game scene
15:50:45.621 [JavaFX Application Thread] DEBUG GameWorld            - Clearing game world
15:50:45.622 [JavaFX Application Thread] DEBUG PhysicsWorld         - Clearing physics world
15:50:45.622 [FXGL Background Thread 2 ] DEBUG FXGLApplication      - Initializing game
15:50:45.723 [FXGL Background Thread 2 ] INFO  FXGLApplication      - Game initialization took: 0.101 sec
15:50:45.723 [JavaFX Application Thread] DEBUG Input                - Clearing active input actions
15:50:45.725 [JavaFX Application Thread] DEBUG GameApplicationServi - Removing overlay from FXGLLoadingScene and adding to GameScene
15:50:45.725 [JavaFX Application Thread] DEBUG PrimaryStageWindow   - FXGLLoadingScene -> GameScene
15:50:46.910 [JavaFX Application Thread] DEBUG LoopRunner           - Pausing loop
15:50:46.910 [JavaFX Application Thread] DEBUG PrimaryStageWindow   - Push state: FXGLDefaultMenu
15:50:46.910 [JavaFX Application Thread] DEBUG Input                - Clearing active input actions
15:50:46.912 [JavaFX Application Thread] DEBUG GameApplicationServi - Removing overlay from GameScene and adding to FXGLDefaultMenu
15:50:46.912 [JavaFX Application Thread] DEBUG PrimaryStageWindow   - GameScene -> FXGLDefaultMenu
15:50:47.354 [JavaFX Application Thread] DEBUG PrimaryStageWindow   - Pop state: FXGLDefaultMenu
15:50:47.354 [JavaFX Application Thread] DEBUG Input                - Clearing active input actions
15:50:47.354 [JavaFX Application Thread] DEBUG GameApplicationServi - Removing overlay from FXGLDefaultMenu and adding to GameScene
15:50:47.354 [JavaFX Application Thread] DEBUG PrimaryStageWindow   - GameScene <- FXGLDefaultMenu
15:50:47.699 [JavaFX Application Thread] DEBUG LoopRunner           - Resuming loop
15:50:47.700 [JavaFX Application Thread] DEBUG PrimaryStageWindow   - Push state: FXGLDefaultMenu
15:50:47.700 [JavaFX Application Thread] DEBUG Input                - Clearing active input actions
15:50:47.701 [JavaFX Application Thread] DEBUG GameApplicationServi - Removing overlay from GameScene and adding to FXGLDefaultMenu
15:50:47.701 [JavaFX Application Thread] DEBUG PrimaryStageWindow   - GameScene -> FXGLDefaultMenu
15:50:49.505 [JavaFX Application Thread] DEBUG Menu                 - fireExitToMainMenu()
15:50:49.506 [JavaFX Application Thread] DEBUG PrimaryStageWindow   - Push state: DialogSubScene
15:50:49.506 [JavaFX Application Thread] DEBUG Input                - Clearing active input actions
15:50:49.507 [JavaFX Application Thread] DEBUG GameApplicationServi - Removing overlay from FXGLDefaultMenu and adding to DialogSubScene
15:50:49.507 [JavaFX Application Thread] DEBUG PrimaryStageWindow   - FXGLDefaultMenu -> DialogSubScene
15:50:50.993 [JavaFX Application Thread] DEBUG PrimaryStageWindow   - Pop state: DialogSubScene
15:50:50.994 [JavaFX Application Thread] DEBUG Input                - Clearing active input actions
15:50:50.994 [JavaFX Application Thread] DEBUG GameApplicationServi - Removing overlay from DialogSubScene and adding to FXGLDefaultMenu
15:50:50.994 [JavaFX Application Thread] DEBUG PrimaryStageWindow   - FXGLDefaultMenu <- DialogSubScene
15:50:53.284 [JavaFX Application Thread] DEBUG Menu                 - fireExitToMainMenu()
15:50:53.285 [JavaFX Application Thread] DEBUG PrimaryStageWindow   - Push state: DialogSubScene
15:50:53.285 [JavaFX Application Thread] DEBUG Input                - Clearing active input actions
15:50:53.285 [JavaFX Application Thread] DEBUG GameApplicationServi - Removing overlay from FXGLDefaultMenu and adding to DialogSubScene
15:50:53.285 [JavaFX Application Thread] DEBUG PrimaryStageWindow   - FXGLDefaultMenu -> DialogSubScene
15:50:53.806 [JavaFX Application Thread] DEBUG PrimaryStageWindow   - Pop state: DialogSubScene
15:50:53.806 [JavaFX Application Thread] DEBUG Input                - Clearing active input actions
15:50:53.806 [JavaFX Application Thread] DEBUG GameApplicationServi - Removing overlay from DialogSubScene and adding to FXGLDefaultMenu
15:50:53.806 [JavaFX Application Thread] DEBUG PrimaryStageWindow   - FXGLDefaultMenu <- DialogSubScene
15:50:53.806 [JavaFX Application Thread] DEBUG PrimaryStageWindow   - Pop state: FXGLDefaultMenu
15:50:53.806 [JavaFX Application Thread] DEBUG Input                - Clearing active input actions
15:50:53.807 [JavaFX Application Thread] DEBUG GameApplicationServi - Removing overlay from FXGLDefaultMenu and adding to GameScene
15:50:53.807 [JavaFX Application Thread] DEBUG PrimaryStageWindow   - GameScene <- FXGLDefaultMenu
15:50:53.807 [JavaFX Application Thread] DEBUG Input                - Clearing active input actions
15:50:53.809 [JavaFX Application Thread] DEBUG GameApplicationServi - Removing overlay from GameScene and adding to FXGLMainMenuDummyScene
15:50:53.809 [JavaFX Application Thread] DEBUG PrimaryStageWindow   - GameScene -> FXGLMainMenuDummyScene
15:50:53.809 [JavaFX Application Thread] DEBUG PrimaryStageWindow   - Push state: FXGLDefaultMenu
15:50:53.809 [JavaFX Application Thread] DEBUG Input                - Clearing active input actions
15:50:53.810 [JavaFX Application Thread] DEBUG GameApplicationServi - Removing overlay from FXGLMainMenuDummyScene and adding to FXGLDefaultMenu
15:50:53.810 [JavaFX Application Thread] DEBUG PrimaryStageWindow   - FXGLMainMenuDummyScene -> FXGLDefaultMenu
15:50:56.008 [JavaFX Application Thread] DEBUG FXGL.DefaultMenu     - createContentGameplay()
15:50:57.973 [JavaFX Application Thread] DEBUG FXGL.DefaultMenu     - createContentControls()
15:50:59.130 [JavaFX Application Thread] DEBUG FXGL.DefaultMenu     - createContentVideo()
15:51:07.106 [JavaFX Application Thread] DEBUG FXGL.DefaultMenu     - createContentAudio()
15:51:07.881 [JavaFX Application Thread] DEBUG PrimaryStageWindow   - Push state: DialogSubScene
15:51:07.882 [JavaFX Application Thread] DEBUG Input                - Clearing active input actions
15:51:07.882 [JavaFX Application Thread] DEBUG GameApplicationServi - Removing overlay from FXGLDefaultMenu and adding to DialogSubScene
15:51:07.882 [JavaFX Application Thread] DEBUG PrimaryStageWindow   - FXGLDefaultMenu -> DialogSubScene
15:51:08.898 [JavaFX Application Thread] DEBUG PrimaryStageWindow   - Pop state: DialogSubScene
15:51:08.898 [JavaFX Application Thread] DEBUG Input                - Clearing active input actions
15:51:08.899 [JavaFX Application Thread] DEBUG GameApplicationServi - Removing overlay from DialogSubScene and adding to FXGLDefaultMenu
15:51:08.899 [JavaFX Application Thread] DEBUG PrimaryStageWindow   - FXGLDefaultMenu <- DialogSubScene
15:51:12.910 [JavaFX Application Thread] DEBUG FXGLApplication      - Exiting FXGL
15:51:12.910 [JavaFX Application Thread] DEBUG LoopRunner           - Stopping loop
15:51:12.910 [JavaFX Application Thread] DEBUG SystemBundleService  - Saving FXGL system data
15:51:12.912 [JavaFX Application Thread] DEBUG FileSystemAccess     - Writing to: /Users/chengsenghab/Desktop/SpaceShooter/system/fxgl.bundle
15:51:12.912 [JavaFX Application Thread] DEBUG Async                - Shutting down background threads
15:51:12.912 [JavaFX Application Thread] DEBUG PrimaryStageWindow   - Closing main window
15:51:12.929 [JavaFX Application Thread] DEBUG Logger               - Closing Logger
