15:49:16.462 [main                     ] DEBUG Logger               - Configured Logger
15:49:16.465 [main                     ] DEBUG GameApplication      - Logging settings
Title: SpaceShooterGame
Version: 0.0
Width: 800
Height: 800
Fullscreen: false
Intro: false
Profiling: false
Single step:false
App Mode: DEVELOPER
Menu Key: ESCAPE
Stage Style: DECORATED
Scene Factory: class com.almasb.fxgl.app.scene.SceneFactory

15:49:16.602 [JavaFX Application Thread] DEBUG FXGLApplication      - Initializing FXGL
15:49:16.603 [JavaFX Application Thread] INFO  Engine               - FXGL-17.3 (30.03.2023 11.49) on MAC (J:25.0.2 FX:21.0.6)
15:49:16.603 [JavaFX Application Thread] DEBUG Engine               - JRE Vendor Name: Oracle Corporation
15:49:16.603 [JavaFX Application Thread] DEBUG Engine               - Running on OS: Mac OS X version 15.7.3
15:49:16.603 [JavaFX Application Thread] DEBUG Engine               - Architecture: aarch64
15:49:16.603 [JavaFX Application Thread] INFO  Engine               - Source code and latest versions at: https://github.com/AlmasB/FXGL
15:49:16.603 [JavaFX Application Thread] INFO  Engine               -       Ask questions and discuss at: https://github.com/AlmasB/FXGL/discussions
15:49:16.603 [JavaFX Application Thread] INFO  Engine               -              Join the FXGL chat at: https://gitter.im/AlmasB/FXGL
15:49:16.631 [JavaFX Application Thread] DEBUG PrimaryStageWindow   - Creating a JavaFX scene
15:49:16.648 [JavaFX Application Thread] DEBUG PrimaryStageWindow   - Target settings size: 800.0 x 800.0
15:49:16.648 [JavaFX Application Thread] DEBUG PrimaryStageWindow   - Scaled scene size:    800.0 x 800.0
15:49:16.648 [JavaFX Application Thread] DEBUG PrimaryStageWindow   - Scaled ratio: (1.0, 1.0)
15:49:16.649 [JavaFX Application Thread] DEBUG PrimaryStageWindow   - Set initial scene to FXGLStartupScene
15:49:16.650 [JavaFX Application Thread] DEBUG PrimaryStageWindow   - Opening main window
15:49:16.706 [JavaFX Application Thread] DEBUG PrimaryStageWindow   - Window border size: (0.0, 28.0)
15:49:16.706 [JavaFX Application Thread] DEBUG PrimaryStageWindow   - Scaled size: 800.0 x 800.0
15:49:16.706 [JavaFX Application Thread] DEBUG PrimaryStageWindow   - Scaled ratio: (1.0, 1.0)
15:49:16.706 [JavaFX Application Thread] DEBUG PrimaryStageWindow   - Scene size: 800.0 x 800.0
15:49:16.706 [JavaFX Application Thread] DEBUG PrimaryStageWindow   - Stage size: 800.0 x 828.0
15:49:16.709 [FXGL Background Thread 1 ] DEBUG Engine               - Initializing environment variables
15:49:16.730 [FXGL Background Thread 1 ] DEBUG FXGLAssetLoaderServi - User app class for loading assets: class kh.edu.paragoniu.spaceshooter.SpaceShooter
15:49:16.730 [FXGL Background Thread 1 ] DEBUG GameApplicationServi - Applying CSS: fxgl_dark.css
15:49:16.730 [FXGL Background Thread 1 ] DEBUG FXGLAssetLoaderServi - Loading from file system: jar:file:///Users/chengsenghab/.m2/repository/com/github/almasb/fxgl/17.3/fxgl-17.3.jar!/fxglassets/ui/css/fxgl_dark.css
15:49:16.747 [FXGL Background Thread 1 ] DEBUG GameApplicationServi - Initializing application scenes
15:49:16.843 [FXGL Background Thread 1 ] DEBUG GameWorld            - Game world initialized
15:49:16.860 [FXGL Background Thread 1 ] DEBUG PhysicsWorld         - Physics world initialized: appHeight=800, physics.ppm=50.0
15:49:16.861 [FXGL Background Thread 1 ] DEBUG PhysicsWorld         - Using strategy: BRUTE_FORCE
15:49:16.862 [FXGL Background Thread 1 ] DEBUG GameScene            - Game scene initialized: 800x800
15:49:16.866 [FXGL Background Thread 1 ] DEBUG FXGL.DefaultMenu     - createMenuBodyGameMenu()
15:49:16.870 [FXGL Background Thread 1 ] DEBUG FXGL.DefaultMenu     - createOptionsMenu()
15:49:16.873 [FXGL Background Thread 1 ] DEBUG FXGLAssetLoaderServi - Loading from file system: jar:file:///Users/chengsenghab/.m2/repository/com/github/almasb/fxgl/17.3/fxgl-17.3.jar!/fxglassets/textures/particles/smoke.png
15:49:16.903 [FXGL Background Thread 1 ] DEBUG FXGLAssetLoaderServi - Loading from file system: jar:file:///Users/chengsenghab/.m2/repository/com/github/almasb/fxgl/17.3/fxgl-17.3.jar!/fxglassets/textures/particles/trace_horizontal.png
15:49:16.916 [FXGL Background Thread 1 ] DEBUG GameApplicationServi - Application scenes initialized
15:49:16.920 [FXGL Background Thread 1 ] DEBUG SystemBundleService  - Loading FXGL system data
15:49:16.921 [FXGL Background Thread 1 ] DEBUG FileSystemAccess     - Reading from: /Users/chengsenghab/Desktop/SpaceShooter/system/fxgl.bundle
15:49:16.923 [FXGL Background Thread 1 ] DEBUG SystemBundleService  - Bundle FXGL: {}
15:49:16.923 [FXGL Background Thread 1 ] DEBUG UpdaterService       - Checking for updates
15:49:16.924 [FXGL Background Thread 4 ] DEBUG FXGLApplication      - Loading fonts
15:49:16.924 [FXGL Background Thread 4 ] DEBUG FXGLAssetLoaderServi - Loading from file system: jar:file:///Users/chengsenghab/.m2/repository/com/github/almasb/fxgl/17.3/fxgl-17.3.jar!/fxglassets/ui/fonts/VarelaRound-Regular.ttf
15:49:16.924 [FXGL Background Thread 1 ] DEBUG FXGLApplication      - Loading default localization
15:49:16.924 [FXGL Background Thread 1 ] DEBUG FXGLAssetLoaderServi - Loading from file system: jar:file:///Users/chengsenghab/.m2/repository/com/github/almasb/fxgl/17.3/fxgl-17.3.jar!/fxglassets/languages/english.lang
15:49:16.929 [FXGL Background Thread 4 ] DEBUG FXGLAssetLoaderServi - Loading from file system: jar:file:///Users/chengsenghab/.m2/repository/com/github/almasb/fxgl/17.3/fxgl-17.3.jar!/fxglassets/ui/fonts/Abel-Regular.ttf
15:49:16.930 [FXGL Background Thread 1 ] INFO  FXGLApplication      - FXGL initialization took: 0.221 sec
15:49:16.930 [FXGL Background Thread 4 ] DEBUG FXGLAssetLoaderServi - Loading from file system: jar:file:///Users/chengsenghab/.m2/repository/com/github/almasb/fxgl/17.3/fxgl-17.3.jar!/fxglassets/ui/fonts/TerminalLandMono-Regular.otf
15:49:16.931 [FXGL Background Thread 4 ] DEBUG FXGLAssetLoaderServi - Loading from file system: jar:file:///Users/chengsenghab/.m2/repository/com/github/almasb/fxgl/17.3/fxgl-17.3.jar!/fxglassets/ui/fonts/Courier-Prime.ttf
15:49:16.933 [JavaFX Application Thread] DEBUG Input                - Registered new binding: LEFT - Left
15:49:16.933 [JavaFX Application Thread] DEBUG Input                - Registered new binding: RIGHT - Right
15:49:16.933 [JavaFX Application Thread] DEBUG Input                - Registered new binding: Single Shot - 1
15:49:16.933 [JavaFX Application Thread] DEBUG Input                - Registered new binding: Double Shot - 2
15:49:16.933 [JavaFX Application Thread] DEBUG Input                - Registered new binding: Triple Shot - 3
15:49:16.933 [JavaFX Application Thread] DEBUG FXGLAssetLoaderServi - Loading from file system: jar:file:///Users/chengsenghab/.m2/repository/com/github/almasb/fxgl/17.3/fxgl-17.3.jar!/fxglassets/textures/fxgl_icon.png
15:49:16.950 [JavaFX Application Thread] DEBUG FXGLAssetLoaderServi - Loading from file system: jar:file:///Users/chengsenghab/.m2/repository/com/github/almasb/fxgl/17.3/fxgl-17.3.jar!/fxglassets/textures/fxgl_default_cursor.png
15:49:16.950 [JavaFX Application Thread] DEBUG Input                - Registered new binding: Screenshot - CTRL+8
15:49:16.951 [JavaFX Application Thread] DEBUG Input                - Registered new binding: System info dump - CTRL+9
15:49:16.951 [JavaFX Application Thread] DEBUG Input                - Registered new binding: Restart - CTRL+R
15:49:16.951 [JavaFX Application Thread] DEBUG Input                - Registered new binding: Toggle Debug Camera - CTRL+7
15:49:16.952 [JavaFX Application Thread] DEBUG LoopRunner           - Starting loop
15:49:16.952 [JavaFX Application Thread] DEBUG LoopRunner           - Initializing JavaFX AnimationTimerLoop
15:49:16.952 [JavaFX Application Thread] DEBUG GameApplicationServi - Starting new game
15:49:16.952 [JavaFX Application Thread] DEBUG Input                - Clearing active input actions
15:49:16.956 [JavaFX Application Thread] DEBUG GameApplicationServi - Removing overlay from FXGLStartupScene and adding to FXGLLoadingScene
15:49:16.956 [JavaFX Application Thread] DEBUG PrimaryStageWindow   - FXGLStartupScene -> FXGLLoadingScene
15:49:16.956 [JavaFX Application Thread] DEBUG GameApplicationServi - Clearing previous game
15:49:16.956 [JavaFX Application Thread] DEBUG GameScene            - Clearing game scene
15:49:16.956 [JavaFX Application Thread] DEBUG GameWorld            - Clearing game world
15:49:16.956 [JavaFX Application Thread] DEBUG PhysicsWorld         - Clearing physics world
15:49:16.957 [FXGL Background Thread 4 ] DEBUG FXGLApplication      - Initializing game
15:49:16.959 [JavaFX Application Thread] DEBUG FXGLApplication      - Registering font factories with UI factory
15:49:16.970 [JavaFX Application Thread] DEBUG LoopRunner           - Stopping loop
15:49:16.970 [JavaFX Application Thread] FATAL FXGLApplication      - Uncaught Exception:
java.lang.RuntimeException: Initialization failed
	at com.almasb.fxgl.all@17.3/com.almasb.fxgl.app.FXGLApplication$InitAppTask.failed(FXGLApplication.kt:343)
	at javafx.graphics@21.0.6/javafx.concurrent.Task.setState(Task.java:710)
	at javafx.graphics@21.0.6/javafx.concurrent.Task$TaskCallable.lambda$call$2(Task.java:1429)
	at javafx.graphics@21.0.6/com.sun.javafx.application.PlatformImpl.lambda$runLater$10(PlatformImpl.java:456)
	at java.base/java.security.AccessController.doPrivileged(AccessController.java:138)
	at javafx.graphics@21.0.6/com.sun.javafx.application.PlatformImpl.lambda$runLater$11(PlatformImpl.java:455)
	at javafx.graphics@21.0.6/com.sun.glass.ui.InvokeLaterDispatcher$Future.run(InvokeLaterDispatcher.java:95)
Caused by: java.lang.NullPointerException: Cannot invoke "java.net.URL.toString()" because the return value of "java.lang.ClassLoader.getSystemResource(String)" is null
	at kh.edu.paragoniu.spaceshooter/kh.edu.paragoniu.spaceshooter.SpaceShooter.initGame(SpaceShooter.java:112)
	at com.almasb.fxgl.all@17.3/com.almasb.fxgl.app.FXGLApplication$InitAppTask.initGame(FXGLApplication.kt:339)
	at com.almasb.fxgl.all@17.3/com.almasb.fxgl.app.FXGLApplication$InitAppTask.call(FXGLApplication.kt:319)
	at com.almasb.fxgl.all@17.3/com.almasb.fxgl.app.FXGLApplication$InitAppTask.call(FXGLApplication.kt:311)
	at javafx.graphics@21.0.6/javafx.concurrent.Task$TaskCallable.call(Task.java:1399)
	at java.base/java.util.concurrent.FutureTask.run(FutureTask.java:328)
	at java.base/java.util.concurrent.Executors$RunnableAdapter.call(Executors.java:545)
	at java.base/java.util.concurrent.FutureTask.run(FutureTask.java:328)
	at java.base/java.util.concurrent.ThreadPoolExecutor.runWorker(ThreadPoolExecutor.java:1090)
	at java.base/java.util.concurrent.ThreadPoolExecutor$Worker.run(ThreadPoolExecutor.java:614)
	at java.base/java.lang.Thread.run(Thread.java:1474)

15:49:16.970 [JavaFX Application Thread] FATAL FXGLApplication      - Application will now exit
15:49:16.979 [JavaFX Application Thread] DEBUG PrimaryStageWindow   - Push state: ErrorSubScene
15:49:16.979 [JavaFX Application Thread] DEBUG Input                - Clearing active input actions
15:49:16.981 [JavaFX Application Thread] DEBUG GameApplicationServi - Removing overlay from FXGLLoadingScene and adding to ErrorSubScene
15:49:16.981 [JavaFX Application Thread] DEBUG PrimaryStageWindow   - FXGLLoadingScene -> ErrorSubScene
15:49:17.300 [FXGL Background Thread 2 ] INFO  UpdaterService       - Your current version:  17.3
15:49:17.300 [FXGL Background Thread 2 ] INFO  UpdaterService       - Latest stable version: 21.1
15:49:19.927 [FXGL Background Thread 3 ] DEBUG Engine               - Logging environment variables
15:49:19.928 [FXGL Background Thread 3 ] DEBUG Engine               - achievements: []
15:49:19.928 [FXGL Background Thread 3 ] DEBUG Engine               - actualHeight: 800.0
15:49:19.929 [FXGL Background Thread 3 ] DEBUG Engine               - actualHeightProperty: ReadOnlyDoubleProperty [value: 800.0]
15:49:19.929 [FXGL Background Thread 3 ] DEBUG Engine               - actualWidth: 800.0
15:49:19.929 [FXGL Background Thread 3 ] DEBUG Engine               - actualWidthProperty: ReadOnlyDoubleProperty [value: 800.0]
15:49:19.929 [FXGL Background Thread 3 ] DEBUG Engine               - appIcon: fxgl_icon.png
15:49:19.929 [FXGL Background Thread 3 ] DEBUG Engine               - applicationMode: DEVELOPER
15:49:19.929 [FXGL Background Thread 3 ] DEBUG Engine               - cSSList: [fxgl_dark.css]
15:49:19.929 [FXGL Background Thread 3 ] DEBUG Engine               - collisionDetectionStrategy: BRUTE_FORCE
15:49:19.929 [FXGL Background Thread 3 ] DEBUG Engine               - configClass: Optional.empty
15:49:19.929 [FXGL Background Thread 3 ] DEBUG Engine               - credits: []
15:49:19.930 [FXGL Background Thread 3 ] DEBUG Engine               - defaultCursor: CursorInfo(imageName=fxgl_default_cursor.png, hotspotX=7.0, hotspotY=6.0)
15:49:19.931 [FXGL Background Thread 3 ] DEBUG Engine               - devBBoxColorProperty: ObjectProperty [value: 0xff0000ff]
15:49:19.931 [FXGL Background Thread 3 ] DEBUG Engine               - devEnableDebugCameraProperty: BooleanProperty [value: false]
15:49:19.931 [FXGL Background Thread 3 ] DEBUG Engine               - devSensorColorProperty: ObjectProperty [value: 0xffff00ff]
15:49:19.931 [FXGL Background Thread 3 ] DEBUG Engine               - devShowBBoxProperty: BooleanProperty [value: false]
15:49:19.931 [FXGL Background Thread 3 ] DEBUG Engine               - devShowPositionProperty: BooleanProperty [value: false]
15:49:19.931 [FXGL Background Thread 3 ] DEBUG Engine               - enabledMenuItems: []
15:49:19.931 [FXGL Background Thread 3 ] DEBUG Engine               - engineServices: [class com.almasb.fxgl.app.services.FXGLAssetLoaderService, class com.almasb.fxgl.app.FXGLApplication$GameApplicationService, class com.almasb.fxgl.app.services.FXGLDialogService, class com.almasb.fxgl.app.services.IOTaskExecutorService, class com.almasb.fxgl.io.FileSystemService, class com.almasb.fxgl.localization.LocalizationService, class com.almasb.fxgl.app.services.SystemBundleService, class com.almasb.fxgl.profile.SaveLoadService, class com.almasb.fxgl.ui.FXGLUIFactoryServiceProvider, class com.almasb.fxgl.ui.FXGLDialogFactoryServiceProvider, class com.almasb.fxgl.audio.AudioPlayer, class com.almasb.fxgl.notification.impl.NotificationServiceProvider, class com.almasb.fxgl.achievement.AchievementService, class com.almasb.fxgl.cutscene.CutsceneService, class com.almasb.fxgl.minigames.MiniGameService, class com.almasb.fxgl.net.NetService, class com.almasb.fxgl.app.services.UpdaterService, class com.almasb.fxgl.dev.DevService]
15:49:19.931 [FXGL Background Thread 3 ] DEBUG Engine               - fontGame: Abel-Regular.ttf
15:49:19.931 [FXGL Background Thread 3 ] DEBUG Engine               - fontMono: TerminalLandMono-Regular.otf
15:49:19.931 [FXGL Background Thread 3 ] DEBUG Engine               - fontSizeScaleUI: 1.0
15:49:19.931 [FXGL Background Thread 3 ] DEBUG Engine               - fontText: Courier-Prime.ttf
15:49:19.931 [FXGL Background Thread 3 ] DEBUG Engine               - fontUI: VarelaRound-Regular.ttf
15:49:19.931 [FXGL Background Thread 3 ] DEBUG Engine               - fullScreen: BooleanProperty [value: false]
15:49:19.931 [FXGL Background Thread 3 ] DEBUG Engine               - gameDifficulty: MEDIUM
15:49:19.931 [FXGL Background Thread 3 ] DEBUG Engine               - gameDifficultyProperty: ObjectProperty [value: MEDIUM]
15:49:19.931 [FXGL Background Thread 3 ] DEBUG Engine               - globalMusicVolume: 0.5
15:49:19.931 [FXGL Background Thread 3 ] DEBUG Engine               - globalMusicVolumeProperty: DoubleProperty [value: 0.5]
15:49:19.931 [FXGL Background Thread 3 ] DEBUG Engine               - globalSoundVolume: 0.5
15:49:19.932 [FXGL Background Thread 3 ] DEBUG Engine               - globalSoundVolumeProperty: DoubleProperty [value: 0.5]
15:49:19.932 [FXGL Background Thread 3 ] DEBUG Engine               - height: 800
15:49:19.932 [FXGL Background Thread 3 ] DEBUG Engine               - is3D: false
15:49:19.932 [FXGL Background Thread 3 ] DEBUG Engine               - isAndroid: false
15:49:19.932 [FXGL Background Thread 3 ] DEBUG Engine               - isBrowser: false
15:49:19.932 [FXGL Background Thread 3 ] DEBUG Engine               - isClickFeedbackEnabled: false
15:49:19.932 [FXGL Background Thread 3 ] DEBUG Engine               - isCloseConfirmation: false
15:49:19.932 [FXGL Background Thread 3 ] DEBUG Engine               - isDesktop: true
15:49:19.932 [FXGL Background Thread 3 ] DEBUG Engine               - isDeveloperMenuEnabled: false
15:49:19.932 [FXGL Background Thread 3 ] DEBUG Engine               - isEmbedded: false
15:49:19.932 [FXGL Background Thread 3 ] DEBUG Engine               - isEntityPreloadEnabled: true
15:49:19.932 [FXGL Background Thread 3 ] DEBUG Engine               - isExperimentalTiledLargeMap: false
15:49:19.932 [FXGL Background Thread 3 ] DEBUG Engine               - isFileSystemWriteAllowed: true
15:49:19.932 [FXGL Background Thread 3 ] DEBUG Engine               - isFullScreenAllowed: false
15:49:19.932 [FXGL Background Thread 3 ] DEBUG Engine               - isFullScreenFromStart: false
15:49:19.932 [FXGL Background Thread 3 ] DEBUG Engine               - isGameMenuEnabled: true
15:49:19.933 [FXGL Background Thread 3 ] DEBUG Engine               - isIOS: false
15:49:19.933 [FXGL Background Thread 3 ] DEBUG Engine               - isIntroEnabled: false
15:49:19.933 [FXGL Background Thread 3 ] DEBUG Engine               - isLinux: false
15:49:19.933 [FXGL Background Thread 3 ] DEBUG Engine               - isMac: true
15:49:19.933 [FXGL Background Thread 3 ] DEBUG Engine               - isMainMenuEnabled: false
15:49:19.933 [FXGL Background Thread 3 ] DEBUG Engine               - isManualResizeEnabled: false
15:49:19.933 [FXGL Background Thread 3 ] DEBUG Engine               - isMobile: false
15:49:19.933 [FXGL Background Thread 3 ] DEBUG Engine               - isNative: false
15:49:19.933 [FXGL Background Thread 3 ] DEBUG Engine               - isPauseMusicWhenMinimized: true
15:49:19.933 [FXGL Background Thread 3 ] DEBUG Engine               - isPreserveResizeRatio: false
15:49:19.933 [FXGL Background Thread 3 ] DEBUG Engine               - isProfilingEnabled: false
15:49:19.933 [FXGL Background Thread 3 ] DEBUG Engine               - isScaleAffectedOnResize: true
15:49:19.933 [FXGL Background Thread 3 ] DEBUG Engine               - isSingleStep: false
15:49:19.933 [FXGL Background Thread 3 ] DEBUG Engine               - isUserProfileEnabled: false
15:49:19.933 [FXGL Background Thread 3 ] DEBUG Engine               - isWindows: false
15:49:19.933 [FXGL Background Thread 3 ] DEBUG Engine               - language: ObjectProperty [value: ENGLISH]
15:49:19.933 [FXGL Background Thread 3 ] DEBUG Engine               - menuKey: ESCAPE
15:49:19.933 [FXGL Background Thread 3 ] DEBUG Engine               - mouseSensitivity: 0.2
15:49:19.933 [FXGL Background Thread 3 ] DEBUG Engine               - notificationViewClass: class com.almasb.fxgl.notification.view.XboxNotificationView
15:49:19.933 [FXGL Background Thread 3 ] DEBUG Engine               - pixelsPerMeter: 50.0
15:49:19.933 [FXGL Background Thread 3 ] DEBUG Engine               - platform: MAC
15:49:19.933 [FXGL Background Thread 3 ] DEBUG Engine               - prefHeightProperty: ReadOnlyDoubleProperty [value: 800.0]
15:49:19.933 [FXGL Background Thread 3 ] DEBUG Engine               - prefWidthProperty: ReadOnlyDoubleProperty [value: 800.0]
15:49:19.934 [FXGL Background Thread 3 ] DEBUG Engine               - profileDir: profiles/
15:49:19.934 [FXGL Background Thread 3 ] DEBUG Engine               - profileName: StringProperty [value: DEFAULT]
15:49:19.934 [FXGL Background Thread 3 ] DEBUG Engine               - randomSeed: -1
15:49:19.934 [FXGL Background Thread 3 ] DEBUG Engine               - runtimeInfo: RuntimeInfo(platform=MAC, version=17.3, build=30.03.2023 11.49)
15:49:19.934 [FXGL Background Thread 3 ] DEBUG Engine               - saveFileExt: sav
15:49:19.934 [FXGL Background Thread 3 ] DEBUG Engine               - scaledHeightProp$fxgl: DoubleProperty [bound, value: 800.0]
15:49:19.934 [FXGL Background Thread 3 ] DEBUG Engine               - scaledWidthProp$fxgl: DoubleProperty [bound, value: 800.0]
15:49:19.934 [FXGL Background Thread 3 ] DEBUG Engine               - sceneFactory: com.almasb.fxgl.app.scene.SceneFactory@681603d2
15:49:19.934 [FXGL Background Thread 3 ] DEBUG Engine               - secondsIn24h: 60
15:49:19.934 [FXGL Background Thread 3 ] DEBUG Engine               - soundMenuBack: menu/back.wav
15:49:19.934 [FXGL Background Thread 3 ] DEBUG Engine               - soundMenuPress: menu/press.wav
15:49:19.934 [FXGL Background Thread 3 ] DEBUG Engine               - soundMenuSelect: menu/select.wav
15:49:19.934 [FXGL Background Thread 3 ] DEBUG Engine               - soundNotification: core/notification.wav
15:49:19.934 [FXGL Background Thread 3 ] DEBUG Engine               - stageStyle: DECORATED
15:49:19.934 [FXGL Background Thread 3 ] DEBUG Engine               - supportedLanguages: [ENGLISH, FRENCH, GERMAN, HUNGARIAN, RUSSIAN]
15:49:19.934 [FXGL Background Thread 3 ] DEBUG Engine               - ticksPerSecond: -1
15:49:19.934 [FXGL Background Thread 3 ] DEBUG Engine               - title: SpaceShooterGame
15:49:19.935 [FXGL Background Thread 3 ] DEBUG Engine               - urlGithub: https://github.com/AlmasB/FXGL
15:49:19.935 [FXGL Background Thread 3 ] DEBUG Engine               - urlLeaderboard: http://fxgl-top.herokuapp.com/
15:49:19.935 [FXGL Background Thread 3 ] DEBUG Engine               - urlPOM: https://raw.githubusercontent.com/AlmasB/FXGL/release/README.md
15:49:19.935 [FXGL Background Thread 3 ] DEBUG Engine               - userAppClass: class kh.edu.paragoniu.spaceshooter.SpaceShooter
15:49:19.935 [FXGL Background Thread 3 ] DEBUG Engine               - version: 0.0
15:49:19.935 [FXGL Background Thread 3 ] DEBUG Engine               - versionCheckDays: 7
15:49:19.935 [FXGL Background Thread 3 ] DEBUG Engine               - width: 800
15:49:19.935 [FXGL Background Thread 3 ] DEBUG Engine               - Logging services
15:49:19.935 [FXGL Background Thread 3 ] DEBUG Engine               - class com.almasb.fxgl.app.services.FXGLAssetLoaderService
15:49:19.935 [FXGL Background Thread 3 ] DEBUG Engine               - class com.almasb.fxgl.app.FXGLApplication$GameApplicationService
15:49:19.935 [FXGL Background Thread 3 ] DEBUG Engine               - class com.almasb.fxgl.app.services.FXGLDialogService
15:49:19.935 [FXGL Background Thread 3 ] DEBUG Engine               - class com.almasb.fxgl.app.services.IOTaskExecutorService
15:49:19.935 [FXGL Background Thread 3 ] DEBUG Engine               - class com.almasb.fxgl.io.FileSystemService
15:49:19.935 [FXGL Background Thread 3 ] DEBUG Engine               - class com.almasb.fxgl.localization.LocalizationService
15:49:19.935 [FXGL Background Thread 3 ] DEBUG Engine               - class com.almasb.fxgl.app.services.SystemBundleService
15:49:19.935 [FXGL Background Thread 3 ] DEBUG Engine               - class com.almasb.fxgl.profile.SaveLoadService
15:49:19.935 [FXGL Background Thread 3 ] DEBUG Engine               - class com.almasb.fxgl.ui.FXGLUIFactoryServiceProvider
15:49:19.935 [FXGL Background Thread 3 ] DEBUG Engine               - class com.almasb.fxgl.ui.FXGLDialogFactoryServiceProvider
15:49:19.935 [FXGL Background Thread 3 ] DEBUG Engine               - class com.almasb.fxgl.audio.AudioPlayer
15:49:19.935 [FXGL Background Thread 3 ] DEBUG Engine               - class com.almasb.fxgl.notification.impl.NotificationServiceProvider
15:49:19.935 [FXGL Background Thread 3 ] DEBUG Engine               - class com.almasb.fxgl.achievement.AchievementService
15:49:19.935 [FXGL Background Thread 3 ] DEBUG Engine               - class com.almasb.fxgl.cutscene.CutsceneService
15:49:19.935 [FXGL Background Thread 3 ] DEBUG Engine               - class com.almasb.fxgl.minigames.MiniGameService
15:49:19.935 [FXGL Background Thread 3 ] DEBUG Engine               - class com.almasb.fxgl.net.NetService
15:49:19.935 [FXGL Background Thread 3 ] DEBUG Engine               - class com.almasb.fxgl.app.services.UpdaterService
15:49:19.935 [FXGL Background Thread 3 ] DEBUG Engine               - class com.almasb.fxgl.dev.DevService
15:49:20.094 [JavaFX Application Thread] DEBUG FXGLApplication      - Exiting FXGL
15:49:20.094 [JavaFX Application Thread] DEBUG Async                - Shutting down background threads
15:49:20.094 [JavaFX Application Thread] DEBUG PrimaryStageWindow   - Closing main window
15:49:20.121 [JavaFX Application Thread] DEBUG Logger               - Closing Logger
