15:49:57.496 [main                     ] DEBUG Logger               - Configured Logger
15:49:57.498 [main                     ] DEBUG GameApplication      - Logging settings
Title: SpaceShooterGame
Version: 0.0
Width: 800
Height: 800
Fullscreen: false
Intro: false
Profiling: false
Single step:false
App Mode: DEVELOPER
Menu Key: ESCAPE
Stage Style: DECORATED
Scene Factory: class com.almasb.fxgl.app.scene.SceneFactory

15:49:57.641 [JavaFX Application Thread] DEBUG FXGLApplication      - Initializing FXGL
15:49:57.642 [JavaFX Application Thread] INFO  Engine               - FXGL-17.3 (30.03.2023 11.49) on MAC (J:25.0.2 FX:21.0.6)
15:49:57.642 [JavaFX Application Thread] DEBUG Engine               - JRE Vendor Name: Oracle Corporation
15:49:57.642 [JavaFX Application Thread] DEBUG Engine               - Running on OS: Mac OS X version 15.7.3
15:49:57.642 [JavaFX Application Thread] DEBUG Engine               - Architecture: aarch64
15:49:57.642 [JavaFX Application Thread] INFO  Engine               - Source code and latest versions at: https://github.com/AlmasB/FXGL
15:49:57.642 [JavaFX Application Thread] INFO  Engine               -       Ask questions and discuss at: https://github.com/AlmasB/FXGL/discussions
15:49:57.642 [JavaFX Application Thread] INFO  Engine               -              Join the FXGL chat at: https://gitter.im/AlmasB/FXGL
15:49:57.672 [JavaFX Application Thread] DEBUG PrimaryStageWindow   - Creating a JavaFX scene
15:49:57.690 [JavaFX Application Thread] DEBUG PrimaryStageWindow   - Target settings size: 800.0 x 800.0
15:49:57.690 [JavaFX Application Thread] DEBUG PrimaryStageWindow   - Scaled scene size:    800.0 x 800.0
15:49:57.690 [JavaFX Application Thread] DEBUG PrimaryStageWindow   - Scaled ratio: (1.0, 1.0)
15:49:57.690 [JavaFX Application Thread] DEBUG PrimaryStageWindow   - Set initial scene to FXGLStartupScene
15:49:57.691 [JavaFX Application Thread] DEBUG PrimaryStageWindow   - Opening main window
15:49:57.744 [JavaFX Application Thread] DEBUG PrimaryStageWindow   - Window border size: (0.0, 28.0)
15:49:57.744 [JavaFX Application Thread] DEBUG PrimaryStageWindow   - Scaled size: 800.0 x 800.0
15:49:57.745 [JavaFX Application Thread] DEBUG PrimaryStageWindow   - Scaled ratio: (1.0, 1.0)
15:49:57.745 [JavaFX Application Thread] DEBUG PrimaryStageWindow   - Scene size: 800.0 x 800.0
15:49:57.745 [JavaFX Application Thread] DEBUG PrimaryStageWindow   - Stage size: 800.0 x 828.0
15:49:57.747 [FXGL Background Thread 1 ] DEBUG Engine               - Initializing environment variables
15:49:57.767 [FXGL Background Thread 1 ] DEBUG FXGLAssetLoaderServi - User app class for loading assets: class kh.edu.paragoniu.spaceshooter.SpaceShooter
15:49:57.767 [FXGL Background Thread 1 ] DEBUG GameApplicationServi - Applying CSS: fxgl_dark.css
15:49:57.767 [FXGL Background Thread 1 ] DEBUG FXGLAssetLoaderServi - Loading from file system: jar:file:///Users/chengsenghab/.m2/repository/com/github/almasb/fxgl/17.3/fxgl-17.3.jar!/fxglassets/ui/css/fxgl_dark.css
15:49:57.784 [FXGL Background Thread 1 ] DEBUG GameApplicationServi - Initializing application scenes
15:49:57.880 [FXGL Background Thread 1 ] DEBUG GameWorld            - Game world initialized
15:49:57.898 [FXGL Background Thread 1 ] DEBUG PhysicsWorld         - Physics world initialized: appHeight=800, physics.ppm=50.0
15:49:57.898 [FXGL Background Thread 1 ] DEBUG PhysicsWorld         - Using strategy: BRUTE_FORCE
15:49:57.900 [FXGL Background Thread 1 ] DEBUG GameScene            - Game scene initialized: 800x800
15:49:57.904 [FXGL Background Thread 1 ] DEBUG FXGL.DefaultMenu     - createMenuBodyGameMenu()
15:49:57.910 [FXGL Background Thread 1 ] DEBUG FXGL.DefaultMenu     - createOptionsMenu()
15:49:57.914 [FXGL Background Thread 1 ] DEBUG FXGLAssetLoaderServi - Loading from file system: jar:file:///Users/chengsenghab/.m2/repository/com/github/almasb/fxgl/17.3/fxgl-17.3.jar!/fxglassets/textures/particles/smoke.png
15:49:57.944 [FXGL Background Thread 1 ] DEBUG FXGLAssetLoaderServi - Loading from file system: jar:file:///Users/chengsenghab/.m2/repository/com/github/almasb/fxgl/17.3/fxgl-17.3.jar!/fxglassets/textures/particles/trace_horizontal.png
15:49:57.953 [FXGL Background Thread 1 ] DEBUG GameApplicationServi - Application scenes initialized
15:49:57.957 [FXGL Background Thread 1 ] DEBUG SystemBundleService  - Loading FXGL system data
15:49:57.958 [FXGL Background Thread 1 ] DEBUG FileSystemAccess     - Reading from: /Users/chengsenghab/Desktop/SpaceShooter/system/fxgl.bundle
15:49:57.960 [FXGL Background Thread 1 ] DEBUG SystemBundleService  - Bundle FXGL: {}
15:49:57.960 [FXGL Background Thread 1 ] DEBUG UpdaterService       - Checking for updates
15:49:57.961 [FXGL Background Thread 4 ] DEBUG FXGLApplication      - Loading fonts
15:49:57.961 [FXGL Background Thread 4 ] DEBUG FXGLAssetLoaderServi - Loading from file system: jar:file:///Users/chengsenghab/.m2/repository/com/github/almasb/fxgl/17.3/fxgl-17.3.jar!/fxglassets/ui/fonts/VarelaRound-Regular.ttf
15:49:57.961 [FXGL Background Thread 1 ] DEBUG FXGLApplication      - Loading default localization
15:49:57.962 [FXGL Background Thread 1 ] DEBUG FXGLAssetLoaderServi - Loading from file system: jar:file:///Users/chengsenghab/.m2/repository/com/github/almasb/fxgl/17.3/fxgl-17.3.jar!/fxglassets/languages/english.lang
15:49:57.966 [FXGL Background Thread 4 ] DEBUG FXGLAssetLoaderServi - Loading from file system: jar:file:///Users/chengsenghab/.m2/repository/com/github/almasb/fxgl/17.3/fxgl-17.3.jar!/fxglassets/ui/fonts/Abel-Regular.ttf
15:49:57.967 [FXGL Background Thread 4 ] DEBUG FXGLAssetLoaderServi - Loading from file system: jar:file:///Users/chengsenghab/.m2/repository/com/github/almasb/fxgl/17.3/fxgl-17.3.jar!/fxglassets/ui/fonts/TerminalLandMono-Regular.otf
15:49:57.967 [FXGL Background Thread 1 ] INFO  FXGLApplication      - FXGL initialization took: 0.220 sec
15:49:57.968 [FXGL Background Thread 4 ] DEBUG FXGLAssetLoaderServi - Loading from file system: jar:file:///Users/chengsenghab/.m2/repository/com/github/almasb/fxgl/17.3/fxgl-17.3.jar!/fxglassets/ui/fonts/Courier-Prime.ttf
15:49:57.970 [JavaFX Application Thread] DEBUG Input                - Registered new binding: LEFT - Left
15:49:57.970 [JavaFX Application Thread] DEBUG Input                - Registered new binding: RIGHT - Right
15:49:57.970 [JavaFX Application Thread] DEBUG Input                - Registered new binding: Single Shot - 1
15:49:57.970 [JavaFX Application Thread] DEBUG Input                - Registered new binding: Double Shot - 2
15:49:57.970 [JavaFX Application Thread] DEBUG Input                - Registered new binding: Triple Shot - 3
15:49:57.970 [JavaFX Application Thread] DEBUG FXGLAssetLoaderServi - Loading from file system: jar:file:///Users/chengsenghab/.m2/repository/com/github/almasb/fxgl/17.3/fxgl-17.3.jar!/fxglassets/textures/fxgl_icon.png
15:49:57.981 [JavaFX Application Thread] DEBUG FXGLAssetLoaderServi - Loading from file system: jar:file:///Users/chengsenghab/.m2/repository/com/github/almasb/fxgl/17.3/fxgl-17.3.jar!/fxglassets/textures/fxgl_default_cursor.png
15:49:57.982 [JavaFX Application Thread] DEBUG Input                - Registered new binding: Screenshot - CTRL+8
15:49:57.982 [JavaFX Application Thread] DEBUG Input                - Registered new binding: System info dump - CTRL+9
15:49:57.982 [JavaFX Application Thread] DEBUG Input                - Registered new binding: Restart - CTRL+R
15:49:57.983 [JavaFX Application Thread] DEBUG Input                - Registered new binding: Toggle Debug Camera - CTRL+7
15:49:57.983 [JavaFX Application Thread] DEBUG LoopRunner           - Starting loop
15:49:57.983 [JavaFX Application Thread] DEBUG LoopRunner           - Initializing JavaFX AnimationTimerLoop
15:49:57.984 [JavaFX Application Thread] DEBUG GameApplicationServi - Starting new game
15:49:57.984 [JavaFX Application Thread] DEBUG Input                - Clearing active input actions
15:49:57.988 [JavaFX Application Thread] DEBUG GameApplicationServi - Removing overlay from FXGLStartupScene and adding to FXGLLoadingScene
15:49:57.988 [JavaFX Application Thread] DEBUG PrimaryStageWindow   - FXGLStartupScene -> FXGLLoadingScene
15:49:57.988 [JavaFX Application Thread] DEBUG GameApplicationServi - Clearing previous game
15:49:57.988 [JavaFX Application Thread] DEBUG GameScene            - Clearing game scene
15:49:57.988 [JavaFX Application Thread] DEBUG GameWorld            - Clearing game world
15:49:57.988 [JavaFX Application Thread] DEBUG PhysicsWorld         - Clearing physics world
15:49:57.989 [FXGL Background Thread 4 ] DEBUG FXGLApplication      - Initializing game
15:49:57.991 [JavaFX Application Thread] DEBUG FXGLApplication      - Registering font factories with UI factory
15:49:58.003 [JavaFX Application Thread] DEBUG LoopRunner           - Stopping loop
15:49:58.004 [JavaFX Application Thread] FATAL FXGLApplication      - Uncaught Exception:
java.lang.RuntimeException: Initialization failed
	at com.almasb.fxgl.all@17.3/com.almasb.fxgl.app.FXGLApplication$InitAppTask.failed(FXGLApplication.kt:343)
	at javafx.graphics@21.0.6/javafx.concurrent.Task.setState(Task.java:710)
	at javafx.graphics@21.0.6/javafx.concurrent.Task$TaskCallable.lambda$call$2(Task.java:1429)
	at javafx.graphics@21.0.6/com.sun.javafx.application.PlatformImpl.lambda$runLater$10(PlatformImpl.java:456)
	at java.base/java.security.AccessController.doPrivileged(AccessController.java:138)
	at javafx.graphics@21.0.6/com.sun.javafx.application.PlatformImpl.lambda$runLater$11(PlatformImpl.java:455)
	at javafx.graphics@21.0.6/com.sun.glass.ui.InvokeLaterDispatcher$Future.run(InvokeLaterDispatcher.java:95)
Caused by: java.lang.NullPointerException: Cannot invoke "java.net.URL.toString()" because the return value of "java.lang.ClassLoader.getSystemResource(String)" is null
	at kh.edu.paragoniu.spaceshooter/kh.edu.paragoniu.spaceshooter.SpaceShooter.initGame(SpaceShooter.java:112)
	at com.almasb.fxgl.all@17.3/com.almasb.fxgl.app.FXGLApplication$InitAppTask.initGame(FXGLApplication.kt:339)
	at com.almasb.fxgl.all@17.3/com.almasb.fxgl.app.FXGLApplication$InitAppTask.call(FXGLApplication.kt:319)
	at com.almasb.fxgl.all@17.3/com.almasb.fxgl.app.FXGLApplication$InitAppTask.call(FXGLApplication.kt:311)
	at javafx.graphics@21.0.6/javafx.concurrent.Task$TaskCallable.call(Task.java:1399)
	at java.base/java.util.concurrent.FutureTask.run(FutureTask.java:328)
	at java.base/java.util.concurrent.Executors$RunnableAdapter.call(Executors.java:545)
	at java.base/java.util.concurrent.FutureTask.run(FutureTask.java:328)
	at java.base/java.util.concurrent.ThreadPoolExecutor.runWorker(ThreadPoolExecutor.java:1090)
	at java.base/java.util.concurrent.ThreadPoolExecutor$Worker.run(ThreadPoolExecutor.java:614)
	at java.base/java.lang.Thread.run(Thread.java:1474)

15:49:58.004 [JavaFX Application Thread] FATAL FXGLApplication      - Application will now exit
15:49:58.013 [JavaFX Application Thread] DEBUG PrimaryStageWindow   - Push state: ErrorSubScene
15:49:58.013 [JavaFX Application Thread] DEBUG Input                - Clearing active input actions
15:49:58.014 [JavaFX Application Thread] DEBUG GameApplicationServi - Removing overlay from FXGLLoadingScene and adding to ErrorSubScene
15:49:58.015 [JavaFX Application Thread] DEBUG PrimaryStageWindow   - FXGLLoadingScene -> ErrorSubScene
15:49:58.223 [FXGL Background Thread 2 ] INFO  UpdaterService       - Your current version:  17.3
15:49:58.223 [FXGL Background Thread 2 ] INFO  UpdaterService       - Latest stable version: 21.1
15:49:59.311 [JavaFX Application Thread] DEBUG FXGLApplication      - Exiting FXGL
15:49:59.311 [JavaFX Application Thread] DEBUG Async                - Shutting down background threads
15:49:59.311 [JavaFX Application Thread] DEBUG PrimaryStageWindow   - Closing main window
15:49:59.335 [JavaFX Application Thread] DEBUG Logger               - Closing Logger
